#
# A fatal error has been detected by the Java Runtime Environment:
#
#  EXCEPTION_ACCESS_VIOLATION (0xc0000005) at pc=0x000000005f8bfafd, pid=6472, tid=8140
#
# JRE version: Java(TM) SE Runtime Environment (8.0_45-b15) (build 1.8.0_45-b15)
# Java VM: Java HotSpot(TM) 64-Bit Server VM (25.45-b02 mixed mode windows-amd64 compressed oops)
# Problematic frame:
# V  [jvm.dll+0xbfafd]
#
# Failed to write core dump. Minidumps are not enabled by default on client versions of Windows
#
# If you would like to submit a bug report, please visit:
#   http://bugreport.java.com/bugreport/crash.jsp
#

---------------  T H R E A D  ---------------

Current thread (0x0000000017cdb800):  JavaThread "AWT-EventQueue-0" [_thread_in_vm, id=8140, stack(0x000000001a530000,0x000000001a630000)]

siginfo: ExceptionCode=0xc0000005, reading address 0x00000000d315b4a0

Registers:
RAX=0x00000000d315b300, RBX=0x0000000014778f48, RCX=0x0000000000208000, RDX=0x0000000014778f48
RSP=0x000000001a62aec0, RBP=0x0000000017cdb800, RSI=0x0000000017cdb800, RDI=0x0000000017ce1ed0
R8 =0x0000000100074568, R9 =0x0000000017cd5278, R10=0x0000000014778f48, R11=0x000000000000003b
R12=0xfffffffffffffffd, R13=0x000000001a62afa0, R14=0x0000000000000001, R15=0x000000001a62b1a0
RIP=0x000000005f8bfafd, EFLAGS=0x0000000000010297

Top of Stack: (sp=0x000000001a62aec0)
0x000000001a62aec0:   000000001a62af80 0000000017cdb800
0x000000001a62aed0:   000000001a62aef0 0000000100000001
0x000000001a62aee0:   00000000000001b4 0000000017cdb800
0x000000001a62aef0:   0000999a61abf8c2 0000000017cdb800
0x000000001a62af00:   0000000014b0e938 00000000022805a0
0x000000001a62af10:   0000000000000000 0000000000000000
0x000000001a62af20:   000000001a62b1a0 0000000017ce1ed0
0x000000001a62af30:   00000000022805a0 00000000170d6350
0x000000001a62af40:   000000001a62b040 000000005f8c1427
0x000000001a62af50:   0000000014778f48 0000000017cdb800
0x000000001a62af60:   0000000100074568 0000000017cdb800
0x000000001a62af70:   00000000d315b300 0000000000000301
0x000000001a62af80:   0000000017cdb800 0000000017cdb800
0x000000001a62af90:   0000000014778f48 0000000017cdb800
0x000000001a62afa0:   0000000014778f48 0000000017cdb800
0x000000001a62afb0:   00000000d315b300 0000000100074568 

Instructions: (pc=0x000000005f8bfafd)
0x000000005f8bfadd:   50 49 8b d5 e8 ba 53 f7 ff 48 8b 74 24 58 48 8b
0x000000005f8bfaed:   7c 24 50 e9 e8 00 00 00 48 8b 84 24 b0 00 00 00
0x000000005f8bfafd:   4a 8b bc e0 b8 01 00 00 48 85 ff 0f 84 54 03 00
0x000000005f8bfb0d:   00 48 8b 9d 40 01 00 00 8b 13 3b 53 04 75 08 48 


Register to memory mapping:

RAX=0x00000000d315b300 is an unallocated location in the heap
RBX={method} {0x0000000014778f50} 'dispose' '()V' in 'javax/media/j3d/J3DGraphics2DImpl'
RCX=0x0000000000208000 is an unknown value
RDX={method} {0x0000000014778f50} 'dispose' '()V' in 'javax/media/j3d/J3DGraphics2DImpl'
RSP=0x000000001a62aec0 is pointing into the stack for thread: 0x0000000017cdb800
RBP=0x0000000017cdb800 is a thread
RSI=0x0000000017cdb800 is a thread
RDI=0x0000000017ce1ed0 is an unknown value
R8 =0x0000000100074568 is pointing into metadata
R9 =0x0000000017cd5278 is an unknown value
R10={method} {0x0000000014778f50} 'dispose' '()V' in 'javax/media/j3d/J3DGraphics2DImpl'
R11=0x000000000000003b is an unknown value
R12=0xfffffffffffffffd is an unknown value
R13=0x000000001a62afa0 is pointing into the stack for thread: 0x0000000017cdb800
R14=0x0000000000000001 is an unknown value
R15=0x000000001a62b1a0 is pointing into the stack for thread: 0x0000000017cdb800


Stack: [0x000000001a530000,0x000000001a630000],  sp=0x000000001a62aec0,  free space=1003k
Native frames: (J=compiled Java code, j=interpreted, Vv=VM code, C=native code)
V  [jvm.dll+0xbfafd]
V  [jvm.dll+0xc1427]
V  [jvm.dll+0xc1d8a]
V  [jvm.dll+0xc23bd]
V  [jvm.dll+0xba7e6]
C  0x000000000235198c

Java frames: (J=compiled Java code, j=interpreted, Vv=VM code)
j  javax.media.j3d.Canvas3D.freeContextResources(Ljavax/media/j3d/Renderer;ZLjavax/media/j3d/Context;)V+24
j  java.awt.DefaultKeyboardFocusManager.dispatchEvent(Ljava/awt/AWTEvent;)Z+1428
j  java.awt.Component.dispatchEventImpl(Ljava/awt/AWTEvent;)V+151
j  java.awt.Container.dispatchEventImpl(Ljava/awt/AWTEvent;)V+42
j  java.awt.Window.dispatchEventImpl(Ljava/awt/AWTEvent;)V+19
j  java.awt.Component.dispatchEvent(Ljava/awt/AWTEvent;)V+2
j  java.awt.EventQueue.dispatchEventImpl(Ljava/awt/AWTEvent;Ljava/lang/Object;)V+41
j  java.awt.EventQueue.access$500(Ljava/awt/EventQueue;Ljava/awt/AWTEvent;Ljava/lang/Object;)V+3
j  java.awt.EventQueue$3.run()Ljava/lang/Void;+32
j  java.awt.EventQueue$3.run()Ljava/lang/Object;+1
v  ~StubRoutines::call_stub
J 1347  java.security.AccessController.doPrivileged(Ljava/security/PrivilegedAction;Ljava/security/AccessControlContext;)Ljava/lang/Object; (0 bytes) @ 0x00000000028abf66 [0x00000000028abf00+0x66]
J 1355 C1 java.security.ProtectionDomain$1.doIntersectionPrivilege(Ljava/security/PrivilegedAction;Ljava/security/AccessControlContext;Ljava/security/AccessControlContext;)Ljava/lang/Object; (32 bytes) @ 0x0000000002891d7c [0x0000000002891a80+0x2fc]
j  java.security.ProtectionDomain$1.doIntersectionPrivilege(Ljava/security/PrivilegedAction;Ljava/security/AccessControlContext;)Ljava/lang/Object;+6
j  java.awt.EventQueue$4.run()Ljava/lang/Void;+11
j  java.awt.EventQueue$4.run()Ljava/lang/Object;+1
v  ~StubRoutines::call_stub
J 1347  java.security.AccessController.doPrivileged(Ljava/security/PrivilegedAction;Ljava/security/AccessControlContext;)Ljava/lang/Object; (0 bytes) @ 0x00000000028abf66 [0x00000000028abf00+0x66]
J 1384 C1 java.awt.EventQueue.dispatchEvent(Ljava/awt/AWTEvent;)V (80 bytes) @ 0x00000000028f6bb4 [0x00000000028f5f00+0xcb4]
j  java.awt.SequencedEvent.dispatch()V+108
j  java.awt.EventQueue.dispatchEventImpl(Ljava/awt/AWTEvent;Ljava/lang/Object;)V+21
j  java.awt.EventQueue.access$500(Ljava/awt/EventQueue;Ljava/awt/AWTEvent;Ljava/lang/Object;)V+3
j  java.awt.EventQueue$3.run()Ljava/lang/Void;+32
j  java.awt.EventQueue$3.run()Ljava/lang/Object;+1
v  ~StubRoutines::call_stub
J 1347  java.security.AccessController.doPrivileged(Ljava/security/PrivilegedAction;Ljava/security/AccessControlContext;)Ljava/lang/Object; (0 bytes) @ 0x00000000028abf66 [0x00000000028abf00+0x66]
J 1355 C1 java.security.ProtectionDomain$1.doIntersectionPrivilege(Ljava/security/PrivilegedAction;Ljava/security/AccessControlContext;Ljava/security/AccessControlContext;)Ljava/lang/Object; (32 bytes) @ 0x0000000002891d7c [0x0000000002891a80+0x2fc]
j  java.security.ProtectionDomain$1.doIntersectionPrivilege(Ljava/security/PrivilegedAction;Ljava/security/AccessControlContext;)Ljava/lang/Object;+6
j  java.awt.EventQueue$4.run()Ljava/lang/Void;+11
j  java.awt.EventQueue$4.run()Ljava/lang/Object;+1
v  ~StubRoutines::call_stub
J 1347  java.security.AccessController.doPrivileged(Ljava/security/PrivilegedAction;Ljava/security/AccessControlContext;)Ljava/lang/Object; (0 bytes) @ 0x00000000028abf66 [0x00000000028abf00+0x66]
J 1384 C1 java.awt.EventQueue.dispatchEvent(Ljava/awt/AWTEvent;)V (80 bytes) @ 0x00000000028f6bb4 [0x00000000028f5f00+0xcb4]
J 1386 C1 java.awt.EventDispatchThread.pumpOneEventForFilters(I)V (295 bytes) @ 0x0000000002907ce4 [0x0000000002906180+0x1b64]
j  java.awt.EventDispatchThread.pumpEventsForFilter(ILjava/awt/Conditional;Ljava/awt/EventFilter;)V+35
j  java.awt.EventDispatchThread.pumpEventsForHierarchy(ILjava/awt/Conditional;Ljava/awt/Component;)V+11
j  java.awt.EventDispatchThread.pumpEvents(ILjava/awt/Conditional;)V+4
j  java.awt.EventDispatchThread.pumpEvents(Ljava/awt/Conditional;)V+3
j  java.awt.EventDispatchThread.run()V+9
v  ~StubRoutines::call_stub

---------------  P R O C E S S  ---------------

Java Threads: ( => current thread )
  0x0000000017b04800 JavaThread "J3D-InputDeviceScheduler-1" [_thread_blocked, id=3476, stack(0x000000001ae30000,0x000000001af30000)]
  0x0000000017b03800 JavaThread "J3D-SoundSchedulerUpdateThread-1" [_thread_blocked, id=2736, stack(0x000000001ad30000,0x000000001ae30000)]
  0x0000000017b09000 JavaThread "J3D-RenderStructureUpdateThread-1" [_thread_blocked, id=10324, stack(0x000000001ac30000,0x000000001ad30000)]
  0x0000000017b08000 JavaThread "J3D-BehaviorScheduler-1" [_thread_blocked, id=9968, stack(0x000000001ab30000,0x000000001ac30000)]
  0x0000000017b06800 JavaThread "J3D-TransformStructureUpdateThread-1" [_thread_blocked, id=5852, stack(0x000000001aa30000,0x000000001ab30000)]
  0x0000000017b07800 JavaThread "J3D-RenderingEnvironmentStructureUpdateThread-1" [_thread_blocked, id=9540, stack(0x000000001a930000,0x000000001aa30000)]
  0x0000000017b0a800 JavaThread "J3D-SoundStructureUpdateThread-1" [_thread_blocked, id=3744, stack(0x000000001a830000,0x000000001a930000)]
  0x0000000017dc6000 JavaThread "J3D-GeometryStructureUpdateThread-1" [_thread_blocked, id=10196, stack(0x000000001a730000,0x000000001a830000)]
  0x0000000017dba800 JavaThread "J3D-BehaviorStructureUpdateThread-1" [_thread_blocked, id=2496, stack(0x000000001a630000,0x000000001a730000)]
  0x0000000002230800 JavaThread "DestroyJavaVM" [_thread_blocked, id=8472, stack(0x0000000002130000,0x0000000002230000)]
=>0x0000000017cdb800 JavaThread "AWT-EventQueue-0" [_thread_in_vm, id=8140, stack(0x000000001a530000,0x000000001a630000)]
  0x0000000017da1000 JavaThread "J3D-Renderer-1" [_thread_in_native, id=6808, stack(0x0000000018b10000,0x0000000018c10000)]
  0x0000000017b56000 JavaThread "J3D-MasterControl-1" [_thread_blocked, id=8528, stack(0x0000000018a10000,0x0000000018b10000)]
  0x0000000017b55800 JavaThread "J3D-NotificationThread" [_thread_blocked, id=5236, stack(0x0000000018910000,0x0000000018a10000)]
  0x0000000017b52800 JavaThread "J3D-TimerThread" [_thread_blocked, id=11040, stack(0x0000000018810000,0x0000000018910000)]
  0x0000000017ad8000 JavaThread "J3D-RenderingAttributesStructureUpdateThread" [_thread_blocked, id=3480, stack(0x0000000018710000,0x0000000018810000)]
  0x0000000017a57000 JavaThread "AWT-Windows" daemon [_thread_in_native, id=11152, stack(0x0000000018420000,0x0000000018520000)]
  0x000000001711b000 JavaThread "AWT-Shutdown" [_thread_blocked, id=6048, stack(0x0000000018320000,0x0000000018420000)]
  0x000000001711a000 JavaThread "Java2D Disposer" daemon [_thread_blocked, id=4256, stack(0x0000000018220000,0x0000000018320000)]
  0x0000000016d98000 JavaThread "Service Thread" daemon [_thread_blocked, id=3048, stack(0x0000000017720000,0x0000000017820000)]
  0x0000000016d55800 JavaThread "C1 CompilerThread3" daemon [_thread_blocked, id=8424, stack(0x0000000017620000,0x0000000017720000)]
  0x0000000016d50800 JavaThread "C2 CompilerThread2" daemon [_thread_blocked, id=10156, stack(0x0000000017520000,0x0000000017620000)]
  0x0000000016d4c000 JavaThread "C2 CompilerThread1" daemon [_thread_blocked, id=9876, stack(0x0000000017420000,0x0000000017520000)]
  0x0000000016d48800 JavaThread "C2 CompilerThread0" daemon [_thread_blocked, id=4676, stack(0x0000000017320000,0x0000000017420000)]
  0x0000000016d44000 JavaThread "Attach Listener" daemon [_thread_blocked, id=10504, stack(0x0000000017220000,0x0000000017320000)]
  0x0000000016d43800 JavaThread "Signal Dispatcher" daemon [_thread_blocked, id=11208, stack(0x0000000017120000,0x0000000017220000)]
  0x0000000002328800 JavaThread "Finalizer" daemon [_thread_blocked, id=3876, stack(0x0000000016c20000,0x0000000016d20000)]
  0x0000000014d4d000 JavaThread "Reference Handler" daemon [_thread_blocked, id=6912, stack(0x0000000016b20000,0x0000000016c20000)]

Other Threads:
  0x0000000014d49000 VMThread [stack: 0x0000000016a20000,0x0000000016b20000] [id=7340]
  0x0000000016d99000 WatcherThread [stack: 0x0000000017820000,0x0000000017920000] [id=8336]

VM state:not at safepoint (normal execution)

VM Mutex/Monitor currently owned by a thread: None

Heap:
 PSYoungGen      total 34816K, used 4070K [0x00000000eb400000, 0x00000000f0300000, 0x0000000100000000)
  eden space 31744K, 4% used [0x00000000eb400000,0x00000000eb56b880,0x00000000ed300000)
  from space 3072K, 85% used [0x00000000f0000000,0x00000000f028e060,0x00000000f0300000)
  to   space 12288K, 0% used [0x00000000eeb00000,0x00000000eeb00000,0x00000000ef700000)
 ParOldGen       total 44032K, used 16665K [0x00000000c1c00000, 0x00000000c4700000, 0x00000000eb400000)
  object space 44032K, 37% used [0x00000000c1c00000,0x00000000c2c46548,0x00000000c4700000)
 Metaspace       used 15261K, capacity 15466K, committed 15616K, reserved 1062912K
  class space    used 1656K, capacity 1743K, committed 1792K, reserved 1048576K

Card table byte_map: [0x00000000116f0000,0x00000000118f0000] byte_map_base: 0x00000000110e2000

Marking Bits: (ParMarkBitMap*) 0x0000000060004040
 Begin Bits: [0x0000000012240000, 0x00000000131d0000)
 End Bits:   [0x00000000131d0000, 0x0000000014160000)

Polling page: 0x00000000020a0000

CodeCache: size=245760Kb used=6358Kb max_used=6358Kb free=239401Kb
 bounds [0x0000000002330000, 0x0000000002970000, 0x0000000011330000]
 total_blobs=2127 nmethods=1496 adapters=544
 compilation: enabled

Compilation events (10 events):
Event: 12.132 Thread 0x0000000016d50800 nmethod 1491 0x0000000002963f90 code [0x0000000002964140, 0x0000000002964868]
Event: 12.394 Thread 0x0000000016d48800 1494   !   4       javax.media.j3d.GeometryStructure::getVisibleBHTrees (356 bytes)
Event: 12.406 Thread 0x0000000016d48800 nmethod 1494 0x000000000296a550 code [0x000000000296a6e0, 0x000000000296b418]
Event: 14.359 Thread 0x0000000016d55800 1495 %     3       javax.media.j3d.J3dThread::run @ 7 (37 bytes)
Event: 14.360 Thread 0x0000000016d55800 nmethod 1495% 0x000000000294cb10 code [0x000000000294ccc0, 0x000000000294d218]
Event: 14.569 Thread 0x0000000016d55800 1496       3       javax.media.j3d.J3dThread::run (37 bytes)
Event: 14.570 Thread 0x0000000016d55800 nmethod 1496 0x000000000294c310 code [0x000000000294c4c0, 0x000000000294c9d8]
Event: 17.367 Thread 0x0000000016d55800 1497       3       java.awt.EventQueue::uncacheEQItem (53 bytes)
Event: 17.367 Thread 0x0000000016d55800 nmethod 1497 0x0000000002962f50 code [0x00000000029630e0, 0x00000000029637a8]
Event: 18.631 Thread 0x0000000016d55800 1498       3       java.awt.EventQueue::getPriority (78 bytes)

GC Heap History (10 events):
Event: 0.586 GC heap before
{Heap before GC invocations=2 (full 0):
 PSYoungGen      total 18944K, used 18892K [0x00000000eb400000, 0x00000000ec900000, 0x0000000100000000)
  eden space 16384K, 99% used [0x00000000eb400000,0x00000000ec3fb168,0x00000000ec400000)
  from space 2560K, 98% used [0x00000000ec400000,0x00000000ec678040,0x00000000ec680000)
  to   space 2560K, 0% used [0x00000000ec680000,0x00000000ec680000,0x00000000ec900000)
 ParOldGen       total 44032K, used 1424K [0x00000000c1c00000, 0x00000000c4700000, 0x00000000eb400000)
  object space 44032K, 3% used [0x00000000c1c00000,0x00000000c1d643f8,0x00000000c4700000)
 Metaspace       used 10601K, capacity 10846K, committed 11008K, reserved 1058816K
  class space    used 1105K, capacity 1184K, committed 1280K, reserved 1048576K
Event: 0.588 GC heap after
Heap after GC invocations=2 (full 0):
 PSYoungGen      total 18944K, used 2544K [0x00000000eb400000, 0x00000000ed900000, 0x0000000100000000)
  eden space 16384K, 0% used [0x00000000eb400000,0x00000000eb400000,0x00000000ec400000)
  from space 2560K, 99% used [0x00000000ec680000,0x00000000ec8fc070,0x00000000ec900000)
  to   space 2560K, 0% used [0x00000000ec400000,0x00000000ec400000,0x00000000ec680000)
 ParOldGen       total 44032K, used 4222K [0x00000000c1c00000, 0x00000000c4700000, 0x00000000eb400000)
  object space 44032K, 9% used [0x00000000c1c00000,0x00000000c201f8d8,0x00000000c4700000)
 Metaspace       used 10601K, capacity 10846K, committed 11008K, reserved 1058816K
  class space    used 1105K, capacity 1184K, committed 1280K, reserved 1048576K
}
Event: 0.747 GC heap before
{Heap before GC invocations=3 (full 0):
 PSYoungGen      total 18944K, used 18928K [0x00000000eb400000, 0x00000000ed900000, 0x0000000100000000)
  eden space 16384K, 100% used [0x00000000eb400000,0x00000000ec400000,0x00000000ec400000)
  from space 2560K, 99% used [0x00000000ec680000,0x00000000ec8fc070,0x00000000ec900000)
  to   space 2560K, 0% used [0x00000000ec400000,0x00000000ec400000,0x00000000ec680000)
 ParOldGen       total 44032K, used 4222K [0x00000000c1c00000, 0x00000000c4700000, 0x00000000eb400000)
  object space 44032K, 9% used [0x00000000c1c00000,0x00000000c201f8d8,0x00000000c4700000)
 Metaspace       used 12403K, capacity 12684K, committed 13056K, reserved 1060864K
  class space    used 1336K, capacity 1415K, committed 1536K, reserved 1048576K
Event: 0.749 GC heap after
Heap after GC invocations=3 (full 0):
 PSYoungGen      total 18944K, used 2552K [0x00000000eb400000, 0x00000000ed900000, 0x0000000100000000)
  eden space 16384K, 0% used [0x00000000eb400000,0x00000000eb400000,0x00000000ec400000)
  from space 2560K, 99% used [0x00000000ec400000,0x00000000ec67e060,0x00000000ec680000)
  to   space 2560K, 0% used [0x00000000ed680000,0x00000000ed680000,0x00000000ed900000)
 ParOldGen       total 44032K, used 6264K [0x00000000c1c00000, 0x00000000c4700000, 0x00000000eb400000)
  object space 44032K, 14% used [0x00000000c1c00000,0x00000000c221e1f8,0x00000000c4700000)
 Metaspace       used 12403K, capacity 12684K, committed 13056K, reserved 1060864K
  class space    used 1336K, capacity 1415K, committed 1536K, reserved 1048576K
}
Event: 3.954 GC heap before
{Heap before GC invocations=4 (full 0):
 PSYoungGen      total 18944K, used 18936K [0x00000000eb400000, 0x00000000ed900000, 0x0000000100000000)
  eden space 16384K, 100% used [0x00000000eb400000,0x00000000ec400000,0x00000000ec400000)
  from space 2560K, 99% used [0x00000000ec400000,0x00000000ec67e060,0x00000000ec680000)
  to   space 2560K, 0% used [0x00000000ed680000,0x00000000ed680000,0x00000000ed900000)
 ParOldGen       total 44032K, used 6264K [0x00000000c1c00000, 0x00000000c4700000, 0x00000000eb400000)
  object space 44032K, 14% used [0x00000000c1c00000,0x00000000c221e1f8,0x00000000c4700000)
 Metaspace       used 15252K, capacity 15466K, committed 15616K, reserved 1062912K
  class space    used 1656K, capacity 1743K, committed 1792K, reserved 1048576K
Event: 3.960 GC heap after
Heap after GC invocations=4 (full 0):
 PSYoungGen      total 35328K, used 2552K [0x00000000eb400000, 0x00000000ed900000, 0x0000000100000000)
  eden space 32768K, 0% used [0x00000000eb400000,0x00000000eb400000,0x00000000ed400000)
  from space 2560K, 99% used [0x00000000ed680000,0x00000000ed8fe060,0x00000000ed900000)
  to   space 2560K, 0% used [0x00000000ed400000,0x00000000ed400000,0x00000000ed680000)
 ParOldGen       total 44032K, used 16601K [0x00000000c1c00000, 0x00000000c4700000, 0x00000000eb400000)
  object space 44032K, 37% used [0x00000000c1c00000,0x00000000c2c36548,0x00000000c4700000)
 Metaspace       used 15252K, capacity 15466K, committed 15616K, reserved 1062912K
  class space    used 1656K, capacity 1743K, committed 1792K, reserved 1048576K
}
Event: 11.329 GC heap before
{Heap before GC invocations=5 (full 0):
 PSYoungGen      total 35328K, used 35320K [0x00000000eb400000, 0x00000000ed900000, 0x0000000100000000)
  eden space 32768K, 100% used [0x00000000eb400000,0x00000000ed400000,0x00000000ed400000)
  from space 2560K, 99% used [0x00000000ed680000,0x00000000ed8fe060,0x00000000ed900000)
  to   space 2560K, 0% used [0x00000000ed400000,0x00000000ed400000,0x00000000ed680000)
 ParOldGen       total 44032K, used 16601K [0x00000000c1c00000, 0x00000000c4700000, 0x00000000eb400000)
  object space 44032K, 37% used [0x00000000c1c00000,0x00000000c2c36548,0x00000000c4700000)
 Metaspace       used 15258K, capacity 15466K, committed 15616K, reserved 1062912K
  class space    used 1656K, capacity 1743K, committed 1792K, reserved 1048576K
Event: 11.332 GC heap after
Heap after GC invocations=5 (full 0):
 PSYoungGen      total 35328K, used 2552K [0x00000000eb400000, 0x00000000f0c00000, 0x0000000100000000)
  eden space 32768K, 0% used [0x00000000eb400000,0x00000000eb400000,0x00000000ed400000)
  from space 2560K, 99% used [0x00000000ed400000,0x00000000ed67e060,0x00000000ed680000)
  to   space 12288K, 0% used [0x00000000f0000000,0x00000000f0000000,0x00000000f0c00000)
 ParOldGen       total 44032K, used 16665K [0x00000000c1c00000, 0x00000000c4700000, 0x00000000eb400000)
  object space 44032K, 37% used [0x00000000c1c00000,0x00000000c2c46548,0x00000000c4700000)
 Metaspace       used 15258K, capacity 15466K, committed 15616K, reserved 1062912K
  class space    used 1656K, capacity 1743K, committed 1792K, reserved 1048576K
}
Event: 18.463 GC heap before
{Heap before GC invocations=6 (full 0):
 PSYoungGen      total 35328K, used 35320K [0x00000000eb400000, 0x00000000f0c00000, 0x0000000100000000)
  eden space 32768K, 100% used [0x00000000eb400000,0x00000000ed400000,0x00000000ed400000)
  from space 2560K, 99% used [0x00000000ed400000,0x00000000ed67e060,0x00000000ed680000)
  to   space 12288K, 0% used [0x00000000f0000000,0x00000000f0000000,0x00000000f0c00000)
 ParOldGen       total 44032K, used 16665K [0x00000000c1c00000, 0x00000000c4700000, 0x00000000eb400000)
  object space 44032K, 37% used [0x00000000c1c00000,0x00000000c2c46548,0x00000000c4700000)
 Metaspace       used 15259K, capacity 15466K, committed 15616K, reserved 1062912K
  class space    used 1656K, capacity 1743K, committed 1792K, reserved 1048576K
Event: 18.466 GC heap after
Heap after GC invocations=6 (full 0):
 PSYoungGen      total 34816K, used 2616K [0x00000000eb400000, 0x00000000f0300000, 0x0000000100000000)
  eden space 31744K, 0% used [0x00000000eb400000,0x00000000eb400000,0x00000000ed300000)
  from space 3072K, 85% used [0x00000000f0000000,0x00000000f028e060,0x00000000f0300000)
  to   space 12288K, 0% used [0x00000000eeb00000,0x00000000eeb00000,0x00000000ef700000)
 ParOldGen       total 44032K, used 16665K [0x00000000c1c00000, 0x00000000c4700000, 0x00000000eb400000)
  object space 44032K, 37% used [0x00000000c1c00000,0x00000000c2c46548,0x00000000c4700000)
 Metaspace       used 15259K, capacity 15466K, committed 15616K, reserved 1062912K
  class space    used 1656K, capacity 1743K, committed 1792K, reserved 1048576K
}

Deoptimization events (10 events):
Event: 1.172 Thread 0x0000000017b08000 Uncommon trap: reason=unstable_if action=reinterpret pc=0x0000000002702604 method=javax.media.j3d.UnorderList.add(Ljava/lang/Object;)V @ 9
Event: 1.297 Thread 0x0000000017b06800 Uncommon trap: reason=predicate action=maybe_recompile pc=0x000000000276ce18 method=java.util.Arrays.fill([Ljava/lang/Object;IILjava/lang/Object;)V @ 16
Event: 1.322 Thread 0x0000000017dba800 Uncommon trap: reason=array_check action=maybe_recompile pc=0x0000000002771498 method=java.util.Arrays.fill([Ljava/lang/Object;IILjava/lang/Object;)V @ 20
Event: 1.322 Thread 0x0000000017b09000 Uncommon trap: reason=array_check action=maybe_recompile pc=0x0000000002771498 method=java.util.Arrays.fill([Ljava/lang/Object;IILjava/lang/Object;)V @ 20
Event: 1.325 Thread 0x0000000017b06800 Uncommon trap: reason=array_check action=maybe_recompile pc=0x0000000002771498 method=java.util.Arrays.fill([Ljava/lang/Object;IILjava/lang/Object;)V @ 20
Event: 1.325 Thread 0x0000000017dc6000 Uncommon trap: reason=array_check action=maybe_recompile pc=0x0000000002771498 method=java.util.Arrays.fill([Ljava/lang/Object;IILjava/lang/Object;)V @ 20
Event: 1.603 Thread 0x0000000017b09000 Uncommon trap: reason=unstable_if action=reinterpret pc=0x00000000027cbbf0 method=javax.media.j3d.BoundingBox.intersect(Ljavax/media/j3d/Bounds;)Z @ 258
Event: 2.854 Thread 0x0000000017b09000 Uncommon trap: reason=unstable_if action=reinterpret pc=0x000000000287fb58 method=javax.media.j3d.BoundingBox.intersect(Ljavax/media/j3d/Bounds;)Z @ 477
Event: 5.722 Thread 0x0000000017da1000 Uncommon trap: reason=unstable_if action=reinterpret pc=0x000000000284e308 method=javax.media.j3d.BoundingBox.intersect(Ljavax/media/j3d/CachedFrustum;)Z @ 190
Event: 8.311 Thread 0x0000000017b08000 Uncommon trap: reason=unstable_if action=reinterpret pc=0x000000000285b660 method=javax.media.j3d.Alpha.value(J)F @ 182

Internal exceptions (10 events):
Event: 0.184 Thread 0x0000000002230800 Exception <a 'java/security/PrivilegedActionException'> (0x00000000eb840880) thrown at [C:\re\workspace\8-2-build-windows-amd64-cygwin\jdk8u45\3627\hotspot\src\share\vm\prims\jvm.cpp, line 1382]
Event: 0.184 Thread 0x0000000002230800 Exception <a 'java/security/PrivilegedActionException'> (0x00000000eb840a38) thrown at [C:\re\workspace\8-2-build-windows-amd64-cygwin\jdk8u45\3627\hotspot\src\share\vm\prims\jvm.cpp, line 1382]
Event: 0.188 Thread 0x0000000002230800 Exception <a 'java/io/FileNotFoundException'> (0x00000000eb843e58) thrown at [C:\re\workspace\8-2-build-windows-amd64-cygwin\jdk8u45\3627\hotspot\src\share\vm\prims\jni.cpp, line 709]
Event: 0.275 Thread 0x0000000002230800 Exception <a 'java/lang/NoSuchFieldError': method resolution failed> (0x00000000eba55b48) thrown at [C:\re\workspace\8-2-build-windows-amd64-cygwin\jdk8u45\3627\hotspot\src\share\vm\prims\methodHandles.cpp, line 1125]
Event: 0.277 Thread 0x0000000002230800 Exception <a 'java/lang/NoSuchFieldError': method resolution failed> (0x00000000eba64558) thrown at [C:\re\workspace\8-2-build-windows-amd64-cygwin\jdk8u45\3627\hotspot\src\share\vm\prims\methodHandles.cpp, line 1125]
Event: 0.328 Thread 0x0000000002230800 Exception <a 'java/io/FileNotFoundException'> (0x00000000ebda49f0) thrown at [C:\re\workspace\8-2-build-windows-amd64-cygwin\jdk8u45\3627\hotspot\src\share\vm\prims\jni.cpp, line 709]
Event: 0.753 Thread 0x0000000002230800 Implicit null exception at 0x00000000025e5996 to 0x00000000025e5ccd
Event: 0.754 Thread 0x0000000002230800 Implicit null exception at 0x0000000002580d19 to 0x0000000002581075
Event: 0.757 Thread 0x0000000002230800 Implicit null exception at 0x000000000260cc95 to 0x000000000260cebd
Event: 0.757 Thread 0x0000000002230800 Implicit null exception at 0x000000000254611b to 0x0000000002546905

Events (10 events):
Event: 5.722 Thread 0x0000000017da1000 Uncommon trap: trap_request=0xffffff65 fr.pc=0x000000000284e308
Event: 5.722 Thread 0x0000000017da1000 DEOPT PACKING pc=0x000000000284e308 sp=0x0000000018c0f090
Event: 5.722 Thread 0x0000000017da1000 DEOPT UNPACKING pc=0x000000000237582a sp=0x0000000018c0f028 mode 2
Event: 8.311 Thread 0x0000000017b08000 Uncommon trap: trap_request=0xffffff65 fr.pc=0x000000000285b660
Event: 8.311 Thread 0x0000000017b08000 DEOPT PACKING pc=0x000000000285b660 sp=0x000000001ac2eeb0
Event: 8.311 Thread 0x0000000017b08000 DEOPT UNPACKING pc=0x000000000237582a sp=0x000000001ac2ee20 mode 2
Event: 11.328 Executing VM operation: ParallelGCFailedAllocation
Event: 11.332 Executing VM operation: ParallelGCFailedAllocation done
Event: 18.463 Executing VM operation: ParallelGCFailedAllocation
Event: 18.466 Executing VM operation: ParallelGCFailedAllocation done


Dynamic libraries:
0x00007ff67cb60000 - 0x00007ff67cb97000 	C:\Program Files\Java\jdk1.8.0_45\bin\java.exe
0x00007ffa28b80000 - 0x00007ffa28d41000 	C:\WINDOWS\SYSTEM32\ntdll.dll
0x00007ffa26880000 - 0x00007ffa2692d000 	C:\WINDOWS\system32\KERNEL32.DLL
0x00007ffa25a30000 - 0x00007ffa25c18000 	C:\WINDOWS\system32\KERNELBASE.dll
0x00007ffa285a0000 - 0x00007ffa28647000 	C:\WINDOWS\system32\ADVAPI32.dll
0x00007ffa26240000 - 0x00007ffa262dd000 	C:\WINDOWS\system32\msvcrt.dll
0x00007ffa26c00000 - 0x00007ffa26c5b000 	C:\WINDOWS\system32\sechost.dll
0x00007ffa26f20000 - 0x00007ffa2703c000 	C:\WINDOWS\system32\RPCRT4.dll
0x00007ffa26c60000 - 0x00007ffa26db6000 	C:\WINDOWS\system32\USER32.dll
0x00007ffa26a70000 - 0x00007ffa26bf6000 	C:\WINDOWS\system32\GDI32.dll
0x00007ffa20440000 - 0x00007ffa206b4000 	C:\WINDOWS\WinSxS\amd64_microsoft.windows.common-controls_6595b64144ccf1df_6.0.10586.0_none_8c15ae12515e1c22\COMCTL32.dll
0x00007ffa28660000 - 0x00007ffa288dd000 	C:\WINDOWS\system32\combase.dll
0x00007ffa25c90000 - 0x00007ffa25cfa000 	C:\WINDOWS\system32\bcryptPrimitives.dll
0x00007ffa28990000 - 0x00007ffa289cb000 	C:\WINDOWS\system32\IMM32.DLL
0x00007ffa25090000 - 0x00007ffa250c1000 	C:\Windows\system32\nvinitx.dll
0x00007ffa25080000 - 0x00007ffa2508a000 	C:\WINDOWS\SYSTEM32\VERSION.dll
0x000000005f720000 - 0x000000005f7f2000 	C:\Program Files\Java\jdk1.8.0_45\jre\bin\msvcr100.dll
0x000000005f800000 - 0x0000000060083000 	C:\Program Files\Java\jdk1.8.0_45\jre\bin\server\jvm.dll
0x00007ffa26870000 - 0x00007ffa26878000 	C:\WINDOWS\system32\PSAPI.DLL
0x00007ffa20840000 - 0x00007ffa20863000 	C:\WINDOWS\SYSTEM32\WINMM.dll
0x00007ffa1a4a0000 - 0x00007ffa1a4a9000 	C:\WINDOWS\SYSTEM32\WSOCK32.dll
0x00007ffa25f80000 - 0x00007ffa25feb000 	C:\WINDOWS\system32\WS2_32.dll
0x00007ffa207e0000 - 0x00007ffa2080c000 	C:\WINDOWS\SYSTEM32\WINMMBASE.dll
0x00007ffa25c20000 - 0x00007ffa25c63000 	C:\WINDOWS\system32\cfgmgr32.dll
0x000000005f6d0000 - 0x000000005f6df000 	C:\Program Files\Java\jdk1.8.0_45\jre\bin\verify.dll
0x000000005f6a0000 - 0x000000005f6c9000 	C:\Program Files\Java\jdk1.8.0_45\jre\bin\java.dll
0x000000005f680000 - 0x000000005f696000 	C:\Program Files\Java\jdk1.8.0_45\jre\bin\zip.dll
0x00007ffa27040000 - 0x00007ffa2859c000 	C:\WINDOWS\system32\SHELL32.dll
0x00007ffa253e0000 - 0x00007ffa25a25000 	C:\WINDOWS\system32\windows.storage.dll
0x00007ffa26010000 - 0x00007ffa26062000 	C:\WINDOWS\system32\shlwapi.dll
0x00007ffa251b0000 - 0x00007ffa251bf000 	C:\WINDOWS\system32\kernel.appcore.dll
0x00007ffa25320000 - 0x00007ffa253d5000 	C:\WINDOWS\system32\shcore.dll
0x00007ffa251c0000 - 0x00007ffa2520b000 	C:\WINDOWS\system32\powrprof.dll
0x00007ffa25210000 - 0x00007ffa25224000 	C:\WINDOWS\system32\profapi.dll
0x000000005f4a0000 - 0x000000005f638000 	C:\Program Files\Java\jdk1.8.0_45\jre\bin\awt.dll
0x00007ffa269a0000 - 0x00007ffa26a61000 	C:\WINDOWS\system32\OLEAUT32.dll
0x00007ffa23940000 - 0x00007ffa239b9000 	C:\WINDOWS\system32\apphelp.dll
0x00007ffa23b80000 - 0x00007ffa23c16000 	C:\WINDOWS\system32\uxtheme.dll
0x00007ffa26dc0000 - 0x00007ffa26f1a000 	C:\WINDOWS\system32\MSCTF.dll
0x00007ffa20400000 - 0x00007ffa20422000 	C:\WINDOWS\system32\dwmapi.dll
0x00007ffa262f0000 - 0x00007ffa26433000 	C:\WINDOWS\system32\ole32.dll
0x0000000060750000 - 0x0000000060757000 	C:\Program Files\Java\jdk1.8.0_45\jre\bin\jawt.dll
0x00000000185e0000 - 0x000000001861e000 	C:\Program Files\Java\jdk1.8.0_45\jre\bin\j3dcore-ogl.dll
0x00007ffa083f0000 - 0x00007ffa08519000 	C:\WINDOWS\SYSTEM32\OPENGL32.dll
0x00007ffa083c0000 - 0x00007ffa083ee000 	C:\WINDOWS\SYSTEM32\GLU32.dll
0x00007ffa07f00000 - 0x00007ffa07ffa000 	C:\WINDOWS\SYSTEM32\DDRAW.dll
0x00007ffa083b0000 - 0x00007ffa083b8000 	C:\WINDOWS\SYSTEM32\DCIMAN32.dll
0x00007ff9f8d50000 - 0x00007ff9f9583000 	C:\WINDOWS\SYSTEM32\ig7icd64.dll
0x00007ffa1d180000 - 0x00007ffa1d5df000 	C:\WINDOWS\SYSTEM32\igdusc64.dll
0x00007ffa22f20000 - 0x00007ffa22f33000 	C:\WINDOWS\SYSTEM32\WTSAPI32.dll
0x00000000606e0000 - 0x0000000060711000 	C:\Program Files\Java\jdk1.8.0_45\jre\bin\jpeg.dll
0x000000005f450000 - 0x000000005f497000 	C:\Program Files\Java\jdk1.8.0_45\jre\bin\fontmanager.dll
0x000000005f660000 - 0x000000005f67a000 	C:\Program Files\Java\jdk1.8.0_45\jre\bin\net.dll
0x00007ffa24a20000 - 0x00007ffa24a7c000 	C:\WINDOWS\system32\mswsock.dll
0x000000005f640000 - 0x000000005f651000 	C:\Program Files\Java\jdk1.8.0_45\jre\bin\nio.dll
0x000000005f400000 - 0x000000005f441000 	C:\Program Files\Java\jdk1.8.0_45\jre\bin\t2k.dll
0x00007ffa12310000 - 0x00007ffa1249c000 	C:\WINDOWS\SYSTEM32\dbghelp.dll

VM Arguments:
jvm_args: -Dfile.encoding=UTF-8 
java_command: practica1.Practica1
java_class_path (initial): C:\Users\Jose\Desktop\Practica1\build\classes
Launcher Type: SUN_STANDARD

Environment Variables:
PATH=C:\ProgramData\Oracle\Java\javapath;C:\WINDOWS\system32;C:\WINDOWS;C:\WINDOWS\System32\Wbem;C:\WINDOWS\System32\WindowsPowerShell\v1.0\;C:\MinGW\bin;C:\Program Files (x86)\NVIDIA Corporation\PhysX\Common;C:\WINDOWS\system32;C:\WINDOWS;C:\WINDOWS\System32\Wbem;C:\WINDOWS\System32\WindowsPowerShell\v1.0\;C:\Program Files (x86)\Skype\Phone\;C:\WINDOWS\system32\config\systemprofile\.dnx\bin;C:\Program Files\Microsoft DNX\Dnvm\;C:\Program Files\Java\jdk1.8.0_45\bin
USERNAME=Jose
OS=Windows_NT
PROCESSOR_IDENTIFIER=Intel64 Family 6 Model 58 Stepping 9, GenuineIntel



---------------  S Y S T E M  ---------------

OS: Windows 10.0 , 64 bit Build 10586 (10.0.10586.0)

CPU:total 8 (4 cores per cpu, 2 threads per core) family 6 model 58 stepping 9, cmov, cx8, fxsr, mmx, sse, sse2, sse3, ssse3, sse4.1, sse4.2, popcnt, avx, aes, clmul, erms, ht, tsc, tscinvbit, tscinv

Memory: 4k page, physical 4077044k(856288k free), swap 10368500k(4846072k free)

vm_info: Java HotSpot(TM) 64-Bit Server VM (25.45-b02) for windows-amd64 JRE (1.8.0_45-b15), built on Apr 30 2015 12:40:44 by "java_re" with MS VC++ 10.0 (VS2010)

time: Mon Apr 18 17:20:09 2016
elapsed time: 18 seconds (0d 0h 0m 18s)

