#
# A fatal error has been detected by the Java Runtime Environment:
#
#  EXCEPTION_ACCESS_VIOLATION (0xc0000005) at pc=0x00000000025f216e, pid=7672, tid=9576
#
# JRE version: Java(TM) SE Runtime Environment (8.0_45-b15) (build 1.8.0_45-b15)
# Java VM: Java HotSpot(TM) 64-Bit Server VM (25.45-b02 mixed mode windows-amd64 compressed oops)
# Problematic frame:
# J 1279 C1 sun.awt.SunToolkit.getAppContext(Ljava/lang/Object;)Lsun/awt/AppContext; (42 bytes) @ 0x00000000025f216e [0x00000000025f2100+0x6e]
#
# Failed to write core dump. Minidumps are not enabled by default on client versions of Windows
#
# If you would like to submit a bug report, please visit:
#   http://bugreport.java.com/bugreport/crash.jsp
#

---------------  T H R E A D  ---------------

Current thread (0x0000000017986800):  JavaThread "AWT-EventQueue-0" [_thread_in_Java, id=9576, stack(0x000000001b6b0000,0x000000001b7b0000)]

siginfo: ExceptionCode=0xc0000005, reading address 0x0000000000004008

Registers:
RAX=0x000000001465a7f0, RBX=0x0000000100070240, RCX=0x00000000198ca6b0, RDX=0x0000000000004000
RSP=0x000000001b7a96b0, RBP=0x000000001b7a97c8, RSI=0x0000000000001150, RDI=0x0000000000000108
R8 =0x000000001465a740, R9 =0x00000000eb52f0d8, R10=0x000000007160bba0, R11=0x00000000025f1720
R12=0x0000000000000000, R13=0x000000001b7a9780, R14=0x000000001b7a97d8, R15=0x0000000017986800
RIP=0x00000000025f216e, EFLAGS=0x0000000000010206

Top of Stack: (sp=0x000000001b7a96b0)
0x000000001b7a96b0:   000000001b7a97d8 0000000000000023
0x000000001b7a96c0:   00000000c345fc98 0000000017986800
0x000000001b7a96d0:   0000000000000000 00000000eb52f0d8
0x000000001b7a96e0:   0000000000004000 00000000020f78a7
0x000000001b7a96f0:   000000001b7a97c8 00000000025f17bc
0x000000001b7a9700:   00000000020e7a70 00000000eb534e38
0x000000001b7a9710:   000000001b7a9710 0000000019697d29
0x000000001b7a9720:   000000001b7a9760 00000000196980c8
0x000000001b7a9730:   0000000000004000 0000000019697d40
0x000000001b7a9740:   0000000000000000 000000001b7a9760
0x000000001b7a9750:   000000001b7a97b8 00000000eb52f0d8
0x000000001b7a9760:   000000001b7a97c8 00000000020e7a70
0x000000001b7a9770:   0000000000000000 00000000020e7a70
0x000000001b7a9780:   0000000000004000 000000001b7a9788
0x000000001b7a9790:   00000000148aeba5 000000001b7a97d8
0x000000001b7a97a0:   00000000198ca6b0 000000001fbb4570 

Instructions: (pc=0x00000000025f216e)
0x00000000025f214e:   8c 8b 19 00 00 00 00 81 8f 00 01 00 00 00 01 00
0x00000000025f215e:   00 e9 c1 00 00 00 48 bb 40 02 07 00 01 00 00 00
0x00000000025f216e:   8b 7a 08 48 c1 e7 03 48 3b 5f 30 0f 85 8a 00 00
0x00000000025f217e:   00 48 bf 88 8c 8b 19 00 00 00 00 8b 5a 08 48 c1 


Register to memory mapping:

RAX={method} {0x000000001465a7f8} 'targetToAppContext' '(Ljava/lang/Object;)Lsun/awt/AppContext;' in 'sun/awt/SunToolkit'
RBX=0x0000000100070240 is pointing into metadata
RCX=0x00000000198ca6b0 is pointing into metadata
RDX=0x0000000000004000 is an unknown value
RSP=0x000000001b7a96b0 is pointing into the stack for thread: 0x0000000017986800
RBP=0x000000001b7a97c8 is pointing into the stack for thread: 0x0000000017986800
RSI=0x0000000000001150 is an unknown value
RDI=0x0000000000000108 is an unknown value
R8 ={method} {0x000000001465a748} 'getAppContext' '(Ljava/lang/Object;)Lsun/awt/AppContext;' in 'sun/awt/SunToolkit'
R9 =0x00000000eb52f0d8 is an oop
java.lang.Class 
 - klass: 'java/lang/Class'
R10=0x000000007160bba0 is an unknown value
R11=0x00000000025f1720 is at entry_point+0 in (nmethod*)0x00000000025f1590
R12=0x0000000000000000 is an unknown value
R13=0x000000001b7a9780 is pointing into the stack for thread: 0x0000000017986800
R14=0x000000001b7a97d8 is pointing into the stack for thread: 0x0000000017986800
R15=0x0000000017986800 is a thread


Stack: [0x000000001b6b0000,0x000000001b7b0000],  sp=0x000000001b7a96b0,  free space=997k
Native frames: (J=compiled Java code, j=interpreted, Vv=VM code, C=native code)
C  0x00000000025f216e


---------------  P R O C E S S  ---------------

Java Threads: ( => current thread )
  0x0000000017d89000 JavaThread "J3D-InputDeviceScheduler-3" [_thread_blocked, id=9296, stack(0x0000000024c10000,0x0000000024d10000)]
  0x0000000017d87000 JavaThread "J3D-SoundSchedulerUpdateThread-3" [_thread_blocked, id=6660, stack(0x0000000024b10000,0x0000000024c10000)]
  0x0000000017d85800 JavaThread "J3D-RenderStructureUpdateThread-3" [_thread_blocked, id=5728, stack(0x0000000024a10000,0x0000000024b10000)]
  0x0000000017d8a000 JavaThread "TimerQueue" daemon [_thread_blocked, id=8628, stack(0x0000000020ec0000,0x0000000020fc0000)]
  0x0000000017d75800 JavaThread "J3D-InputDeviceScheduler-2" [_thread_blocked, id=2940, stack(0x000000001c2b0000,0x000000001c3b0000)]
  0x0000000017d78000 JavaThread "J3D-SoundSchedulerUpdateThread-2" [_thread_blocked, id=9516, stack(0x000000001c1b0000,0x000000001c2b0000)]
  0x0000000017d74000 JavaThread "J3D-RenderStructureUpdateThread-2" [_thread_blocked, id=9432, stack(0x000000001c0b0000,0x000000001c1b0000)]
  0x0000000017d73800 JavaThread "J3D-InputDeviceScheduler-1" [_thread_blocked, id=9848, stack(0x000000001bfb0000,0x000000001c0b0000)]
  0x0000000017d72000 JavaThread "J3D-SoundSchedulerUpdateThread-1" [_thread_blocked, id=10056, stack(0x000000001beb0000,0x000000001bfb0000)]
  0x0000000017d77000 JavaThread "J3D-RenderStructureUpdateThread-1" [_thread_blocked, id=9812, stack(0x000000001bdb0000,0x000000001beb0000)]
  0x0000000017d72800 JavaThread "J3D-BehaviorScheduler-1" [_thread_blocked, id=7176, stack(0x000000001bcb0000,0x000000001bdb0000)]
  0x0000000017d76800 JavaThread "J3D-TransformStructureUpdateThread-1" [_thread_blocked, id=5376, stack(0x000000001bbb0000,0x000000001bcb0000)]
  0x0000000017d71000 JavaThread "J3D-RenderingEnvironmentStructureUpdateThread-1" [_thread_blocked, id=4768, stack(0x000000001bab0000,0x000000001bbb0000)]
  0x0000000017d75000 JavaThread "J3D-SoundStructureUpdateThread-1" [_thread_blocked, id=6572, stack(0x000000001b9b0000,0x000000001bab0000)]
  0x0000000017bd5000 JavaThread "J3D-GeometryStructureUpdateThread-1" [_thread_blocked, id=3940, stack(0x000000001b8b0000,0x000000001b9b0000)]
  0x0000000017bd4800 JavaThread "J3D-BehaviorStructureUpdateThread-1" [_thread_blocked, id=9864, stack(0x000000001b7b0000,0x000000001b8b0000)]
  0x0000000001ef0800 JavaThread "DestroyJavaVM" [_thread_blocked, id=10208, stack(0x00000000006a0000,0x00000000007a0000)]
=>0x0000000017986800 JavaThread "AWT-EventQueue-0" [_thread_in_Java, id=9576, stack(0x000000001b6b0000,0x000000001b7b0000)]
  0x0000000017986000 JavaThread "AWT-Shutdown" [_thread_blocked, id=6424, stack(0x000000001b5b0000,0x000000001b6b0000)]
  0x0000000017898000 JavaThread "J3D-Renderer-1" [_thread_in_native, id=3824, stack(0x0000000018840000,0x0000000018940000)]
  0x00000000179b3800 JavaThread "J3D-MasterControl-1" [_thread_blocked, id=5184, stack(0x0000000018740000,0x0000000018840000)]
  0x000000001798d800 JavaThread "J3D-NotificationThread" [_thread_blocked, id=5628, stack(0x0000000018640000,0x0000000018740000)]
  0x0000000017958000 JavaThread "J3D-TimerThread" [_thread_blocked, id=9876, stack(0x0000000018540000,0x0000000018640000)]
  0x0000000017896800 JavaThread "J3D-RenderingAttributesStructureUpdateThread" [_thread_blocked, id=6344, stack(0x00000000183b0000,0x00000000184b0000)]
  0x0000000016ed3000 JavaThread "AWT-Windows" daemon [_thread_in_native, id=9640, stack(0x00000000181f0000,0x00000000182f0000)]
  0x0000000016ed0000 JavaThread "Java2D Disposer" daemon [_thread_blocked, id=9608, stack(0x0000000017ff0000,0x00000000180f0000)]
  0x0000000016b4c800 JavaThread "Service Thread" daemon [_thread_blocked, id=4312, stack(0x00000000174f0000,0x00000000175f0000)]
  0x0000000016b23800 JavaThread "C1 CompilerThread3" daemon [_thread_blocked, id=7584, stack(0x00000000173f0000,0x00000000174f0000)]
  0x0000000016b20800 JavaThread "C2 CompilerThread2" daemon [_thread_blocked, id=9628, stack(0x00000000172f0000,0x00000000173f0000)]
  0x0000000016b1c000 JavaThread "C2 CompilerThread1" daemon [_thread_blocked, id=4404, stack(0x00000000171f0000,0x00000000172f0000)]
  0x0000000016b18800 JavaThread "C2 CompilerThread0" daemon [_thread_blocked, id=10012, stack(0x00000000170f0000,0x00000000171f0000)]
  0x0000000016b14000 JavaThread "Attach Listener" daemon [_thread_blocked, id=8632, stack(0x0000000016ff0000,0x00000000170f0000)]
  0x0000000016b13800 JavaThread "Signal Dispatcher" daemon [_thread_blocked, id=4552, stack(0x0000000016ef0000,0x0000000016ff0000)]
  0x0000000001fe8800 JavaThread "Finalizer" daemon [_thread_blocked, id=7996, stack(0x00000000169f0000,0x0000000016af0000)]
  0x0000000014afd000 JavaThread "Reference Handler" daemon [_thread_blocked, id=9436, stack(0x00000000168f0000,0x00000000169f0000)]

Other Threads:
  0x0000000014af9000 VMThread [stack: 0x00000000167f0000,0x00000000168f0000] [id=9496]
  0x0000000016b4e000 WatcherThread [stack: 0x00000000175f0000,0x00000000176f0000] [id=4992]

VM state:not at safepoint (normal execution)

VM Mutex/Monitor currently owned by a thread: None

Heap:
 PSYoungGen      total 152064K, used 136177K [0x00000000eb400000, 0x00000000f7c80000, 0x0000000100000000)
  eden space 116224K, 87% used [0x00000000eb400000,0x00000000f171f818,0x00000000f2580000)
  from space 35840K, 96% used [0x00000000f4e80000,0x00000000f705cea0,0x00000000f7180000)
  to   space 41984K, 0% used [0x00000000f2580000,0x00000000f2580000,0x00000000f4e80000)
 ParOldGen       total 276992K, used 166694K [0x00000000c1c00000, 0x00000000d2a80000, 0x00000000eb400000)
  object space 276992K, 60% used [0x00000000c1c00000,0x00000000cbec9aa8,0x00000000d2a80000)
 Metaspace       used 16626K, capacity 16816K, committed 17024K, reserved 1064960K
  class space    used 1796K, capacity 1872K, committed 1920K, reserved 1048576K

Card table byte_map: [0x00000000114a0000,0x00000000116a0000] byte_map_base: 0x0000000010e92000

Marking Bits: (ParMarkBitMap*) 0x0000000071624040
 Begin Bits: [0x0000000011ff0000, 0x0000000012f80000)
 End Bits:   [0x0000000012f80000, 0x0000000013f10000)

Polling page: 0x0000000000480000

CodeCache: size=245760Kb used=8125Kb max_used=8732Kb free=237634Kb
 bounds [0x00000000020e0000, 0x0000000002980000, 0x00000000110e0000]
 total_blobs=2512 nmethods=1870 adapters=554
 compilation: enabled

Compilation events (10 events):
Event: 16.549 Thread 0x0000000016b23800 2255       3       java.util.concurrent.locks.AbstractQueuedSynchronizer$ConditionObject::doSignalAll (36 bytes)
Event: 16.550 Thread 0x0000000016b23800 nmethod 2255 0x00000000021f5cd0 code [0x00000000021f5e40, 0x00000000021f6148]
Event: 16.575 Thread 0x0000000016b18800 nmethod 2254 0x00000000023a4bd0 code [0x00000000023a4dc0, 0x00000000023a7178]
Event: 16.610 Thread 0x0000000016b20800 2256   !   4       javax.media.j3d.MasterControl::doWork (248 bytes)
Event: 16.624 Thread 0x0000000016b20800 nmethod 2256 0x00000000023e9750 code [0x00000000023e9920, 0x00000000023ea740]
Event: 16.785 Thread 0x0000000016b1c000 nmethod 2253 0x00000000026aa950 code [0x00000000026aaee0, 0x00000000026b0718]
Event: 16.832 Thread 0x0000000016b18800 2257       4       javax.media.j3d.SoundStructure::processMessages (260 bytes)
Event: 16.843 Thread 0x0000000016b18800 nmethod 2257 0x00000000023e7750 code [0x00000000023e7b60, 0x00000000023e8420]
Event: 16.856 Thread 0x0000000016b20800 2258       4       java.util.HashMap$HashIterator::<init> (79 bytes)
Event: 16.859 Thread 0x0000000016b20800 nmethod 2258 0x0000000002249090 code [0x00000000022491e0, 0x00000000022493f8]

GC Heap History (10 events):
Event: 2.675 GC heap before
{Heap before GC invocations=17 (full 5):
 PSYoungGen      total 81408K, used 54032K [0x00000000eb400000, 0x00000000f2a00000, 0x0000000100000000)
  eden space 58880K, 91% used [0x00000000eb400000,0x00000000ee8c40a0,0x00000000eed80000)
  from space 22528K, 0% used [0x00000000eed80000,0x00000000eed80000,0x00000000f0380000)
  to   space 20992K, 0% used [0x00000000f1580000,0x00000000f1580000,0x00000000f2a00000)
 ParOldGen       total 276992K, used 128628K [0x00000000c1c00000, 0x00000000d2a80000, 0x00000000eb400000)
  object space 276992K, 46% used [0x00000000c1c00000,0x00000000c999d108,0x00000000d2a80000)
 Metaspace       used 10959K, capacity 11230K, committed 11264K, reserved 1058816K
  class space    used 1130K, capacity 1248K, committed 1280K, reserved 1048576K
Event: 2.682 GC heap after
Heap after GC invocations=17 (full 5):
 PSYoungGen      total 96768K, used 8552K [0x00000000eb400000, 0x00000000f2800000, 0x0000000100000000)
  eden space 77824K, 0% used [0x00000000eb400000,0x00000000eb400000,0x00000000f0000000)
  from space 18944K, 45% used [0x00000000f1580000,0x00000000f1dda040,0x00000000f2800000)
  to   space 20480K, 0% used [0x00000000f0000000,0x00000000f0000000,0x00000000f1400000)
 ParOldGen       total 276992K, used 153204K [0x00000000c1c00000, 0x00000000d2a80000, 0x00000000eb400000)
  object space 276992K, 55% used [0x00000000c1c00000,0x00000000cb19d118,0x00000000d2a80000)
 Metaspace       used 10959K, capacity 11230K, committed 11264K, reserved 1058816K
  class space    used 1130K, capacity 1248K, committed 1280K, reserved 1048576K
}
Event: 3.100 GC heap before
{Heap before GC invocations=18 (full 5):
 PSYoungGen      total 96768K, used 83994K [0x00000000eb400000, 0x00000000f2800000, 0x0000000100000000)
  eden space 77824K, 96% used [0x00000000eb400000,0x00000000efdacac8,0x00000000f0000000)
  from space 18944K, 45% used [0x00000000f1580000,0x00000000f1dda040,0x00000000f2800000)
  to   space 20480K, 0% used [0x00000000f0000000,0x00000000f0000000,0x00000000f1400000)
 ParOldGen       total 276992K, used 153204K [0x00000000c1c00000, 0x00000000d2a80000, 0x00000000eb400000)
  object space 276992K, 55% used [0x00000000c1c00000,0x00000000cb19d118,0x00000000d2a80000)
 Metaspace       used 10959K, capacity 11230K, committed 11264K, reserved 1058816K
  class space    used 1130K, capacity 1248K, committed 1280K, reserved 1048576K
Event: 3.104 GC heap after
Heap after GC invocations=18 (full 5):
 PSYoungGen      total 98304K, used 14760K [0x00000000eb400000, 0x00000000f4200000, 0x0000000100000000)
  eden space 77824K, 0% used [0x00000000eb400000,0x00000000eb400000,0x00000000f0000000)
  from space 20480K, 72% used [0x00000000f0000000,0x00000000f0e6a050,0x00000000f1400000)
  to   space 22528K, 0% used [0x00000000f2c00000,0x00000000f2c00000,0x00000000f4200000)
 ParOldGen       total 276992K, used 153204K [0x00000000c1c00000, 0x00000000d2a80000, 0x00000000eb400000)
  object space 276992K, 55% used [0x00000000c1c00000,0x00000000cb19d118,0x00000000d2a80000)
 Metaspace       used 10959K, capacity 11230K, committed 11264K, reserved 1058816K
  class space    used 1130K, capacity 1248K, committed 1280K, reserved 1048576K
}
Event: 3.478 GC heap before
{Heap before GC invocations=19 (full 5):
 PSYoungGen      total 98304K, used 90349K [0x00000000eb400000, 0x00000000f4200000, 0x0000000100000000)
  eden space 77824K, 97% used [0x00000000eb400000,0x00000000efdd16e0,0x00000000f0000000)
  from space 20480K, 72% used [0x00000000f0000000,0x00000000f0e6a050,0x00000000f1400000)
  to   space 22528K, 0% used [0x00000000f2c00000,0x00000000f2c00000,0x00000000f4200000)
 ParOldGen       total 276992K, used 153204K [0x00000000c1c00000, 0x00000000d2a80000, 0x00000000eb400000)
  object space 276992K, 55% used [0x00000000c1c00000,0x00000000cb19d118,0x00000000d2a80000)
 Metaspace       used 10969K, capacity 11230K, committed 11264K, reserved 1058816K
  class space    used 1131K, capacity 1248K, committed 1280K, reserved 1048576K
Event: 3.484 GC heap after
Heap after GC invocations=19 (full 5):
 PSYoungGen      total 119296K, used 21256K [0x00000000eb400000, 0x00000000f4700000, 0x0000000100000000)
  eden space 96768K, 0% used [0x00000000eb400000,0x00000000eb400000,0x00000000f1280000)
  from space 22528K, 94% used [0x00000000f2c00000,0x00000000f40c2070,0x00000000f4200000)
  to   space 26112K, 0% used [0x00000000f1280000,0x00000000f1280000,0x00000000f2c00000)
 ParOldGen       total 276992K, used 153204K [0x00000000c1c00000, 0x00000000d2a80000, 0x00000000eb400000)
  object space 276992K, 55% used [0x00000000c1c00000,0x00000000cb19d118,0x00000000d2a80000)
 Metaspace       used 10969K, capacity 11230K, committed 11264K, reserved 1058816K
  class space    used 1131K, capacity 1248K, committed 1280K, reserved 1048576K
}
Event: 3.733 GC heap before
{Heap before GC invocations=20 (full 5):
 PSYoungGen      total 119296K, used 118024K [0x00000000eb400000, 0x00000000f4700000, 0x0000000100000000)
  eden space 96768K, 100% used [0x00000000eb400000,0x00000000f1280000,0x00000000f1280000)
  from space 22528K, 94% used [0x00000000f2c00000,0x00000000f40c2070,0x00000000f4200000)
  to   space 26112K, 0% used [0x00000000f1280000,0x00000000f1280000,0x00000000f2c00000)
 ParOldGen       total 276992K, used 153204K [0x00000000c1c00000, 0x00000000d2a80000, 0x00000000eb400000)
  object space 276992K, 55% used [0x00000000c1c00000,0x00000000cb19d118,0x00000000d2a80000)
 Metaspace       used 11140K, capacity 11422K, committed 11520K, reserved 1058816K
  class space    used 1143K, capacity 1248K, committed 1280K, reserved 1048576K
Event: 3.744 GC heap after
Heap after GC invocations=20 (full 5):
 PSYoungGen      total 122880K, used 26082K [0x00000000eb400000, 0x00000000f7180000, 0x0000000100000000)
  eden space 96768K, 0% used [0x00000000eb400000,0x00000000eb400000,0x00000000f1280000)
  from space 26112K, 99% used [0x00000000f1280000,0x00000000f2bf8ba0,0x00000000f2c00000)
  to   space 35840K, 0% used [0x00000000f4e80000,0x00000000f4e80000,0x00000000f7180000)
 ParOldGen       total 276992K, used 166686K [0x00000000c1c00000, 0x00000000d2a80000, 0x00000000eb400000)
  object space 276992K, 60% used [0x00000000c1c00000,0x00000000cbec7aa8,0x00000000d2a80000)
 Metaspace       used 11140K, capacity 11422K, committed 11520K, reserved 1058816K
  class space    used 1143K, capacity 1248K, committed 1280K, reserved 1048576K
}
Event: 4.153 GC heap before
{Heap before GC invocations=21 (full 5):
 PSYoungGen      total 122880K, used 122850K [0x00000000eb400000, 0x00000000f7180000, 0x0000000100000000)
  eden space 96768K, 100% used [0x00000000eb400000,0x00000000f1280000,0x00000000f1280000)
  from space 26112K, 99% used [0x00000000f1280000,0x00000000f2bf8ba0,0x00000000f2c00000)
  to   space 35840K, 0% used [0x00000000f4e80000,0x00000000f4e80000,0x00000000f7180000)
 ParOldGen       total 276992K, used 166686K [0x00000000c1c00000, 0x00000000d2a80000, 0x00000000eb400000)
  object space 276992K, 60% used [0x00000000c1c00000,0x00000000cbec7aa8,0x00000000d2a80000)
 Metaspace       used 11747K, capacity 11998K, committed 12160K, reserved 1060864K
  class space    used 1221K, capacity 1312K, committed 1408K, reserved 1048576K
Event: 4.165 GC heap after
Heap after GC invocations=21 (full 5):
 PSYoungGen      total 152064K, used 34675K [0x00000000eb400000, 0x00000000f7c80000, 0x0000000100000000)
  eden space 116224K, 0% used [0x00000000eb400000,0x00000000eb400000,0x00000000f2580000)
  from space 35840K, 96% used [0x00000000f4e80000,0x00000000f705cea0,0x00000000f7180000)
  to   space 41984K, 0% used [0x00000000f2580000,0x00000000f2580000,0x00000000f4e80000)
 ParOldGen       total 276992K, used 166694K [0x00000000c1c00000, 0x00000000d2a80000, 0x00000000eb400000)
  object space 276992K, 60% used [0x00000000c1c00000,0x00000000cbec9aa8,0x00000000d2a80000)
 Metaspace       used 11747K, capacity 11998K, committed 12160K, reserved 1060864K
  class space    used 1221K, capacity 1312K, committed 1408K, reserved 1048576K
}

Deoptimization events (10 events):
Event: 6.957 Thread 0x0000000017898000 Uncommon trap: reason=unstable_if action=reinterpret pc=0x00000000027d3e7c method=javax.media.j3d.TextureRetained.bindTexture(Ljavax/media/j3d/Canvas3D;)V @ 12
Event: 7.038 Thread 0x0000000017898000 Uncommon trap: reason=unstable_if action=reinterpret pc=0x00000000027c25ac method=javax.media.j3d.TextureRetained.bindTexture(Ljavax/media/j3d/Canvas3D;)V @ 12
Event: 7.180 Thread 0x0000000017898000 Uncommon trap: reason=unstable_if action=reinterpret pc=0x0000000002709bb4 method=javax.media.j3d.BoundingBox.intersect(Ljavax/media/j3d/CachedFrustum;)Z @ 51
Event: 11.411 Thread 0x00000000179b3800 Uncommon trap: reason=unstable_if action=reinterpret pc=0x0000000002850ed8 method=javax.media.j3d.RenderBin.updateObject()V @ 535
Event: 13.692 Thread 0x00000000179b3800 Uncommon trap: reason=unstable_if action=reinterpret pc=0x0000000002927cf0 method=javax.media.j3d.RenderBin.updateObject()V @ 2021
Event: 13.692 Thread 0x0000000017898000 Uncommon trap: reason=range_check action=make_not_entrant pc=0x000000000286d9c4 method=javax.media.j3d.Renderer.doWork(J)V @ 62
Event: 13.700 Thread 0x0000000017898000 Uncommon trap: reason=unstable_if action=reinterpret pc=0x00000000028e42a4 method=javax.media.j3d.Transform3D.setScaleTranslation(DDDD)V @ 130
Event: 13.701 Thread 0x0000000017898000 Uncommon trap: reason=unstable_if action=reinterpret pc=0x0000000002433f3c method=javax.media.j3d.EnvironmentSet.updateAttributes(Ljavax/media/j3d/Canvas3D;)V @ 138
Event: 13.890 Thread 0x00000000179b3800 Uncommon trap: reason=unstable_if action=reinterpret pc=0x0000000002860c34 method=javax.media.j3d.RenderMolecule.updateObject()V @ 1000
Event: 13.896 Thread 0x0000000017898000 Uncommon trap: reason=unstable_if action=reinterpret pc=0x00000000024192f8 method=javax.media.j3d.CanvasViewCache.doComputeDerivedData(ZLjavax/media/j3d/CanvasViewCache;Ljavax/media/j3d/BoundingBox;Z)V @ 146

Internal exceptions (10 events):
Event: 0.179 Thread 0x0000000001ef0800 Exception <a 'java/io/FileNotFoundException'> (0x00000000eb845598) thrown at [C:\re\workspace\8-2-build-windows-amd64-cygwin\jdk8u45\3627\hotspot\src\share\vm\prims\jni.cpp, line 709]
Event: 0.268 Thread 0x0000000001ef0800 Exception <a 'java/lang/NoSuchFieldError': method resolution failed> (0x00000000eba56890) thrown at [C:\re\workspace\8-2-build-windows-amd64-cygwin\jdk8u45\3627\hotspot\src\share\vm\prims\methodHandles.cpp, line 1125]
Event: 0.269 Thread 0x0000000001ef0800 Exception <a 'java/lang/NoSuchFieldError': method resolution failed> (0x00000000eba652a0) thrown at [C:\re\workspace\8-2-build-windows-amd64-cygwin\jdk8u45\3627\hotspot\src\share\vm\prims\methodHandles.cpp, line 1125]
Event: 0.323 Thread 0x0000000001ef0800 Exception <a 'java/io/FileNotFoundException'> (0x00000000ebda5a98) thrown at [C:\re\workspace\8-2-build-windows-amd64-cygwin\jdk8u45\3627\hotspot\src\share\vm\prims\jni.cpp, line 709]
Event: 0.874 Thread 0x0000000001ef0800 Implicit null exception at 0x000000000238a282 to 0x000000000238a62d
Event: 2.280 Thread 0x0000000001ef0800 Implicit null exception at 0x000000000238bddc to 0x000000000238c17d
Event: 4.239 Thread 0x0000000001ef0800 Implicit null exception at 0x00000000024078d6 to 0x0000000002407c0d
Event: 4.240 Thread 0x0000000001ef0800 Implicit null exception at 0x000000000232ed14 to 0x000000000232f069
Event: 4.243 Thread 0x0000000001ef0800 Implicit null exception at 0x00000000025b7618 to 0x00000000025b76a6
Event: 13.700 Thread 0x0000000017898000 Implicit null exception at 0x00000000028e3b88 to 0x00000000028e428d

Events (10 events):
Event: 16.550 Thread 0x0000000016b23800 flushing nmethod 0x0000000002717f10
Event: 16.550 Thread 0x0000000016b23800 flushing nmethod 0x0000000002759c90
Event: 16.550 Thread 0x0000000016b23800 flushing nmethod 0x000000000275e710
Event: 16.575 Thread 0x0000000016b18800 flushing nmethod 0x000000000278cc90
Event: 16.575 Thread 0x0000000016b18800 flushing nmethod 0x000000000278d7d0
Event: 16.575 Thread 0x0000000016b18800 flushing nmethod 0x000000000278fd10
Event: 16.575 Thread 0x0000000016b18800 flushing nmethod 0x00000000027b2e50
Event: 16.575 Thread 0x0000000016b18800 flushing nmethod 0x00000000027bc750
Event: 16.575 Thread 0x0000000016b18800 flushing nmethod 0x00000000027c3f90
Event: 16.575 Thread 0x0000000016b18800 flushing nmethod 0x00000000027c8010


Dynamic libraries:
0x00007ff7b1b40000 - 0x00007ff7b1b77000 	C:\Program Files\Java\jdk1.8.0_45\bin\java.exe
0x00007ffa6db10000 - 0x00007ffa6dcd1000 	C:\WINDOWS\SYSTEM32\ntdll.dll
0x00007ffa6d4f0000 - 0x00007ffa6d59d000 	C:\WINDOWS\system32\KERNEL32.DLL
0x00007ffa6a580000 - 0x00007ffa6a768000 	C:\WINDOWS\system32\KERNELBASE.dll
0x00007ffa6d5a0000 - 0x00007ffa6d647000 	C:\WINDOWS\system32\ADVAPI32.dll
0x00007ffa6d920000 - 0x00007ffa6d9bd000 	C:\WINDOWS\system32\msvcrt.dll
0x00007ffa6cdb0000 - 0x00007ffa6ce0b000 	C:\WINDOWS\system32\sechost.dll
0x00007ffa6cc30000 - 0x00007ffa6cd4c000 	C:\WINDOWS\system32\RPCRT4.dll
0x00007ffa6b230000 - 0x00007ffa6b386000 	C:\WINDOWS\system32\USER32.dll
0x00007ffa6d790000 - 0x00007ffa6d916000 	C:\WINDOWS\system32\GDI32.dll
0x00007ffa653b0000 - 0x00007ffa65624000 	C:\WINDOWS\WinSxS\amd64_microsoft.windows.common-controls_6595b64144ccf1df_6.0.10586.0_none_8c15ae12515e1c22\COMCTL32.dll
0x00007ffa6c9b0000 - 0x00007ffa6cc2d000 	C:\WINDOWS\system32\combase.dll
0x00007ffa6adc0000 - 0x00007ffa6ae2a000 	C:\WINDOWS\system32\bcryptPrimitives.dll
0x00007ffa6b400000 - 0x00007ffa6b43b000 	C:\WINDOWS\system32\IMM32.DLL
0x00007ffa6a020000 - 0x00007ffa6a051000 	C:\Windows\system32\nvinitx.dll
0x00007ffa6a010000 - 0x00007ffa6a01a000 	C:\WINDOWS\SYSTEM32\VERSION.dll
0x0000000070d40000 - 0x0000000070e12000 	C:\Program Files\Java\jdk1.8.0_45\jre\bin\msvcr100.dll
0x0000000070e20000 - 0x00000000716a3000 	C:\Program Files\Java\jdk1.8.0_45\jre\bin\server\jvm.dll
0x00007ffa6b3f0000 - 0x00007ffa6b3f8000 	C:\WINDOWS\system32\PSAPI.DLL
0x00007ffa5f4d0000 - 0x00007ffa5f4d9000 	C:\WINDOWS\SYSTEM32\WSOCK32.dll
0x00007ffa6d700000 - 0x00007ffa6d76b000 	C:\WINDOWS\system32\WS2_32.dll
0x00007ffa65760000 - 0x00007ffa65783000 	C:\WINDOWS\SYSTEM32\WINMM.dll
0x00007ffa65700000 - 0x00007ffa6572c000 	C:\WINDOWS\SYSTEM32\WINMMBASE.dll
0x00007ffa6ae30000 - 0x00007ffa6ae73000 	C:\WINDOWS\system32\cfgmgr32.dll
0x0000000070cf0000 - 0x0000000070cff000 	C:\Program Files\Java\jdk1.8.0_45\jre\bin\verify.dll
0x0000000070cc0000 - 0x0000000070ce9000 	C:\Program Files\Java\jdk1.8.0_45\jre\bin\java.dll
0x0000000070ca0000 - 0x0000000070cb6000 	C:\Program Files\Java\jdk1.8.0_45\jre\bin\zip.dll
0x00007ffa6b440000 - 0x00007ffa6c99c000 	C:\WINDOWS\system32\SHELL32.dll
0x00007ffa6a770000 - 0x00007ffa6adb5000 	C:\WINDOWS\system32\windows.storage.dll
0x00007ffa6b390000 - 0x00007ffa6b3e2000 	C:\WINDOWS\system32\shlwapi.dll
0x00007ffa6a1b0000 - 0x00007ffa6a1bf000 	C:\WINDOWS\system32\kernel.appcore.dll
0x00007ffa6a460000 - 0x00007ffa6a515000 	C:\WINDOWS\system32\shcore.dll
0x00007ffa6a160000 - 0x00007ffa6a1ab000 	C:\WINDOWS\system32\powrprof.dll
0x00007ffa6a140000 - 0x00007ffa6a154000 	C:\WINDOWS\system32\profapi.dll
0x0000000070ac0000 - 0x0000000070c58000 	C:\Program Files\Java\jdk1.8.0_45\jre\bin\awt.dll
0x00007ffa6d420000 - 0x00007ffa6d4e1000 	C:\WINDOWS\system32\OLEAUT32.dll
0x00007ffa688d0000 - 0x00007ffa68949000 	C:\WINDOWS\system32\apphelp.dll
0x00007ffa68a60000 - 0x00007ffa68af6000 	C:\WINDOWS\system32\uxtheme.dll
0x00007ffa6ce80000 - 0x00007ffa6cfda000 	C:\WINDOWS\system32\MSCTF.dll
0x00007ffa65380000 - 0x00007ffa653a2000 	C:\WINDOWS\system32\dwmapi.dll
0x00007ffa6d9c0000 - 0x00007ffa6db03000 	C:\WINDOWS\system32\ole32.dll
0x00000000709a0000 - 0x00000000709a7000 	C:\Program Files\Java\jdk1.8.0_45\jre\bin\jawt.dll
0x0000000002040000 - 0x000000000207e000 	C:\Program Files\Java\jdk1.8.0_45\jre\bin\j3dcore-ogl.dll
0x00007ffa54110000 - 0x00007ffa54239000 	C:\WINDOWS\SYSTEM32\OPENGL32.dll
0x00007ffa54730000 - 0x00007ffa5475e000 	C:\WINDOWS\SYSTEM32\GLU32.dll
0x00007ffa53fd0000 - 0x00007ffa540ca000 	C:\WINDOWS\SYSTEM32\DDRAW.dll
0x00007ffa54a40000 - 0x00007ffa54a48000 	C:\WINDOWS\SYSTEM32\DCIMAN32.dll
0x00007ffa48ad0000 - 0x00007ffa49303000 	C:\WINDOWS\SYSTEM32\ig7icd64.dll
0x00007ffa62110000 - 0x00007ffa6256f000 	C:\WINDOWS\SYSTEM32\igdusc64.dll
0x00007ffa67910000 - 0x00007ffa67923000 	C:\WINDOWS\SYSTEM32\WTSAPI32.dll
0x0000000070960000 - 0x0000000070991000 	C:\Program Files\Java\jdk1.8.0_45\jre\bin\jpeg.dll
0x0000000070a70000 - 0x0000000070ab7000 	C:\Program Files\Java\jdk1.8.0_45\jre\bin\fontmanager.dll
0x0000000070c80000 - 0x0000000070c9a000 	C:\Program Files\Java\jdk1.8.0_45\jre\bin\net.dll
0x00007ffa699b0000 - 0x00007ffa69a0c000 	C:\WINDOWS\system32\mswsock.dll
0x0000000070c60000 - 0x0000000070c71000 	C:\Program Files\Java\jdk1.8.0_45\jre\bin\nio.dll
0x0000000070a20000 - 0x0000000070a61000 	C:\Program Files\Java\jdk1.8.0_45\jre\bin\t2k.dll
0x00007ffa54e80000 - 0x00007ffa5500c000 	C:\WINDOWS\SYSTEM32\dbghelp.dll

VM Arguments:
jvm_args: -Dfile.encoding=UTF-8 
java_command: practica1.Practica1
java_class_path (initial): C:\Users\Jose\Desktop\Practica1\build\classes
Launcher Type: SUN_STANDARD

Environment Variables:
PATH=C:\ProgramData\Oracle\Java\javapath;C:\WINDOWS\system32;C:\WINDOWS;C:\WINDOWS\System32\Wbem;C:\WINDOWS\System32\WindowsPowerShell\v1.0\;C:\MinGW\bin;C:\Program Files (x86)\NVIDIA Corporation\PhysX\Common;C:\WINDOWS\system32;C:\WINDOWS;C:\WINDOWS\System32\Wbem;C:\WINDOWS\System32\WindowsPowerShell\v1.0\;C:\Program Files (x86)\Skype\Phone\;C:\WINDOWS\system32\config\systemprofile\.dnx\bin;C:\Program Files\Microsoft DNX\Dnvm\;C:\Program Files\Java\jdk1.8.0_45\bin
USERNAME=Jose
OS=Windows_NT
PROCESSOR_IDENTIFIER=Intel64 Family 6 Model 58 Stepping 9, GenuineIntel



---------------  S Y S T E M  ---------------

OS: Windows 10.0 , 64 bit Build 10586 (10.0.10586.0)

CPU:total 8 (4 cores per cpu, 2 threads per core) family 6 model 58 stepping 9, cmov, cx8, fxsr, mmx, sse, sse2, sse3, ssse3, sse4.1, sse4.2, popcnt, avx, aes, clmul, erms, ht, tsc, tscinvbit, tscinv

Memory: 4k page, physical 4077044k(825216k free), swap 10630644k(4465164k free)

vm_info: Java HotSpot(TM) 64-Bit Server VM (25.45-b02) for windows-amd64 JRE (1.8.0_45-b15), built on Apr 30 2015 12:40:44 by "java_re" with MS VC++ 10.0 (VS2010)

time: Sun Apr 24 19:52:27 2016
elapsed time: 17 seconds (0d 0h 0m 17s)

