#
# A fatal error has been detected by the Java Runtime Environment:
#
#  EXCEPTION_ACCESS_VIOLATION (0xc0000005) at pc=0x0000000062b93fd4, pid=7992, tid=1800
#
# JRE version: Java(TM) SE Runtime Environment (8.0_45-b15) (build 1.8.0_45-b15)
# Java VM: Java HotSpot(TM) 64-Bit Server VM (25.45-b02 mixed mode windows-amd64 compressed oops)
# Problematic frame:
# V  [jvm.dll+0x3fd4]
#
# Failed to write core dump. Minidumps are not enabled by default on client versions of Windows
#
# If you would like to submit a bug report, please visit:
#   http://bugreport.java.com/bugreport/crash.jsp
#

---------------  T H R E A D  ---------------

Current thread (0x0000000017d64000):  JavaThread "AWT-EventQueue-0" [_thread_in_vm, id=1800, stack(0x000000001b680000,0x000000001b780000)]

siginfo: ExceptionCode=0xc0000005, reading address 0xffffffffffffffff

Registers:
RAX=0x0000000000000000, RBX=0x00000000cb420560, RCX=0x8286808287818189, RDX=0x000000001b77b8f0
RSP=0x000000001b77b6a0, RBP=0x00000000000003d8, RSI=0x0000000017d64000, RDI=0x0000000016e03920
R8 =0x0000000000652a00, R9 =0x0000000000000000, R10=0x00000000633843f0, R11=0x000000001b77b770
R12=0x0000000016e03930, R13=0x0000000016e03d08, R14=0x000000001b77b818, R15=0x0000000017d64000
RIP=0x0000000062b93fd4, EFLAGS=0x0000000000010206

Top of Stack: (sp=0x000000001b77b6a0)
0x000000001b77b6a0:   000000001b77b890 0000000017ed42a0
0x000000001b77b6b0:   0000000017d64000 0000000016db6820
0x000000001b77b6c0:   0000000017ed42a0 0000000062cb37be
0x000000001b77b6d0:   0000000000000063 0000000017d64000
0x000000001b77b6e0:   0000000017ed42a0 000000001b77b788
0x000000001b77b6f0:   0000000000000002 0000000000000000
0x000000001b77b700:   000000001b77b788 000000000214582a
0x000000001b77b710:   0000000002145750 00009cd1dac635bb
0x000000001b77b720:   0000000019e85350 0000000062c478d9
0x000000001b77b730:   0000000017d64000 0000000017d64000
0x000000001b77b740:   0000000016e03920 0000000017af10e0
0x000000001b77b750:   0000000017af1168 00000000000000d8
0x000000001b77b760:   000000001b77b818 00000000146644bf
0x000000001b77b770:   0000000000000000 0000000000000001
0x000000001b77b780:   00000000179ed9c8 0000000002110efc
0x000000001b77b790:   0000000017d64000 00000000cb420560 

Instructions: (pc=0x0000000062b93fd4)
0x0000000062b93fb4:   41 ff 53 08 4c 8b 1b 48 8d 15 46 5c 7d 00 48 8b
0x0000000062b93fc4:   cb 48 83 c4 20 5b 49 ff 63 08 cc cc 48 83 ec 28
0x0000000062b93fd4:   48 8b 11 4c 8b c1 0f b6 c2 24 07 3c 01 75 0e 48
0x0000000062b93fe4:   8b c2 48 c1 e8 08 25 ff ff ff 7f 75 22 0f b6 ca 


Register to memory mapping:

RAX=0x0000000000000000 is an unknown value
RBX=0x00000000cb420560 is pointing into object: 0x00000000c9fc9900
[B 
 - klass: {type array byte}
 - length: 25165824
RCX=0x8286808287818189 is an unknown value
RDX=0x000000001b77b8f0 is pointing into the stack for thread: 0x0000000017d64000
RSP=0x000000001b77b6a0 is pointing into the stack for thread: 0x0000000017d64000
RBP=0x00000000000003d8 is an unknown value
RSI=0x0000000017d64000 is a thread
RDI=0x0000000016e03920 is an unknown value
R8 =0x0000000000652a00 is an unknown value
R9 =0x0000000000000000 is an unknown value
R10=0x00000000633843f0 is an unknown value
R11=0x000000001b77b770 is pointing into the stack for thread: 0x0000000017d64000
R12=0x0000000016e03930 is an unknown value
R13=0x0000000016e03d08 is an unknown value
R14=0x000000001b77b818 is pointing into the stack for thread: 0x0000000017d64000
R15=0x0000000017d64000 is a thread


Stack: [0x000000001b680000,0x000000001b780000],  sp=0x000000001b77b6a0,  free space=1005k
Native frames: (J=compiled Java code, j=interpreted, Vv=VM code, C=native code)
V  [jvm.dll+0x3fd4]
V  [jvm.dll+0x1237be]
V  [jvm.dll+0xb78d9]
C  0x0000000002110efc

Java frames: (J=compiled Java code, j=interpreted, Vv=VM code)
j  javax.media.j3d.NativePipeline.unbox(Ljavax/media/j3d/Context;)J+7
j  javax.media.j3d.NativePipeline.decalReset(Ljavax/media/j3d/Context;Z)V+3
j  javax.media.j3d.Canvas3D.decalReset(Ljavax/media/j3d/Context;Z)V+5
j  java.awt.DefaultKeyboardFocusManager.dispatchEvent(Ljava/awt/AWTEvent;)Z+1428
j  java.awt.Component.dispatchEventImpl(Ljava/awt/AWTEvent;)V+151
j  java.awt.Container.dispatchEventImpl(Ljava/awt/AWTEvent;)V+42
j  java.awt.Window.dispatchEventImpl(Ljava/awt/AWTEvent;)V+19
j  java.awt.Component.dispatchEvent(Ljava/awt/AWTEvent;)V+2
j  java.awt.EventQueue.dispatchEventImpl(Ljava/awt/AWTEvent;Ljava/lang/Object;)V+41
j  java.awt.EventQueue.access$500(Ljava/awt/EventQueue;Ljava/awt/AWTEvent;Ljava/lang/Object;)V+3
j  java.awt.EventQueue$3.run()Ljava/lang/Void;+32
j  java.awt.EventQueue$3.run()Ljava/lang/Object;+1
v  ~StubRoutines::call_stub
J 1929  java.security.AccessController.doPrivileged(Ljava/security/PrivilegedAction;Ljava/security/AccessControlContext;)Ljava/lang/Object; (0 bytes) @ 0x0000000002226e66 [0x0000000002226e00+0x66]
J 1933 C1 java.security.ProtectionDomain$1.doIntersectionPrivilege(Ljava/security/PrivilegedAction;Ljava/security/AccessControlContext;Ljava/security/AccessControlContext;)Ljava/lang/Object; (32 bytes) @ 0x00000000023141bc [0x0000000002313ec0+0x2fc]
j  java.security.ProtectionDomain$1.doIntersectionPrivilege(Ljava/security/PrivilegedAction;Ljava/security/AccessControlContext;)Ljava/lang/Object;+6
j  java.awt.EventQueue$4.run()Ljava/lang/Void;+11
j  java.awt.EventQueue$4.run()Ljava/lang/Object;+1
v  ~StubRoutines::call_stub
J 1929  java.security.AccessController.doPrivileged(Ljava/security/PrivilegedAction;Ljava/security/AccessControlContext;)Ljava/lang/Object; (0 bytes) @ 0x0000000002226e66 [0x0000000002226e00+0x66]
J 1933 C1 java.security.ProtectionDomain$1.doIntersectionPrivilege(Ljava/security/PrivilegedAction;Ljava/security/AccessControlContext;Ljava/security/AccessControlContext;)Ljava/lang/Object; (32 bytes) @ 0x00000000023141bc [0x0000000002313ec0+0x2fc]
j  java.awt.EventQueue.dispatchEvent(Ljava/awt/AWTEvent;)V+73
j  java.awt.SequencedEvent.dispatch()V+108
j  java.awt.EventQueue.dispatchEventImpl(Ljava/awt/AWTEvent;Ljava/lang/Object;)V+21
j  java.awt.EventQueue.access$500(Ljava/awt/EventQueue;Ljava/awt/AWTEvent;Ljava/lang/Object;)V+3
j  java.awt.EventQueue$3.run()Ljava/lang/Void;+32
j  java.awt.EventQueue$3.run()Ljava/lang/Object;+1
v  ~StubRoutines::call_stub
J 1929  java.security.AccessController.doPrivileged(Ljava/security/PrivilegedAction;Ljava/security/AccessControlContext;)Ljava/lang/Object; (0 bytes) @ 0x0000000002226e66 [0x0000000002226e00+0x66]
J 1933 C1 java.security.ProtectionDomain$1.doIntersectionPrivilege(Ljava/security/PrivilegedAction;Ljava/security/AccessControlContext;Ljava/security/AccessControlContext;)Ljava/lang/Object; (32 bytes) @ 0x00000000023141bc [0x0000000002313ec0+0x2fc]
j  java.security.ProtectionDomain$1.doIntersectionPrivilege(Ljava/security/PrivilegedAction;Ljava/security/AccessControlContext;)Ljava/lang/Object;+6
j  java.awt.EventQueue$4.run()Ljava/lang/Void;+11
j  java.awt.EventQueue$4.run()Ljava/lang/Object;+1
v  ~StubRoutines::call_stub
J 1929  java.security.AccessController.doPrivileged(Ljava/security/PrivilegedAction;Ljava/security/AccessControlContext;)Ljava/lang/Object; (0 bytes) @ 0x0000000002226e66 [0x0000000002226e00+0x66]
J 1933 C1 java.security.ProtectionDomain$1.doIntersectionPrivilege(Ljava/security/PrivilegedAction;Ljava/security/AccessControlContext;Ljava/security/AccessControlContext;)Ljava/lang/Object; (32 bytes) @ 0x00000000023141bc [0x0000000002313ec0+0x2fc]
j  java.awt.EventQueue.dispatchEvent(Ljava/awt/AWTEvent;)V+73
j  java.awt.EventDispatchThread.pumpOneEventForFilters(I)V+245
j  java.awt.EventDispatchThread.pumpEventsForFilter(ILjava/awt/Conditional;Ljava/awt/EventFilter;)V+35
j  java.awt.EventDispatchThread.pumpEventsForHierarchy(ILjava/awt/Conditional;Ljava/awt/Component;)V+11
j  java.awt.EventDispatchThread.pumpEvents(ILjava/awt/Conditional;)V+4
j  java.awt.EventDispatchThread.pumpEvents(Ljava/awt/Conditional;)V+3
j  java.awt.EventDispatchThread.run()V+9
v  ~StubRoutines::call_stub

---------------  P R O C E S S  ---------------

Java Threads: ( => current thread )
  0x000000001a8a6800 JavaThread "J3D-InputDeviceScheduler-2" [_thread_blocked, id=7744, stack(0x000000001c880000,0x000000001c980000)]
  0x000000001a8a8000 JavaThread "J3D-SoundSchedulerUpdateThread-2" [_thread_blocked, id=8148, stack(0x000000001c780000,0x000000001c880000)]
  0x000000001a8a8800 JavaThread "J3D-RenderStructureUpdateThread-2" [_thread_blocked, id=7732, stack(0x000000001c680000,0x000000001c780000)]
  0x000000001a8a4000 JavaThread "J3D-BehaviorScheduler-2" [_thread_blocked, id=5516, stack(0x000000001c580000,0x000000001c680000)]
  0x000000001a8a9800 JavaThread "J3D-TransformStructureUpdateThread-2" [_thread_blocked, id=8888, stack(0x000000001c480000,0x000000001c580000)]
  0x000000001a8a5800 JavaThread "J3D-RenderingEnvironmentStructureUpdateThread-2" [_thread_blocked, id=2364, stack(0x000000001c380000,0x000000001c480000)]
  0x0000000016ee8000 JavaThread "J3D-SoundStructureUpdateThread-2" [_thread_blocked, id=5672, stack(0x000000001c280000,0x000000001c380000)]
  0x0000000016ee7800 JavaThread "J3D-GeometryStructureUpdateThread-2" [_thread_blocked, id=8080, stack(0x000000001c180000,0x000000001c280000)]
  0x0000000016ee6800 JavaThread "J3D-BehaviorStructureUpdateThread-2" [_thread_blocked, id=5412, stack(0x000000001c080000,0x000000001c180000)]
  0x0000000016ee9800 JavaThread "J3D-InputDeviceScheduler-1" [_thread_blocked, id=8760, stack(0x000000001bf80000,0x000000001c080000)]
  0x0000000016ee9000 JavaThread "J3D-SoundSchedulerUpdateThread-1" [_thread_blocked, id=1640, stack(0x000000001be80000,0x000000001bf80000)]
  0x0000000016ee5000 JavaThread "J3D-RenderStructureUpdateThread-1" [_thread_blocked, id=8492, stack(0x000000001bd80000,0x000000001be80000)]
  0x0000000016ee4800 JavaThread "J3D-BehaviorScheduler-1" [_thread_blocked, id=8752, stack(0x000000001bc80000,0x000000001bd80000)]
  0x0000000016eeb000 JavaThread "J3D-TransformStructureUpdateThread-1" [_thread_blocked, id=6512, stack(0x000000001bb80000,0x000000001bc80000)]
  0x0000000016eea800 JavaThread "J3D-RenderingEnvironmentStructureUpdateThread-1" [_thread_blocked, id=7872, stack(0x000000001ba80000,0x000000001bb80000)]
  0x0000000016ee6000 JavaThread "J3D-SoundStructureUpdateThread-1" [_thread_blocked, id=8608, stack(0x000000001b980000,0x000000001ba80000)]
  0x00000000177cf000 JavaThread "J3D-GeometryStructureUpdateThread-1" [_thread_blocked, id=6540, stack(0x000000001b880000,0x000000001b980000)]
  0x000000001a20e000 JavaThread "J3D-BehaviorStructureUpdateThread-1" [_thread_blocked, id=5720, stack(0x000000001b780000,0x000000001b880000)]
  0x0000000002000800 JavaThread "DestroyJavaVM" [_thread_blocked, id=6084, stack(0x0000000001e30000,0x0000000001f30000)]
=>0x0000000017d64000 JavaThread "AWT-EventQueue-0" [_thread_in_vm, id=1800, stack(0x000000001b680000,0x000000001b780000)]
  0x000000001a26c800 JavaThread "AWT-Shutdown" [_thread_blocked, id=8876, stack(0x000000001b580000,0x000000001b680000)]
  0x00000000179c0800 JavaThread "J3D-Renderer-1" [_thread_in_native, id=5632, stack(0x00000000187f0000,0x00000000188f0000)]
  0x0000000017ba1800 JavaThread "J3D-MasterControl-1" [_thread_blocked, id=7340, stack(0x00000000186f0000,0x00000000187f0000)]
  0x00000000179ce800 JavaThread "J3D-NotificationThread" [_thread_blocked, id=6280, stack(0x00000000185f0000,0x00000000186f0000)]
  0x0000000017923800 JavaThread "J3D-TimerThread" [_thread_blocked, id=5184, stack(0x00000000184f0000,0x00000000185f0000)]
  0x00000000178dc800 JavaThread "J3D-RenderingAttributesStructureUpdateThread" [_thread_blocked, id=5180, stack(0x00000000183e0000,0x00000000184e0000)]
  0x00000000178ab000 JavaThread "AWT-Windows" daemon [_thread_in_native, id=6272, stack(0x0000000018200000,0x0000000018300000)]
  0x00000000178a5800 JavaThread "Java2D Disposer" daemon [_thread_blocked, id=5416, stack(0x0000000018000000,0x0000000018100000)]
  0x0000000016bb5000 JavaThread "Service Thread" daemon [_thread_blocked, id=3272, stack(0x0000000017500000,0x0000000017600000)]
  0x0000000016b3b000 JavaThread "C1 CompilerThread3" daemon [_thread_blocked, id=6896, stack(0x0000000017400000,0x0000000017500000)]
  0x0000000016b29800 JavaThread "C2 CompilerThread2" daemon [_thread_blocked, id=3328, stack(0x0000000017300000,0x0000000017400000)]
  0x0000000016b27000 JavaThread "C2 CompilerThread1" daemon [_thread_blocked, id=3332, stack(0x0000000017200000,0x0000000017300000)]
  0x0000000016b34800 JavaThread "C2 CompilerThread0" daemon [_thread_blocked, id=2488, stack(0x0000000017100000,0x0000000017200000)]
  0x0000000016b30800 JavaThread "Attach Listener" daemon [_thread_blocked, id=7132, stack(0x0000000017000000,0x0000000017100000)]
  0x0000000016b2f800 JavaThread "Signal Dispatcher" daemon [_thread_blocked, id=2000, stack(0x0000000016f00000,0x0000000017000000)]
  0x00000000020f9800 JavaThread "Finalizer" daemon [_thread_blocked, id=8284, stack(0x0000000016a00000,0x0000000016b00000)]
  0x0000000014b1d000 JavaThread "Reference Handler" daemon [_thread_blocked, id=1984, stack(0x0000000016900000,0x0000000016a00000)]

Other Threads:
  0x0000000014b19800 VMThread [stack: 0x0000000016800000,0x0000000016900000] [id=1996]
  0x0000000016bc0800 WatcherThread [stack: 0x0000000017600000,0x0000000017700000] [id=7348]

VM state:not at safepoint (normal execution)

VM Mutex/Monitor currently owned by a thread: None

Heap:
 PSYoungGen      total 221184K, used 183238K [0x00000000eb400000, 0x0000000100000000, 0x0000000100000000)
  eden space 135168K, 72% used [0x00000000eb400000,0x00000000f1363c70,0x00000000f3800000)
  from space 86016K, 99% used [0x00000000f3800000,0x00000000f8b8dd88,0x00000000f8c00000)
  to   space 109056K, 0% used [0x00000000f9580000,0x00000000f9580000,0x0000000100000000)
 ParOldGen       total 384512K, used 257419K [0x00000000c1c00000, 0x00000000d9380000, 0x00000000eb400000)
  object space 384512K, 66% used [0x00000000c1c00000,0x00000000d1762d30,0x00000000d9380000)
 Metaspace       used 15934K, capacity 16170K, committed 16512K, reserved 1064960K
  class space    used 1721K, capacity 1807K, committed 1920K, reserved 1048576K

Card table byte_map: [0x00000000114c0000,0x00000000116c0000] byte_map_base: 0x0000000010eb2000

Marking Bits: (ParMarkBitMap*) 0x0000000063394040
 Begin Bits: [0x0000000012010000, 0x0000000012fa0000)
 End Bits:   [0x0000000012fa0000, 0x0000000013f30000)

Polling page: 0x0000000000400000

CodeCache: size=245760Kb used=6816Kb max_used=6923Kb free=238943Kb
 bounds [0x0000000002100000, 0x00000000027e0000, 0x0000000011100000]
 total_blobs=2291 nmethods=1654 adapters=550
 compilation: enabled

Compilation events (10 events):
Event: 18.419 Thread 0x0000000016b3b000 1939       3       java.awt.Component::getCursor_NoClientCode (30 bytes)
Event: 18.419 Thread 0x0000000016b3b000 nmethod 1939 0x0000000002313550 code [0x00000000023136e0, 0x0000000002313b48]
Event: 18.443 Thread 0x0000000016b3b000 1940       3       java.util.concurrent.locks.AbstractQueuedSynchronizer$ConditionObject::signalAll (33 bytes)
Event: 18.444 Thread 0x0000000016b3b000 nmethod 1940 0x000000000236a850 code [0x000000000236a9e0, 0x000000000236ad48]
Event: 18.444 Thread 0x0000000016b3b000 1941       3       java.util.concurrent.locks.ReentrantLock$Sync::isHeldExclusively (16 bytes)
Event: 18.444 Thread 0x0000000016b3b000 nmethod 1941 0x0000000002542d10 code [0x0000000002542e80, 0x00000000025430f0]
Event: 18.523 Thread 0x0000000016b29800 1942       4       javax.media.j3d.PointLightRetained::validateAttenuationInEc (40 bytes)
Event: 18.524 Thread 0x0000000016b29800 nmethod 1942 0x000000000275dcd0 code [0x000000000275de00, 0x000000000275deb8]
Event: 18.543 Thread 0x0000000016b34800 1943       4       javax.media.j3d.StructureUpdateThread::doWork (9 bytes)
Event: 18.544 Thread 0x0000000016b34800 nmethod 1943 0x0000000002761790 code [0x00000000027618c0, 0x0000000002761958]

GC Heap History (10 events):
Event: 7.286 GC heap before
{Heap before GC invocations=25 (full 6):
 PSYoungGen      total 160256K, used 92566K [0x00000000eb400000, 0x00000000fc300000, 0x0000000100000000)
  eden space 105472K, 87% used [0x00000000eb400000,0x00000000f0e65868,0x00000000f1b00000)
  from space 54784K, 0% used [0x00000000f6500000,0x00000000f6500000,0x00000000f9a80000)
  to   space 75776K, 0% used [0x00000000f1b00000,0x00000000f1b00000,0x00000000f6500000)
 ParOldGen       total 384512K, used 232827K [0x00000000c1c00000, 0x00000000d9380000, 0x00000000eb400000)
  object space 384512K, 60% used [0x00000000c1c00000,0x00000000cff5ed20,0x00000000d9380000)
 Metaspace       used 12241K, capacity 12446K, committed 12672K, reserved 1060864K
  class space    used 1287K, capacity 1376K, committed 1408K, reserved 1048576K
Event: 7.290 GC heap after
Heap after GC invocations=25 (full 6):
 PSYoungGen      total 181248K, used 16096K [0x00000000eb400000, 0x00000000fbb80000, 0x0000000100000000)
  eden space 105472K, 0% used [0x00000000eb400000,0x00000000eb400000,0x00000000f1b00000)
  from space 75776K, 21% used [0x00000000f1b00000,0x00000000f2ab8040,0x00000000f6500000)
  to   space 72704K, 0% used [0x00000000f7480000,0x00000000f7480000,0x00000000fbb80000)
 ParOldGen       total 384512K, used 232827K [0x00000000c1c00000, 0x00000000d9380000, 0x00000000eb400000)
  object space 384512K, 60% used [0x00000000c1c00000,0x00000000cff5ed20,0x00000000d9380000)
 Metaspace       used 12241K, capacity 12446K, committed 12672K, reserved 1060864K
  class space    used 1287K, capacity 1376K, committed 1408K, reserved 1048576K
}
Event: 7.501 GC heap before
{Heap before GC invocations=26 (full 6):
 PSYoungGen      total 181248K, used 104244K [0x00000000eb400000, 0x00000000fbb80000, 0x0000000100000000)
  eden space 105472K, 83% used [0x00000000eb400000,0x00000000f0a15228,0x00000000f1b00000)
  from space 75776K, 21% used [0x00000000f1b00000,0x00000000f2ab8040,0x00000000f6500000)
  to   space 72704K, 0% used [0x00000000f7480000,0x00000000f7480000,0x00000000fbb80000)
 ParOldGen       total 384512K, used 232827K [0x00000000c1c00000, 0x00000000d9380000, 0x00000000eb400000)
  object space 384512K, 60% used [0x00000000c1c00000,0x00000000cff5ed20,0x00000000d9380000)
 Metaspace       used 12244K, capacity 12446K, committed 12672K, reserved 1060864K
  class space    used 1287K, capacity 1376K, committed 1408K, reserved 1048576K
Event: 7.512 GC heap after
Heap after GC invocations=26 (full 6):
 PSYoungGen      total 194560K, used 45344K [0x00000000eb400000, 0x00000000fc100000, 0x0000000100000000)
  eden space 121856K, 0% used [0x00000000eb400000,0x00000000eb400000,0x00000000f2b00000)
  from space 72704K, 62% used [0x00000000f7480000,0x00000000fa0c8080,0x00000000fbb80000)
  to   space 75264K, 0% used [0x00000000f2b00000,0x00000000f2b00000,0x00000000f7480000)
 ParOldGen       total 384512K, used 232827K [0x00000000c1c00000, 0x00000000d9380000, 0x00000000eb400000)
  object space 384512K, 60% used [0x00000000c1c00000,0x00000000cff5ed20,0x00000000d9380000)
 Metaspace       used 12244K, capacity 12446K, committed 12672K, reserved 1060864K
  class space    used 1287K, capacity 1376K, committed 1408K, reserved 1048576K
}
Event: 7.970 GC heap before
{Heap before GC invocations=27 (full 6):
 PSYoungGen      total 194560K, used 167200K [0x00000000eb400000, 0x00000000fc100000, 0x0000000100000000)
  eden space 121856K, 100% used [0x00000000eb400000,0x00000000f2b00000,0x00000000f2b00000)
  from space 72704K, 62% used [0x00000000f7480000,0x00000000fa0c8080,0x00000000fbb80000)
  to   space 75264K, 0% used [0x00000000f2b00000,0x00000000f2b00000,0x00000000f7480000)
 ParOldGen       total 384512K, used 232827K [0x00000000c1c00000, 0x00000000d9380000, 0x00000000eb400000)
  object space 384512K, 60% used [0x00000000c1c00000,0x00000000cff5ed20,0x00000000d9380000)
 Metaspace       used 12254K, capacity 12446K, committed 12672K, reserved 1060864K
  class space    used 1287K, capacity 1376K, committed 1408K, reserved 1048576K
Event: 7.993 GC heap after
Heap after GC invocations=27 (full 6):
 PSYoungGen      total 197120K, used 71872K [0x00000000eb400000, 0x00000000feb80000, 0x0000000100000000)
  eden space 121856K, 0% used [0x00000000eb400000,0x00000000eb400000,0x00000000f2b00000)
  from space 75264K, 95% used [0x00000000f2b00000,0x00000000f71300e0,0x00000000f7480000)
  to   space 87040K, 0% used [0x00000000f9680000,0x00000000f9680000,0x00000000feb80000)
 ParOldGen       total 384512K, used 257411K [0x00000000c1c00000, 0x00000000d9380000, 0x00000000eb400000)
  object space 384512K, 66% used [0x00000000c1c00000,0x00000000d1760d30,0x00000000d9380000)
 Metaspace       used 12254K, capacity 12446K, committed 12672K, reserved 1060864K
  class space    used 1287K, capacity 1376K, committed 1408K, reserved 1048576K
}
Event: 8.708 GC heap before
{Heap before GC invocations=28 (full 6):
 PSYoungGen      total 197120K, used 190770K [0x00000000eb400000, 0x00000000feb80000, 0x0000000100000000)
  eden space 121856K, 97% used [0x00000000eb400000,0x00000000f281c730,0x00000000f2b00000)
  from space 75264K, 95% used [0x00000000f2b00000,0x00000000f71300e0,0x00000000f7480000)
  to   space 87040K, 0% used [0x00000000f9680000,0x00000000f9680000,0x00000000feb80000)
 ParOldGen       total 384512K, used 257411K [0x00000000c1c00000, 0x00000000d9380000, 0x00000000eb400000)
  object space 384512K, 66% used [0x00000000c1c00000,0x00000000d1760d30,0x00000000d9380000)
 Metaspace       used 12254K, capacity 12446K, committed 12672K, reserved 1060864K
  class space    used 1287K, capacity 1376K, committed 1408K, reserved 1048576K
Event: 8.730 GC heap after
Heap after GC invocations=28 (full 6):
 PSYoungGen      total 222208K, used 71872K [0x00000000eb400000, 0x00000000ffd80000, 0x0000000100000000)
  eden space 135168K, 0% used [0x00000000eb400000,0x00000000eb400000,0x00000000f3800000)
  from space 87040K, 82% used [0x00000000f9680000,0x00000000fdcb00e0,0x00000000feb80000)
  to   space 96768K, 0% used [0x00000000f3800000,0x00000000f3800000,0x00000000f9680000)
 ParOldGen       total 384512K, used 257411K [0x00000000c1c00000, 0x00000000d9380000, 0x00000000eb400000)
  object space 384512K, 66% used [0x00000000c1c00000,0x00000000d1760d30,0x00000000d9380000)
 Metaspace       used 12254K, capacity 12446K, committed 12672K, reserved 1060864K
  class space    used 1287K, capacity 1376K, committed 1408K, reserved 1048576K
}
Event: 8.947 GC heap before
{Heap before GC invocations=29 (full 6):
 PSYoungGen      total 222208K, used 207040K [0x00000000eb400000, 0x00000000ffd80000, 0x0000000100000000)
  eden space 135168K, 100% used [0x00000000eb400000,0x00000000f3800000,0x00000000f3800000)
  from space 87040K, 82% used [0x00000000f9680000,0x00000000fdcb00e0,0x00000000feb80000)
  to   space 96768K, 0% used [0x00000000f3800000,0x00000000f3800000,0x00000000f9680000)
 ParOldGen       total 384512K, used 257411K [0x00000000c1c00000, 0x00000000d9380000, 0x00000000eb400000)
  object space 384512K, 66% used [0x00000000c1c00000,0x00000000d1760d30,0x00000000d9380000)
 Metaspace       used 12265K, capacity 12510K, committed 12672K, reserved 1060864K
  class space    used 1287K, capacity 1376K, committed 1408K, reserved 1048576K
Event: 8.970 GC heap after
Heap after GC invocations=29 (full 6):
 PSYoungGen      total 221184K, used 85559K [0x00000000eb400000, 0x0000000100000000, 0x0000000100000000)
  eden space 135168K, 0% used [0x00000000eb400000,0x00000000eb400000,0x00000000f3800000)
  from space 86016K, 99% used [0x00000000f3800000,0x00000000f8b8dd88,0x00000000f8c00000)
  to   space 109056K, 0% used [0x00000000f9580000,0x00000000f9580000,0x0000000100000000)
 ParOldGen       total 384512K, used 257419K [0x00000000c1c00000, 0x00000000d9380000, 0x00000000eb400000)
  object space 384512K, 66% used [0x00000000c1c00000,0x00000000d1762d30,0x00000000d9380000)
 Metaspace       used 12265K, capacity 12510K, committed 12672K, reserved 1060864K
  class space    used 1287K, capacity 1376K, committed 1408K, reserved 1048576K
}

Deoptimization events (10 events):
Event: 15.132 Thread 0x000000001a20e000 Uncommon trap: reason=unstable_if action=reinterpret pc=0x000000000251a884 method=javax.media.j3d.Transform3D.getDistanceScale()D @ 125
Event: 15.132 Thread 0x0000000016ee6800 Uncommon trap: reason=unstable_if action=reinterpret pc=0x000000000251a884 method=javax.media.j3d.Transform3D.getDistanceScale()D @ 125
Event: 15.282 Thread 0x0000000016ee6800 Uncommon trap: reason=unstable_if action=reinterpret pc=0x000000000271b298 method=javax.media.j3d.J3dStructure.getMessages(J)[Ljavax/media/j3d/J3dMessage; @ 82
Event: 15.282 Thread 0x000000001a8a4000 Uncommon trap: reason=class_check action=maybe_recompile pc=0x000000000248a53c method=javax.media.j3d.WakeupCriteriaEnumerator.reset(Ljavax/media/j3d/WakeupCondition;I)V @ 11
Event: 15.283 Thread 0x000000001a8a4000 Uncommon trap: reason=unstable_if action=reinterpret pc=0x0000000002517144 method=javax.media.j3d.BehaviorRetained.handleLastWakeupOn(Ljavax/media/j3d/WakeupCondition;Ljavax/media/j3d/BehaviorStructure;)V @ 16
Event: 15.291 Thread 0x0000000017ba1800 Uncommon trap: reason=unstable_if action=reinterpret pc=0x000000000278e6a8 method=javax.media.j3d.WakeupIndexedList.toArray(Z)[Ljava/lang/Object; @ 8
Event: 15.311 Thread 0x000000001a8a4000 Uncommon trap: reason=class_check action=maybe_recompile pc=0x000000000248a53c method=javax.media.j3d.WakeupCriteriaEnumerator.reset(Ljavax/media/j3d/WakeupCondition;I)V @ 11
Event: 15.349 Thread 0x000000001a8a4000 Uncommon trap: reason=class_check action=maybe_recompile pc=0x000000000248a53c method=javax.media.j3d.WakeupCriteriaEnumerator.reset(Ljavax/media/j3d/WakeupCondition;I)V @ 11
Event: 15.786 Thread 0x000000001a8a4000 Uncommon trap: reason=class_check action=maybe_recompile pc=0x000000000248a53c method=javax.media.j3d.WakeupCriteriaEnumerator.reset(Ljavax/media/j3d/WakeupCondition;I)V @ 11
Event: 18.768 Thread 0x0000000017d64000 Uncommon trap: reason=class_check action=maybe_recompile pc=0x00000000025774f8 method=javax.media.j3d.NativePipeline.unbox(Ljavax/media/j3d/Context;)J @ 7

Internal exceptions (10 events):
Event: 0.522 Thread 0x0000000002000800 Exception <a 'java/io/FileNotFoundException'> (0x00000000eb846390) thrown at [C:\re\workspace\8-2-build-windows-amd64-cygwin\jdk8u45\3627\hotspot\src\share\vm\prims\jni.cpp, line 709]
Event: 0.889 Thread 0x0000000002000800 Exception <a 'java/lang/NoSuchFieldError': method resolution failed> (0x00000000eba57e48) thrown at [C:\re\workspace\8-2-build-windows-amd64-cygwin\jdk8u45\3627\hotspot\src\share\vm\prims\methodHandles.cpp, line 1125]
Event: 0.895 Thread 0x0000000002000800 Exception <a 'java/lang/NoSuchFieldError': method resolution failed> (0x00000000eba66858) thrown at [C:\re\workspace\8-2-build-windows-amd64-cygwin\jdk8u45\3627\hotspot\src\share\vm\prims\methodHandles.cpp, line 1125]
Event: 1.047 Thread 0x0000000002000800 Exception <a 'java/io/FileNotFoundException'> (0x00000000ebda6ed8) thrown at [C:\re\workspace\8-2-build-windows-amd64-cygwin\jdk8u45\3627\hotspot\src\share\vm\prims\jni.cpp, line 709]
Event: 2.339 Thread 0x0000000002000800 Implicit null exception at 0x00000000023ab002 to 0x00000000023ab3ad
Event: 3.841 Thread 0x0000000002000800 Implicit null exception at 0x00000000023abe5c to 0x00000000023ac1fd
Event: 9.164 Thread 0x0000000002000800 Implicit null exception at 0x000000000243e756 to 0x000000000243ea8d
Event: 9.164 Thread 0x0000000002000800 Implicit null exception at 0x0000000002351159 to 0x00000000023514b5
Event: 9.167 Thread 0x0000000002000800 Implicit null exception at 0x00000000025e6215 to 0x00000000025e6411
Event: 9.167 Thread 0x0000000002000800 Implicit null exception at 0x0000000002222418 to 0x00000000022224a6

Events (10 events):
Event: 17.170 Thread 0x0000000016b3b000 flushing nmethod 0x00000000023cc6d0
Event: 17.669 Thread 0x0000000016b34800 flushing nmethod 0x0000000002430210
Event: 17.669 Thread 0x0000000016b34800 flushing nmethod 0x0000000002443350
Event: 18.215 Thread 0x0000000016b3b000 flushing nmethod 0x00000000024f0e10
Event: 18.357 Thread 0x0000000016ee6800 DEOPT PACKING pc=0x000000000222781b sp=0x000000001c17eec0
Event: 18.358 Thread 0x0000000016ee6800 DEOPT UNPACKING pc=0x000000000214787f sp=0x000000001c17ebe0 mode 0
Event: 18.419 Thread 0x0000000016b3b000 flushing nmethod 0x0000000002542910
Event: 18.768 Thread 0x0000000017d64000 Uncommon trap: trap_request=0xffffffde fr.pc=0x00000000025774f8
Event: 18.768 Thread 0x0000000017d64000 DEOPT PACKING pc=0x00000000025774f8 sp=0x000000001b77b7e0
Event: 18.768 Thread 0x0000000017d64000 DEOPT UNPACKING pc=0x000000000214582a sp=0x000000001b77b788 mode 2


Dynamic libraries:
0x00007ff62ab20000 - 0x00007ff62ab57000 	C:\Program Files\Java\jdk1.8.0_45\bin\java.exe
0x00007ff93f6a0000 - 0x00007ff93f861000 	C:\WINDOWS\SYSTEM32\ntdll.dll
0x00007ff93d220000 - 0x00007ff93d2cd000 	C:\WINDOWS\system32\KERNEL32.DLL
0x00007ff93be40000 - 0x00007ff93c028000 	C:\WINDOWS\system32\KERNELBASE.dll
0x00007ff93cf30000 - 0x00007ff93cfd7000 	C:\WINDOWS\system32\ADVAPI32.dll
0x00007ff93f600000 - 0x00007ff93f69d000 	C:\WINDOWS\system32\msvcrt.dll
0x00007ff93d810000 - 0x00007ff93d86b000 	C:\WINDOWS\system32\sechost.dll
0x00007ff93f3d0000 - 0x00007ff93f4ec000 	C:\WINDOWS\system32\RPCRT4.dll
0x00007ff93f1e0000 - 0x00007ff93f336000 	C:\WINDOWS\system32\USER32.dll
0x00007ff93caa0000 - 0x00007ff93cc26000 	C:\WINDOWS\system32\GDI32.dll
0x00007ff9375a0000 - 0x00007ff937814000 	C:\WINDOWS\WinSxS\amd64_microsoft.windows.common-controls_6595b64144ccf1df_6.0.10586.0_none_8c15ae12515e1c22\COMCTL32.dll
0x00007ff93d9f0000 - 0x00007ff93dc6d000 	C:\WINDOWS\system32\combase.dll
0x00007ff93c970000 - 0x00007ff93c9da000 	C:\WINDOWS\system32\bcryptPrimitives.dll
0x00007ff93d3a0000 - 0x00007ff93d3db000 	C:\WINDOWS\system32\IMM32.DLL
0x00007ff93bbb0000 - 0x00007ff93bbe1000 	C:\Windows\system32\nvinitx.dll
0x00007ff93bba0000 - 0x00007ff93bbaa000 	C:\WINDOWS\SYSTEM32\VERSION.dll
0x0000000062ab0000 - 0x0000000062b82000 	C:\Program Files\Java\jdk1.8.0_45\jre\bin\msvcr100.dll
0x0000000062b90000 - 0x0000000063413000 	C:\Program Files\Java\jdk1.8.0_45\jre\bin\server\jvm.dll
0x00007ff93f340000 - 0x00007ff93f348000 	C:\WINDOWS\system32\PSAPI.DLL
0x00007ff9300a0000 - 0x00007ff9300a9000 	C:\WINDOWS\SYSTEM32\WSOCK32.dll
0x00007ff93d980000 - 0x00007ff93d9eb000 	C:\WINDOWS\system32\WS2_32.dll
0x00007ff937d00000 - 0x00007ff937d23000 	C:\WINDOWS\SYSTEM32\WINMM.dll
0x00007ff937990000 - 0x00007ff9379bc000 	C:\WINDOWS\SYSTEM32\WINMMBASE.dll
0x00007ff93c680000 - 0x00007ff93c6c3000 	C:\WINDOWS\system32\cfgmgr32.dll
0x0000000062a60000 - 0x0000000062a6f000 	C:\Program Files\Java\jdk1.8.0_45\jre\bin\verify.dll
0x0000000062a30000 - 0x0000000062a59000 	C:\Program Files\Java\jdk1.8.0_45\jre\bin\java.dll
0x0000000062a10000 - 0x0000000062a26000 	C:\Program Files\Java\jdk1.8.0_45\jre\bin\zip.dll
0x00007ff93dc70000 - 0x00007ff93f1cc000 	C:\WINDOWS\system32\SHELL32.dll
0x00007ff93c030000 - 0x00007ff93c675000 	C:\WINDOWS\system32\windows.storage.dll
0x00007ff93d870000 - 0x00007ff93d8c2000 	C:\WINDOWS\system32\shlwapi.dll
0x00007ff93bd40000 - 0x00007ff93bd4f000 	C:\WINDOWS\system32\kernel.appcore.dll
0x00007ff93c9e0000 - 0x00007ff93ca95000 	C:\WINDOWS\system32\shcore.dll
0x00007ff93bce0000 - 0x00007ff93bd2b000 	C:\WINDOWS\system32\powrprof.dll
0x00007ff93bcc0000 - 0x00007ff93bcd4000 	C:\WINDOWS\system32\profapi.dll
0x0000000062830000 - 0x00000000629c8000 	C:\Program Files\Java\jdk1.8.0_45\jre\bin\awt.dll
0x00007ff93d2d0000 - 0x00007ff93d391000 	C:\WINDOWS\system32\OLEAUT32.dll
0x00007ff93a460000 - 0x00007ff93a4d9000 	C:\WINDOWS\system32\apphelp.dll
0x00007ff93a5f0000 - 0x00007ff93a686000 	C:\WINDOWS\system32\uxtheme.dll
0x00007ff93d0b0000 - 0x00007ff93d20a000 	C:\WINDOWS\system32\MSCTF.dll
0x00007ff937570000 - 0x00007ff937592000 	C:\WINDOWS\system32\dwmapi.dll
0x00007ff93cc30000 - 0x00007ff93cd73000 	C:\WINDOWS\system32\ole32.dll
0x0000000062740000 - 0x0000000062747000 	C:\Program Files\Java\jdk1.8.0_45\jre\bin\jawt.dll
0x0000000018300000 - 0x000000001833e000 	C:\Program Files\Java\jdk1.8.0_45\jre\bin\j3dcore-ogl.dll
0x00007ff925610000 - 0x00007ff925739000 	C:\WINDOWS\SYSTEM32\OPENGL32.dll
0x00007ff925990000 - 0x00007ff9259be000 	C:\WINDOWS\SYSTEM32\GLU32.dll
0x00007ff925510000 - 0x00007ff92560a000 	C:\WINDOWS\SYSTEM32\DDRAW.dll
0x00007ff925980000 - 0x00007ff925988000 	C:\WINDOWS\SYSTEM32\DCIMAN32.dll
0x00007ff918600000 - 0x00007ff918e33000 	C:\WINDOWS\SYSTEM32\ig7icd64.dll
0x00007ff9347d0000 - 0x00007ff934c2f000 	C:\WINDOWS\SYSTEM32\igdusc64.dll
0x00007ff939aa0000 - 0x00007ff939ab3000 	C:\WINDOWS\SYSTEM32\WTSAPI32.dll
0x0000000062700000 - 0x0000000062731000 	C:\Program Files\Java\jdk1.8.0_45\jre\bin\jpeg.dll
0x00000000627e0000 - 0x0000000062827000 	C:\Program Files\Java\jdk1.8.0_45\jre\bin\fontmanager.dll
0x00000000629f0000 - 0x0000000062a0a000 	C:\Program Files\Java\jdk1.8.0_45\jre\bin\net.dll
0x00007ff93b540000 - 0x00007ff93b59c000 	C:\WINDOWS\system32\mswsock.dll
0x00000000629d0000 - 0x00000000629e1000 	C:\Program Files\Java\jdk1.8.0_45\jre\bin\nio.dll
0x0000000062790000 - 0x00000000627d1000 	C:\Program Files\Java\jdk1.8.0_45\jre\bin\t2k.dll
0x00007ff922240000 - 0x00007ff9223cc000 	C:\WINDOWS\SYSTEM32\dbghelp.dll

VM Arguments:
jvm_args: -Dfile.encoding=UTF-8 
java_command: practica1.Practica1
java_class_path (initial): C:\Users\Jose\Desktop\Practica1\build\classes
Launcher Type: SUN_STANDARD

Environment Variables:
PATH=C:\ProgramData\Oracle\Java\javapath;C:\WINDOWS\system32;C:\WINDOWS;C:\WINDOWS\System32\Wbem;C:\WINDOWS\System32\WindowsPowerShell\v1.0\;C:\MinGW\bin;C:\Program Files (x86)\NVIDIA Corporation\PhysX\Common;C:\WINDOWS\system32;C:\WINDOWS;C:\WINDOWS\System32\Wbem;C:\WINDOWS\System32\WindowsPowerShell\v1.0\;C:\Program Files (x86)\Skype\Phone\;C:\WINDOWS\system32\config\systemprofile\.dnx\bin;C:\Program Files\Microsoft DNX\Dnvm\;C:\Program Files\Java\jdk1.8.0_45\bin
USERNAME=Jose
OS=Windows_NT
PROCESSOR_IDENTIFIER=Intel64 Family 6 Model 58 Stepping 9, GenuineIntel



---------------  S Y S T E M  ---------------

OS: Windows 10.0 , 64 bit Build 10586 (10.0.10586.0)

CPU:total 8 (4 cores per cpu, 2 threads per core) family 6 model 58 stepping 9, cmov, cx8, fxsr, mmx, sse, sse2, sse3, ssse3, sse4.1, sse4.2, popcnt, avx, aes, clmul, erms, ht, tsc, tscinvbit, tscinv

Memory: 4k page, physical 4077068k(753400k free), swap 10630668k(4768776k free)

vm_info: Java HotSpot(TM) 64-Bit Server VM (25.45-b02) for windows-amd64 JRE (1.8.0_45-b15), built on Apr 30 2015 12:40:44 by "java_re" with MS VC++ 10.0 (VS2010)

time: Fri Apr 22 21:55:50 2016
elapsed time: 18 seconds (0d 0h 0m 18s)

