#
# A fatal error has been detected by the Java Runtime Environment:
#
#  EXCEPTION_ACCESS_VIOLATION (0xc0000005) at pc=0x00000000028fa5ae, pid=4632, tid=7672
#
# JRE version: Java(TM) SE Runtime Environment (8.0_45-b15) (build 1.8.0_45-b15)
# Java VM: Java HotSpot(TM) 64-Bit Server VM (25.45-b02 mixed mode windows-amd64 compressed oops)
# Problematic frame:
# J 1297 C1 sun.awt.SunToolkit.getAppContext(Ljava/lang/Object;)Lsun/awt/AppContext; (42 bytes) @ 0x00000000028fa5ae [0x00000000028fa540+0x6e]
#
# Failed to write core dump. Minidumps are not enabled by default on client versions of Windows
#
# If you would like to submit a bug report, please visit:
#   http://bugreport.java.com/bugreport/crash.jsp
#

---------------  T H R E A D  ---------------

Current thread (0x000000001a7ea000):  JavaThread "AWT-EventQueue-0" [_thread_in_Java, id=7672, stack(0x000000001b960000,0x000000001ba60000)]

siginfo: ExceptionCode=0xc0000005, reading address 0x0000000000004008

Registers:
RAX=0x000000001497a7f0, RBX=0x0000000100070240, RCX=0x0000000019b7c6d0, RDX=0x0000000000004000
RSP=0x000000001ba59170, RBP=0x000000001ba59288, RSI=0x00000000000013e0, RDI=0x0000000000000108
R8 =0x000000001497a740, R9 =0x00000000f4efea20, R10=0x000000007160bba0, R11=0x00000000028fb2e0
R12=0x0000000000000000, R13=0x000000001ba59240, R14=0x000000001ba59298, R15=0x000000001a7ea000
RIP=0x00000000028fa5ae, EFLAGS=0x0000000000010206

Top of Stack: (sp=0x000000001ba59170)
0x000000001ba59170:   0000000000000000 00000000f4efea20
0x000000001ba59180:   00000000c3479f20 00000000025a1af1
0x000000001ba59190:   000000001ba59388 0000000000000019
0x000000001ba591a0:   0000000000004000 0000000000000000
0x000000001ba591b0:   000000001ba59288 00000000028fb37c
0x000000001ba591c0:   0000000019b75ea8 0000000019b59be8
0x000000001ba591d0:   0000000019b7d330 0000000019bde6d0
0x000000001ba591e0:   00000000c3479ee8 0000000019b59be8
0x000000001ba591f0:   0000000000004000 00000000f4efea20
0x000000001ba59200:   00000000c3479f20 00000000f4efea20
0x000000001ba59210:   000000001ba592e0 00000000028a9cbc
0x000000001ba59220:   000000001ba59288 0000000002407a70
0x000000001ba59230:   000000001ba59388 0000000002407a70
0x000000001ba59240:   0000000000004000 000000001ba59248
0x000000001ba59250:   0000000014bab5cd 000000001ba59298
0x000000001ba59260:   0000000019b7c6d0 000000001fe57100 

Instructions: (pc=0x00000000028fa5ae)
0x00000000028fa58e:   10 b8 19 00 00 00 00 81 8f 00 01 00 00 00 01 00
0x00000000028fa59e:   00 e9 c1 00 00 00 48 bb 40 02 07 00 01 00 00 00
0x00000000028fa5ae:   8b 7a 08 48 c1 e7 03 48 3b 5f 30 0f 85 8a 00 00
0x00000000028fa5be:   00 48 bf 28 10 b8 19 00 00 00 00 8b 5a 08 48 c1 


Register to memory mapping:

RAX={method} {0x000000001497a7f8} 'targetToAppContext' '(Ljava/lang/Object;)Lsun/awt/AppContext;' in 'sun/awt/SunToolkit'
RBX=0x0000000100070240 is pointing into metadata
RCX=0x0000000019b7c6d0 is pointing into metadata
RDX=0x0000000000004000 is an unknown value
RSP=0x000000001ba59170 is pointing into the stack for thread: 0x000000001a7ea000
RBP=0x000000001ba59288 is pointing into the stack for thread: 0x000000001a7ea000
RSI=0x00000000000013e0 is an unknown value
RDI=0x0000000000000108 is an unknown value
R8 ={method} {0x000000001497a748} 'getAppContext' '(Ljava/lang/Object;)Lsun/awt/AppContext;' in 'sun/awt/SunToolkit'
R9 =0x00000000f4efea20 is an oop
java.lang.Class 
 - klass: 'java/lang/Class'
R10=0x000000007160bba0 is an unknown value
R11=0x00000000028fb2e0 is at entry_point+0 in (nmethod*)0x00000000028fb150
R12=0x0000000000000000 is an unknown value
R13=0x000000001ba59240 is pointing into the stack for thread: 0x000000001a7ea000
R14=0x000000001ba59298 is pointing into the stack for thread: 0x000000001a7ea000
R15=0x000000001a7ea000 is a thread


Stack: [0x000000001b960000,0x000000001ba60000],  sp=0x000000001ba59170,  free space=996k
Native frames: (J=compiled Java code, j=interpreted, Vv=VM code, C=native code)
C  0x00000000028fa5ae


---------------  P R O C E S S  ---------------

Java Threads: ( => current thread )
  0x0000000017d6c800 JavaThread "J3D-InputDeviceScheduler-2" [_thread_blocked, id=9976, stack(0x000000001c560000,0x000000001c660000)]
  0x000000001aac2000 JavaThread "J3D-SoundSchedulerUpdateThread-2" [_thread_blocked, id=6596, stack(0x000000001c460000,0x000000001c560000)]
  0x000000001aac5000 JavaThread "J3D-RenderStructureUpdateThread-2" [_thread_blocked, id=3128, stack(0x000000001c360000,0x000000001c460000)]
  0x000000001aac4000 JavaThread "J3D-InputDeviceScheduler-1" [_thread_blocked, id=9240, stack(0x000000001c260000,0x000000001c360000)]
  0x000000001aac1000 JavaThread "J3D-SoundSchedulerUpdateThread-1" [_thread_blocked, id=3812, stack(0x000000001c160000,0x000000001c260000)]
  0x000000001aac3800 JavaThread "J3D-RenderStructureUpdateThread-1" [_thread_blocked, id=1740, stack(0x000000001c060000,0x000000001c160000)]
  0x000000001aac0800 JavaThread "J3D-BehaviorScheduler-1" [_thread_blocked, id=9496, stack(0x000000001bf60000,0x000000001c060000)]
  0x000000001aac7000 JavaThread "J3D-TransformStructureUpdateThread-1" [_thread_blocked, id=5912, stack(0x000000001be60000,0x000000001bf60000)]
  0x000000001aac5800 JavaThread "J3D-RenderingEnvironmentStructureUpdateThread-1" [_thread_blocked, id=9580, stack(0x000000001bd60000,0x000000001be60000)]
  0x000000001aac6800 JavaThread "J3D-SoundStructureUpdateThread-1" [_thread_blocked, id=9072, stack(0x000000001bc60000,0x000000001bd60000)]
  0x000000001aac2800 JavaThread "J3D-GeometryStructureUpdateThread-1" [_thread_blocked, id=3412, stack(0x000000001bb60000,0x000000001bc60000)]
  0x0000000017e1a000 JavaThread "J3D-BehaviorStructureUpdateThread-1" [_thread_blocked, id=1584, stack(0x000000001ba60000,0x000000001bb60000)]
  0x0000000002230800 JavaThread "DestroyJavaVM" [_thread_blocked, id=8724, stack(0x00000000020a0000,0x00000000021a0000)]
=>0x000000001a7ea000 JavaThread "AWT-EventQueue-0" [_thread_in_Java, id=7672, stack(0x000000001b960000,0x000000001ba60000)]
  0x000000001a7e9000 JavaThread "AWT-Shutdown" [_thread_blocked, id=9108, stack(0x000000001b860000,0x000000001b960000)]
  0x0000000017c4c800 JavaThread "J3D-Renderer-1" [_thread_in_native, id=6616, stack(0x0000000018b10000,0x0000000018c10000)]
  0x0000000017b84000 JavaThread "J3D-MasterControl-1" [_thread_blocked, id=7952, stack(0x0000000018a10000,0x0000000018b10000)]
  0x0000000017bf1800 JavaThread "J3D-NotificationThread" [_thread_blocked, id=10064, stack(0x0000000018910000,0x0000000018a10000)]
  0x0000000017b7c000 JavaThread "J3D-TimerThread" [_thread_blocked, id=7844, stack(0x0000000018810000,0x0000000018910000)]
  0x0000000017b7e800 JavaThread "J3D-RenderingAttributesStructureUpdateThread" [_thread_blocked, id=8060, stack(0x00000000186a0000,0x00000000187a0000)]
  0x0000000017a39000 JavaThread "AWT-Windows" daemon [_thread_in_native, id=2792, stack(0x00000000184e0000,0x00000000185e0000)]
  0x0000000017a35800 JavaThread "Java2D Disposer" daemon [_thread_blocked, id=5320, stack(0x00000000182e0000,0x00000000183e0000)]
  0x0000000016e31000 JavaThread "Service Thread" daemon [_thread_blocked, id=5372, stack(0x00000000177e0000,0x00000000178e0000)]
  0x0000000016e13000 JavaThread "C1 CompilerThread3" daemon [_thread_blocked, id=9840, stack(0x00000000176e0000,0x00000000177e0000)]
  0x0000000016e10000 JavaThread "C2 CompilerThread2" daemon [_thread_blocked, id=1452, stack(0x00000000175e0000,0x00000000176e0000)]
  0x0000000016e0d800 JavaThread "C2 CompilerThread1" daemon [_thread_blocked, id=6588, stack(0x00000000174e0000,0x00000000175e0000)]
  0x0000000016e08800 JavaThread "C2 CompilerThread0" daemon [_thread_blocked, id=9808, stack(0x00000000173e0000,0x00000000174e0000)]
  0x0000000016e04000 JavaThread "Attach Listener" daemon [_thread_blocked, id=9560, stack(0x00000000172e0000,0x00000000173e0000)]
  0x0000000016e03800 JavaThread "Signal Dispatcher" daemon [_thread_blocked, id=9236, stack(0x00000000171e0000,0x00000000172e0000)]
  0x0000000002328800 JavaThread "Finalizer" daemon [_thread_blocked, id=7268, stack(0x0000000016ce0000,0x0000000016de0000)]
  0x0000000014e1d000 JavaThread "Reference Handler" daemon [_thread_blocked, id=160, stack(0x0000000016be0000,0x0000000016ce0000)]

Other Threads:
  0x0000000014e19000 VMThread [stack: 0x0000000016ae0000,0x0000000016be0000] [id=5008]
  0x0000000016e32000 WatcherThread [stack: 0x00000000178e0000,0x00000000179e0000] [id=9264]

VM state:not at safepoint (normal execution)

VM Mutex/Monitor currently owned by a thread: None

Heap:
 PSYoungGen      total 148480K, used 97197K [0x00000000eb400000, 0x00000000f8580000, 0x0000000100000000)
  eden space 102912K, 52% used [0x00000000eb400000,0x00000000ee91dc00,0x00000000f1880000)
  from space 45568K, 93% used [0x00000000f4c00000,0x00000000f75cd850,0x00000000f7880000)
  to   space 52736K, 0% used [0x00000000f1880000,0x00000000f1880000,0x00000000f4c00000)
 ParOldGen       total 270336K, used 153954K [0x00000000c1c00000, 0x00000000d2400000, 0x00000000eb400000)
  object space 270336K, 56% used [0x00000000c1c00000,0x00000000cb258878,0x00000000d2400000)
 Metaspace       used 16542K, capacity 16758K, committed 17024K, reserved 1064960K
  class space    used 1793K, capacity 1873K, committed 1920K, reserved 1048576K

Card table byte_map: [0x00000000117c0000,0x00000000119c0000] byte_map_base: 0x00000000111b2000

Marking Bits: (ParMarkBitMap*) 0x0000000071624040
 Begin Bits: [0x0000000012310000, 0x00000000132a0000)
 End Bits:   [0x00000000132a0000, 0x0000000014230000)

Polling page: 0x00000000021a0000

CodeCache: size=245760Kb used=8258Kb max_used=8263Kb free=237501Kb
 bounds [0x0000000002400000, 0x0000000002c30000, 0x0000000011400000]
 total_blobs=2474 nmethods=1834 adapters=553
 compilation: enabled

Compilation events (10 events):
Event: 18.581 Thread 0x0000000016e13000 nmethod 2092 0x00000000027d12d0 code [0x00000000027d1440, 0x00000000027d15c8]
Event: 18.583 Thread 0x0000000016e08800 nmethod 2090 0x0000000002bf9350 code [0x0000000002bf9540, 0x0000000002bfb628]
Event: 18.611 Thread 0x0000000016e10000 2093   !   4       javax.media.j3d.CanvasViewCache::doComputeDerivedData (415 bytes)
Event: 18.629 Thread 0x0000000016e10000 nmethod 2093 0x00000000027b31d0 code [0x00000000027b34c0, 0x00000000027b43a0]
Event: 18.645 Thread 0x0000000016e13000 2094   !   3       java.awt.KeyboardFocusManager::processCurrentLightweightRequests (345 bytes)
Event: 18.647 Thread 0x0000000016e13000 nmethod 2094 0x0000000002bfcbd0 code [0x0000000002bfd000, 0x0000000002bff878]
Event: 18.647 Thread 0x0000000016e13000 2095   !   3       java.awt.DefaultKeyboardFocusManager::dispatchEvent (1589 bytes)
Event: 18.668 Thread 0x0000000016e13000 nmethod 2095 0x0000000002c01250 code [0x0000000002c029c0, 0x0000000002c16608]
Event: 18.995 Thread 0x0000000016e0d800 2096       4       javax.media.j3d.RenderBin::computeViewFrustumBBox (406 bytes)
Event: 19.000 Thread 0x0000000016e0d800 nmethod 2096 0x00000000027cf790 code [0x00000000027cf920, 0x00000000027cfd88]

GC Heap History (10 events):
Event: 2.860 GC heap before
{Heap before GC invocations=17 (full 5):
 PSYoungGen      total 76800K, used 55296K [0x00000000eb400000, 0x00000000f2b00000, 0x0000000100000000)
  eden space 55296K, 100% used [0x00000000eb400000,0x00000000eea00000,0x00000000eea00000)
  from space 21504K, 0% used [0x00000000eea00000,0x00000000eea00000,0x00000000eff00000)
  to   space 24576K, 0% used [0x00000000f1300000,0x00000000f1300000,0x00000000f2b00000)
 ParOldGen       total 270336K, used 135010K [0x00000000c1c00000, 0x00000000d2400000, 0x00000000eb400000)
  object space 270336K, 49% used [0x00000000c1c00000,0x00000000c9fd8848,0x00000000d2400000)
 Metaspace       used 10958K, capacity 11230K, committed 11264K, reserved 1058816K
  class space    used 1130K, capacity 1248K, committed 1280K, reserved 1048576K
Event: 2.868 GC heap after
Heap after GC invocations=17 (full 5):
 PSYoungGen      total 94208K, used 20608K [0x00000000eb400000, 0x00000000f3000000, 0x0000000100000000)
  eden space 69632K, 0% used [0x00000000eb400000,0x00000000eb400000,0x00000000ef800000)
  from space 24576K, 83% used [0x00000000f1300000,0x00000000f2720050,0x00000000f2b00000)
  to   space 27648K, 0% used [0x00000000ef800000,0x00000000ef800000,0x00000000f1300000)
 ParOldGen       total 270336K, used 141154K [0x00000000c1c00000, 0x00000000d2400000, 0x00000000eb400000)
  object space 270336K, 52% used [0x00000000c1c00000,0x00000000ca5d8858,0x00000000d2400000)
 Metaspace       used 10958K, capacity 11230K, committed 11264K, reserved 1058816K
  class space    used 1130K, capacity 1248K, committed 1280K, reserved 1048576K
}
Event: 3.233 GC heap before
{Heap before GC invocations=18 (full 5):
 PSYoungGen      total 94208K, used 90240K [0x00000000eb400000, 0x00000000f3000000, 0x0000000100000000)
  eden space 69632K, 100% used [0x00000000eb400000,0x00000000ef800000,0x00000000ef800000)
  from space 24576K, 83% used [0x00000000f1300000,0x00000000f2720050,0x00000000f2b00000)
  to   space 27648K, 0% used [0x00000000ef800000,0x00000000ef800000,0x00000000f1300000)
 ParOldGen       total 270336K, used 141154K [0x00000000c1c00000, 0x00000000d2400000, 0x00000000eb400000)
  object space 270336K, 52% used [0x00000000c1c00000,0x00000000ca5d8858,0x00000000d2400000)
 Metaspace       used 10959K, capacity 11230K, committed 11264K, reserved 1058816K
  class space    used 1130K, capacity 1248K, committed 1280K, reserved 1048576K
Event: 3.241 GC heap after
Heap after GC invocations=18 (full 5):
 PSYoungGen      total 97280K, used 26784K [0x00000000eb400000, 0x00000000f4a00000, 0x0000000100000000)
  eden space 69632K, 0% used [0x00000000eb400000,0x00000000eb400000,0x00000000ef800000)
  from space 27648K, 96% used [0x00000000ef800000,0x00000000f1228060,0x00000000f1300000)
  to   space 32256K, 0% used [0x00000000f2a80000,0x00000000f2a80000,0x00000000f4a00000)
 ParOldGen       total 270336K, used 147298K [0x00000000c1c00000, 0x00000000d2400000, 0x00000000eb400000)
  object space 270336K, 54% used [0x00000000c1c00000,0x00000000cabd8868,0x00000000d2400000)
 Metaspace       used 10959K, capacity 11230K, committed 11264K, reserved 1058816K
  class space    used 1130K, capacity 1248K, committed 1280K, reserved 1048576K
}
Event: 3.529 GC heap before
{Heap before GC invocations=19 (full 5):
 PSYoungGen      total 97280K, used 96416K [0x00000000eb400000, 0x00000000f4a00000, 0x0000000100000000)
  eden space 69632K, 100% used [0x00000000eb400000,0x00000000ef800000,0x00000000ef800000)
  from space 27648K, 96% used [0x00000000ef800000,0x00000000f1228060,0x00000000f1300000)
  to   space 32256K, 0% used [0x00000000f2a80000,0x00000000f2a80000,0x00000000f4a00000)
 ParOldGen       total 270336K, used 147298K [0x00000000c1c00000, 0x00000000d2400000, 0x00000000eb400000)
  object space 270336K, 54% used [0x00000000c1c00000,0x00000000cabd8868,0x00000000d2400000)
 Metaspace       used 11110K, capacity 11358K, committed 11520K, reserved 1058816K
  class space    used 1143K, capacity 1248K, committed 1280K, reserved 1048576K
Event: 3.538 GC heap after
Heap after GC invocations=19 (full 5):
 PSYoungGen      total 117248K, used 27258K [0x00000000eb400000, 0x00000000f5100000, 0x0000000100000000)
  eden space 84992K, 0% used [0x00000000eb400000,0x00000000eb400000,0x00000000f0700000)
  from space 32256K, 84% used [0x00000000f2a80000,0x00000000f451eaf8,0x00000000f4a00000)
  to   space 36352K, 0% used [0x00000000f0700000,0x00000000f0700000,0x00000000f2a80000)
 ParOldGen       total 270336K, used 147306K [0x00000000c1c00000, 0x00000000d2400000, 0x00000000eb400000)
  object space 270336K, 54% used [0x00000000c1c00000,0x00000000cabda868,0x00000000d2400000)
 Metaspace       used 11110K, capacity 11358K, committed 11520K, reserved 1058816K
  class space    used 1143K, capacity 1248K, committed 1280K, reserved 1048576K
}
Event: 3.732 GC heap before
{Heap before GC invocations=20 (full 5):
 PSYoungGen      total 117248K, used 112250K [0x00000000eb400000, 0x00000000f5100000, 0x0000000100000000)
  eden space 84992K, 100% used [0x00000000eb400000,0x00000000f0700000,0x00000000f0700000)
  from space 32256K, 84% used [0x00000000f2a80000,0x00000000f451eaf8,0x00000000f4a00000)
  to   space 36352K, 0% used [0x00000000f0700000,0x00000000f0700000,0x00000000f2a80000)
 ParOldGen       total 270336K, used 147306K [0x00000000c1c00000, 0x00000000d2400000, 0x00000000eb400000)
  object space 270336K, 54% used [0x00000000c1c00000,0x00000000cabda868,0x00000000d2400000)
 Metaspace       used 11150K, capacity 11422K, committed 11520K, reserved 1058816K
  class space    used 1143K, capacity 1248K, committed 1280K, reserved 1048576K
Event: 3.747 GC heap after
Heap after GC invocations=20 (full 5):
 PSYoungGen      total 121344K, used 36334K [0x00000000eb400000, 0x00000000f7880000, 0x0000000100000000)
  eden space 84992K, 0% used [0x00000000eb400000,0x00000000eb400000,0x00000000f0700000)
  from space 36352K, 99% used [0x00000000f0700000,0x00000000f2a7bb40,0x00000000f2a80000)
  to   space 45568K, 0% used [0x00000000f4c00000,0x00000000f4c00000,0x00000000f7880000)
 ParOldGen       total 270336K, used 153946K [0x00000000c1c00000, 0x00000000d2400000, 0x00000000eb400000)
  object space 270336K, 56% used [0x00000000c1c00000,0x00000000cb256878,0x00000000d2400000)
 Metaspace       used 11150K, capacity 11422K, committed 11520K, reserved 1058816K
  class space    used 1143K, capacity 1248K, committed 1280K, reserved 1048576K
}
Event: 4.332 GC heap before
{Heap before GC invocations=21 (full 5):
 PSYoungGen      total 121344K, used 121326K [0x00000000eb400000, 0x00000000f7880000, 0x0000000100000000)
  eden space 84992K, 100% used [0x00000000eb400000,0x00000000f0700000,0x00000000f0700000)
  from space 36352K, 99% used [0x00000000f0700000,0x00000000f2a7bb40,0x00000000f2a80000)
  to   space 45568K, 0% used [0x00000000f4c00000,0x00000000f4c00000,0x00000000f7880000)
 ParOldGen       total 270336K, used 153946K [0x00000000c1c00000, 0x00000000d2400000, 0x00000000eb400000)
  object space 270336K, 56% used [0x00000000c1c00000,0x00000000cb256878,0x00000000d2400000)
 Metaspace       used 15467K, capacity 15728K, committed 16000K, reserved 1062912K
  class space    used 1752K, capacity 1872K, committed 1920K, reserved 1048576K
Event: 4.352 GC heap after
Heap after GC invocations=21 (full 5):
 PSYoungGen      total 148480K, used 42806K [0x00000000eb400000, 0x00000000f8580000, 0x0000000100000000)
  eden space 102912K, 0% used [0x00000000eb400000,0x00000000eb400000,0x00000000f1880000)
  from space 45568K, 93% used [0x00000000f4c00000,0x00000000f75cd850,0x00000000f7880000)
  to   space 52736K, 0% used [0x00000000f1880000,0x00000000f1880000,0x00000000f4c00000)
 ParOldGen       total 270336K, used 153954K [0x00000000c1c00000, 0x00000000d2400000, 0x00000000eb400000)
  object space 270336K, 56% used [0x00000000c1c00000,0x00000000cb258878,0x00000000d2400000)
 Metaspace       used 15467K, capacity 15728K, committed 16000K, reserved 1062912K
  class space    used 1752K, capacity 1872K, committed 1920K, reserved 1048576K
}

Deoptimization events (10 events):
Event: 12.067 Thread 0x0000000017b84000 Uncommon trap: reason=unstable_if action=reinterpret pc=0x0000000002b56ddc method=javax.media.j3d.RenderBin.updateObject()V @ 1076
Event: 12.068 Thread 0x0000000017c4c800 Uncommon trap: reason=unstable_if action=reinterpret pc=0x0000000002b3b588 method=javax.media.j3d.EnvironmentSet.updateAttributes(Ljavax/media/j3d/Canvas3D;)V @ 127
Event: 12.079 Thread 0x000000001aac0800 Uncommon trap: reason=unstable_if action=reinterpret pc=0x0000000002ac3f24 method=javax.media.j3d.Transform3D.almostEqual(DD)Z @ 76
Event: 13.892 Thread 0x0000000017b84000 Uncommon trap: reason=unstable_if action=reinterpret pc=0x00000000029e4c70 method=javax.media.j3d.MasterControl.runMonitor(ILjavax/media/j3d/UnorderList;Ljavax/media/j3d/UnorderList;Ljavax/media/j3d/UnorderList;Ljavax/media/j3d/J3dThread;)V @ 1020
Event: 13.893 Thread 0x000000001aac0800 Uncommon trap: reason=class_check action=maybe_recompile pc=0x0000000002619008 method=javax.media.j3d.BehaviorRetained.handleLastWakeupOn(Ljavax/media/j3d/WakeupCondition;Ljavax/media/j3d/BehaviorStructure;)V @ 23
Event: 13.893 Thread 0x000000001aac0800 Uncommon trap: reason=class_check action=maybe_recompile pc=0x0000000002a98f50 method=javax.media.j3d.WakeupCriterion.resetTree()V @ 21
Event: 13.894 Thread 0x000000001aac0800 Uncommon trap: reason=unstable_if action=reinterpret pc=0x0000000002ab78e4 method=javax.media.j3d.TransformInterpolator.processStimulus(Ljava/util/Enumeration;)V @ 26
Event: 13.899 Thread 0x000000001aac2800 Uncommon trap: reason=unstable_if action=reinterpret pc=0x0000000002b06e50 method=javax.media.j3d.BHInternalNode.updateMarkedBoundingHull()V @ 4
Event: 13.899 Thread 0x000000001aac2800 Uncommon trap: reason=unstable_if action=reinterpret pc=0x0000000002b06f5c method=javax.media.j3d.BHInternalNode.updateMarkedBoundingHull()V @ 4
Event: 13.900 Thread 0x000000001aac2800 Uncommon trap: reason=unstable_if action=reinterpret pc=0x0000000002af913c method=javax.media.j3d.BHLeafNode.updateMarkedBoundingHull()V @ 4

Internal exceptions (10 events):
Event: 0.267 Thread 0x0000000002230800 Exception <a 'java/lang/NoSuchFieldError': method resolution failed> (0x00000000eba56bf0) thrown at [C:\re\workspace\8-2-build-windows-amd64-cygwin\jdk8u45\3627\hotspot\src\share\vm\prims\methodHandles.cpp, line 1125]
Event: 0.268 Thread 0x0000000002230800 Exception <a 'java/lang/NoSuchFieldError': method resolution failed> (0x00000000eba65600) thrown at [C:\re\workspace\8-2-build-windows-amd64-cygwin\jdk8u45\3627\hotspot\src\share\vm\prims\methodHandles.cpp, line 1125]
Event: 0.322 Thread 0x0000000002230800 Exception <a 'java/io/FileNotFoundException'> (0x00000000ebda5c28) thrown at [C:\re\workspace\8-2-build-windows-amd64-cygwin\jdk8u45\3627\hotspot\src\share\vm\prims\jni.cpp, line 709]
Event: 0.871 Thread 0x0000000002230800 Implicit null exception at 0x00000000026a9dc2 to 0x00000000026aa16d
Event: 2.263 Thread 0x0000000002230800 Implicit null exception at 0x00000000026adedc to 0x00000000026ae27d
Event: 4.187 Thread 0x0000000002230800 Implicit null exception at 0x00000000027276d9 to 0x0000000002727a35
Event: 4.188 Thread 0x0000000002230800 Implicit null exception at 0x0000000002649bd6 to 0x0000000002649efd
Event: 4.191 Thread 0x0000000002230800 Implicit null exception at 0x00000000028ba958 to 0x00000000028ba9e6
Event: 4.195 Thread 0x0000000002230800 Implicit null exception at 0x00000000028c66ef to 0x00000000028c6759
Event: 10.242 Thread 0x000000001aac0800 Implicit null exception at 0x0000000002a92828 to 0x0000000002a92911

Events (10 events):
Event: 13.894 Thread 0x000000001aac0800 DEOPT UNPACKING pc=0x000000000244582a sp=0x000000001c05f3e8 mode 2
Event: 13.899 Thread 0x000000001aac2800 Uncommon trap: trap_request=0xffffff65 fr.pc=0x0000000002b06e50
Event: 13.899 Thread 0x000000001aac2800 DEOPT PACKING pc=0x0000000002b06e50 sp=0x000000001bc5ee20
Event: 13.899 Thread 0x000000001aac2800 DEOPT UNPACKING pc=0x000000000244582a sp=0x000000001bc5edd0 mode 2
Event: 13.899 Thread 0x000000001aac2800 Uncommon trap: trap_request=0xffffff65 fr.pc=0x0000000002b06f5c
Event: 13.899 Thread 0x000000001aac2800 DEOPT PACKING pc=0x0000000002b06f5c sp=0x000000001bc5ee60
Event: 13.899 Thread 0x000000001aac2800 DEOPT UNPACKING pc=0x000000000244582a sp=0x000000001bc5edb8 mode 2
Event: 13.900 Thread 0x000000001aac2800 Uncommon trap: trap_request=0xffffff65 fr.pc=0x0000000002af913c
Event: 13.900 Thread 0x000000001aac2800 DEOPT PACKING pc=0x0000000002af913c sp=0x000000001bc5ed50
Event: 13.900 Thread 0x000000001aac2800 DEOPT UNPACKING pc=0x000000000244582a sp=0x000000001bc5ecf8 mode 2


Dynamic libraries:
0x00007ff7b1b40000 - 0x00007ff7b1b77000 	C:\Program Files\Java\jdk1.8.0_45\bin\java.exe
0x00007ffa6db10000 - 0x00007ffa6dcd1000 	C:\WINDOWS\SYSTEM32\ntdll.dll
0x00007ffa6d4f0000 - 0x00007ffa6d59d000 	C:\WINDOWS\system32\KERNEL32.DLL
0x00007ffa6a580000 - 0x00007ffa6a768000 	C:\WINDOWS\system32\KERNELBASE.dll
0x00007ffa6d5a0000 - 0x00007ffa6d647000 	C:\WINDOWS\system32\ADVAPI32.dll
0x00007ffa6d920000 - 0x00007ffa6d9bd000 	C:\WINDOWS\system32\msvcrt.dll
0x00007ffa6cdb0000 - 0x00007ffa6ce0b000 	C:\WINDOWS\system32\sechost.dll
0x00007ffa6cc30000 - 0x00007ffa6cd4c000 	C:\WINDOWS\system32\RPCRT4.dll
0x00007ffa6b230000 - 0x00007ffa6b386000 	C:\WINDOWS\system32\USER32.dll
0x00007ffa6d790000 - 0x00007ffa6d916000 	C:\WINDOWS\system32\GDI32.dll
0x00007ffa653b0000 - 0x00007ffa65624000 	C:\WINDOWS\WinSxS\amd64_microsoft.windows.common-controls_6595b64144ccf1df_6.0.10586.0_none_8c15ae12515e1c22\COMCTL32.dll
0x00007ffa6c9b0000 - 0x00007ffa6cc2d000 	C:\WINDOWS\system32\combase.dll
0x00007ffa6adc0000 - 0x00007ffa6ae2a000 	C:\WINDOWS\system32\bcryptPrimitives.dll
0x00007ffa6b400000 - 0x00007ffa6b43b000 	C:\WINDOWS\system32\IMM32.DLL
0x00007ffa6a020000 - 0x00007ffa6a051000 	C:\Windows\system32\nvinitx.dll
0x00007ffa6a010000 - 0x00007ffa6a01a000 	C:\WINDOWS\SYSTEM32\VERSION.dll
0x0000000070d40000 - 0x0000000070e12000 	C:\Program Files\Java\jdk1.8.0_45\jre\bin\msvcr100.dll
0x0000000070e20000 - 0x00000000716a3000 	C:\Program Files\Java\jdk1.8.0_45\jre\bin\server\jvm.dll
0x00007ffa6b3f0000 - 0x00007ffa6b3f8000 	C:\WINDOWS\system32\PSAPI.DLL
0x00007ffa5f4d0000 - 0x00007ffa5f4d9000 	C:\WINDOWS\SYSTEM32\WSOCK32.dll
0x00007ffa65760000 - 0x00007ffa65783000 	C:\WINDOWS\SYSTEM32\WINMM.dll
0x00007ffa6d700000 - 0x00007ffa6d76b000 	C:\WINDOWS\system32\WS2_32.dll
0x00007ffa65700000 - 0x00007ffa6572c000 	C:\WINDOWS\SYSTEM32\WINMMBASE.dll
0x00007ffa6ae30000 - 0x00007ffa6ae73000 	C:\WINDOWS\system32\cfgmgr32.dll
0x0000000070cf0000 - 0x0000000070cff000 	C:\Program Files\Java\jdk1.8.0_45\jre\bin\verify.dll
0x0000000070cc0000 - 0x0000000070ce9000 	C:\Program Files\Java\jdk1.8.0_45\jre\bin\java.dll
0x0000000070ca0000 - 0x0000000070cb6000 	C:\Program Files\Java\jdk1.8.0_45\jre\bin\zip.dll
0x00007ffa6b440000 - 0x00007ffa6c99c000 	C:\WINDOWS\system32\SHELL32.dll
0x00007ffa6a770000 - 0x00007ffa6adb5000 	C:\WINDOWS\system32\windows.storage.dll
0x00007ffa6b390000 - 0x00007ffa6b3e2000 	C:\WINDOWS\system32\shlwapi.dll
0x00007ffa6a1b0000 - 0x00007ffa6a1bf000 	C:\WINDOWS\system32\kernel.appcore.dll
0x00007ffa6a460000 - 0x00007ffa6a515000 	C:\WINDOWS\system32\shcore.dll
0x00007ffa6a160000 - 0x00007ffa6a1ab000 	C:\WINDOWS\system32\powrprof.dll
0x00007ffa6a140000 - 0x00007ffa6a154000 	C:\WINDOWS\system32\profapi.dll
0x0000000070ac0000 - 0x0000000070c58000 	C:\Program Files\Java\jdk1.8.0_45\jre\bin\awt.dll
0x00007ffa6d420000 - 0x00007ffa6d4e1000 	C:\WINDOWS\system32\OLEAUT32.dll
0x00007ffa688d0000 - 0x00007ffa68949000 	C:\WINDOWS\system32\apphelp.dll
0x00007ffa68a60000 - 0x00007ffa68af6000 	C:\WINDOWS\system32\uxtheme.dll
0x00007ffa6ce80000 - 0x00007ffa6cfda000 	C:\WINDOWS\system32\MSCTF.dll
0x00007ffa65380000 - 0x00007ffa653a2000 	C:\WINDOWS\system32\dwmapi.dll
0x00007ffa6d9c0000 - 0x00007ffa6db03000 	C:\WINDOWS\system32\ole32.dll
0x00000000709a0000 - 0x00000000709a7000 	C:\Program Files\Java\jdk1.8.0_45\jre\bin\jawt.dll
0x0000000002330000 - 0x000000000236e000 	C:\Program Files\Java\jdk1.8.0_45\jre\bin\j3dcore-ogl.dll
0x00007ffa54110000 - 0x00007ffa54239000 	C:\WINDOWS\SYSTEM32\OPENGL32.dll
0x00007ffa53fd0000 - 0x00007ffa540ca000 	C:\WINDOWS\SYSTEM32\DDRAW.dll
0x00007ffa54730000 - 0x00007ffa5475e000 	C:\WINDOWS\SYSTEM32\GLU32.dll
0x00007ffa54a40000 - 0x00007ffa54a48000 	C:\WINDOWS\SYSTEM32\DCIMAN32.dll
0x00007ffa48ad0000 - 0x00007ffa49303000 	C:\WINDOWS\SYSTEM32\ig7icd64.dll
0x00007ffa62110000 - 0x00007ffa6256f000 	C:\WINDOWS\SYSTEM32\igdusc64.dll
0x00007ffa67910000 - 0x00007ffa67923000 	C:\WINDOWS\SYSTEM32\WTSAPI32.dll
0x0000000070960000 - 0x0000000070991000 	C:\Program Files\Java\jdk1.8.0_45\jre\bin\jpeg.dll
0x0000000070a70000 - 0x0000000070ab7000 	C:\Program Files\Java\jdk1.8.0_45\jre\bin\fontmanager.dll
0x0000000070c80000 - 0x0000000070c9a000 	C:\Program Files\Java\jdk1.8.0_45\jre\bin\net.dll
0x00007ffa699b0000 - 0x00007ffa69a0c000 	C:\WINDOWS\system32\mswsock.dll
0x0000000070c60000 - 0x0000000070c71000 	C:\Program Files\Java\jdk1.8.0_45\jre\bin\nio.dll
0x0000000070a20000 - 0x0000000070a61000 	C:\Program Files\Java\jdk1.8.0_45\jre\bin\t2k.dll
0x00007ffa54e80000 - 0x00007ffa5500c000 	C:\WINDOWS\SYSTEM32\dbghelp.dll

VM Arguments:
jvm_args: -Dfile.encoding=UTF-8 
java_command: practica1.Practica1
java_class_path (initial): C:\Users\Jose\Desktop\Practica1\build\classes
Launcher Type: SUN_STANDARD

Environment Variables:
PATH=C:\ProgramData\Oracle\Java\javapath;C:\WINDOWS\system32;C:\WINDOWS;C:\WINDOWS\System32\Wbem;C:\WINDOWS\System32\WindowsPowerShell\v1.0\;C:\MinGW\bin;C:\Program Files (x86)\NVIDIA Corporation\PhysX\Common;C:\WINDOWS\system32;C:\WINDOWS;C:\WINDOWS\System32\Wbem;C:\WINDOWS\System32\WindowsPowerShell\v1.0\;C:\Program Files (x86)\Skype\Phone\;C:\WINDOWS\system32\config\systemprofile\.dnx\bin;C:\Program Files\Microsoft DNX\Dnvm\;C:\Program Files\Java\jdk1.8.0_45\bin
USERNAME=Jose
OS=Windows_NT
PROCESSOR_IDENTIFIER=Intel64 Family 6 Model 58 Stepping 9, GenuineIntel



---------------  S Y S T E M  ---------------

OS: Windows 10.0 , 64 bit Build 10586 (10.0.10586.0)

CPU:total 8 (4 cores per cpu, 2 threads per core) family 6 model 58 stepping 9, cmov, cx8, fxsr, mmx, sse, sse2, sse3, ssse3, sse4.1, sse4.2, popcnt, avx, aes, clmul, erms, ht, tsc, tscinvbit, tscinv

Memory: 4k page, physical 4077044k(578904k free), swap 10630644k(4519920k free)

vm_info: Java HotSpot(TM) 64-Bit Server VM (25.45-b02) for windows-amd64 JRE (1.8.0_45-b15), built on Apr 30 2015 12:40:44 by "java_re" with MS VC++ 10.0 (VS2010)

time: Sun Apr 24 21:08:12 2016
elapsed time: 19 seconds (0d 0h 0m 19s)

