#
# A fatal error has been detected by the Java Runtime Environment:
#
#  EXCEPTION_ACCESS_VIOLATION (0xc0000005) at pc=0x00000000655e925a, pid=11980, tid=10568
#
# JRE version: Java(TM) SE Runtime Environment (8.0_45-b15) (build 1.8.0_45-b15)
# Java VM: Java HotSpot(TM) 64-Bit Server VM (25.45-b02 mixed mode windows-amd64 compressed oops)
# Problematic frame:
# V  [jvm.dll+0x13925a]
#
# Failed to write core dump. Minidumps are not enabled by default on client versions of Windows
#
# If you would like to submit a bug report, please visit:
#   http://bugreport.java.com/bugreport/crash.jsp
#

---------------  T H R E A D  ---------------

Current thread (0x000000001785c800):  JavaThread "AWT-EventQueue-0" [_thread_in_vm, id=10568, stack(0x000000001b6e0000,0x000000001b7e0000)]

siginfo: ExceptionCode=0xc0000005, reading address 0xffffffffffffffff

Registers:
RAX=0x00009b55fd241710, RBX=0x0000000030c85000, RCX=0xfff3e5d0fff4e4d0, RDX=0x00000000196c6a9c
RSP=0x000000001b7db6e0, RBP=0x00000000000003d8, RSI=0x0000000016ab0990, RDI=0x000000001785c800
R8 =0x00000000196c6a9c, R9 =0x000000001b7dbac0, R10=0x0000000100093428, R11=0x00000000022ffda0
R12=0x0000000016ab09a0, R13=0x0000000016ab0d78, R14=0x0000000000000000, R15=0x000000001785c800
RIP=0x00000000655e925a, EFLAGS=0x0000000000010202

Top of Stack: (sp=0x000000001b7db6e0)
0x000000001b7db6e0:   0000000016a82750 0000000016c0feb0
0x000000001b7db6f0:   000000001b7db7f0 0000000065571427
0x000000001b7db700:   000000001785c800 00000000655e94ab
0x000000001b7db710:   0000000030c85000 000000001785c800
0x000000001b7db720:   0000000100073028 0000000000000101
0x000000001b7db730:   000000001785c800 00000000655d3873
0x000000001b7db740:   000000001480c618 000000001785c800
0x000000001b7db750:   000000001480c618 000000001785c800
0x000000001b7db760:   0000000100073028 00000001000ea1f8
0x000000001b7db770:   000000001785c800 000000010015a300
0x000000001b7db780:   000000001b7db8a0 00009b55fd241710
0x000000001b7db790:   000000001a0908f0 00000000658f0f8b
0x000000001b7db7a0:   0000000100073028 00000001000ea1f8
0x000000001b7db7b0:   0000000016c0feb0 0000000016a82750
0x000000001b7db7c0:   000000001b7dbab8 0000000000000000
0x000000001b7db7d0:   00000000c3456400 000000000212bdea 

Instructions: (pc=0x00000000655e925a)
0x00000000655e923a:   ff ca 88 41 ff 75 ef 43 c6 04 10 00 49 8b c2 c3
0x00000000655e924a:   cc cc cc cc cc cc 48 89 5c 24 08 57 48 83 ec 20
0x00000000655e925a:   0f b7 39 48 8b d9 33 d2 ff c7 48 63 cf e8 b4 1a
0x00000000655e926a:   fb ff 4c 8b d8 85 ff 7e 45 44 0f b7 03 8d 57 ff 


Register to memory mapping:

RAX=0x00009b55fd241710 is an unknown value
RBX=0x0000000030c85000 is an unknown value
RCX=0xfff3e5d0fff4e4d0 is an unknown value
RDX=0x00000000196c6a9c is pointing into metadata
RSP=0x000000001b7db6e0 is pointing into the stack for thread: 0x000000001785c800
RBP=0x00000000000003d8 is an unknown value
RSI=0x0000000016ab0990 is an unknown value
RDI=0x000000001785c800 is a thread
R8 =0x00000000196c6a9c is pointing into metadata
R9 =0x000000001b7dbac0 is pointing into the stack for thread: 0x000000001785c800
R10=0x0000000100093428 is pointing into metadata
R11=0x00000000022ffda0 is at entry_point+32 in (nmethod*)0x00000000022ffc10
R12=0x0000000016ab09a0 is an unknown value
R13=0x0000000016ab0d78 is an unknown value
R14=0x0000000000000000 is an unknown value
R15=0x000000001785c800 is a thread


Stack: [0x000000001b6e0000,0x000000001b7e0000],  sp=0x000000001b7db6e0,  free space=1005k
Native frames: (J=compiled Java code, j=interpreted, Vv=VM code, C=native code)
V  [jvm.dll+0x13925a]
V  [jvm.dll+0x1394ab]
V  [jvm.dll+0x123873]
V  [jvm.dll+0x440f8b]
C  0x000000000212bdea

Java frames: (J=compiled Java code, j=interpreted, Vv=VM code)
v  ~RuntimeStub::throw_class_cast_exception Runtime1 stub
J 1696 C1 javax.media.j3d.NativePipeline.resetRenderingAttributes(Ljavax/media/j3d/Context;ZZ)V (12 bytes) @ 0x00000000022de36f [0x00000000022de0e0+0x28f]
J 1669 C1 javax.media.j3d.Canvas3D.resetRenderingAttributes(Ljavax/media/j3d/Context;ZZ)V (10 bytes) @ 0x00000000022ffed4 [0x00000000022ffd80+0x154]
j  java.awt.DefaultKeyboardFocusManager.dispatchEvent(Ljava/awt/AWTEvent;)Z+1428
j  java.awt.Component.dispatchEventImpl(Ljava/awt/AWTEvent;)V+151
j  java.awt.Container.dispatchEventImpl(Ljava/awt/AWTEvent;)V+42
j  java.awt.Window.dispatchEventImpl(Ljava/awt/AWTEvent;)V+19
j  java.awt.Component.dispatchEvent(Ljava/awt/AWTEvent;)V+2
j  java.awt.EventQueue.dispatchEventImpl(Ljava/awt/AWTEvent;Ljava/lang/Object;)V+41
j  java.awt.EventQueue.access$500(Ljava/awt/EventQueue;Ljava/awt/AWTEvent;Ljava/lang/Object;)V+3
j  java.awt.EventQueue$3.run()Ljava/lang/Void;+32
j  java.awt.EventQueue$3.run()Ljava/lang/Object;+1
v  ~StubRoutines::call_stub
J 1847  java.security.AccessController.doPrivileged(Ljava/security/PrivilegedAction;Ljava/security/AccessControlContext;)Ljava/lang/Object; (0 bytes) @ 0x0000000002771366 [0x0000000002771300+0x66]
J 1865 C1 java.security.ProtectionDomain$1.doIntersectionPrivilege(Ljava/security/PrivilegedAction;Ljava/security/AccessControlContext;Ljava/security/AccessControlContext;)Ljava/lang/Object; (32 bytes) @ 0x000000000277d3bc [0x000000000277d0c0+0x2fc]
j  java.security.ProtectionDomain$1.doIntersectionPrivilege(Ljava/security/PrivilegedAction;Ljava/security/AccessControlContext;)Ljava/lang/Object;+6
j  java.awt.EventQueue$4.run()Ljava/lang/Void;+11
j  java.awt.EventQueue$4.run()Ljava/lang/Object;+1
v  ~StubRoutines::call_stub
J 1847  java.security.AccessController.doPrivileged(Ljava/security/PrivilegedAction;Ljava/security/AccessControlContext;)Ljava/lang/Object; (0 bytes) @ 0x0000000002771366 [0x0000000002771300+0x66]
J 1865 C1 java.security.ProtectionDomain$1.doIntersectionPrivilege(Ljava/security/PrivilegedAction;Ljava/security/AccessControlContext;Ljava/security/AccessControlContext;)Ljava/lang/Object; (32 bytes) @ 0x000000000277d3bc [0x000000000277d0c0+0x2fc]
j  java.awt.EventQueue.dispatchEvent(Ljava/awt/AWTEvent;)V+73
j  java.awt.SequencedEvent.dispatch()V+108
j  java.awt.EventQueue.dispatchEventImpl(Ljava/awt/AWTEvent;Ljava/lang/Object;)V+21
j  java.awt.EventQueue.access$500(Ljava/awt/EventQueue;Ljava/awt/AWTEvent;Ljava/lang/Object;)V+3
j  java.awt.EventQueue$3.run()Ljava/lang/Void;+32
j  java.awt.EventQueue$3.run()Ljava/lang/Object;+1
v  ~StubRoutines::call_stub
J 1847  java.security.AccessController.doPrivileged(Ljava/security/PrivilegedAction;Ljava/security/AccessControlContext;)Ljava/lang/Object; (0 bytes) @ 0x0000000002771366 [0x0000000002771300+0x66]
J 1865 C1 java.security.ProtectionDomain$1.doIntersectionPrivilege(Ljava/security/PrivilegedAction;Ljava/security/AccessControlContext;Ljava/security/AccessControlContext;)Ljava/lang/Object; (32 bytes) @ 0x000000000277d3bc [0x000000000277d0c0+0x2fc]
j  java.security.ProtectionDomain$1.doIntersectionPrivilege(Ljava/security/PrivilegedAction;Ljava/security/AccessControlContext;)Ljava/lang/Object;+6
j  java.awt.EventQueue$4.run()Ljava/lang/Void;+11
j  java.awt.EventQueue$4.run()Ljava/lang/Object;+1
v  ~StubRoutines::call_stub
J 1847  java.security.AccessController.doPrivileged(Ljava/security/PrivilegedAction;Ljava/security/AccessControlContext;)Ljava/lang/Object; (0 bytes) @ 0x0000000002771366 [0x0000000002771300+0x66]
J 1865 C1 java.security.ProtectionDomain$1.doIntersectionPrivilege(Ljava/security/PrivilegedAction;Ljava/security/AccessControlContext;Ljava/security/AccessControlContext;)Ljava/lang/Object; (32 bytes) @ 0x000000000277d3bc [0x000000000277d0c0+0x2fc]
j  java.awt.EventQueue.dispatchEvent(Ljava/awt/AWTEvent;)V+73
j  java.awt.EventDispatchThread.pumpOneEventForFilters(I)V+245
j  java.awt.EventDispatchThread.pumpEventsForFilter(ILjava/awt/Conditional;Ljava/awt/EventFilter;)V+35
j  java.awt.EventDispatchThread.pumpEventsForHierarchy(ILjava/awt/Conditional;Ljava/awt/Component;)V+11
j  java.awt.EventDispatchThread.pumpEvents(ILjava/awt/Conditional;)V+4
j  java.awt.EventDispatchThread.pumpEvents(Ljava/awt/Conditional;)V+3
j  java.awt.EventDispatchThread.run()V+9
v  ~StubRoutines::call_stub

---------------  P R O C E S S  ---------------

Java Threads: ( => current thread )
  0x0000000017a94800 JavaThread "J3D-InputDeviceScheduler-1" [_thread_blocked, id=9760, stack(0x000000001bfe0000,0x000000001c0e0000)]
  0x0000000017a96000 JavaThread "J3D-SoundSchedulerUpdateThread-1" [_thread_blocked, id=11616, stack(0x000000001bee0000,0x000000001bfe0000)]
  0x0000000017a94000 JavaThread "J3D-RenderStructureUpdateThread-1" [_thread_blocked, id=8580, stack(0x000000001bde0000,0x000000001bee0000)]
  0x0000000017a97000 JavaThread "J3D-BehaviorScheduler-1" [_thread_blocked, id=3436, stack(0x000000001bce0000,0x000000001bde0000)]
  0x0000000017a92800 JavaThread "J3D-TransformStructureUpdateThread-1" [_thread_blocked, id=11684, stack(0x000000001bbe0000,0x000000001bce0000)]
  0x0000000017a93000 JavaThread "J3D-RenderingEnvironmentStructureUpdateThread-1" [_thread_blocked, id=6004, stack(0x000000001bae0000,0x000000001bbe0000)]
  0x0000000017a90000 JavaThread "J3D-SoundStructureUpdateThread-1" [_thread_blocked, id=5412, stack(0x000000001b9e0000,0x000000001bae0000)]
  0x0000000017dfc800 JavaThread "J3D-GeometryStructureUpdateThread-1" [_thread_blocked, id=11964, stack(0x000000001b8e0000,0x000000001b9e0000)]
  0x0000000017df5800 JavaThread "J3D-BehaviorStructureUpdateThread-1" [_thread_blocked, id=10592, stack(0x000000001b7e0000,0x000000001b8e0000)]
  0x0000000001f30800 JavaThread "DestroyJavaVM" [_thread_blocked, id=10148, stack(0x0000000001dc0000,0x0000000001ec0000)]
=>0x000000001785c800 JavaThread "AWT-EventQueue-0" [_thread_in_vm, id=10568, stack(0x000000001b6e0000,0x000000001b7e0000)]
  0x0000000017858000 JavaThread "AWT-Shutdown" [_thread_blocked, id=12076, stack(0x000000001b5e0000,0x000000001b6e0000)]
  0x000000001782c800 JavaThread "J3D-Renderer-1" [_thread_blocked, id=8320, stack(0x0000000018870000,0x0000000018970000)]
  0x00000000177f9800 JavaThread "J3D-MasterControl-1" [_thread_blocked, id=6736, stack(0x0000000018770000,0x0000000018870000)]
  0x00000000177f8800 JavaThread "J3D-NotificationThread" [_thread_blocked, id=11276, stack(0x0000000018670000,0x0000000018770000)]
  0x0000000017807800 JavaThread "J3D-TimerThread" [_thread_blocked, id=6680, stack(0x0000000018570000,0x0000000018670000)]
  0x000000001784f800 JavaThread "J3D-RenderingAttributesStructureUpdateThread" [_thread_blocked, id=12008, stack(0x0000000018470000,0x0000000018570000)]
  0x00000000177fc800 JavaThread "AWT-Windows" daemon [_thread_blocked, id=6200, stack(0x0000000018130000,0x0000000018230000)]
  0x0000000016d63800 JavaThread "Java2D Disposer" daemon [_thread_blocked, id=104, stack(0x0000000017f30000,0x0000000018030000)]
  0x0000000016a7b800 JavaThread "Service Thread" daemon [_thread_blocked, id=12156, stack(0x0000000017430000,0x0000000017530000)]
  0x0000000016a65800 JavaThread "C1 CompilerThread3" daemon [_thread_blocked, id=9820, stack(0x0000000017330000,0x0000000017430000)]
  0x0000000016a60800 JavaThread "C2 CompilerThread2" daemon [_thread_blocked, id=11296, stack(0x0000000017230000,0x0000000017330000)]
  0x0000000016a5c000 JavaThread "C2 CompilerThread1" daemon [_thread_blocked, id=11900, stack(0x0000000017130000,0x0000000017230000)]
  0x0000000016a58800 JavaThread "C2 CompilerThread0" daemon [_thread_blocked, id=11096, stack(0x0000000017030000,0x0000000017130000)]
  0x0000000016a54000 JavaThread "Attach Listener" daemon [_thread_blocked, id=7676, stack(0x0000000016f30000,0x0000000017030000)]
  0x0000000016a53800 JavaThread "Signal Dispatcher" daemon [_thread_blocked, id=2264, stack(0x0000000016e30000,0x0000000016f30000)]
  0x0000000002028800 JavaThread "Finalizer" daemon [_thread_blocked, id=11316, stack(0x0000000016930000,0x0000000016a30000)]
  0x0000000014a4d000 JavaThread "Reference Handler" daemon [_thread_blocked, id=4900, stack(0x0000000016830000,0x0000000016930000)]

Other Threads:
  0x0000000014a49000 VMThread [stack: 0x0000000016730000,0x0000000016830000] [id=7580]
  0x0000000016a7d800 WatcherThread [stack: 0x0000000017530000,0x0000000017630000] [id=3124]

VM state:synchronizing (normal execution)

VM Mutex/Monitor currently owned by a thread:  ([mutex/lock_event])
[0x0000000001f2c340] Threads_lock - owner thread: 0x0000000014a49000

Heap:
 PSYoungGen      total 143360K, used 122697K [0x00000000eb400000, 0x00000000f8580000, 0x0000000100000000)
  eden space 98816K, 79% used [0x00000000eb400000,0x00000000f0059f80,0x00000000f1480000)
  from space 44544K, 99% used [0x00000000f4980000,0x00000000f74f8680,0x00000000f7500000)
  to   space 54272K, 0% used [0x00000000f1480000,0x00000000f1480000,0x00000000f4980000)
 ParOldGen       total 272896K, used 183630K [0x00000000c1c00000, 0x00000000d2680000, 0x00000000eb400000)
  object space 272896K, 67% used [0x00000000c1c00000,0x00000000ccf53ae0,0x00000000d2680000)
 Metaspace       used 15830K, capacity 16042K, committed 16256K, reserved 1062912K
  class space    used 1704K, capacity 1807K, committed 1920K, reserved 1048576K

Card table byte_map: [0x00000000113f0000,0x00000000115f0000] byte_map_base: 0x0000000010de2000

Marking Bits: (ParMarkBitMap*) 0x0000000065cb4040
 Begin Bits: [0x0000000011f40000, 0x0000000012ed0000)
 End Bits:   [0x0000000012ed0000, 0x0000000013e60000)

Polling page: 0x0000000001ec0000

CodeCache: size=245760Kb used=7425Kb max_used=7478Kb free=238334Kb
 bounds [0x0000000002030000, 0x0000000002790000, 0x0000000011030000]
 total_blobs=2379 nmethods=1744 adapters=548
 compilation: enabled

Compilation events (10 events):
Event: 23.616 Thread 0x0000000016a5c000 1874       4       javax.media.j3d.RenderMolecule::isSwitchOn (83 bytes)
Event: 23.617 Thread 0x0000000016a5c000 nmethod 1874 0x00000000027850d0 code [0x0000000002785220, 0x0000000002785378]
Event: 23.655 Thread 0x0000000016a65800 1875       3       javax.media.j3d.ShaderBin::render (30 bytes)
Event: 23.656 Thread 0x0000000016a65800 nmethod 1875 0x0000000002780550 code [0x00000000027806e0, 0x0000000002780b88]
Event: 23.668 Thread 0x0000000016a65800 1876       3       javax.media.j3d.TextureBin::render (96 bytes)
Event: 23.669 Thread 0x0000000016a65800 nmethod 1876 0x0000000002784190 code [0x0000000002784360, 0x0000000002784c68]
Event: 23.675 Thread 0x0000000016a58800 1877       4       javax.media.j3d.NativePipeline::callDisplayList (12 bytes)
Event: 23.675 Thread 0x0000000016a58800 nmethod 1877 0x0000000002774290 code [0x00000000027743e0, 0x00000000027744a8]
Event: 23.754 Thread 0x0000000016a65800 1878       3       javax.media.j3d.BoundingBox::intersect (536 bytes)
Event: 23.755 Thread 0x0000000016a65800 nmethod 1878 0x000000000277f750 code [0x000000000277f900, 0x0000000002780230]

GC Heap History (10 events):
Event: 2.800 GC heap before
{Heap before GC invocations=17 (full 5):
 PSYoungGen      total 76288K, used 54784K [0x00000000eb400000, 0x00000000f2a00000, 0x0000000100000000)
  eden space 54784K, 100% used [0x00000000eb400000,0x00000000ee980000,0x00000000ee980000)
  from space 21504K, 0% used [0x00000000ee980000,0x00000000ee980000,0x00000000efe80000)
  to   space 24576K, 0% used [0x00000000f1200000,0x00000000f1200000,0x00000000f2a00000)
 ParOldGen       total 272896K, used 134966K [0x00000000c1c00000, 0x00000000d2680000, 0x00000000eb400000)
  object space 272896K, 49% used [0x00000000c1c00000,0x00000000c9fcd890,0x00000000d2680000)
 Metaspace       used 10822K, capacity 11070K, committed 11264K, reserved 1058816K
  class space    used 1121K, capacity 1216K, committed 1280K, reserved 1048576K
Event: 2.808 GC heap after
Heap after GC invocations=17 (full 5):
 PSYoungGen      total 93184K, used 20608K [0x00000000eb400000, 0x00000000f2f80000, 0x0000000100000000)
  eden space 68608K, 0% used [0x00000000eb400000,0x00000000eb400000,0x00000000ef700000)
  from space 24576K, 83% used [0x00000000f1200000,0x00000000f2620050,0x00000000f2a00000)
  to   space 27648K, 0% used [0x00000000ef700000,0x00000000ef700000,0x00000000f1200000)
 ParOldGen       total 272896K, used 141110K [0x00000000c1c00000, 0x00000000d2680000, 0x00000000eb400000)
  object space 272896K, 51% used [0x00000000c1c00000,0x00000000ca5cd8a0,0x00000000d2680000)
 Metaspace       used 10822K, capacity 11070K, committed 11264K, reserved 1058816K
  class space    used 1121K, capacity 1216K, committed 1280K, reserved 1048576K
}
Event: 3.178 GC heap before
{Heap before GC invocations=18 (full 5):
 PSYoungGen      total 93184K, used 89216K [0x00000000eb400000, 0x00000000f2f80000, 0x0000000100000000)
  eden space 68608K, 100% used [0x00000000eb400000,0x00000000ef700000,0x00000000ef700000)
  from space 24576K, 83% used [0x00000000f1200000,0x00000000f2620050,0x00000000f2a00000)
  to   space 27648K, 0% used [0x00000000ef700000,0x00000000ef700000,0x00000000f1200000)
 ParOldGen       total 272896K, used 141110K [0x00000000c1c00000, 0x00000000d2680000, 0x00000000eb400000)
  object space 272896K, 51% used [0x00000000c1c00000,0x00000000ca5cd8a0,0x00000000d2680000)
 Metaspace       used 10822K, capacity 11070K, committed 11264K, reserved 1058816K
  class space    used 1121K, capacity 1216K, committed 1280K, reserved 1048576K
Event: 3.187 GC heap after
Heap after GC invocations=18 (full 5):
 PSYoungGen      total 96256K, used 26752K [0x00000000eb400000, 0x00000000f4880000, 0x0000000100000000)
  eden space 68608K, 0% used [0x00000000eb400000,0x00000000eb400000,0x00000000ef700000)
  from space 27648K, 96% used [0x00000000ef700000,0x00000000f1120060,0x00000000f1200000)
  to   space 32256K, 0% used [0x00000000f2900000,0x00000000f2900000,0x00000000f4880000)
 ParOldGen       total 272896K, used 147254K [0x00000000c1c00000, 0x00000000d2680000, 0x00000000eb400000)
  object space 272896K, 53% used [0x00000000c1c00000,0x00000000cabcd8b0,0x00000000d2680000)
 Metaspace       used 10822K, capacity 11070K, committed 11264K, reserved 1058816K
  class space    used 1121K, capacity 1216K, committed 1280K, reserved 1048576K
}
Event: 3.498 GC heap before
{Heap before GC invocations=19 (full 5):
 PSYoungGen      total 96256K, used 93431K [0x00000000eb400000, 0x00000000f4880000, 0x0000000100000000)
  eden space 68608K, 97% used [0x00000000eb400000,0x00000000ef51dc50,0x00000000ef700000)
  from space 27648K, 96% used [0x00000000ef700000,0x00000000f1120060,0x00000000f1200000)
  to   space 32256K, 0% used [0x00000000f2900000,0x00000000f2900000,0x00000000f4880000)
 ParOldGen       total 272896K, used 147254K [0x00000000c1c00000, 0x00000000d2680000, 0x00000000eb400000)
  object space 272896K, 53% used [0x00000000c1c00000,0x00000000cabcd8b0,0x00000000d2680000)
 Metaspace       used 10944K, capacity 11230K, committed 11264K, reserved 1058816K
  class space    used 1132K, capacity 1248K, committed 1280K, reserved 1048576K
Event: 3.510 GC heap after
Heap after GC invocations=19 (full 5):
 PSYoungGen      total 115200K, used 28064K [0x00000000eb400000, 0x00000000f5180000, 0x0000000100000000)
  eden space 82944K, 0% used [0x00000000eb400000,0x00000000eb400000,0x00000000f0500000)
  from space 32256K, 87% used [0x00000000f2900000,0x00000000f4468080,0x00000000f4880000)
  to   space 36864K, 0% used [0x00000000f0500000,0x00000000f0500000,0x00000000f2900000)
 ParOldGen       total 272896K, used 175774K [0x00000000c1c00000, 0x00000000d2680000, 0x00000000eb400000)
  object space 272896K, 64% used [0x00000000c1c00000,0x00000000cc7a7ae0,0x00000000d2680000)
 Metaspace       used 10944K, capacity 11230K, committed 11264K, reserved 1058816K
  class space    used 1132K, capacity 1248K, committed 1280K, reserved 1048576K
}
Event: 3.699 GC heap before
{Heap before GC invocations=20 (full 5):
 PSYoungGen      total 115200K, used 111008K [0x00000000eb400000, 0x00000000f5180000, 0x0000000100000000)
  eden space 82944K, 100% used [0x00000000eb400000,0x00000000f0500000,0x00000000f0500000)
  from space 32256K, 87% used [0x00000000f2900000,0x00000000f4468080,0x00000000f4880000)
  to   space 36864K, 0% used [0x00000000f0500000,0x00000000f0500000,0x00000000f2900000)
 ParOldGen       total 272896K, used 175774K [0x00000000c1c00000, 0x00000000d2680000, 0x00000000eb400000)
  object space 272896K, 64% used [0x00000000c1c00000,0x00000000cc7a7ae0,0x00000000d2680000)
 Metaspace       used 10983K, capacity 11230K, committed 11264K, reserved 1058816K
  class space    used 1132K, capacity 1248K, committed 1280K, reserved 1048576K
Event: 3.716 GC heap after
Heap after GC invocations=20 (full 5):
 PSYoungGen      total 119808K, used 36855K [0x00000000eb400000, 0x00000000f7500000, 0x0000000100000000)
  eden space 82944K, 0% used [0x00000000eb400000,0x00000000eb400000,0x00000000f0500000)
  from space 36864K, 99% used [0x00000000f0500000,0x00000000f28fde98,0x00000000f2900000)
  to   space 44544K, 0% used [0x00000000f4980000,0x00000000f4980000,0x00000000f7500000)
 ParOldGen       total 272896K, used 179126K [0x00000000c1c00000, 0x00000000d2680000, 0x00000000eb400000)
  object space 272896K, 65% used [0x00000000c1c00000,0x00000000ccaedae0,0x00000000d2680000)
 Metaspace       used 10983K, capacity 11230K, committed 11264K, reserved 1058816K
  class space    used 1132K, capacity 1248K, committed 1280K, reserved 1048576K
}
Event: 5.841 GC heap before
{Heap before GC invocations=21 (full 5):
 PSYoungGen      total 119808K, used 119799K [0x00000000eb400000, 0x00000000f7500000, 0x0000000100000000)
  eden space 82944K, 100% used [0x00000000eb400000,0x00000000f0500000,0x00000000f0500000)
  from space 36864K, 99% used [0x00000000f0500000,0x00000000f28fde98,0x00000000f2900000)
  to   space 44544K, 0% used [0x00000000f4980000,0x00000000f4980000,0x00000000f7500000)
 ParOldGen       total 272896K, used 179126K [0x00000000c1c00000, 0x00000000d2680000, 0x00000000eb400000)
  object space 272896K, 65% used [0x00000000c1c00000,0x00000000ccaedae0,0x00000000d2680000)
 Metaspace       used 15774K, capacity 16042K, committed 16256K, reserved 1062912K
  class space    used 1704K, capacity 1807K, committed 1920K, reserved 1048576K
Event: 5.860 GC heap after
Heap after GC invocations=21 (full 5):
 PSYoungGen      total 143360K, used 44513K [0x00000000eb400000, 0x00000000f8580000, 0x0000000100000000)
  eden space 98816K, 0% used [0x00000000eb400000,0x00000000eb400000,0x00000000f1480000)
  from space 44544K, 99% used [0x00000000f4980000,0x00000000f74f8680,0x00000000f7500000)
  to   space 54272K, 0% used [0x00000000f1480000,0x00000000f1480000,0x00000000f4980000)
 ParOldGen       total 272896K, used 183630K [0x00000000c1c00000, 0x00000000d2680000, 0x00000000eb400000)
  object space 272896K, 67% used [0x00000000c1c00000,0x00000000ccf53ae0,0x00000000d2680000)
 Metaspace       used 15774K, capacity 16042K, committed 16256K, reserved 1062912K
  class space    used 1704K, capacity 1807K, committed 1920K, reserved 1048576K
}

Deoptimization events (10 events):
Event: 10.653 Thread 0x0000000017a97000 Uncommon trap: reason=unstable_if action=reinterpret pc=0x00000000022c14b8 method=javax.media.j3d.WakeupIndexedList.toArray(Z)[Ljava/lang/Object; @ 8
Event: 10.656 Thread 0x00000000177f9800 Uncommon trap: reason=unstable_if action=reinterpret pc=0x00000000022bc928 method=javax.media.j3d.WakeupIndexedList.toArray(Z)[Ljava/lang/Object; @ 8
Event: 10.667 Thread 0x0000000017a97000 Uncommon trap: reason=class_check action=maybe_recompile pc=0x00000000026c013c method=javax.media.j3d.WakeupCriteriaEnumerator.reset(Ljavax/media/j3d/WakeupCondition;I)V @ 11
Event: 10.678 Thread 0x0000000017a97000 Uncommon trap: reason=class_check action=maybe_recompile pc=0x00000000026c013c method=javax.media.j3d.WakeupCriteriaEnumerator.reset(Ljavax/media/j3d/WakeupCondition;I)V @ 11
Event: 10.689 Thread 0x0000000017a97000 Uncommon trap: reason=class_check action=maybe_recompile pc=0x00000000026c013c method=javax.media.j3d.WakeupCriteriaEnumerator.reset(Ljavax/media/j3d/WakeupCondition;I)V @ 11
Event: 23.507 Thread 0x000000001782c800 Uncommon trap: reason=unstable_if action=reinterpret pc=0x00000000022e9688 method=javax.media.j3d.VertexArrayRenderMethod.render(Ljavax/media/j3d/RenderMolecule;Ljavax/media/j3d/Canvas3D;Ljavax/media/j3d/RenderAtomListInfo;I)Z @ 151
Event: 23.644 Thread 0x000000001782c800 Uncommon trap: reason=unstable_if action=reinterpret pc=0x0000000002779cc4 method=javax.media.j3d.TextureBin.renderList(Ljavax/media/j3d/Canvas3D;ILjavax/media/j3d/RenderMolecule;)V @ 34
Event: 23.649 Thread 0x000000001782c800 Uncommon trap: reason=unstable_if action=reinterpret pc=0x000000000277327c method=javax.media.j3d.TextureBin.renderList(Ljavax/media/j3d/Canvas3D;ILjavax/media/j3d/RenderMolecule;)V @ 34
Event: 23.652 Thread 0x000000001782c800 Uncommon trap: reason=unstable_if action=reinterpret pc=0x00000000022ab214 method=javax.media.j3d.TextureBin.renderList(Ljavax/media/j3d/Canvas3D;ILjavax/media/j3d/RenderMolecule;)V @ 34
Event: 23.753 Thread 0x000000001782c800 Uncommon trap: reason=unstable_if action=reinterpret pc=0x00000000022b2db8 method=javax.media.j3d.BoundingBox.intersect(Ljavax/media/j3d/CachedFrustum;)Z @ 382

Internal exceptions (10 events):
Event: 0.169 Thread 0x0000000001f30800 Exception <a 'java/security/PrivilegedActionException'> (0x00000000eb840fd8) thrown at [C:\re\workspace\8-2-build-windows-amd64-cygwin\jdk8u45\3627\hotspot\src\share\vm\prims\jvm.cpp, line 1382]
Event: 0.173 Thread 0x0000000001f30800 Exception <a 'java/io/FileNotFoundException'> (0x00000000eb8443f8) thrown at [C:\re\workspace\8-2-build-windows-amd64-cygwin\jdk8u45\3627\hotspot\src\share\vm\prims\jni.cpp, line 709]
Event: 0.259 Thread 0x0000000001f30800 Exception <a 'java/lang/NoSuchFieldError': method resolution failed> (0x00000000eba55958) thrown at [C:\re\workspace\8-2-build-windows-amd64-cygwin\jdk8u45\3627\hotspot\src\share\vm\prims\methodHandles.cpp, line 1125]
Event: 0.261 Thread 0x0000000001f30800 Exception <a 'java/lang/NoSuchFieldError': method resolution failed> (0x00000000eba64368) thrown at [C:\re\workspace\8-2-build-windows-amd64-cygwin\jdk8u45\3627\hotspot\src\share\vm\prims\methodHandles.cpp, line 1125]
Event: 0.315 Thread 0x0000000001f30800 Exception <a 'java/io/FileNotFoundException'> (0x00000000ebda4b48) thrown at [C:\re\workspace\8-2-build-windows-amd64-cygwin\jdk8u45\3627\hotspot\src\share\vm\prims\jni.cpp, line 709]
Event: 0.841 Thread 0x0000000001f30800 Implicit null exception at 0x00000000022ced82 to 0x00000000022cf12d
Event: 2.228 Thread 0x0000000001f30800 Implicit null exception at 0x00000000022cc45c to 0x00000000022cc7fd
Event: 4.135 Thread 0x0000000001f30800 Implicit null exception at 0x0000000002365c16 to 0x0000000002365f4d
Event: 4.136 Thread 0x0000000001f30800 Implicit null exception at 0x0000000002278496 to 0x00000000022787bd
Event: 4.139 Thread 0x0000000001f30800 Implicit null exception at 0x0000000002242398 to 0x0000000002242426

Events (10 events):
Event: 23.669 Thread 0x0000000016a65800 flushing nmethod 0x000000000217f0d0
Event: 23.669 Thread 0x0000000016a65800 flushing nmethod 0x00000000021a2f10
Event: 23.669 Thread 0x0000000016a65800 flushing nmethod 0x00000000021aa050
Event: 23.675 Thread 0x0000000016a58800 flushing nmethod 0x00000000021b7010
Event: 23.675 Thread 0x0000000016a58800 flushing nmethod 0x00000000021b9b10
Event: 23.675 Thread 0x0000000016a58800 flushing nmethod 0x00000000021c7c90
Event: 23.675 Thread 0x0000000016a58800 flushing nmethod 0x00000000021ca190
Event: 23.753 Thread 0x000000001782c800 Uncommon trap: trap_request=0xffffff65 fr.pc=0x00000000022b2db8
Event: 23.753 Thread 0x000000001782c800 DEOPT PACKING pc=0x00000000022b2db8 sp=0x000000001896f040
Event: 23.753 Thread 0x000000001782c800 DEOPT UNPACKING pc=0x000000000207582a sp=0x000000001896efd8 mode 2


Dynamic libraries:
0x00007ff6b4390000 - 0x00007ff6b43c7000 	C:\Program Files\Java\jdk1.8.0_45\bin\java.exe
0x00007ffe02f00000 - 0x00007ffe030c1000 	C:\WINDOWS\SYSTEM32\ntdll.dll
0x00007ffe00cb0000 - 0x00007ffe00d5d000 	C:\WINDOWS\system32\KERNEL32.DLL
0x00007ffdff740000 - 0x00007ffdff928000 	C:\WINDOWS\system32\KERNELBASE.dll
0x00007ffe00de0000 - 0x00007ffe00e87000 	C:\WINDOWS\system32\ADVAPI32.dll
0x00007ffe00bd0000 - 0x00007ffe00c6d000 	C:\WINDOWS\system32\msvcrt.dll
0x00007ffe00a10000 - 0x00007ffe00a6b000 	C:\WINDOWS\system32\sechost.dll
0x00007ffe01610000 - 0x00007ffe0172c000 	C:\WINDOWS\system32\RPCRT4.dll
0x00007ffe00890000 - 0x00007ffe009e6000 	C:\WINDOWS\system32\USER32.dll
0x00007ffe00700000 - 0x00007ffe00886000 	C:\WINDOWS\system32\GDI32.dll
0x00007ffdfa810000 - 0x00007ffdfaa84000 	C:\WINDOWS\WinSxS\amd64_microsoft.windows.common-controls_6595b64144ccf1df_6.0.10586.0_none_8c15ae12515e1c22\COMCTL32.dll
0x00007ffe00480000 - 0x00007ffe006fd000 	C:\WINDOWS\system32\combase.dll
0x00007ffe00290000 - 0x00007ffe002fa000 	C:\WINDOWS\system32\bcryptPrimitives.dll
0x00007ffe00c70000 - 0x00007ffe00cab000 	C:\WINDOWS\system32\IMM32.DLL
0x00007ffdff410000 - 0x00007ffdff441000 	C:\Windows\system32\nvinitx.dll
0x00007ffdff400000 - 0x00007ffdff40a000 	C:\WINDOWS\SYSTEM32\VERSION.dll
0x00000000653d0000 - 0x00000000654a2000 	C:\Program Files\Java\jdk1.8.0_45\jre\bin\msvcr100.dll
0x00000000654b0000 - 0x0000000065d33000 	C:\Program Files\Java\jdk1.8.0_45\jre\bin\server\jvm.dll
0x00007ffe00d60000 - 0x00007ffe00d68000 	C:\WINDOWS\system32\PSAPI.DLL
0x00007ffdf4470000 - 0x00007ffdf4479000 	C:\WINDOWS\SYSTEM32\WSOCK32.dll
0x00007ffe00d70000 - 0x00007ffe00ddb000 	C:\WINDOWS\system32\WS2_32.dll
0x00007ffdfabc0000 - 0x00007ffdfabe3000 	C:\WINDOWS\SYSTEM32\WINMM.dll
0x00007ffdfab60000 - 0x00007ffdfab8c000 	C:\WINDOWS\SYSTEM32\WINMMBASE.dll
0x00007ffdffbf0000 - 0x00007ffdffc33000 	C:\WINDOWS\system32\cfgmgr32.dll
0x00000000661a0000 - 0x00000000661af000 	C:\Program Files\Java\jdk1.8.0_45\jre\bin\verify.dll
0x0000000065360000 - 0x0000000065389000 	C:\Program Files\Java\jdk1.8.0_45\jre\bin\java.dll
0x0000000066180000 - 0x0000000066196000 	C:\Program Files\Java\jdk1.8.0_45\jre\bin\zip.dll
0x00007ffe019a0000 - 0x00007ffe02efc000 	C:\WINDOWS\system32\SHELL32.dll
0x00007ffdffc40000 - 0x00007ffe00285000 	C:\WINDOWS\system32\windows.storage.dll
0x00007ffe00420000 - 0x00007ffe00472000 	C:\WINDOWS\system32\shlwapi.dll
0x00007ffdff5a0000 - 0x00007ffdff5af000 	C:\WINDOWS\system32\kernel.appcore.dll
0x00007ffdff660000 - 0x00007ffdff715000 	C:\WINDOWS\system32\shcore.dll
0x00007ffdff550000 - 0x00007ffdff59b000 	C:\WINDOWS\system32\powrprof.dll
0x00007ffdff520000 - 0x00007ffdff534000 	C:\WINDOWS\system32\profapi.dll
0x0000000065180000 - 0x0000000065318000 	C:\Program Files\Java\jdk1.8.0_45\jre\bin\awt.dll
0x00007ffe00ea0000 - 0x00007ffe00f61000 	C:\WINDOWS\system32\OLEAUT32.dll
0x00007ffdfdcc0000 - 0x00007ffdfdd39000 	C:\WINDOWS\system32\apphelp.dll
0x00007ffdfde50000 - 0x00007ffdfdee6000 	C:\WINDOWS\system32\uxtheme.dll
0x00007ffe00a70000 - 0x00007ffe00bca000 	C:\WINDOWS\system32\MSCTF.dll
0x00007ffdfa7d0000 - 0x00007ffdfa7f2000 	C:\WINDOWS\system32\dwmapi.dll
0x00007ffe01840000 - 0x00007ffe01983000 	C:\WINDOWS\system32\ole32.dll
0x0000000065060000 - 0x0000000065067000 	C:\Program Files\Java\jdk1.8.0_45\jre\bin\jawt.dll
0x0000000018300000 - 0x000000001833e000 	C:\Program Files\Java\jdk1.8.0_45\jre\bin\j3dcore-ogl.dll
0x00007ffde82b0000 - 0x00007ffde83d9000 	C:\WINDOWS\SYSTEM32\OPENGL32.dll
0x00007ffde8a00000 - 0x00007ffde8a2e000 	C:\WINDOWS\SYSTEM32\GLU32.dll
0x00007ffde80f0000 - 0x00007ffde81ea000 	C:\WINDOWS\SYSTEM32\DDRAW.dll
0x00007ffde96f0000 - 0x00007ffde96f8000 	C:\WINDOWS\SYSTEM32\DCIMAN32.dll
0x00007ffdd6480000 - 0x00007ffdd6cb3000 	C:\WINDOWS\SYSTEM32\ig7icd64.dll
0x00007ffdf8200000 - 0x00007ffdf865f000 	C:\WINDOWS\SYSTEM32\igdusc64.dll
0x00007ffdfd300000 - 0x00007ffdfd313000 	C:\WINDOWS\SYSTEM32\WTSAPI32.dll
0x0000000065020000 - 0x0000000065051000 	C:\Program Files\Java\jdk1.8.0_45\jre\bin\jpeg.dll
0x0000000065130000 - 0x0000000065177000 	C:\Program Files\Java\jdk1.8.0_45\jre\bin\fontmanager.dll
0x0000000065340000 - 0x000000006535a000 	C:\Program Files\Java\jdk1.8.0_45\jre\bin\net.dll
0x00007ffdfeda0000 - 0x00007ffdfedfc000 	C:\WINDOWS\system32\mswsock.dll
0x0000000065320000 - 0x0000000065331000 	C:\Program Files\Java\jdk1.8.0_45\jre\bin\nio.dll
0x00000000650e0000 - 0x0000000065121000 	C:\Program Files\Java\jdk1.8.0_45\jre\bin\t2k.dll
0x00007ffde8480000 - 0x00007ffde860c000 	C:\WINDOWS\SYSTEM32\dbghelp.dll

VM Arguments:
jvm_args: -Dfile.encoding=UTF-8 
java_command: practica1.Practica1
java_class_path (initial): C:\Users\Jose\Desktop\Practica1\build\classes
Launcher Type: SUN_STANDARD

Environment Variables:
PATH=C:\ProgramData\Oracle\Java\javapath;C:\WINDOWS\system32;C:\WINDOWS;C:\WINDOWS\System32\Wbem;C:\WINDOWS\System32\WindowsPowerShell\v1.0\;C:\MinGW\bin;C:\Program Files (x86)\NVIDIA Corporation\PhysX\Common;C:\WINDOWS\system32;C:\WINDOWS;C:\WINDOWS\System32\Wbem;C:\WINDOWS\System32\WindowsPowerShell\v1.0\;C:\Program Files (x86)\Skype\Phone\;C:\WINDOWS\system32\config\systemprofile\.dnx\bin;C:\Program Files\Microsoft DNX\Dnvm\;C:\Program Files\Java\jdk1.8.0_45\bin
USERNAME=Jose
OS=Windows_NT
PROCESSOR_IDENTIFIER=Intel64 Family 6 Model 58 Stepping 9, GenuineIntel



---------------  S Y S T E M  ---------------

OS: Windows 10.0 , 64 bit Build 10586 (10.0.10586.0)

CPU:total 8 (4 cores per cpu, 2 threads per core) family 6 model 58 stepping 9, cmov, cx8, fxsr, mmx, sse, sse2, sse3, ssse3, sse4.1, sse4.2, popcnt, avx, aes, clmul, erms, ht, tsc, tscinvbit, tscinv

Memory: 4k page, physical 4077044k(616224k free), swap 10368500k(2283400k free)

vm_info: Java HotSpot(TM) 64-Bit Server VM (25.45-b02) for windows-amd64 JRE (1.8.0_45-b15), built on Apr 30 2015 12:40:44 by "java_re" with MS VC++ 10.0 (VS2010)

time: Wed Apr 20 22:54:41 2016
elapsed time: 23 seconds (0d 0h 0m 23s)

