#
# A fatal error has been detected by the Java Runtime Environment:
#
#  EXCEPTION_ACCESS_VIOLATION (0xc0000005) at pc=0x0000000002ad242e, pid=8040, tid=5916
#
# JRE version: Java(TM) SE Runtime Environment (8.0_45-b15) (build 1.8.0_45-b15)
# Java VM: Java HotSpot(TM) 64-Bit Server VM (25.45-b02 mixed mode windows-amd64 compressed oops)
# Problematic frame:
# J 1467 C1 sun.awt.SunToolkit.getAppContext(Ljava/lang/Object;)Lsun/awt/AppContext; (42 bytes) @ 0x0000000002ad242e [0x0000000002ad23c0+0x6e]
#
# Failed to write core dump. Minidumps are not enabled by default on client versions of Windows
#
# If you would like to submit a bug report, please visit:
#   http://bugreport.java.com/bugreport/crash.jsp
#

---------------  T H R E A D  ---------------

Current thread (0x0000000017c72800):  JavaThread "AWT-EventQueue-0" [_thread_in_Java, id=5916, stack(0x000000001a5e0000,0x000000001a6e0000)]

siginfo: ExceptionCode=0xc0000005, reading address 0x0000000000004008

Registers:
RAX=0x0000000014a2dd40, RBX=0x0000000100070240, RCX=0x0000000019c55380, RDX=0x0000000000004000
RSP=0x000000001a6d9670, RBP=0x000000001a6d9780, RSI=0x0000000000000ab8, RDI=0x0000000000000108
R8 =0x0000000014a2dc90, R9 =0x0000000017c7a620, R10=0x000000005ffebba0, R11=0x0000000002ad1620
R12=0x0000000000000000, R13=0x000000001a6d9738, R14=0x000000001a6d9790, R15=0x0000000017c72800
RIP=0x0000000002ad242e, EFLAGS=0x0000000000010206

Top of Stack: (sp=0x000000001a6d9670)
0x000000001a6d9670:   00000000c30cfbe8 0000000019d5c970
0x000000001a6d9680:   000000001a6d9790 0000000014a2dd40
0x000000001a6d9690:   0000000017c72800 000000005ffebba0
0x000000001a6d96a0:   0000000000004000 0000000002acba24
0x000000001a6d96b0:   000000001a6d9780 0000000002ad16bc
0x000000001a6d96c0:   000000001a6d9700 0000000017c72800
0x000000001a6d96d0:   000000001a6d9790 0000000014c73c15
0x000000001a6d96e0:   0000000000000000 0000004ca8195f01
0x000000001a6d96f0:   0000000000004000 00000000000000b8
0x000000001a6d9700:   000000001a6d9780 00000000024c210c
0x000000001a6d9710:   000000001a6d9700 00000000000000b8
0x000000001a6d9720:   000000001a6d9780 00000000024a7a70
0x000000001a6d9730:   00000000024a7a70 0000000000004000
0x000000001a6d9740:   000000001a6d9740 0000000014c73c15
0x000000001a6d9750:   000000001a6d9790 0000000019c55380
0x000000001a6d9760:   0000000019d51558 0000000014c73c30 

Instructions: (pc=0x0000000002ad242e)
0x0000000002ad240e:   28 d3 19 00 00 00 00 81 8f 00 01 00 00 00 01 00
0x0000000002ad241e:   00 e9 c1 00 00 00 48 bb 40 02 07 00 01 00 00 00
0x0000000002ad242e:   8b 7a 08 48 c1 e7 03 48 3b 5f 30 0f 85 8a 00 00
0x0000000002ad243e:   00 48 bf f0 28 d3 19 00 00 00 00 8b 5a 08 48 c1 


Register to memory mapping:

RAX={method} {0x0000000014a2dd48} 'targetToAppContext' '(Ljava/lang/Object;)Lsun/awt/AppContext;' in 'sun/awt/SunToolkit'
RBX=0x0000000100070240 is pointing into metadata
RCX=0x0000000019c55380 is pointing into metadata
RDX=0x0000000000004000 is an unknown value
RSP=0x000000001a6d9670 is pointing into the stack for thread: 0x0000000017c72800
RBP=0x000000001a6d9780 is pointing into the stack for thread: 0x0000000017c72800
RSI=0x0000000000000ab8 is an unknown value
RDI=0x0000000000000108 is an unknown value
R8 ={method} {0x0000000014a2dc98} 'getAppContext' '(Ljava/lang/Object;)Lsun/awt/AppContext;' in 'sun/awt/SunToolkit'
R9 =0x0000000017c7a620 is an unknown value
R10=0x000000005ffebba0 is an unknown value
R11=0x0000000002ad1620 is at entry_point+0 in (nmethod*)0x0000000002ad1490
R12=0x0000000000000000 is an unknown value
R13=0x000000001a6d9738 is pointing into the stack for thread: 0x0000000017c72800
R14=0x000000001a6d9790 is pointing into the stack for thread: 0x0000000017c72800
R15=0x0000000017c72800 is a thread


Stack: [0x000000001a5e0000,0x000000001a6e0000],  sp=0x000000001a6d9670,  free space=997k
Native frames: (J=compiled Java code, j=interpreted, Vv=VM code, C=native code)
C  0x0000000002ad242e


---------------  P R O C E S S  ---------------

Java Threads: ( => current thread )
  0x00000000171a1800 JavaThread "J3D-InputDeviceScheduler-1" [_thread_blocked, id=9984, stack(0x000000001aee0000,0x000000001afe0000)]
  0x000000001719d000 JavaThread "J3D-SoundSchedulerUpdateThread-1" [_thread_blocked, id=3840, stack(0x000000001ade0000,0x000000001aee0000)]
  0x00000000171a1000 JavaThread "J3D-RenderStructureUpdateThread-1" [_thread_blocked, id=10932, stack(0x000000001ace0000,0x000000001ade0000)]
  0x000000001719b800 JavaThread "J3D-BehaviorScheduler-1" [_thread_blocked, id=9308, stack(0x000000001abe0000,0x000000001ace0000)]
  0x000000001719f800 JavaThread "J3D-TransformStructureUpdateThread-1" [_thread_blocked, id=10336, stack(0x000000001aae0000,0x000000001abe0000)]
  0x000000001719e800 JavaThread "J3D-RenderingEnvironmentStructureUpdateThread-1" [_thread_blocked, id=8828, stack(0x000000001a9e0000,0x000000001aae0000)]
  0x000000001719c800 JavaThread "J3D-SoundStructureUpdateThread-1" [_thread_blocked, id=8792, stack(0x000000001a8e0000,0x000000001a9e0000)]
  0x00000000181cb800 JavaThread "J3D-GeometryStructureUpdateThread-1" [_thread_blocked, id=10412, stack(0x000000001a7e0000,0x000000001a8e0000)]
  0x00000000181ca800 JavaThread "J3D-BehaviorStructureUpdateThread-1" [_thread_blocked, id=8968, stack(0x000000001a6e0000,0x000000001a7e0000)]
  0x00000000023a0800 JavaThread "DestroyJavaVM" [_thread_blocked, id=452, stack(0x00000000021d0000,0x00000000022d0000)]
=>0x0000000017c72800 JavaThread "AWT-EventQueue-0" [_thread_in_Java, id=5916, stack(0x000000001a5e0000,0x000000001a6e0000)]
  0x0000000017f2c000 JavaThread "J3D-Renderer-1" [_thread_in_native, id=8504, stack(0x0000000018bc0000,0x0000000018cc0000)]
  0x0000000017c6b000 JavaThread "J3D-MasterControl-1" [_thread_blocked, id=1996, stack(0x0000000018ac0000,0x0000000018bc0000)]
  0x0000000017c6a800 JavaThread "J3D-NotificationThread" [_thread_blocked, id=500, stack(0x00000000189c0000,0x0000000018ac0000)]
  0x0000000017d9b000 JavaThread "J3D-TimerThread" [_thread_blocked, id=9488, stack(0x00000000188c0000,0x00000000189c0000)]
  0x0000000017d14000 JavaThread "J3D-RenderingAttributesStructureUpdateThread" [_thread_blocked, id=1004, stack(0x00000000187c0000,0x00000000188c0000)]
  0x0000000017bf0000 JavaThread "AWT-Windows" daemon [_thread_in_native, id=8100, stack(0x00000000185b0000,0x00000000186b0000)]
  0x0000000017bef000 JavaThread "AWT-Shutdown" [_thread_blocked, id=9252, stack(0x00000000184b0000,0x00000000185b0000)]
  0x0000000017bac000 JavaThread "Java2D Disposer" daemon [_thread_blocked, id=1160, stack(0x00000000183b0000,0x00000000184b0000)]
  0x0000000016f67800 JavaThread "Service Thread" daemon [_thread_blocked, id=9752, stack(0x00000000178b0000,0x00000000179b0000)]
  0x0000000016ee7800 JavaThread "C1 CompilerThread3" daemon [_thread_blocked, id=9872, stack(0x00000000177b0000,0x00000000178b0000)]
  0x0000000016ee1000 JavaThread "C2 CompilerThread2" daemon [_thread_blocked, id=10628, stack(0x00000000176b0000,0x00000000177b0000)]
  0x0000000016edf800 JavaThread "C2 CompilerThread1" daemon [_thread_blocked, id=6856, stack(0x00000000175b0000,0x00000000176b0000)]
  0x0000000016eda000 JavaThread "C2 CompilerThread0" daemon [_thread_blocked, id=10776, stack(0x00000000174b0000,0x00000000175b0000)]
  0x0000000016ed6000 JavaThread "Attach Listener" daemon [_thread_blocked, id=5232, stack(0x00000000173b0000,0x00000000174b0000)]
  0x0000000016ed5000 JavaThread "Signal Dispatcher" daemon [_thread_blocked, id=4828, stack(0x00000000172b0000,0x00000000173b0000)]
  0x000000000249a800 JavaThread "Finalizer" daemon [_thread_blocked, id=10676, stack(0x0000000016db0000,0x0000000016eb0000)]
  0x0000000002494800 JavaThread "Reference Handler" daemon [_thread_blocked, id=10824, stack(0x0000000016cb0000,0x0000000016db0000)]

Other Threads:
  0x0000000014eb9000 VMThread [stack: 0x0000000016bb0000,0x0000000016cb0000] [id=6996]
  0x0000000016f04000 WatcherThread [stack: 0x00000000179b0000,0x0000000017ab0000] [id=9988]

VM state:not at safepoint (normal execution)

VM Mutex/Monitor currently owned by a thread: None

Heap:
 PSYoungGen      total 72704K, used 42223K [0x00000000eb400000, 0x00000000f0a80000, 0x0000000100000000)
  eden space 60928K, 68% used [0x00000000eb400000,0x00000000edd0bc38,0x00000000eef80000)
  from space 11776K, 1% used [0x00000000eff00000,0x00000000eff30000,0x00000000f0a80000)
  to   space 13824K, 0% used [0x00000000eef80000,0x00000000eef80000,0x00000000efd00000)
 ParOldGen       total 44032K, used 23160K [0x00000000c1c00000, 0x00000000c4700000, 0x00000000eb400000)
  object space 44032K, 52% used [0x00000000c1c00000,0x00000000c329e050,0x00000000c4700000)
 Metaspace       used 15415K, capacity 15690K, committed 15872K, reserved 1062912K
  class space    used 1662K, capacity 1775K, committed 1792K, reserved 1048576K

Card table byte_map: [0x0000000011860000,0x0000000011a60000] byte_map_base: 0x0000000011252000

Marking Bits: (ParMarkBitMap*) 0x0000000060004040
 Begin Bits: [0x00000000123b0000, 0x0000000013340000)
 End Bits:   [0x0000000013340000, 0x00000000142d0000)

Polling page: 0x0000000000970000

CodeCache: size=245760Kb used=6986Kb max_used=6989Kb free=238773Kb
 bounds [0x00000000024a0000, 0x0000000002b80000, 0x00000000114a0000]
 total_blobs=2271 nmethods=1638 adapters=546
 compilation: enabled

Compilation events (10 events):
Event: 34.954 Thread 0x0000000016eda000 1637 %     4       javax.media.j3d.J3dThread::run @ 7 (37 bytes)
Event: 34.959 Thread 0x0000000016eda000 nmethod 1637% 0x0000000002b737d0 code [0x0000000002b73940, 0x0000000002b73e18]
Event: 39.619 Thread 0x0000000016edf800 1638       4       java.util.concurrent.locks.ReentrantLock::lock (8 bytes)
Event: 39.620 Thread 0x0000000016edf800 nmethod 1638 0x0000000002b734d0 code [0x0000000002b73620, 0x0000000002b736e8]
Event: 40.015 Thread 0x0000000016ee1000 1639       4       java.util.concurrent.locks.ReentrantLock::unlock (10 bytes)
Event: 40.018 Thread 0x0000000016ee1000 nmethod 1639 0x0000000002b72f50 code [0x0000000002b730a0, 0x0000000002b73248]
Event: 40.354 Thread 0x0000000016ee7800 1640       3       javax.media.j3d.Alpha::value (1304 bytes)
Event: 40.356 Thread 0x0000000016ee7800 nmethod 1640 0x0000000002b77550 code [0x0000000002b77940, 0x0000000002b79058]
Event: 40.702 Thread 0x0000000016eda000 1641       4       javax.media.j3d.Alpha::value (1304 bytes)
Event: 40.704 Thread 0x0000000016eda000 nmethod 1641 0x0000000002b746d0 code [0x0000000002b74860, 0x0000000002b74b18]

GC Heap History (10 events):
Event: 2.022 GC heap before
{Heap before GC invocations=4 (full 0):
 PSYoungGen      total 18944K, used 18912K [0x00000000eb400000, 0x00000000ed900000, 0x0000000100000000)
  eden space 16384K, 100% used [0x00000000eb400000,0x00000000ec400000,0x00000000ec400000)
  from space 2560K, 98% used [0x00000000ec400000,0x00000000ec6780d0,0x00000000ec680000)
  to   space 2560K, 0% used [0x00000000ed680000,0x00000000ed680000,0x00000000ed900000)
 ParOldGen       total 44032K, used 8936K [0x00000000c1c00000, 0x00000000c4700000, 0x00000000eb400000)
  object space 44032K, 20% used [0x00000000c1c00000,0x00000000c24ba288,0x00000000c4700000)
 Metaspace       used 15188K, capacity 15434K, committed 15616K, reserved 1062912K
  class space    used 1662K, capacity 1775K, committed 1792K, reserved 1048576K
Event: 2.030 GC heap after
Heap after GC invocations=4 (full 0):
 PSYoungGen      total 35328K, used 2528K [0x00000000eb400000, 0x00000000ed900000, 0x0000000100000000)
  eden space 32768K, 0% used [0x00000000eb400000,0x00000000eb400000,0x00000000ed400000)
  from space 2560K, 98% used [0x00000000ed680000,0x00000000ed8f80a0,0x00000000ed900000)
  to   space 2560K, 0% used [0x00000000ed400000,0x00000000ed400000,0x00000000ed680000)
 ParOldGen       total 44032K, used 20543K [0x00000000c1c00000, 0x00000000c4700000, 0x00000000eb400000)
  object space 44032K, 46% used [0x00000000c1c00000,0x00000000c300ff60,0x00000000c4700000)
 Metaspace       used 15188K, capacity 15434K, committed 15616K, reserved 1062912K
  class space    used 1662K, capacity 1775K, committed 1792K, reserved 1048576K
}
Event: 7.749 GC heap before
{Heap before GC invocations=5 (full 0):
 PSYoungGen      total 35328K, used 35296K [0x00000000eb400000, 0x00000000ed900000, 0x0000000100000000)
  eden space 32768K, 100% used [0x00000000eb400000,0x00000000ed400000,0x00000000ed400000)
  from space 2560K, 98% used [0x00000000ed680000,0x00000000ed8f80a0,0x00000000ed900000)
  to   space 2560K, 0% used [0x00000000ed400000,0x00000000ed400000,0x00000000ed680000)
 ParOldGen       total 44032K, used 20543K [0x00000000c1c00000, 0x00000000c4700000, 0x00000000eb400000)
  object space 44032K, 46% used [0x00000000c1c00000,0x00000000c300ff60,0x00000000c4700000)
 Metaspace       used 15204K, capacity 15434K, committed 15616K, reserved 1062912K
  class space    used 1662K, capacity 1775K, committed 1792K, reserved 1048576K
Event: 7.752 GC heap after
Heap after GC invocations=5 (full 0):
 PSYoungGen      total 35328K, used 2528K [0x00000000eb400000, 0x00000000f0f00000, 0x0000000100000000)
  eden space 32768K, 0% used [0x00000000eb400000,0x00000000eb400000,0x00000000ed400000)
  from space 2560K, 98% used [0x00000000ed400000,0x00000000ed6780a0,0x00000000ed680000)
  to   space 13824K, 0% used [0x00000000f0180000,0x00000000f0180000,0x00000000f0f00000)
 ParOldGen       total 44032K, used 20607K [0x00000000c1c00000, 0x00000000c4700000, 0x00000000eb400000)
  object space 44032K, 46% used [0x00000000c1c00000,0x00000000c301ff60,0x00000000c4700000)
 Metaspace       used 15204K, capacity 15434K, committed 15616K, reserved 1062912K
  class space    used 1662K, capacity 1775K, committed 1792K, reserved 1048576K
}
Event: 13.272 GC heap before
{Heap before GC invocations=6 (full 0):
 PSYoungGen      total 35328K, used 35296K [0x00000000eb400000, 0x00000000f0f00000, 0x0000000100000000)
  eden space 32768K, 100% used [0x00000000eb400000,0x00000000ed400000,0x00000000ed400000)
  from space 2560K, 98% used [0x00000000ed400000,0x00000000ed6780a0,0x00000000ed680000)
  to   space 13824K, 0% used [0x00000000f0180000,0x00000000f0180000,0x00000000f0f00000)
 ParOldGen       total 44032K, used 20607K [0x00000000c1c00000, 0x00000000c4700000, 0x00000000eb400000)
  object space 44032K, 46% used [0x00000000c1c00000,0x00000000c301ff60,0x00000000c4700000)
 Metaspace       used 15205K, capacity 15434K, committed 15616K, reserved 1062912K
  class space    used 1662K, capacity 1775K, committed 1792K, reserved 1048576K
Event: 13.276 GC heap after
Heap after GC invocations=6 (full 0):
 PSYoungGen      total 79360K, used 2624K [0x00000000eb400000, 0x00000000f0f00000, 0x0000000100000000)
  eden space 65536K, 0% used [0x00000000eb400000,0x00000000eb400000,0x00000000ef400000)
  from space 13824K, 18% used [0x00000000f0180000,0x00000000f04100a0,0x00000000f0f00000)
  to   space 13824K, 0% used [0x00000000ef400000,0x00000000ef400000,0x00000000f0180000)
 ParOldGen       total 44032K, used 20615K [0x00000000c1c00000, 0x00000000c4700000, 0x00000000eb400000)
  object space 44032K, 46% used [0x00000000c1c00000,0x00000000c3021f60,0x00000000c4700000)
 Metaspace       used 15205K, capacity 15434K, committed 15616K, reserved 1062912K
  class space    used 1662K, capacity 1775K, committed 1792K, reserved 1048576K
}
Event: 24.180 GC heap before
{Heap before GC invocations=7 (full 0):
 PSYoungGen      total 79360K, used 68160K [0x00000000eb400000, 0x00000000f0f00000, 0x0000000100000000)
  eden space 65536K, 100% used [0x00000000eb400000,0x00000000ef400000,0x00000000ef400000)
  from space 13824K, 18% used [0x00000000f0180000,0x00000000f04100a0,0x00000000f0f00000)
  to   space 13824K, 0% used [0x00000000ef400000,0x00000000ef400000,0x00000000f0180000)
 ParOldGen       total 44032K, used 20615K [0x00000000c1c00000, 0x00000000c4700000, 0x00000000eb400000)
  object space 44032K, 46% used [0x00000000c1c00000,0x00000000c3021f60,0x00000000c4700000)
 Metaspace       used 15228K, capacity 15498K, committed 15616K, reserved 1062912K
  class space    used 1662K, capacity 1775K, committed 1792K, reserved 1048576K
Event: 24.183 GC heap after
Heap after GC invocations=7 (full 0):
 PSYoungGen      total 64512K, used 1512K [0x00000000eb400000, 0x00000000f0c80000, 0x0000000100000000)
  eden space 62976K, 0% used [0x00000000eb400000,0x00000000eb400000,0x00000000ef180000)
  from space 1536K, 98% used [0x00000000ef400000,0x00000000ef57a040,0x00000000ef580000)
  to   space 13824K, 0% used [0x00000000eff00000,0x00000000eff00000,0x00000000f0c80000)
 ParOldGen       total 44032K, used 21788K [0x00000000c1c00000, 0x00000000c4700000, 0x00000000eb400000)
  object space 44032K, 49% used [0x00000000c1c00000,0x00000000c31473e0,0x00000000c4700000)
 Metaspace       used 15228K, capacity 15498K, committed 15616K, reserved 1062912K
  class space    used 1662K, capacity 1775K, committed 1792K, reserved 1048576K
}
Event: 34.751 GC heap before
{Heap before GC invocations=8 (full 0):
 PSYoungGen      total 64512K, used 64488K [0x00000000eb400000, 0x00000000f0c80000, 0x0000000100000000)
  eden space 62976K, 100% used [0x00000000eb400000,0x00000000ef180000,0x00000000ef180000)
  from space 1536K, 98% used [0x00000000ef400000,0x00000000ef57a040,0x00000000ef580000)
  to   space 13824K, 0% used [0x00000000eff00000,0x00000000eff00000,0x00000000f0c80000)
 ParOldGen       total 44032K, used 21788K [0x00000000c1c00000, 0x00000000c4700000, 0x00000000eb400000)
  object space 44032K, 49% used [0x00000000c1c00000,0x00000000c31473e0,0x00000000c4700000)
 Metaspace       used 15414K, capacity 15690K, committed 15872K, reserved 1062912K
  class space    used 1662K, capacity 1775K, committed 1792K, reserved 1048576K
Event: 34.753 GC heap after
Heap after GC invocations=8 (full 0):
 PSYoungGen      total 72704K, used 192K [0x00000000eb400000, 0x00000000f0a80000, 0x0000000100000000)
  eden space 60928K, 0% used [0x00000000eb400000,0x00000000eb400000,0x00000000eef80000)
  from space 11776K, 1% used [0x00000000eff00000,0x00000000eff30000,0x00000000f0a80000)
  to   space 13824K, 0% used [0x00000000eef80000,0x00000000eef80000,0x00000000efd00000)
 ParOldGen       total 44032K, used 23160K [0x00000000c1c00000, 0x00000000c4700000, 0x00000000eb400000)
  object space 44032K, 52% used [0x00000000c1c00000,0x00000000c329e050,0x00000000c4700000)
 Metaspace       used 15414K, capacity 15690K, committed 15872K, reserved 1062912K
  class space    used 1662K, capacity 1775K, committed 1792K, reserved 1048576K
}

Deoptimization events (10 events):
Event: 23.364 Thread 0x000000001719b800 Uncommon trap: reason=predicate action=maybe_recompile pc=0x0000000002abe564 method=javax.media.j3d.BehaviorStructure.handleBehaviorPost()V @ 120
Event: 23.366 Thread 0x000000001719b800 Uncommon trap: reason=class_check action=maybe_recompile pc=0x000000000296533c method=javax.media.j3d.WakeupCriteriaEnumerator.reset(Ljavax/media/j3d/WakeupCondition;I)V @ 11
Event: 23.366 Thread 0x000000001719b800 Uncommon trap: reason=unstable_if action=reinterpret pc=0x00000000029808c4 method=javax.media.j3d.BehaviorRetained.handleLastWakeupOn(Ljavax/media/j3d/WakeupCondition;Ljavax/media/j3d/BehaviorStructure;)V @ 16
Event: 23.367 Thread 0x000000001719b800 Uncommon trap: reason=unstable_if action=reinterpret pc=0x0000000002a7e280 method=javax.media.j3d.MasterControl.sendRunMessage(Ljavax/media/j3d/VirtualUniverse;I)V @ 16
Event: 23.367 Thread 0x000000001719b800 Uncommon trap: reason=unstable_if action=reinterpret pc=0x0000000002a037b8 method=javax.media.j3d.WakeupIndexedList.toArray(Z)[Ljava/lang/Object; @ 8
Event: 23.369 Thread 0x0000000017c6b000 Uncommon trap: reason=unstable_if action=reinterpret pc=0x0000000002a277a8 method=javax.media.j3d.WakeupIndexedList.toArray(Z)[Ljava/lang/Object; @ 8
Event: 23.377 Thread 0x000000001719b800 Uncommon trap: reason=class_check action=maybe_recompile pc=0x000000000296533c method=javax.media.j3d.WakeupCriteriaEnumerator.reset(Ljavax/media/j3d/WakeupCondition;I)V @ 11
Event: 23.388 Thread 0x000000001719b800 Uncommon trap: reason=class_check action=maybe_recompile pc=0x000000000296533c method=javax.media.j3d.WakeupCriteriaEnumerator.reset(Ljavax/media/j3d/WakeupCondition;I)V @ 11
Event: 23.402 Thread 0x000000001719b800 Uncommon trap: reason=class_check action=maybe_recompile pc=0x000000000296533c method=javax.media.j3d.WakeupCriteriaEnumerator.reset(Ljavax/media/j3d/WakeupCondition;I)V @ 11
Event: 40.346 Thread 0x000000001719b800 Uncommon trap: reason=unstable_if action=reinterpret pc=0x0000000002986624 method=javax.media.j3d.Alpha.value(J)F @ 182

Internal exceptions (10 events):
Event: 0.210 Thread 0x00000000023a0800 Exception <a 'java/security/PrivilegedActionException'> (0x00000000eb840eb0) thrown at [C:\re\workspace\8-2-build-windows-amd64-cygwin\jdk8u45\3627\hotspot\src\share\vm\prims\jvm.cpp, line 1382]
Event: 0.210 Thread 0x00000000023a0800 Exception <a 'java/security/PrivilegedActionException'> (0x00000000eb841068) thrown at [C:\re\workspace\8-2-build-windows-amd64-cygwin\jdk8u45\3627\hotspot\src\share\vm\prims\jvm.cpp, line 1382]
Event: 0.215 Thread 0x00000000023a0800 Exception <a 'java/io/FileNotFoundException'> (0x00000000eb844488) thrown at [C:\re\workspace\8-2-build-windows-amd64-cygwin\jdk8u45\3627\hotspot\src\share\vm\prims\jni.cpp, line 709]
Event: 0.307 Thread 0x00000000023a0800 Exception <a 'java/lang/NoSuchFieldError': method resolution failed> (0x00000000eba56248) thrown at [C:\re\workspace\8-2-build-windows-amd64-cygwin\jdk8u45\3627\hotspot\src\share\vm\prims\methodHandles.cpp, line 1125]
Event: 0.309 Thread 0x00000000023a0800 Exception <a 'java/lang/NoSuchFieldError': method resolution failed> (0x00000000eba64c58) thrown at [C:\re\workspace\8-2-build-windows-amd64-cygwin\jdk8u45\3627\hotspot\src\share\vm\prims\methodHandles.cpp, line 1125]
Event: 0.366 Thread 0x00000000023a0800 Exception <a 'java/io/FileNotFoundException'> (0x00000000ebda52d8) thrown at [C:\re\workspace\8-2-build-windows-amd64-cygwin\jdk8u45\3627\hotspot\src\share\vm\prims\jni.cpp, line 709]
Event: 0.790 Thread 0x00000000023a0800 Implicit null exception at 0x000000000275c219 to 0x000000000275c575
Event: 0.791 Thread 0x00000000023a0800 Implicit null exception at 0x00000000026f38d6 to 0x00000000026f3bfd
Event: 0.794 Thread 0x00000000023a0800 Implicit null exception at 0x0000000002784695 to 0x00000000027848bd
Event: 0.794 Thread 0x00000000023a0800 Implicit null exception at 0x00000000026bab5b to 0x00000000026bb345

Events (10 events):
Event: 23.402 Thread 0x000000001719b800 DEOPT UNPACKING pc=0x00000000024e582a sp=0x000000001acdf588 mode 2
Event: 24.180 Executing VM operation: ParallelGCFailedAllocation
Event: 24.183 Executing VM operation: ParallelGCFailedAllocation done
Event: 34.751 Executing VM operation: ParallelGCFailedAllocation
Event: 34.753 Executing VM operation: ParallelGCFailedAllocation done
Event: 37.640 Thread 0x0000000017f2c000 DEOPT PACKING pc=0x0000000002abddea sp=0x0000000018cbf280
Event: 37.641 Thread 0x0000000017f2c000 DEOPT UNPACKING pc=0x00000000024e787f sp=0x0000000018cbefe0 mode 0
Event: 40.346 Thread 0x000000001719b800 Uncommon trap: trap_request=0xffffff65 fr.pc=0x0000000002986624
Event: 40.347 Thread 0x000000001719b800 DEOPT PACKING pc=0x0000000002986624 sp=0x000000001acdf540
Event: 40.347 Thread 0x000000001719b800 DEOPT UNPACKING pc=0x00000000024e582a sp=0x000000001acdf4b0 mode 2


Dynamic libraries:
0x00007ff789f90000 - 0x00007ff789fc7000 	C:\Program Files\Java\jdk1.8.0_45\bin\java.exe
0x00007ffa28b80000 - 0x00007ffa28d41000 	C:\WINDOWS\SYSTEM32\ntdll.dll
0x00007ffa26880000 - 0x00007ffa2692d000 	C:\WINDOWS\system32\KERNEL32.DLL
0x00007ffa25a30000 - 0x00007ffa25c18000 	C:\WINDOWS\system32\KERNELBASE.dll
0x00007ffa285a0000 - 0x00007ffa28647000 	C:\WINDOWS\system32\ADVAPI32.dll
0x00007ffa26240000 - 0x00007ffa262dd000 	C:\WINDOWS\system32\msvcrt.dll
0x00007ffa26c00000 - 0x00007ffa26c5b000 	C:\WINDOWS\system32\sechost.dll
0x00007ffa26f20000 - 0x00007ffa2703c000 	C:\WINDOWS\system32\RPCRT4.dll
0x00007ffa26c60000 - 0x00007ffa26db6000 	C:\WINDOWS\system32\USER32.dll
0x00007ffa26a70000 - 0x00007ffa26bf6000 	C:\WINDOWS\system32\GDI32.dll
0x00007ffa20440000 - 0x00007ffa206b4000 	C:\WINDOWS\WinSxS\amd64_microsoft.windows.common-controls_6595b64144ccf1df_6.0.10586.0_none_8c15ae12515e1c22\COMCTL32.dll
0x00007ffa28660000 - 0x00007ffa288dd000 	C:\WINDOWS\system32\combase.dll
0x00007ffa25c90000 - 0x00007ffa25cfa000 	C:\WINDOWS\system32\bcryptPrimitives.dll
0x00007ffa28990000 - 0x00007ffa289cb000 	C:\WINDOWS\system32\IMM32.DLL
0x00007ffa25090000 - 0x00007ffa250c1000 	C:\Windows\system32\nvinitx.dll
0x00007ffa25080000 - 0x00007ffa2508a000 	C:\WINDOWS\SYSTEM32\VERSION.dll
0x000000005f720000 - 0x000000005f7f2000 	C:\Program Files\Java\jdk1.8.0_45\jre\bin\msvcr100.dll
0x000000005f800000 - 0x0000000060083000 	C:\Program Files\Java\jdk1.8.0_45\jre\bin\server\jvm.dll
0x00007ffa26870000 - 0x00007ffa26878000 	C:\WINDOWS\system32\PSAPI.DLL
0x00007ffa1a4a0000 - 0x00007ffa1a4a9000 	C:\WINDOWS\SYSTEM32\WSOCK32.dll
0x00007ffa20840000 - 0x00007ffa20863000 	C:\WINDOWS\SYSTEM32\WINMM.dll
0x00007ffa25f80000 - 0x00007ffa25feb000 	C:\WINDOWS\system32\WS2_32.dll
0x00000000009a0000 - 0x00000000009cc000 	C:\WINDOWS\SYSTEM32\WINMMBASE.dll
0x00007ffa25c20000 - 0x00007ffa25c63000 	C:\WINDOWS\system32\cfgmgr32.dll
0x000000005f6d0000 - 0x000000005f6df000 	C:\Program Files\Java\jdk1.8.0_45\jre\bin\verify.dll
0x000000005f6a0000 - 0x000000005f6c9000 	C:\Program Files\Java\jdk1.8.0_45\jre\bin\java.dll
0x000000005f680000 - 0x000000005f696000 	C:\Program Files\Java\jdk1.8.0_45\jre\bin\zip.dll
0x00007ffa27040000 - 0x00007ffa2859c000 	C:\WINDOWS\system32\SHELL32.dll
0x00007ffa253e0000 - 0x00007ffa25a25000 	C:\WINDOWS\system32\windows.storage.dll
0x00007ffa26010000 - 0x00007ffa26062000 	C:\WINDOWS\system32\shlwapi.dll
0x00007ffa251b0000 - 0x00007ffa251bf000 	C:\WINDOWS\system32\kernel.appcore.dll
0x00007ffa25320000 - 0x00007ffa253d5000 	C:\WINDOWS\system32\shcore.dll
0x00007ffa251c0000 - 0x00007ffa2520b000 	C:\WINDOWS\system32\powrprof.dll
0x00007ffa25210000 - 0x00007ffa25224000 	C:\WINDOWS\system32\profapi.dll
0x000000005f4a0000 - 0x000000005f638000 	C:\Program Files\Java\jdk1.8.0_45\jre\bin\awt.dll
0x00007ffa269a0000 - 0x00007ffa26a61000 	C:\WINDOWS\system32\OLEAUT32.dll
0x00007ffa23940000 - 0x00007ffa239b9000 	C:\WINDOWS\system32\apphelp.dll
0x00007ffa23b80000 - 0x00007ffa23c16000 	C:\WINDOWS\system32\uxtheme.dll
0x00007ffa26dc0000 - 0x00007ffa26f1a000 	C:\WINDOWS\system32\MSCTF.dll
0x00007ffa20400000 - 0x00007ffa20422000 	C:\WINDOWS\system32\dwmapi.dll
0x00007ffa262f0000 - 0x00007ffa26433000 	C:\WINDOWS\system32\ole32.dll
0x0000000060750000 - 0x0000000060757000 	C:\Program Files\Java\jdk1.8.0_45\jre\bin\jawt.dll
0x0000000000a20000 - 0x0000000000a5e000 	C:\Program Files\Java\jdk1.8.0_45\jre\bin\j3dcore-ogl.dll
0x00007ffa083f0000 - 0x00007ffa08519000 	C:\WINDOWS\SYSTEM32\OPENGL32.dll
0x00007ffa07f00000 - 0x00007ffa07ffa000 	C:\WINDOWS\SYSTEM32\DDRAW.dll
0x00007ffa083c0000 - 0x00007ffa083ee000 	C:\WINDOWS\SYSTEM32\GLU32.dll
0x00007ffa083b0000 - 0x00007ffa083b8000 	C:\WINDOWS\SYSTEM32\DCIMAN32.dll
0x00007ff9f8d50000 - 0x00007ff9f9583000 	C:\WINDOWS\SYSTEM32\ig7icd64.dll
0x00007ffa1d180000 - 0x00007ffa1d5df000 	C:\WINDOWS\SYSTEM32\igdusc64.dll
0x00007ffa22f20000 - 0x00007ffa22f33000 	C:\WINDOWS\SYSTEM32\WTSAPI32.dll
0x00000000606e0000 - 0x0000000060711000 	C:\Program Files\Java\jdk1.8.0_45\jre\bin\jpeg.dll
0x000000005f450000 - 0x000000005f497000 	C:\Program Files\Java\jdk1.8.0_45\jre\bin\fontmanager.dll
0x000000005f660000 - 0x000000005f67a000 	C:\Program Files\Java\jdk1.8.0_45\jre\bin\net.dll
0x00007ffa24a20000 - 0x00007ffa24a7c000 	C:\WINDOWS\system32\mswsock.dll
0x000000005f640000 - 0x000000005f651000 	C:\Program Files\Java\jdk1.8.0_45\jre\bin\nio.dll
0x000000005f400000 - 0x000000005f441000 	C:\Program Files\Java\jdk1.8.0_45\jre\bin\t2k.dll
0x00007ffa12310000 - 0x00007ffa1249c000 	C:\WINDOWS\SYSTEM32\dbghelp.dll

VM Arguments:
jvm_args: -Dfile.encoding=UTF-8 
java_command: practica1.Practica1
java_class_path (initial): C:\Users\Jose\Desktop\Practica1\build\classes
Launcher Type: SUN_STANDARD

Environment Variables:
PATH=C:\ProgramData\Oracle\Java\javapath;C:\WINDOWS\system32;C:\WINDOWS;C:\WINDOWS\System32\Wbem;C:\WINDOWS\System32\WindowsPowerShell\v1.0\;C:\MinGW\bin;C:\Program Files (x86)\NVIDIA Corporation\PhysX\Common;C:\WINDOWS\system32;C:\WINDOWS;C:\WINDOWS\System32\Wbem;C:\WINDOWS\System32\WindowsPowerShell\v1.0\;C:\Program Files (x86)\Skype\Phone\;C:\WINDOWS\system32\config\systemprofile\.dnx\bin;C:\Program Files\Microsoft DNX\Dnvm\;C:\Program Files\Java\jdk1.8.0_45\bin
USERNAME=Jose
OS=Windows_NT
PROCESSOR_IDENTIFIER=Intel64 Family 6 Model 58 Stepping 9, GenuineIntel



---------------  S Y S T E M  ---------------

OS: Windows 10.0 , 64 bit Build 10586 (10.0.10586.0)

CPU:total 8 (4 cores per cpu, 2 threads per core) family 6 model 58 stepping 9, cmov, cx8, fxsr, mmx, sse, sse2, sse3, ssse3, sse4.1, sse4.2, popcnt, avx, aes, clmul, erms, ht, tsc, tscinvbit, tscinv

Memory: 4k page, physical 4077044k(552012k free), swap 10368500k(4511400k free)

vm_info: Java HotSpot(TM) 64-Bit Server VM (25.45-b02) for windows-amd64 JRE (1.8.0_45-b15), built on Apr 30 2015 12:40:44 by "java_re" with MS VC++ 10.0 (VS2010)

time: Mon Apr 18 18:24:21 2016
elapsed time: 41 seconds (0d 0h 0m 41s)

