#
# A fatal error has been detected by the Java Runtime Environment:
#
#  EXCEPTION_ACCESS_VIOLATION (0xc0000005) at pc=0x000000005f923785, pid=1756, tid=5364
#
# JRE version: Java(TM) SE Runtime Environment (8.0_45-b15) (build 1.8.0_45-b15)
# Java VM: Java HotSpot(TM) 64-Bit Server VM (25.45-b02 mixed mode windows-amd64 compressed oops)
# Problematic frame:
# V  [jvm.dll+0x123785]
#
# Failed to write core dump. Minidumps are not enabled by default on client versions of Windows
#
# If you would like to submit a bug report, please visit:
#   http://bugreport.java.com/bugreport/crash.jsp
#

---------------  T H R E A D  ---------------

Current thread (0x0000000017cdb000):  JavaThread "AWT-EventQueue-0" [_thread_in_vm, id=5364, stack(0x000000001a540000,0x000000001a640000)]

siginfo: ExceptionCode=0xc0000005, reading address 0x00000000cccdbd48

Registers:
RAX=0x0000994b3c0fe17b, RBX=0x0000000017cac3c0, RCX=0x00000000cccdbd40, RDX=0x000000001a63b930
RSP=0x000000001a63b5a0, RBP=0x00000000000003d8, RSI=0x0000000016eeaf70, RDI=0x0000000017cdb000
R8 =0x000000001a63b930, R9 =0x00000000ef75a410, R10=0x000000005ffebba0, R11=0x0000000002977900
R12=0x0000000016eeaf80, R13=0x0000000016eeb358, R14=0x00000000198fff80, R15=0x0000000017cdb000
RIP=0x000000005f923785, EFLAGS=0x0000000000010206

Top of Stack: (sp=0x000000001a63b5a0)
0x000000001a63b5a0:   0000000017cdb000 0000000017cdb000
0x000000001a63b5b0:   0000000014c5fa50 0000000017cdb000
0x000000001a63b5c0:   0000000014c5fa50 0000000017cdb000
0x000000001a63b5d0:   0000000100073028 00000001000ea1f8
0x000000001a63b5e0:   0000000017cdb000 0000994b3c0fe17b
0x000000001a63b5f0:   0000000017cac3c0 000000005fc40f8b
0x000000001a63b600:   000000001a63b710 00000000171ec238
0x000000001a63b610:   0000000100073028 00000001000ea1f8
0x000000001a63b620:   000000001a63b8c0 0000000000000000
0x000000001a63b630:   0000000019c15070 000000000257cbaa
0x000000001a63b640:   0000000017cdb000 0000000100147b88
0x000000001a63b650:   000000001a63b830 00000000cccdbd40
0x000000001a63b660:   0000994b3c0fe1eb 000000001a63d730
0x000000001a63b670:   0000000002abfc50 0000000000000000
0x000000001a63b680:   0000000000000000 0000000000000000
0x000000001a63b690:   0000000000000000 0000000000000000 

Instructions: (pc=0x000000005f923785)
0x000000005f923765:   00 00 48 8b 00 c3 cc cc cc cc cc 40 53 48 83 ec
0x000000005f923775:   50 48 8b 05 13 64 6b 00 48 33 c4 48 89 44 24 48
0x000000005f923785:   83 79 08 00 48 8b d9 0f 8e b9 00 00 00 0f b6 81
0x000000005f923795:   0e 01 00 00 c0 e8 03 a8 01 0f 84 a7 00 00 00 48 


Register to memory mapping:

RAX=0x0000994b3c0fe17b is an unknown value
RBX=0x0000000017cac3c0 is an unknown value
RCX=0x00000000cccdbd40 is an unallocated location in the heap
RDX=0x000000001a63b930 is pointing into the stack for thread: 0x0000000017cdb000
RSP=0x000000001a63b5a0 is pointing into the stack for thread: 0x0000000017cdb000
RBP=0x00000000000003d8 is an unknown value
RSI=0x0000000016eeaf70 is an unknown value
RDI=0x0000000017cdb000 is a thread
R8 =0x000000001a63b930 is pointing into the stack for thread: 0x0000000017cdb000
R9 =0x00000000ef75a410 is an oop
javax.media.j3d.Canvas3D 
 - klass: 'javax/media/j3d/Canvas3D'
R10=0x000000005ffebba0 is an unknown value
R11=0x0000000002977900 is at entry_point+32 in (nmethod*)0x0000000002977750
R12=0x0000000016eeaf80 is an unknown value
R13=0x0000000016eeb358 is an unknown value
R14=0x00000000198fff80 is pointing into metadata
R15=0x0000000017cdb000 is a thread


Stack: [0x000000001a540000,0x000000001a640000],  sp=0x000000001a63b5a0,  free space=1005k
Native frames: (J=compiled Java code, j=interpreted, Vv=VM code, C=native code)
V  [jvm.dll+0x123785]
V  [jvm.dll+0x440f8b]
C  0x000000000257cbaa

Java frames: (J=compiled Java code, j=interpreted, Vv=VM code)
v  ~RuntimeStub::throw_class_cast_exception Runtime1 stub
J 1166 C1 javax.media.j3d.NativePipeline.syncRender(Ljavax/media/j3d/Context;Z)V (11 bytes) @ 0x0000000002977b6f [0x00000000029778e0+0x28f]
j  javax.media.j3d.Canvas3D.syncRender(Ljavax/media/j3d/Context;Z)V+5
j  java.awt.DefaultKeyboardFocusManager.dispatchEvent(Ljava/awt/AWTEvent;)Z+1440
j  java.awt.Component.dispatchEventImpl(Ljava/awt/AWTEvent;)V+151
j  java.awt.Container.dispatchEventImpl(Ljava/awt/AWTEvent;)V+42
j  java.awt.Window.dispatchEventImpl(Ljava/awt/AWTEvent;)V+19
j  java.awt.Component.dispatchEvent(Ljava/awt/AWTEvent;)V+2
j  java.awt.EventQueue.dispatchEventImpl(Ljava/awt/AWTEvent;Ljava/lang/Object;)V+41
J 1489 C1 java.awt.EventQueue.access$500(Ljava/awt/EventQueue;Ljava/awt/AWTEvent;Ljava/lang/Object;)V (7 bytes) @ 0x0000000002abb0dc [0x0000000002abb080+0x5c]
j  java.awt.EventQueue$3.run()Ljava/lang/Void;+32
j  java.awt.EventQueue$3.run()Ljava/lang/Object;+1
v  ~StubRoutines::call_stub
J 1465  java.security.AccessController.doPrivileged(Ljava/security/PrivilegedAction;Ljava/security/AccessControlContext;)Ljava/lang/Object; (0 bytes) @ 0x0000000002ab4aa6 [0x0000000002ab4a40+0x66]
J 1468 C1 java.security.ProtectionDomain$1.doIntersectionPrivilege(Ljava/security/PrivilegedAction;Ljava/security/AccessControlContext;Ljava/security/AccessControlContext;)Ljava/lang/Object; (32 bytes) @ 0x0000000002ab5b7c [0x0000000002ab5880+0x2fc]
j  java.security.ProtectionDomain$1.doIntersectionPrivilege(Ljava/security/PrivilegedAction;Ljava/security/AccessControlContext;)Ljava/lang/Object;+6
j  java.awt.EventQueue$4.run()Ljava/lang/Void;+11
j  java.awt.EventQueue$4.run()Ljava/lang/Object;+1
v  ~StubRoutines::call_stub
J 1465  java.security.AccessController.doPrivileged(Ljava/security/PrivilegedAction;Ljava/security/AccessControlContext;)Ljava/lang/Object; (0 bytes) @ 0x0000000002ab4aa6 [0x0000000002ab4a40+0x66]
J 1487 C1 java.awt.EventQueue.dispatchEvent(Ljava/awt/AWTEvent;)V (80 bytes) @ 0x0000000002ac0b74 [0x0000000002abfec0+0xcb4]
j  java.awt.SequencedEvent.dispatch()V+108
j  java.awt.EventQueue.dispatchEventImpl(Ljava/awt/AWTEvent;Ljava/lang/Object;)V+21
J 1489 C1 java.awt.EventQueue.access$500(Ljava/awt/EventQueue;Ljava/awt/AWTEvent;Ljava/lang/Object;)V (7 bytes) @ 0x0000000002abb0dc [0x0000000002abb080+0x5c]
j  java.awt.EventQueue$3.run()Ljava/lang/Void;+32
j  java.awt.EventQueue$3.run()Ljava/lang/Object;+1
v  ~StubRoutines::call_stub
J 1465  java.security.AccessController.doPrivileged(Ljava/security/PrivilegedAction;Ljava/security/AccessControlContext;)Ljava/lang/Object; (0 bytes) @ 0x0000000002ab4aa6 [0x0000000002ab4a40+0x66]
J 1468 C1 java.security.ProtectionDomain$1.doIntersectionPrivilege(Ljava/security/PrivilegedAction;Ljava/security/AccessControlContext;Ljava/security/AccessControlContext;)Ljava/lang/Object; (32 bytes) @ 0x0000000002ab5b7c [0x0000000002ab5880+0x2fc]
j  java.security.ProtectionDomain$1.doIntersectionPrivilege(Ljava/security/PrivilegedAction;Ljava/security/AccessControlContext;)Ljava/lang/Object;+6
j  java.awt.EventQueue$4.run()Ljava/lang/Void;+11
j  java.awt.EventQueue$4.run()Ljava/lang/Object;+1
v  ~StubRoutines::call_stub
J 1465  java.security.AccessController.doPrivileged(Ljava/security/PrivilegedAction;Ljava/security/AccessControlContext;)Ljava/lang/Object; (0 bytes) @ 0x0000000002ab4aa6 [0x0000000002ab4a40+0x66]
J 1487 C1 java.awt.EventQueue.dispatchEvent(Ljava/awt/AWTEvent;)V (80 bytes) @ 0x0000000002ac0b74 [0x0000000002abfec0+0xcb4]
j  java.awt.EventDispatchThread.pumpOneEventForFilters(I)V+245
j  java.awt.EventDispatchThread.pumpEventsForFilter(ILjava/awt/Conditional;Ljava/awt/EventFilter;)V+35
j  java.awt.EventDispatchThread.pumpEventsForHierarchy(ILjava/awt/Conditional;Ljava/awt/Component;)V+11
j  java.awt.EventDispatchThread.pumpEvents(ILjava/awt/Conditional;)V+4
j  java.awt.EventDispatchThread.pumpEvents(Ljava/awt/Conditional;)V+3
j  java.awt.EventDispatchThread.run()V+9
v  ~StubRoutines::call_stub

---------------  P R O C E S S  ---------------

Java Threads: ( => current thread )
  0x0000000017f04800 JavaThread "J3D-InputDeviceScheduler-1" [_thread_blocked, id=10544, stack(0x000000001ae40000,0x000000001af40000)]
  0x0000000017f03800 JavaThread "J3D-SoundSchedulerUpdateThread-1" [_thread_blocked, id=10352, stack(0x000000001ad40000,0x000000001ae40000)]
  0x0000000017f03000 JavaThread "J3D-RenderStructureUpdateThread-1" [_thread_blocked, id=6892, stack(0x000000001ac40000,0x000000001ad40000)]
  0x0000000017f02000 JavaThread "J3D-BehaviorScheduler-1" [_thread_blocked, id=7880, stack(0x000000001ab40000,0x000000001ac40000)]
  0x0000000017f01000 JavaThread "J3D-TransformStructureUpdateThread-1" [_thread_blocked, id=6256, stack(0x000000001aa40000,0x000000001ab40000)]
  0x0000000017eff000 JavaThread "J3D-RenderingEnvironmentStructureUpdateThread-1" [_thread_blocked, id=10720, stack(0x000000001a940000,0x000000001aa40000)]
  0x0000000017f00800 JavaThread "J3D-SoundStructureUpdateThread-1" [_thread_blocked, id=5024, stack(0x000000001a840000,0x000000001a940000)]
  0x0000000017ef7000 JavaThread "J3D-GeometryStructureUpdateThread-1" [_thread_blocked, id=10740, stack(0x000000001a740000,0x000000001a840000)]
  0x0000000017f9f800 JavaThread "J3D-BehaviorStructureUpdateThread-1" [_thread_blocked, id=580, stack(0x000000001a640000,0x000000001a740000)]
  0x00000000022e0800 JavaThread "DestroyJavaVM" [_thread_blocked, id=10592, stack(0x0000000002160000,0x0000000002260000)]
=>0x0000000017cdb000 JavaThread "AWT-EventQueue-0" [_thread_in_vm, id=5364, stack(0x000000001a540000,0x000000001a640000)]
  0x0000000017c4e000 JavaThread "J3D-Renderer-1" [_thread_blocked, id=8464, stack(0x0000000018bd0000,0x0000000018cd0000)]
  0x0000000017cb9000 JavaThread "J3D-MasterControl-1" [_thread_in_Java, id=11260, stack(0x0000000018ad0000,0x0000000018bd0000)]
  0x0000000017e35000 JavaThread "J3D-NotificationThread" [_thread_blocked, id=10604, stack(0x00000000189d0000,0x0000000018ad0000)]
  0x0000000017cb8000 JavaThread "J3D-TimerThread" [_thread_blocked, id=1980, stack(0x00000000188d0000,0x00000000189d0000)]
  0x0000000017cc9800 JavaThread "J3D-RenderingAttributesStructureUpdateThread" [_thread_blocked, id=6340, stack(0x00000000187d0000,0x00000000188d0000)]
  0x0000000017c45000 JavaThread "AWT-Windows" daemon [_thread_in_native, id=7700, stack(0x0000000018570000,0x0000000018670000)]
  0x0000000017c44000 JavaThread "AWT-Shutdown" [_thread_blocked, id=11248, stack(0x0000000018470000,0x0000000018570000)]
  0x0000000017c41800 JavaThread "Java2D Disposer" daemon [_thread_blocked, id=8668, stack(0x0000000018370000,0x0000000018470000)]
  0x0000000016f34800 JavaThread "Service Thread" daemon [_thread_blocked, id=10512, stack(0x0000000017870000,0x0000000017970000)]
  0x0000000016ea5800 JavaThread "C1 CompilerThread3" daemon [_thread_blocked, id=9504, stack(0x0000000017770000,0x0000000017870000)]
  0x0000000016ea2800 JavaThread "C2 CompilerThread2" daemon [_thread_blocked, id=8396, stack(0x0000000017670000,0x0000000017770000)]
  0x0000000016e9c000 JavaThread "C2 CompilerThread1" daemon [_thread_blocked, id=9336, stack(0x0000000017570000,0x0000000017670000)]
  0x0000000016e98800 JavaThread "C2 CompilerThread0" daemon [_thread_blocked, id=3984, stack(0x0000000017470000,0x0000000017570000)]
  0x0000000016e94000 JavaThread "Attach Listener" daemon [_thread_blocked, id=9884, stack(0x0000000017370000,0x0000000017470000)]
  0x0000000016e93800 JavaThread "Signal Dispatcher" daemon [_thread_blocked, id=3524, stack(0x0000000017270000,0x0000000017370000)]
  0x00000000023d8800 JavaThread "Finalizer" daemon [_thread_blocked, id=3940, stack(0x0000000016d70000,0x0000000016e70000)]
  0x0000000014e9d000 JavaThread "Reference Handler" daemon [_thread_blocked, id=1348, stack(0x0000000016c70000,0x0000000016d70000)]

Other Threads:
  0x0000000014e99000 VMThread [stack: 0x0000000016b70000,0x0000000016c70000] [id=10692]
  0x0000000016f36800 WatcherThread [stack: 0x0000000017970000,0x0000000017a70000] [id=10868]

VM state:not at safepoint (normal execution)

VM Mutex/Monitor currently owned by a thread: None

Heap:
 PSYoungGen      total 68096K, used 23796K [0x00000000eb400000, 0x00000000ef900000, 0x0000000100000000)
  eden space 65536K, 32% used [0x00000000eb400000,0x00000000ec8c31c8,0x00000000ef400000)
  from space 2560K, 99% used [0x00000000ef680000,0x00000000ef8fa040,0x00000000ef900000)
  to   space 2560K, 0% used [0x00000000ef400000,0x00000000ef400000,0x00000000ef680000)
 ParOldGen       total 44032K, used 16833K [0x00000000c1c00000, 0x00000000c4700000, 0x00000000eb400000)
  object space 44032K, 38% used [0x00000000c1c00000,0x00000000c2c70798,0x00000000c4700000)
 Metaspace       used 15267K, capacity 15498K, committed 15616K, reserved 1062912K
  class space    used 1662K, capacity 1775K, committed 1792K, reserved 1048576K

Card table byte_map: [0x0000000011840000,0x0000000011a40000] byte_map_base: 0x0000000011232000

Marking Bits: (ParMarkBitMap*) 0x0000000060004040
 Begin Bits: [0x0000000012390000, 0x0000000013320000)
 End Bits:   [0x0000000013320000, 0x00000000142b0000)

Polling page: 0x0000000000970000

CodeCache: size=245760Kb used=6384Kb max_used=6384Kb free=239375Kb
 bounds [0x0000000002480000, 0x0000000002ad0000, 0x0000000011480000]
 total_blobs=2119 nmethods=1486 adapters=546
 compilation: enabled

Compilation events (10 events):
Event: 13.967 Thread 0x0000000016ea5800 1486   !   3       java.awt.EventQueue::setCurrentEventAndMostRecentTimeImpl (185 bytes)
Event: 13.968 Thread 0x0000000016ea5800 nmethod 1486 0x0000000002abdcd0 code [0x0000000002abdf40, 0x0000000002abf578]
Event: 13.968 Thread 0x0000000016ea5800 1485       1       java.awt.Component::isCoalescingEnabled (5 bytes)
Event: 13.968 Thread 0x0000000016ea5800 nmethod 1485 0x0000000002ab9990 code [0x0000000002ab9ae0, 0x0000000002ab9bf0]
Event: 14.018 Thread 0x0000000016ea5800 1487       3       java.awt.EventQueue::dispatchEvent (80 bytes)
Event: 14.020 Thread 0x0000000016ea5800 nmethod 1487 0x0000000002abfc50 code [0x0000000002abfec0, 0x0000000002ac0f78]
Event: 14.020 Thread 0x0000000016ea5800 1488       3       java.awt.EventQueue$3::<init> (20 bytes)
Event: 14.020 Thread 0x0000000016ea5800 nmethod 1488 0x0000000002abb2d0 code [0x0000000002abb420, 0x0000000002abb610]
Event: 14.020 Thread 0x0000000016ea5800 1489       3       java.awt.EventQueue::access$500 (7 bytes)
Event: 14.020 Thread 0x0000000016ea5800 nmethod 1489 0x0000000002abaf10 code [0x0000000002abb080, 0x0000000002abb1e8]

GC Heap History (8 events):
Event: 0.503 GC heap before
{Heap before GC invocations=1 (full 0):
 PSYoungGen      total 18944K, used 16073K [0x00000000eb400000, 0x00000000ec900000, 0x0000000100000000)
  eden space 16384K, 98% used [0x00000000eb400000,0x00000000ec3b2608,0x00000000ec400000)
  from space 2560K, 0% used [0x00000000ec680000,0x00000000ec680000,0x00000000ec900000)
  to   space 2560K, 0% used [0x00000000ec400000,0x00000000ec400000,0x00000000ec680000)
 ParOldGen       total 44032K, used 0K [0x00000000c1c00000, 0x00000000c4700000, 0x00000000eb400000)
  object space 44032K, 0% used [0x00000000c1c00000,0x00000000c1c00000,0x00000000c4700000)
 Metaspace       used 10597K, capacity 10846K, committed 11008K, reserved 1058816K
  class space    used 1104K, capacity 1184K, committed 1280K, reserved 1048576K
Event: 0.509 GC heap after
Heap after GC invocations=1 (full 0):
 PSYoungGen      total 18944K, used 2544K [0x00000000eb400000, 0x00000000ed900000, 0x0000000100000000)
  eden space 16384K, 0% used [0x00000000eb400000,0x00000000eb400000,0x00000000ec400000)
  from space 2560K, 99% used [0x00000000ec400000,0x00000000ec67c050,0x00000000ec680000)
  to   space 2560K, 0% used [0x00000000ed680000,0x00000000ed680000,0x00000000ed900000)
 ParOldGen       total 44032K, used 1306K [0x00000000c1c00000, 0x00000000c4700000, 0x00000000eb400000)
  object space 44032K, 2% used [0x00000000c1c00000,0x00000000c1d46878,0x00000000c4700000)
 Metaspace       used 10597K, capacity 10846K, committed 11008K, reserved 1058816K
  class space    used 1104K, capacity 1184K, committed 1280K, reserved 1048576K
}
Event: 0.578 GC heap before
{Heap before GC invocations=2 (full 0):
 PSYoungGen      total 18944K, used 18928K [0x00000000eb400000, 0x00000000ed900000, 0x0000000100000000)
  eden space 16384K, 100% used [0x00000000eb400000,0x00000000ec400000,0x00000000ec400000)
  from space 2560K, 99% used [0x00000000ec400000,0x00000000ec67c050,0x00000000ec680000)
  to   space 2560K, 0% used [0x00000000ed680000,0x00000000ed680000,0x00000000ed900000)
 ParOldGen       total 44032K, used 1306K [0x00000000c1c00000, 0x00000000c4700000, 0x00000000eb400000)
  object space 44032K, 2% used [0x00000000c1c00000,0x00000000c1d46878,0x00000000c4700000)
 Metaspace       used 10608K, capacity 10846K, committed 11008K, reserved 1058816K
  class space    used 1104K, capacity 1184K, committed 1280K, reserved 1048576K
Event: 0.581 GC heap after
Heap after GC invocations=2 (full 0):
 PSYoungGen      total 35328K, used 2552K [0x00000000eb400000, 0x00000000ed900000, 0x0000000100000000)
  eden space 32768K, 0% used [0x00000000eb400000,0x00000000eb400000,0x00000000ed400000)
  from space 2560K, 99% used [0x00000000ed680000,0x00000000ed8fe040,0x00000000ed900000)
  to   space 2560K, 0% used [0x00000000ed400000,0x00000000ed400000,0x00000000ed680000)
 ParOldGen       total 44032K, used 5614K [0x00000000c1c00000, 0x00000000c4700000, 0x00000000eb400000)
  object space 44032K, 12% used [0x00000000c1c00000,0x00000000c217b9e8,0x00000000c4700000)
 Metaspace       used 10608K, capacity 10846K, committed 11008K, reserved 1058816K
  class space    used 1104K, capacity 1184K, committed 1280K, reserved 1048576K
}
Event: 3.714 GC heap before
{Heap before GC invocations=3 (full 0):
 PSYoungGen      total 35328K, used 35320K [0x00000000eb400000, 0x00000000ed900000, 0x0000000100000000)
  eden space 32768K, 100% used [0x00000000eb400000,0x00000000ed400000,0x00000000ed400000)
  from space 2560K, 99% used [0x00000000ed680000,0x00000000ed8fe040,0x00000000ed900000)
  to   space 2560K, 0% used [0x00000000ed400000,0x00000000ed400000,0x00000000ed680000)
 ParOldGen       total 44032K, used 5614K [0x00000000c1c00000, 0x00000000c4700000, 0x00000000eb400000)
  object space 44032K, 12% used [0x00000000c1c00000,0x00000000c217b9e8,0x00000000c4700000)
 Metaspace       used 15238K, capacity 15498K, committed 15616K, reserved 1062912K
  class space    used 1662K, capacity 1775K, committed 1792K, reserved 1048576K
Event: 3.719 GC heap after
Heap after GC invocations=3 (full 0):
 PSYoungGen      total 35328K, used 2536K [0x00000000eb400000, 0x00000000ef900000, 0x0000000100000000)
  eden space 32768K, 0% used [0x00000000eb400000,0x00000000eb400000,0x00000000ed400000)
  from space 2560K, 99% used [0x00000000ed400000,0x00000000ed67a040,0x00000000ed680000)
  to   space 2560K, 0% used [0x00000000ef680000,0x00000000ef680000,0x00000000ef900000)
 ParOldGen       total 44032K, used 16769K [0x00000000c1c00000, 0x00000000c4700000, 0x00000000eb400000)
  object space 44032K, 38% used [0x00000000c1c00000,0x00000000c2c60798,0x00000000c4700000)
 Metaspace       used 15238K, capacity 15498K, committed 15616K, reserved 1062912K
  class space    used 1662K, capacity 1775K, committed 1792K, reserved 1048576K
}
Event: 10.639 GC heap before
{Heap before GC invocations=4 (full 0):
 PSYoungGen      total 35328K, used 35304K [0x00000000eb400000, 0x00000000ef900000, 0x0000000100000000)
  eden space 32768K, 100% used [0x00000000eb400000,0x00000000ed400000,0x00000000ed400000)
  from space 2560K, 99% used [0x00000000ed400000,0x00000000ed67a040,0x00000000ed680000)
  to   space 2560K, 0% used [0x00000000ef680000,0x00000000ef680000,0x00000000ef900000)
 ParOldGen       total 44032K, used 16769K [0x00000000c1c00000, 0x00000000c4700000, 0x00000000eb400000)
  object space 44032K, 38% used [0x00000000c1c00000,0x00000000c2c60798,0x00000000c4700000)
 Metaspace       used 15241K, capacity 15498K, committed 15616K, reserved 1062912K
  class space    used 1662K, capacity 1775K, committed 1792K, reserved 1048576K
Event: 10.642 GC heap after
Heap after GC invocations=4 (full 0):
 PSYoungGen      total 68096K, used 2536K [0x00000000eb400000, 0x00000000ef900000, 0x0000000100000000)
  eden space 65536K, 0% used [0x00000000eb400000,0x00000000eb400000,0x00000000ef400000)
  from space 2560K, 99% used [0x00000000ef680000,0x00000000ef8fa040,0x00000000ef900000)
  to   space 2560K, 0% used [0x00000000ef400000,0x00000000ef400000,0x00000000ef680000)
 ParOldGen       total 44032K, used 16833K [0x00000000c1c00000, 0x00000000c4700000, 0x00000000eb400000)
  object space 44032K, 38% used [0x00000000c1c00000,0x00000000c2c70798,0x00000000c4700000)
 Metaspace       used 15241K, capacity 15498K, committed 15616K, reserved 1062912K
  class space    used 1662K, capacity 1775K, committed 1792K, reserved 1048576K
}

Deoptimization events (10 events):
Event: 2.839 Thread 0x0000000017f03000 Uncommon trap: reason=unstable_if action=reinterpret pc=0x00000000029c5218 method=javax.media.j3d.BoundingBox.intersect(Ljavax/media/j3d/Bounds;)Z @ 477
Event: 2.956 Thread 0x0000000017f9f800 Uncommon trap: reason=unstable_if action=reinterpret pc=0x00000000029c6b3c method=javax.media.j3d.BoundingSphere.intersect(Ljavax/media/j3d/Bounds;)Z @ 475
Event: 2.956 Thread 0x0000000017f9f800 Uncommon trap: reason=unstable_if action=reinterpret pc=0x0000000002a266dc method=javax.media.j3d.BehaviorStructure.intersectVPRegion(Ljavax/media/j3d/Bounds;)Z @ 57
Event: 2.957 Thread 0x0000000017f9f800 Uncommon trap: reason=unstable_if action=reinterpret pc=0x00000000029cd2c8 method=javax.media.j3d.BehaviorStructure.intersectVPRegion(Ljavax/media/j3d/Bounds;)Z @ 57
Event: 2.958 Thread 0x0000000017f9f800 Uncommon trap: reason=unstable_if action=reinterpret pc=0x000000000299d73c method=javax.media.j3d.BehaviorStructure.processConditionMet(Ljavax/media/j3d/BehaviorRetained;Ljava/lang/Boolean;)V @ 18
Event: 2.958 Thread 0x0000000017f9f800 Uncommon trap: reason=unstable_if action=reinterpret pc=0x0000000002a1f300 method=javax.media.j3d.BehaviorStructure.processBehaviorTransform(Ljavax/media/j3d/BehaviorRetained;)V @ 33
Event: 2.958 Thread 0x0000000017f9f800 Uncommon trap: reason=unstable_if action=reinterpret pc=0x00000000029c495c method=javax.media.j3d.BehaviorStructure.intersectVPRegion(Ljavax/media/j3d/Bounds;)Z @ 57
Event: 2.959 Thread 0x0000000017cb9000 Uncommon trap: reason=unstable_if action=reinterpret pc=0x00000000029fc098 method=javax.media.j3d.WakeupCondition.setConditionMet(ILjava/lang/Boolean;)V @ 4
Event: 2.959 Thread 0x0000000017cb9000 Uncommon trap: reason=unstable_if action=reinterpret pc=0x000000000299a200 method=javax.media.j3d.WakeupCondition.setConditionMet(ILjava/lang/Boolean;)V @ 4
Event: 8.297 Thread 0x0000000017f02000 Uncommon trap: reason=unstable_if action=reinterpret pc=0x00000000029a6a64 method=javax.media.j3d.Alpha.value(J)F @ 182

Internal exceptions (10 events):
Event: 0.169 Thread 0x00000000022e0800 Exception <a 'java/security/PrivilegedActionException'> (0x00000000eb840e20) thrown at [C:\re\workspace\8-2-build-windows-amd64-cygwin\jdk8u45\3627\hotspot\src\share\vm\prims\jvm.cpp, line 1382]
Event: 0.169 Thread 0x00000000022e0800 Exception <a 'java/security/PrivilegedActionException'> (0x00000000eb840fd8) thrown at [C:\re\workspace\8-2-build-windows-amd64-cygwin\jdk8u45\3627\hotspot\src\share\vm\prims\jvm.cpp, line 1382]
Event: 0.173 Thread 0x00000000022e0800 Exception <a 'java/io/FileNotFoundException'> (0x00000000eb8443f8) thrown at [C:\re\workspace\8-2-build-windows-amd64-cygwin\jdk8u45\3627\hotspot\src\share\vm\prims\jni.cpp, line 709]
Event: 0.260 Thread 0x00000000022e0800 Exception <a 'java/lang/NoSuchFieldError': method resolution failed> (0x00000000eba55c48) thrown at [C:\re\workspace\8-2-build-windows-amd64-cygwin\jdk8u45\3627\hotspot\src\share\vm\prims\methodHandles.cpp, line 1125]
Event: 0.262 Thread 0x00000000022e0800 Exception <a 'java/lang/NoSuchFieldError': method resolution failed> (0x00000000eba64658) thrown at [C:\re\workspace\8-2-build-windows-amd64-cygwin\jdk8u45\3627\hotspot\src\share\vm\prims\methodHandles.cpp, line 1125]
Event: 0.315 Thread 0x00000000022e0800 Exception <a 'java/io/FileNotFoundException'> (0x00000000ebda4ce0) thrown at [C:\re\workspace\8-2-build-windows-amd64-cygwin\jdk8u45\3627\hotspot\src\share\vm\prims\jni.cpp, line 709]
Event: 0.734 Thread 0x00000000022e0800 Implicit null exception at 0x000000000273d1d4 to 0x000000000273d529
Event: 0.735 Thread 0x00000000022e0800 Implicit null exception at 0x00000000026d6256 to 0x00000000026d657d
Event: 0.738 Thread 0x00000000022e0800 Implicit null exception at 0x000000000275f155 to 0x000000000275f37d
Event: 0.738 Thread 0x00000000022e0800 Implicit null exception at 0x00000000026a179b to 0x00000000026a2115

Events (10 events):
Event: 4.075 Executing VM operation: RevokeBias done
Event: 4.075 Executing VM operation: RevokeBias
Event: 4.075 Executing VM operation: RevokeBias done
Event: 4.075 Executing VM operation: RevokeBias
Event: 4.075 Executing VM operation: RevokeBias done
Event: 8.297 Thread 0x0000000017f02000 Uncommon trap: trap_request=0xffffff65 fr.pc=0x00000000029a6a64
Event: 8.297 Thread 0x0000000017f02000 DEOPT PACKING pc=0x00000000029a6a64 sp=0x000000001ac3f470
Event: 8.297 Thread 0x0000000017f02000 DEOPT UNPACKING pc=0x00000000024c582a sp=0x000000001ac3f3e0 mode 2
Event: 10.639 Executing VM operation: ParallelGCFailedAllocation
Event: 10.642 Executing VM operation: ParallelGCFailedAllocation done


Dynamic libraries:
0x00007ff741ba0000 - 0x00007ff741bd7000 	C:\Program Files\Java\jdk1.8.0_45\bin\java.exe
0x00007ffa28b80000 - 0x00007ffa28d41000 	C:\WINDOWS\SYSTEM32\ntdll.dll
0x00007ffa26880000 - 0x00007ffa2692d000 	C:\WINDOWS\system32\KERNEL32.DLL
0x00007ffa25a30000 - 0x00007ffa25c18000 	C:\WINDOWS\system32\KERNELBASE.dll
0x00007ffa285a0000 - 0x00007ffa28647000 	C:\WINDOWS\system32\ADVAPI32.dll
0x00007ffa26240000 - 0x00007ffa262dd000 	C:\WINDOWS\system32\msvcrt.dll
0x00007ffa26c00000 - 0x00007ffa26c5b000 	C:\WINDOWS\system32\sechost.dll
0x00007ffa26f20000 - 0x00007ffa2703c000 	C:\WINDOWS\system32\RPCRT4.dll
0x00007ffa26c60000 - 0x00007ffa26db6000 	C:\WINDOWS\system32\USER32.dll
0x00007ffa26a70000 - 0x00007ffa26bf6000 	C:\WINDOWS\system32\GDI32.dll
0x00007ffa20440000 - 0x00007ffa206b4000 	C:\WINDOWS\WinSxS\amd64_microsoft.windows.common-controls_6595b64144ccf1df_6.0.10586.0_none_8c15ae12515e1c22\COMCTL32.dll
0x00007ffa28660000 - 0x00007ffa288dd000 	C:\WINDOWS\system32\combase.dll
0x00007ffa25c90000 - 0x00007ffa25cfa000 	C:\WINDOWS\system32\bcryptPrimitives.dll
0x00007ffa28990000 - 0x00007ffa289cb000 	C:\WINDOWS\system32\IMM32.DLL
0x00007ffa25090000 - 0x00007ffa250c1000 	C:\Windows\system32\nvinitx.dll
0x00007ffa25080000 - 0x00007ffa2508a000 	C:\WINDOWS\SYSTEM32\VERSION.dll
0x000000005f720000 - 0x000000005f7f2000 	C:\Program Files\Java\jdk1.8.0_45\jre\bin\msvcr100.dll
0x000000005f800000 - 0x0000000060083000 	C:\Program Files\Java\jdk1.8.0_45\jre\bin\server\jvm.dll
0x00007ffa26870000 - 0x00007ffa26878000 	C:\WINDOWS\system32\PSAPI.DLL
0x00007ffa1a4a0000 - 0x00007ffa1a4a9000 	C:\WINDOWS\SYSTEM32\WSOCK32.dll
0x00007ffa20840000 - 0x00007ffa20863000 	C:\WINDOWS\SYSTEM32\WINMM.dll
0x00007ffa25f80000 - 0x00007ffa25feb000 	C:\WINDOWS\system32\WS2_32.dll
0x00000000009a0000 - 0x00000000009cc000 	C:\WINDOWS\SYSTEM32\WINMMBASE.dll
0x00007ffa25c20000 - 0x00007ffa25c63000 	C:\WINDOWS\system32\cfgmgr32.dll
0x000000005f6d0000 - 0x000000005f6df000 	C:\Program Files\Java\jdk1.8.0_45\jre\bin\verify.dll
0x000000005f6a0000 - 0x000000005f6c9000 	C:\Program Files\Java\jdk1.8.0_45\jre\bin\java.dll
0x000000005f680000 - 0x000000005f696000 	C:\Program Files\Java\jdk1.8.0_45\jre\bin\zip.dll
0x00007ffa27040000 - 0x00007ffa2859c000 	C:\WINDOWS\system32\SHELL32.dll
0x00007ffa253e0000 - 0x00007ffa25a25000 	C:\WINDOWS\system32\windows.storage.dll
0x00007ffa26010000 - 0x00007ffa26062000 	C:\WINDOWS\system32\shlwapi.dll
0x00007ffa251b0000 - 0x00007ffa251bf000 	C:\WINDOWS\system32\kernel.appcore.dll
0x00007ffa25320000 - 0x00007ffa253d5000 	C:\WINDOWS\system32\shcore.dll
0x00007ffa251c0000 - 0x00007ffa2520b000 	C:\WINDOWS\system32\powrprof.dll
0x00007ffa25210000 - 0x00007ffa25224000 	C:\WINDOWS\system32\profapi.dll
0x000000005f4a0000 - 0x000000005f638000 	C:\Program Files\Java\jdk1.8.0_45\jre\bin\awt.dll
0x00007ffa269a0000 - 0x00007ffa26a61000 	C:\WINDOWS\system32\OLEAUT32.dll
0x00007ffa23940000 - 0x00007ffa239b9000 	C:\WINDOWS\system32\apphelp.dll
0x00007ffa23b80000 - 0x00007ffa23c16000 	C:\WINDOWS\system32\uxtheme.dll
0x00007ffa26dc0000 - 0x00007ffa26f1a000 	C:\WINDOWS\system32\MSCTF.dll
0x00007ffa20400000 - 0x00007ffa20422000 	C:\WINDOWS\system32\dwmapi.dll
0x00007ffa262f0000 - 0x00007ffa26433000 	C:\WINDOWS\system32\ole32.dll
0x0000000060740000 - 0x0000000060747000 	C:\Program Files\Java\jdk1.8.0_45\jre\bin\jawt.dll
0x0000000002260000 - 0x000000000229e000 	C:\Program Files\Java\jdk1.8.0_45\jre\bin\j3dcore-ogl.dll
0x00007ffa083f0000 - 0x00007ffa08519000 	C:\WINDOWS\SYSTEM32\OPENGL32.dll
0x00007ffa083c0000 - 0x00007ffa083ee000 	C:\WINDOWS\SYSTEM32\GLU32.dll
0x00007ffa07f00000 - 0x00007ffa07ffa000 	C:\WINDOWS\SYSTEM32\DDRAW.dll
0x00007ffa083b0000 - 0x00007ffa083b8000 	C:\WINDOWS\SYSTEM32\DCIMAN32.dll
0x00007ff9f9160000 - 0x00007ff9f9993000 	C:\WINDOWS\SYSTEM32\ig7icd64.dll
0x00007ffa1d180000 - 0x00007ffa1d5df000 	C:\WINDOWS\SYSTEM32\igdusc64.dll
0x00007ffa22f20000 - 0x00007ffa22f33000 	C:\WINDOWS\SYSTEM32\WTSAPI32.dll
0x0000000060650000 - 0x0000000060681000 	C:\Program Files\Java\jdk1.8.0_45\jre\bin\jpeg.dll
0x000000005f450000 - 0x000000005f497000 	C:\Program Files\Java\jdk1.8.0_45\jre\bin\fontmanager.dll
0x000000005f660000 - 0x000000005f67a000 	C:\Program Files\Java\jdk1.8.0_45\jre\bin\net.dll
0x00007ffa24a20000 - 0x00007ffa24a7c000 	C:\WINDOWS\system32\mswsock.dll
0x000000005f640000 - 0x000000005f651000 	C:\Program Files\Java\jdk1.8.0_45\jre\bin\nio.dll
0x000000005f400000 - 0x000000005f441000 	C:\Program Files\Java\jdk1.8.0_45\jre\bin\t2k.dll
0x00007ffa12310000 - 0x00007ffa1249c000 	C:\WINDOWS\SYSTEM32\dbghelp.dll

VM Arguments:
jvm_args: -Dfile.encoding=UTF-8 
java_command: practica1.Practica1
java_class_path (initial): C:\Users\Jose\Desktop\Practica1\build\classes
Launcher Type: SUN_STANDARD

Environment Variables:
PATH=C:\ProgramData\Oracle\Java\javapath;C:\WINDOWS\system32;C:\WINDOWS;C:\WINDOWS\System32\Wbem;C:\WINDOWS\System32\WindowsPowerShell\v1.0\;C:\MinGW\bin;C:\Program Files (x86)\NVIDIA Corporation\PhysX\Common;C:\WINDOWS\system32;C:\WINDOWS;C:\WINDOWS\System32\Wbem;C:\WINDOWS\System32\WindowsPowerShell\v1.0\;C:\Program Files (x86)\Skype\Phone\;C:\WINDOWS\system32\config\systemprofile\.dnx\bin;C:\Program Files\Microsoft DNX\Dnvm\;C:\Program Files\Java\jdk1.8.0_45\bin
USERNAME=Jose
OS=Windows_NT
PROCESSOR_IDENTIFIER=Intel64 Family 6 Model 58 Stepping 9, GenuineIntel



---------------  S Y S T E M  ---------------

OS: Windows 10.0 , 64 bit Build 10586 (10.0.10586.0)

CPU:total 8 (4 cores per cpu, 2 threads per core) family 6 model 58 stepping 9, cmov, cx8, fxsr, mmx, sse, sse2, sse3, ssse3, sse4.1, sse4.2, popcnt, avx, aes, clmul, erms, ht, tsc, tscinvbit, tscinv

Memory: 4k page, physical 4077044k(996464k free), swap 10368500k(4921644k free)

vm_info: Java HotSpot(TM) 64-Bit Server VM (25.45-b02) for windows-amd64 JRE (1.8.0_45-b15), built on Apr 30 2015 12:40:44 by "java_re" with MS VC++ 10.0 (VS2010)

time: Mon Apr 18 12:35:04 2016
elapsed time: 14 seconds (0d 0h 0m 14s)

