#
# A fatal error has been detected by the Java Runtime Environment:
#
#  EXCEPTION_ACCESS_VIOLATION (0xc0000005) at pc=0x000000005f923785, pid=2320, tid=1076
#
# JRE version: Java(TM) SE Runtime Environment (8.0_45-b15) (build 1.8.0_45-b15)
# Java VM: Java HotSpot(TM) 64-Bit Server VM (25.45-b02 mixed mode windows-amd64 compressed oops)
# Problematic frame:
# V  [jvm.dll+0x123785]
#
# Failed to write core dump. Minidumps are not enabled by default on client versions of Windows
#
# If you would like to submit a bug report, please visit:
#   http://bugreport.java.com/bugreport/crash.jsp
#

---------------  T H R E A D  ---------------

Current thread (0x0000000017c34000):  JavaThread "AWT-EventQueue-0" [_thread_in_vm, id=1076, stack(0x000000001a280000,0x000000001a380000)]

siginfo: ExceptionCode=0xc0000005, reading address 0x00000000cb6b9be8

Registers:
RAX=0x0000994b2b4a20e5, RBX=0x000000001792e280, RCX=0x00000000cb6b9be0, RDX=0x000000001a37b610
RSP=0x000000001a37b280, RBP=0x00000000000003d8, RSI=0x0000000016b8cf40, RDI=0x0000000017c34000
R8 =0x000000001a37b610, R9 =0x00000000ec408ef8, R10=0x000000005ffebba0, R11=0x000000000261f040
R12=0x0000000016b8cf50, R13=0x0000000016b8d328, R14=0x00000000146471b0, R15=0x0000000017c34000
RIP=0x000000005f923785, EFLAGS=0x0000000000010202

Top of Stack: (sp=0x000000001a37b280)
0x000000001a37b280:   0000000017c34000 0000000017c34000
0x000000001a37b290:   00000000148fa168 0000000017c34000
0x000000001a37b2a0:   00000000148fa168 0000000017c34000
0x000000001a37b2b0:   0000000100073028 00000001000ea1f8
0x000000001a37b2c0:   0000000017c34000 0000994b2b4a20e5
0x000000001a37b2d0:   000000001792e280 000000005fc40f8b
0x000000001a37b2e0:   000000001a37b3f0 0000000016e59db8
0x000000001a37b2f0:   0000000100073028 00000001000ea1f8
0x000000001a37b300:   000000001a37b5a0 0000000000000000
0x000000001a37b310:   0000000019944ab8 000000000221bdea
0x000000001a37b320:   0000000017c34000 00000001001add10
0x000000001a37b330:   000000001a37b510 00000000cb6b9be0
0x000000001a37b340:   0000994b2b4a2075 000000001a37d338
0x000000001a37b350:   00000000021256d0 0000000000000000
0x000000001a37b360:   0000000000000000 0000000000000000
0x000000001a37b370:   0000000000000000 0000000000000000 

Instructions: (pc=0x000000005f923785)
0x000000005f923765:   00 00 48 8b 00 c3 cc cc cc cc cc 40 53 48 83 ec
0x000000005f923775:   50 48 8b 05 13 64 6b 00 48 33 c4 48 89 44 24 48
0x000000005f923785:   83 79 08 00 48 8b d9 0f 8e b9 00 00 00 0f b6 81
0x000000005f923795:   0e 01 00 00 c0 e8 03 a8 01 0f 84 a7 00 00 00 48 


Register to memory mapping:

RAX=0x0000994b2b4a20e5 is an unknown value
RBX=0x000000001792e280 is an unknown value
RCX=0x00000000cb6b9be0 is an unallocated location in the heap
RDX=0x000000001a37b610 is pointing into the stack for thread: 0x0000000017c34000
RSP=0x000000001a37b280 is pointing into the stack for thread: 0x0000000017c34000
RBP=0x00000000000003d8 is an unknown value
RSI=0x0000000016b8cf40 is an unknown value
RDI=0x0000000017c34000 is a thread
R8 =0x000000001a37b610 is pointing into the stack for thread: 0x0000000017c34000
R9 =0x00000000ec408ef8 is an oop
javax.media.j3d.Canvas3D 
 - klass: 'javax/media/j3d/Canvas3D'
R10=0x000000005ffebba0 is an unknown value
R11=0x000000000261f040 is at entry_point+32 in (nmethod*)0x000000000261ee90
R12=0x0000000016b8cf50 is an unknown value
R13=0x0000000016b8d328 is an unknown value
R14=0x00000000146471b0 is pointing into metadata
R15=0x0000000017c34000 is a thread


Stack: [0x000000001a280000,0x000000001a380000],  sp=0x000000001a37b280,  free space=1004k
Native frames: (J=compiled Java code, j=interpreted, Vv=VM code, C=native code)
V  [jvm.dll+0x123785]
V  [jvm.dll+0x440f8b]
C  0x000000000221bdea

Java frames: (J=compiled Java code, j=interpreted, Vv=VM code)
v  ~RuntimeStub::throw_class_cast_exception Runtime1 stub
J 1181 C1 javax.media.j3d.NativePipeline.syncRender(Ljavax/media/j3d/Context;Z)V (11 bytes) @ 0x000000000261f2af [0x000000000261f020+0x28f]
j  javax.media.j3d.Canvas3D.syncRender(Ljavax/media/j3d/Context;Z)V+5
j  java.awt.DefaultKeyboardFocusManager.dispatchEvent(Ljava/awt/AWTEvent;)Z+1428
j  java.awt.Component.dispatchEventImpl(Ljava/awt/AWTEvent;)V+151
j  java.awt.Container.dispatchEventImpl(Ljava/awt/AWTEvent;)V+42
j  java.awt.Window.dispatchEventImpl(Ljava/awt/AWTEvent;)V+19
j  java.awt.Component.dispatchEvent(Ljava/awt/AWTEvent;)V+2
j  java.awt.EventQueue.dispatchEventImpl(Ljava/awt/AWTEvent;Ljava/lang/Object;)V+41
j  java.awt.EventQueue.access$500(Ljava/awt/EventQueue;Ljava/awt/AWTEvent;Ljava/lang/Object;)V+3
j  java.awt.EventQueue$3.run()Ljava/lang/Void;+32
j  java.awt.EventQueue$3.run()Ljava/lang/Object;+1
v  ~StubRoutines::call_stub
j  java.security.AccessController.doPrivileged(Ljava/security/PrivilegedAction;Ljava/security/AccessControlContext;)Ljava/lang/Object;+0
j  java.security.ProtectionDomain$1.doIntersectionPrivilege(Ljava/security/PrivilegedAction;Ljava/security/AccessControlContext;Ljava/security/AccessControlContext;)Ljava/lang/Object;+28
j  java.security.ProtectionDomain$1.doIntersectionPrivilege(Ljava/security/PrivilegedAction;Ljava/security/AccessControlContext;)Ljava/lang/Object;+6
j  java.awt.EventQueue$4.run()Ljava/lang/Void;+11
j  java.awt.EventQueue$4.run()Ljava/lang/Object;+1
v  ~StubRoutines::call_stub
j  java.security.AccessController.doPrivileged(Ljava/security/PrivilegedAction;Ljava/security/AccessControlContext;)Ljava/lang/Object;+0
j  java.security.ProtectionDomain$1.doIntersectionPrivilege(Ljava/security/PrivilegedAction;Ljava/security/AccessControlContext;Ljava/security/AccessControlContext;)Ljava/lang/Object;+28
j  java.awt.EventQueue.dispatchEvent(Ljava/awt/AWTEvent;)V+73
j  java.awt.SequencedEvent.dispatch()V+108
j  java.awt.EventQueue.dispatchEventImpl(Ljava/awt/AWTEvent;Ljava/lang/Object;)V+21
j  java.awt.EventQueue.access$500(Ljava/awt/EventQueue;Ljava/awt/AWTEvent;Ljava/lang/Object;)V+3
j  java.awt.EventQueue$3.run()Ljava/lang/Void;+32
j  java.awt.EventQueue$3.run()Ljava/lang/Object;+1
v  ~StubRoutines::call_stub
j  java.security.AccessController.doPrivileged(Ljava/security/PrivilegedAction;Ljava/security/AccessControlContext;)Ljava/lang/Object;+0
j  java.security.ProtectionDomain$1.doIntersectionPrivilege(Ljava/security/PrivilegedAction;Ljava/security/AccessControlContext;Ljava/security/AccessControlContext;)Ljava/lang/Object;+28
j  java.security.ProtectionDomain$1.doIntersectionPrivilege(Ljava/security/PrivilegedAction;Ljava/security/AccessControlContext;)Ljava/lang/Object;+6
j  java.awt.EventQueue$4.run()Ljava/lang/Void;+11
j  java.awt.EventQueue$4.run()Ljava/lang/Object;+1
v  ~StubRoutines::call_stub
j  java.security.AccessController.doPrivileged(Ljava/security/PrivilegedAction;Ljava/security/AccessControlContext;)Ljava/lang/Object;+0
j  java.security.ProtectionDomain$1.doIntersectionPrivilege(Ljava/security/PrivilegedAction;Ljava/security/AccessControlContext;Ljava/security/AccessControlContext;)Ljava/lang/Object;+28
j  java.awt.EventQueue.dispatchEvent(Ljava/awt/AWTEvent;)V+73
j  java.awt.EventDispatchThread.pumpOneEventForFilters(I)V+245
j  java.awt.EventDispatchThread.pumpEventsForFilter(ILjava/awt/Conditional;Ljava/awt/EventFilter;)V+35
j  java.awt.EventDispatchThread.pumpEventsForHierarchy(ILjava/awt/Conditional;Ljava/awt/Component;)V+11
j  java.awt.EventDispatchThread.pumpEvents(ILjava/awt/Conditional;)V+4
j  java.awt.EventDispatchThread.pumpEvents(Ljava/awt/Conditional;)V+3
j  java.awt.EventDispatchThread.run()V+9
v  ~StubRoutines::call_stub

---------------  P R O C E S S  ---------------

Java Threads: ( => current thread )
  0x0000000016b4d800 JavaThread "J3D-InputDeviceScheduler-1" [_thread_blocked, id=9464, stack(0x000000001ab80000,0x000000001ac80000)]
  0x0000000016b4a000 JavaThread "J3D-SoundSchedulerUpdateThread-1" [_thread_blocked, id=5388, stack(0x000000001aa80000,0x000000001ab80000)]
  0x0000000016b4b800 JavaThread "J3D-RenderStructureUpdateThread-1" [_thread_blocked, id=5612, stack(0x000000001a980000,0x000000001aa80000)]
  0x0000000016b4f000 JavaThread "J3D-BehaviorScheduler-1" [_thread_blocked, id=8912, stack(0x000000001a880000,0x000000001a980000)]
  0x0000000016b4b000 JavaThread "J3D-TransformStructureUpdateThread-1" [_thread_blocked, id=1544, stack(0x000000001a780000,0x000000001a880000)]
  0x0000000016b4e000 JavaThread "J3D-RenderingEnvironmentStructureUpdateThread-1" [_thread_blocked, id=9168, stack(0x000000001a680000,0x000000001a780000)]
  0x0000000016b49800 JavaThread "J3D-SoundStructureUpdateThread-1" [_thread_blocked, id=8344, stack(0x000000001a580000,0x000000001a680000)]
  0x0000000017c73000 JavaThread "J3D-GeometryStructureUpdateThread-1" [_thread_blocked, id=7136, stack(0x000000001a480000,0x000000001a580000)]
  0x0000000017992800 JavaThread "J3D-BehaviorStructureUpdateThread-1" [_thread_blocked, id=5232, stack(0x000000001a380000,0x000000001a480000)]
  0x0000000002020800 JavaThread "DestroyJavaVM" [_thread_blocked, id=6176, stack(0x0000000001f20000,0x0000000002020000)]
=>0x0000000017c34000 JavaThread "AWT-EventQueue-0" [_thread_in_vm, id=1076, stack(0x000000001a280000,0x000000001a380000)]
  0x0000000017982800 JavaThread "J3D-Renderer-1" [_thread_in_native, id=6504, stack(0x0000000018850000,0x0000000018950000)]
  0x00000000179d1800 JavaThread "J3D-MasterControl-1" [_thread_blocked, id=2800, stack(0x0000000018750000,0x0000000018850000)]
  0x000000001791f800 JavaThread "J3D-NotificationThread" [_thread_blocked, id=4028, stack(0x0000000018650000,0x0000000018750000)]
  0x0000000017b73800 JavaThread "J3D-TimerThread" [_thread_blocked, id=8996, stack(0x0000000018550000,0x0000000018650000)]
  0x000000001798c800 JavaThread "J3D-RenderingAttributesStructureUpdateThread" [_thread_blocked, id=8832, stack(0x0000000018410000,0x0000000018510000)]
  0x00000000178f0800 JavaThread "AWT-Windows" daemon [_thread_in_native, id=1968, stack(0x0000000018210000,0x0000000018310000)]
  0x00000000178ef800 JavaThread "AWT-Shutdown" [_thread_blocked, id=3176, stack(0x0000000018110000,0x0000000018210000)]
  0x00000000178ed000 JavaThread "Java2D Disposer" daemon [_thread_blocked, id=10444, stack(0x0000000018010000,0x0000000018110000)]
  0x0000000016b92000 JavaThread "Service Thread" daemon [_thread_blocked, id=568, stack(0x0000000017510000,0x0000000017610000)]
  0x0000000016b48800 JavaThread "C1 CompilerThread3" daemon [_thread_blocked, id=2888, stack(0x0000000017410000,0x0000000017510000)]
  0x0000000016b43800 JavaThread "C2 CompilerThread2" daemon [_thread_blocked, id=2516, stack(0x0000000017310000,0x0000000017410000)]
  0x0000000016b3c000 JavaThread "C2 CompilerThread1" daemon [_thread_in_native, id=5864, stack(0x0000000017210000,0x0000000017310000)]
  0x0000000016b38800 JavaThread "C2 CompilerThread0" daemon [_thread_blocked, id=9144, stack(0x0000000017110000,0x0000000017210000)]
  0x0000000016b34000 JavaThread "Attach Listener" daemon [_thread_blocked, id=4616, stack(0x0000000017010000,0x0000000017110000)]
  0x0000000016b33800 JavaThread "Signal Dispatcher" daemon [_thread_blocked, id=9112, stack(0x0000000016f10000,0x0000000017010000)]
  0x0000000002118800 JavaThread "Finalizer" daemon [_thread_blocked, id=10760, stack(0x0000000016a10000,0x0000000016b10000)]
  0x0000000014b3d000 JavaThread "Reference Handler" daemon [_thread_blocked, id=5092, stack(0x0000000016910000,0x0000000016a10000)]

Other Threads:
  0x0000000014b39000 VMThread [stack: 0x0000000016810000,0x0000000016910000] [id=10828]
  0x0000000016b94000 WatcherThread [stack: 0x0000000017610000,0x0000000017710000] [id=10208]

VM state:not at safepoint (normal execution)

VM Mutex/Monitor currently owned by a thread: None

Heap:
 PSYoungGen      total 18944K, used 9790K [0x00000000eb400000, 0x00000000ed900000, 0x0000000100000000)
  eden space 16384K, 44% used [0x00000000eb400000,0x00000000ebb159f8,0x00000000ec400000)
  from space 2560K, 99% used [0x00000000ec400000,0x00000000ec67a040,0x00000000ec680000)
  to   space 2560K, 0% used [0x00000000ed680000,0x00000000ed680000,0x00000000ed900000)
 ParOldGen       total 44032K, used 9566K [0x00000000c1c00000, 0x00000000c4700000, 0x00000000eb400000)
  object space 44032K, 21% used [0x00000000c1c00000,0x00000000c25579e8,0x00000000c4700000)
 Metaspace       used 15217K, capacity 15498K, committed 15616K, reserved 1062912K
  class space    used 1662K, capacity 1775K, committed 1792K, reserved 1048576K

Card table byte_map: [0x00000000114e0000,0x00000000116e0000] byte_map_base: 0x0000000010ed2000

Marking Bits: (ParMarkBitMap*) 0x0000000060004040
 Begin Bits: [0x0000000012030000, 0x0000000012fc0000)
 End Bits:   [0x0000000012fc0000, 0x0000000013f50000)

Polling page: 0x0000000000480000

CodeCache: size=245760Kb used=5317Kb max_used=5317Kb free=240443Kb
 bounds [0x0000000002120000, 0x0000000002660000, 0x0000000011120000]
 total_blobs=1860 nmethods=1225 adapters=546
 compilation: enabled

Compilation events (10 events):
Event: 1.642 Thread 0x0000000016b43800 1221   !   4       javax.media.j3d.ViewPlatformRetained::getViewList (58 bytes)
Event: 1.643 Thread 0x0000000016b38800 nmethod 1220 0x000000000264df50 code [0x000000000264e0a0, 0x000000000264e2d8]
Event: 1.643 Thread 0x0000000016b43800 nmethod 1221 0x000000000264e450 code [0x000000000264e5a0, 0x000000000264e838]
Event: 1.644 Thread 0x0000000016b38800 1222       4       javax.media.j3d.BoundingSphere::updateBoundsStates (70 bytes)
Event: 1.646 Thread 0x0000000016b38800 nmethod 1222 0x000000000263fc90 code [0x000000000263fe00, 0x000000000263ff38]
Event: 1.646 Thread 0x0000000016b43800 1223       4       javax.media.j3d.TransformStructure$TransformData::hashCode (8 bytes)
Event: 1.646 Thread 0x0000000016b38800 1224   !   4       javax.media.j3d.TransformGroupRetained::processChildLocalToVworld (115 bytes)
Event: 1.647 Thread 0x0000000016b43800 nmethod 1223 0x00000000025dd7d0 code [0x00000000025dd920, 0x00000000025dd9e8]
Event: 1.649 Thread 0x0000000016b38800 nmethod 1224 0x0000000002640650 code [0x00000000026407a0, 0x0000000002640b88]
Event: 1.665 Thread 0x0000000016b3c000 nmethod 1219 0x0000000002651e50 code [0x00000000026520c0, 0x00000000026536f0]

GC Heap History (6 events):
Event: 0.501 GC heap before
{Heap before GC invocations=1 (full 0):
 PSYoungGen      total 18944K, used 16260K [0x00000000eb400000, 0x00000000ec900000, 0x0000000100000000)
  eden space 16384K, 99% used [0x00000000eb400000,0x00000000ec3e10a8,0x00000000ec400000)
  from space 2560K, 0% used [0x00000000ec680000,0x00000000ec680000,0x00000000ec900000)
  to   space 2560K, 0% used [0x00000000ec400000,0x00000000ec400000,0x00000000ec680000)
 ParOldGen       total 44032K, used 0K [0x00000000c1c00000, 0x00000000c4700000, 0x00000000eb400000)
  object space 44032K, 0% used [0x00000000c1c00000,0x00000000c1c00000,0x00000000c4700000)
 Metaspace       used 10572K, capacity 10782K, committed 11008K, reserved 1058816K
  class space    used 1104K, capacity 1184K, committed 1280K, reserved 1048576K
Event: 0.504 GC heap after
Heap after GC invocations=1 (full 0):
 PSYoungGen      total 18944K, used 2528K [0x00000000eb400000, 0x00000000ec900000, 0x0000000100000000)
  eden space 16384K, 0% used [0x00000000eb400000,0x00000000eb400000,0x00000000ec400000)
  from space 2560K, 98% used [0x00000000ec400000,0x00000000ec678060,0x00000000ec680000)
  to   space 2560K, 0% used [0x00000000ec680000,0x00000000ec680000,0x00000000ec900000)
 ParOldGen       total 44032K, used 2500K [0x00000000c1c00000, 0x00000000c4700000, 0x00000000eb400000)
  object space 44032K, 5% used [0x00000000c1c00000,0x00000000c1e71008,0x00000000c4700000)
 Metaspace       used 10572K, capacity 10782K, committed 11008K, reserved 1058816K
  class space    used 1104K, capacity 1184K, committed 1280K, reserved 1048576K
}
Event: 0.554 GC heap before
{Heap before GC invocations=2 (full 0):
 PSYoungGen      total 18944K, used 18912K [0x00000000eb400000, 0x00000000ec900000, 0x0000000100000000)
  eden space 16384K, 100% used [0x00000000eb400000,0x00000000ec400000,0x00000000ec400000)
  from space 2560K, 98% used [0x00000000ec400000,0x00000000ec678060,0x00000000ec680000)
  to   space 2560K, 0% used [0x00000000ec680000,0x00000000ec680000,0x00000000ec900000)
 ParOldGen       total 44032K, used 2500K [0x00000000c1c00000, 0x00000000c4700000, 0x00000000eb400000)
  object space 44032K, 5% used [0x00000000c1c00000,0x00000000c1e71008,0x00000000c4700000)
 Metaspace       used 10582K, capacity 10782K, committed 11008K, reserved 1058816K
  class space    used 1104K, capacity 1184K, committed 1280K, reserved 1048576K
Event: 0.557 GC heap after
Heap after GC invocations=2 (full 0):
 PSYoungGen      total 18944K, used 2536K [0x00000000eb400000, 0x00000000ed900000, 0x0000000100000000)
  eden space 16384K, 0% used [0x00000000eb400000,0x00000000eb400000,0x00000000ec400000)
  from space 2560K, 99% used [0x00000000ec680000,0x00000000ec8fa050,0x00000000ec900000)
  to   space 2560K, 0% used [0x00000000ec400000,0x00000000ec400000,0x00000000ec680000)
 ParOldGen       total 44032K, used 7549K [0x00000000c1c00000, 0x00000000c4700000, 0x00000000eb400000)
  object space 44032K, 17% used [0x00000000c1c00000,0x00000000c235f558,0x00000000c4700000)
 Metaspace       used 10582K, capacity 10782K, committed 11008K, reserved 1058816K
  class space    used 1104K, capacity 1184K, committed 1280K, reserved 1048576K
}
Event: 0.780 GC heap before
{Heap before GC invocations=3 (full 0):
 PSYoungGen      total 18944K, used 18920K [0x00000000eb400000, 0x00000000ed900000, 0x0000000100000000)
  eden space 16384K, 100% used [0x00000000eb400000,0x00000000ec400000,0x00000000ec400000)
  from space 2560K, 99% used [0x00000000ec680000,0x00000000ec8fa050,0x00000000ec900000)
  to   space 2560K, 0% used [0x00000000ec400000,0x00000000ec400000,0x00000000ec680000)
 ParOldGen       total 44032K, used 7549K [0x00000000c1c00000, 0x00000000c4700000, 0x00000000eb400000)
  object space 44032K, 17% used [0x00000000c1c00000,0x00000000c235f558,0x00000000c4700000)
 Metaspace       used 14158K, capacity 14442K, committed 14848K, reserved 1062912K
  class space    used 1602K, capacity 1679K, committed 1792K, reserved 1048576K
Event: 0.783 GC heap after
Heap after GC invocations=3 (full 0):
 PSYoungGen      total 18944K, used 2536K [0x00000000eb400000, 0x00000000ed900000, 0x0000000100000000)
  eden space 16384K, 0% used [0x00000000eb400000,0x00000000eb400000,0x00000000ec400000)
  from space 2560K, 99% used [0x00000000ec400000,0x00000000ec67a040,0x00000000ec680000)
  to   space 2560K, 0% used [0x00000000ed680000,0x00000000ed680000,0x00000000ed900000)
 ParOldGen       total 44032K, used 9566K [0x00000000c1c00000, 0x00000000c4700000, 0x00000000eb400000)
  object space 44032K, 21% used [0x00000000c1c00000,0x00000000c25579e8,0x00000000c4700000)
 Metaspace       used 14158K, capacity 14442K, committed 14848K, reserved 1062912K
  class space    used 1602K, capacity 1679K, committed 1792K, reserved 1048576K
}

Deoptimization events (10 events):
Event: 1.043 Thread 0x0000000017992800 Uncommon trap: reason=array_check action=maybe_recompile pc=0x0000000002469f94 method=javax.media.j3d.UnorderList.add(Ljava/lang/Object;)V @ 70
Event: 1.043 Thread 0x0000000017992800 Uncommon trap: reason=array_check action=maybe_recompile pc=0x0000000002469f94 method=javax.media.j3d.UnorderList.add(Ljava/lang/Object;)V @ 70
Event: 1.350 Thread 0x0000000016b4f000 Uncommon trap: reason=unstable_if action=reinterpret pc=0x00000000025bf2ac method=javax.media.j3d.UnorderList.add(Ljava/lang/Object;)V @ 9
Event: 1.578 Thread 0x00000000179d1800 Uncommon trap: reason=predicate action=maybe_recompile pc=0x000000000263c318 method=java.util.Arrays.fill([Ljava/lang/Object;IILjava/lang/Object;)V @ 16
Event: 1.592 Thread 0x0000000016b4b800 Uncommon trap: reason=unstable_if action=reinterpret pc=0x00000000025ddef0 method=javax.media.j3d.BoundingBox.intersect(Ljavax/media/j3d/Bounds;)Z @ 258
Event: 1.611 Thread 0x0000000017992800 Uncommon trap: reason=array_check action=maybe_recompile pc=0x000000000263c7d8 method=java.util.Arrays.fill([Ljava/lang/Object;IILjava/lang/Object;)V @ 20
Event: 1.613 Thread 0x00000000179d1800 Uncommon trap: reason=array_check action=maybe_recompile pc=0x000000000263c7d8 method=java.util.Arrays.fill([Ljava/lang/Object;IILjava/lang/Object;)V @ 20
Event: 1.613 Thread 0x0000000016b4b000 Uncommon trap: reason=array_check action=maybe_recompile pc=0x000000000263c7d8 method=java.util.Arrays.fill([Ljava/lang/Object;IILjava/lang/Object;)V @ 20
Event: 1.613 Thread 0x0000000017992800 Uncommon trap: reason=array_check action=maybe_recompile pc=0x000000000263c7d8 method=java.util.Arrays.fill([Ljava/lang/Object;IILjava/lang/Object;)V @ 20
Event: 1.625 Thread 0x0000000017992800 Uncommon trap: reason=array_check action=maybe_recompile pc=0x00000000025de640 method=java.util.Arrays.fill([Ljava/lang/Object;IILjava/lang/Object;)V @ 20

Internal exceptions (10 events):
Event: 0.171 Thread 0x0000000002020800 Exception <a 'java/security/PrivilegedActionException'> (0x00000000eb841868) thrown at [C:\re\workspace\8-2-build-windows-amd64-cygwin\jdk8u45\3627\hotspot\src\share\vm\prims\jvm.cpp, line 1382]
Event: 0.171 Thread 0x0000000002020800 Exception <a 'java/security/PrivilegedActionException'> (0x00000000eb841a20) thrown at [C:\re\workspace\8-2-build-windows-amd64-cygwin\jdk8u45\3627\hotspot\src\share\vm\prims\jvm.cpp, line 1382]
Event: 0.174 Thread 0x0000000002020800 Exception <a 'java/io/FileNotFoundException'> (0x00000000eb844e40) thrown at [C:\re\workspace\8-2-build-windows-amd64-cygwin\jdk8u45\3627\hotspot\src\share\vm\prims\jni.cpp, line 709]
Event: 0.261 Thread 0x0000000002020800 Exception <a 'java/lang/NoSuchFieldError': method resolution failed> (0x00000000eba560e0) thrown at [C:\re\workspace\8-2-build-windows-amd64-cygwin\jdk8u45\3627\hotspot\src\share\vm\prims\methodHandles.cpp, line 1125]
Event: 0.262 Thread 0x0000000002020800 Exception <a 'java/lang/NoSuchFieldError': method resolution failed> (0x00000000eba64af0) thrown at [C:\re\workspace\8-2-build-windows-amd64-cygwin\jdk8u45\3627\hotspot\src\share\vm\prims\methodHandles.cpp, line 1125]
Event: 0.317 Thread 0x0000000002020800 Exception <a 'java/io/FileNotFoundException'> (0x00000000ebda5a80) thrown at [C:\re\workspace\8-2-build-windows-amd64-cygwin\jdk8u45\3627\hotspot\src\share\vm\prims\jni.cpp, line 709]
Event: 0.705 Thread 0x0000000002020800 Implicit null exception at 0x00000000023d5c96 to 0x00000000023d5fcd
Event: 0.705 Thread 0x0000000002020800 Implicit null exception at 0x000000000236c1d6 to 0x000000000236c4fd
Event: 0.709 Thread 0x0000000002020800 Implicit null exception at 0x00000000023f6995 to 0x00000000023f6bbd
Event: 0.709 Thread 0x0000000002020800 Implicit null exception at 0x000000000233a29b to 0x000000000233ac21

Events (10 events):
Event: 1.613 Thread 0x00000000179d1800 DEOPT UNPACKING pc=0x000000000216582a sp=0x000000001884f060 mode 2
Event: 1.613 Thread 0x0000000016b4b000 Uncommon trap: trap_request=0xffffffd6 fr.pc=0x000000000263c7d8
Event: 1.613 Thread 0x0000000016b4b000 DEOPT PACKING pc=0x000000000263c7d8 sp=0x000000001a87f580
Event: 1.613 Thread 0x0000000016b4b000 DEOPT UNPACKING pc=0x000000000216582a sp=0x000000001a87f510 mode 2
Event: 1.613 Thread 0x0000000017992800 Uncommon trap: trap_request=0xffffffd6 fr.pc=0x000000000263c7d8
Event: 1.613 Thread 0x0000000017992800 DEOPT PACKING pc=0x000000000263c7d8 sp=0x000000001a47f3c0
Event: 1.613 Thread 0x0000000017992800 DEOPT UNPACKING pc=0x000000000216582a sp=0x000000001a47f350 mode 2
Event: 1.625 Thread 0x0000000017992800 Uncommon trap: trap_request=0xffffffd6 fr.pc=0x00000000025de640
Event: 1.625 Thread 0x0000000017992800 DEOPT PACKING pc=0x00000000025de640 sp=0x000000001a47f3b0
Event: 1.625 Thread 0x0000000017992800 DEOPT UNPACKING pc=0x000000000216582a sp=0x000000001a47f350 mode 2


Dynamic libraries:
0x00007ff741ba0000 - 0x00007ff741bd7000 	C:\Program Files\Java\jdk1.8.0_45\bin\java.exe
0x00007ffa28b80000 - 0x00007ffa28d41000 	C:\WINDOWS\SYSTEM32\ntdll.dll
0x00007ffa26880000 - 0x00007ffa2692d000 	C:\WINDOWS\system32\KERNEL32.DLL
0x00007ffa25a30000 - 0x00007ffa25c18000 	C:\WINDOWS\system32\KERNELBASE.dll
0x00007ffa285a0000 - 0x00007ffa28647000 	C:\WINDOWS\system32\ADVAPI32.dll
0x00007ffa26240000 - 0x00007ffa262dd000 	C:\WINDOWS\system32\msvcrt.dll
0x00007ffa26c00000 - 0x00007ffa26c5b000 	C:\WINDOWS\system32\sechost.dll
0x00007ffa26f20000 - 0x00007ffa2703c000 	C:\WINDOWS\system32\RPCRT4.dll
0x00007ffa26c60000 - 0x00007ffa26db6000 	C:\WINDOWS\system32\USER32.dll
0x00007ffa26a70000 - 0x00007ffa26bf6000 	C:\WINDOWS\system32\GDI32.dll
0x00007ffa20440000 - 0x00007ffa206b4000 	C:\WINDOWS\WinSxS\amd64_microsoft.windows.common-controls_6595b64144ccf1df_6.0.10586.0_none_8c15ae12515e1c22\COMCTL32.dll
0x00007ffa28660000 - 0x00007ffa288dd000 	C:\WINDOWS\system32\combase.dll
0x00007ffa25c90000 - 0x00007ffa25cfa000 	C:\WINDOWS\system32\bcryptPrimitives.dll
0x00007ffa28990000 - 0x00007ffa289cb000 	C:\WINDOWS\system32\IMM32.DLL
0x00007ffa25090000 - 0x00007ffa250c1000 	C:\Windows\system32\nvinitx.dll
0x00007ffa25080000 - 0x00007ffa2508a000 	C:\WINDOWS\SYSTEM32\VERSION.dll
0x000000005f720000 - 0x000000005f7f2000 	C:\Program Files\Java\jdk1.8.0_45\jre\bin\msvcr100.dll
0x000000005f800000 - 0x0000000060083000 	C:\Program Files\Java\jdk1.8.0_45\jre\bin\server\jvm.dll
0x00007ffa26870000 - 0x00007ffa26878000 	C:\WINDOWS\system32\PSAPI.DLL
0x00007ffa1a4a0000 - 0x00007ffa1a4a9000 	C:\WINDOWS\SYSTEM32\WSOCK32.dll
0x00007ffa25f80000 - 0x00007ffa25feb000 	C:\WINDOWS\system32\WS2_32.dll
0x00007ffa20840000 - 0x00007ffa20863000 	C:\WINDOWS\SYSTEM32\WINMM.dll
0x00007ffa207e0000 - 0x00007ffa2080c000 	C:\WINDOWS\SYSTEM32\WINMMBASE.dll
0x00007ffa25c20000 - 0x00007ffa25c63000 	C:\WINDOWS\system32\cfgmgr32.dll
0x000000005f6d0000 - 0x000000005f6df000 	C:\Program Files\Java\jdk1.8.0_45\jre\bin\verify.dll
0x000000005f6a0000 - 0x000000005f6c9000 	C:\Program Files\Java\jdk1.8.0_45\jre\bin\java.dll
0x000000005f680000 - 0x000000005f696000 	C:\Program Files\Java\jdk1.8.0_45\jre\bin\zip.dll
0x00007ffa27040000 - 0x00007ffa2859c000 	C:\WINDOWS\system32\SHELL32.dll
0x00007ffa253e0000 - 0x00007ffa25a25000 	C:\WINDOWS\system32\windows.storage.dll
0x00007ffa26010000 - 0x00007ffa26062000 	C:\WINDOWS\system32\shlwapi.dll
0x00007ffa251b0000 - 0x00007ffa251bf000 	C:\WINDOWS\system32\kernel.appcore.dll
0x00007ffa25320000 - 0x00007ffa253d5000 	C:\WINDOWS\system32\shcore.dll
0x00007ffa251c0000 - 0x00007ffa2520b000 	C:\WINDOWS\system32\powrprof.dll
0x00007ffa25210000 - 0x00007ffa25224000 	C:\WINDOWS\system32\profapi.dll
0x000000005f4a0000 - 0x000000005f638000 	C:\Program Files\Java\jdk1.8.0_45\jre\bin\awt.dll
0x00007ffa269a0000 - 0x00007ffa26a61000 	C:\WINDOWS\system32\OLEAUT32.dll
0x00007ffa23940000 - 0x00007ffa239b9000 	C:\WINDOWS\system32\apphelp.dll
0x00007ffa23b80000 - 0x00007ffa23c16000 	C:\WINDOWS\system32\uxtheme.dll
0x00007ffa26dc0000 - 0x00007ffa26f1a000 	C:\WINDOWS\system32\MSCTF.dll
0x00007ffa20400000 - 0x00007ffa20422000 	C:\WINDOWS\system32\dwmapi.dll
0x00007ffa262f0000 - 0x00007ffa26433000 	C:\WINDOWS\system32\ole32.dll
0x0000000060740000 - 0x0000000060747000 	C:\Program Files\Java\jdk1.8.0_45\jre\bin\jawt.dll
0x0000000018310000 - 0x000000001834e000 	C:\Program Files\Java\jdk1.8.0_45\jre\bin\j3dcore-ogl.dll
0x00007ffa083f0000 - 0x00007ffa08519000 	C:\WINDOWS\SYSTEM32\OPENGL32.dll
0x00007ffa083c0000 - 0x00007ffa083ee000 	C:\WINDOWS\SYSTEM32\GLU32.dll
0x00007ffa07f00000 - 0x00007ffa07ffa000 	C:\WINDOWS\SYSTEM32\DDRAW.dll
0x00007ffa083b0000 - 0x00007ffa083b8000 	C:\WINDOWS\SYSTEM32\DCIMAN32.dll
0x00007ff9f9160000 - 0x00007ff9f9993000 	C:\WINDOWS\SYSTEM32\ig7icd64.dll
0x00007ffa1d180000 - 0x00007ffa1d5df000 	C:\WINDOWS\SYSTEM32\igdusc64.dll
0x00007ffa22f20000 - 0x00007ffa22f33000 	C:\WINDOWS\SYSTEM32\WTSAPI32.dll
0x0000000060650000 - 0x0000000060681000 	C:\Program Files\Java\jdk1.8.0_45\jre\bin\jpeg.dll
0x000000005f450000 - 0x000000005f497000 	C:\Program Files\Java\jdk1.8.0_45\jre\bin\fontmanager.dll
0x000000005f660000 - 0x000000005f67a000 	C:\Program Files\Java\jdk1.8.0_45\jre\bin\net.dll
0x00007ffa24a20000 - 0x00007ffa24a7c000 	C:\WINDOWS\system32\mswsock.dll
0x000000005f640000 - 0x000000005f651000 	C:\Program Files\Java\jdk1.8.0_45\jre\bin\nio.dll
0x000000005f400000 - 0x000000005f441000 	C:\Program Files\Java\jdk1.8.0_45\jre\bin\t2k.dll
0x00007ffa12310000 - 0x00007ffa1249c000 	C:\WINDOWS\SYSTEM32\dbghelp.dll

VM Arguments:
jvm_args: -Dfile.encoding=UTF-8 
java_command: practica1.Practica1
java_class_path (initial): C:\Users\Jose\Desktop\Practica1\build\classes
Launcher Type: SUN_STANDARD

Environment Variables:
PATH=C:\ProgramData\Oracle\Java\javapath;C:\WINDOWS\system32;C:\WINDOWS;C:\WINDOWS\System32\Wbem;C:\WINDOWS\System32\WindowsPowerShell\v1.0\;C:\MinGW\bin;C:\Program Files (x86)\NVIDIA Corporation\PhysX\Common;C:\WINDOWS\system32;C:\WINDOWS;C:\WINDOWS\System32\Wbem;C:\WINDOWS\System32\WindowsPowerShell\v1.0\;C:\Program Files (x86)\Skype\Phone\;C:\WINDOWS\system32\config\systemprofile\.dnx\bin;C:\Program Files\Microsoft DNX\Dnvm\;C:\Program Files\Java\jdk1.8.0_45\bin
USERNAME=Jose
OS=Windows_NT
PROCESSOR_IDENTIFIER=Intel64 Family 6 Model 58 Stepping 9, GenuineIntel



---------------  S Y S T E M  ---------------

OS: Windows 10.0 , 64 bit Build 10586 (10.0.10586.0)

CPU:total 8 (4 cores per cpu, 2 threads per core) family 6 model 58 stepping 9, cmov, cx8, fxsr, mmx, sse, sse2, sse3, ssse3, sse4.1, sse4.2, popcnt, avx, aes, clmul, erms, ht, tsc, tscinvbit, tscinv

Memory: 4k page, physical 4077044k(1129996k free), swap 10368500k(4931772k free)

vm_info: Java HotSpot(TM) 64-Bit Server VM (25.45-b02) for windows-amd64 JRE (1.8.0_45-b15), built on Apr 30 2015 12:40:44 by "java_re" with MS VC++ 10.0 (VS2010)

time: Mon Apr 18 12:35:14 2016
elapsed time: 1 seconds (0d 0h 0m 1s)

