#
# A fatal error has been detected by the Java Runtime Environment:
#
#  EXCEPTION_ACCESS_VIOLATION (0xc0000005) at pc=0x00000000656e86a1, pid=5016, tid=12104
#
# JRE version: Java(TM) SE Runtime Environment (8.0_45-b15) (build 1.8.0_45-b15)
# Java VM: Java HotSpot(TM) 64-Bit Server VM (25.45-b02 mixed mode windows-amd64 compressed oops)
# Problematic frame:
# V  [jvm.dll+0x2386a1]
#
# Failed to write core dump. Minidumps are not enabled by default on client versions of Windows
#
# If you would like to submit a bug report, please visit:
#   http://bugreport.java.com/bugreport/crash.jsp
#

---------------  T H R E A D  ---------------

Current thread (0x000000001a242000):  JavaThread "AWT-EventQueue-0" [_thread_in_vm, id=12104, stack(0x000000001ba30000,0x000000001bb30000)]

siginfo: ExceptionCode=0xc0000005, reading address 0xffffffffffffffff

Registers:
RAX=0x2a4ab70f08538b48, RBX=0x2a4ab70f08538b48, RCX=0x0000000000000000, RDX=0x00000000025010e0
RSP=0x000000001bb2b5d0, RBP=0x000000001a242000, RSI=0x00000000025010e0, RDI=0x0000000017d5aef8
R8 =0x2a4ab70f08538b48, R9 =0x0000000000000001, R10=0x0000000000000000, R11=0x0000000019d0e658
R12=0x0000000000000000, R13=0x000000001492b5be, R14=0x000000001bb2b768, R15=0x000000001a242000
RIP=0x00000000656e86a1, EFLAGS=0x0000000000010206

Top of Stack: (sp=0x000000001bb2b5d0)
0x000000001bb2b5d0:   000000001492b5b0 0000000016fc8020
0x000000001bb2b5e0:   0000000017fe9410 000000006557b50b
0x000000001bb2b5f0:   000000001a242000 000000001492b600
0x000000001bb2b600:   000000001a242000 000000001bb2b768
0x000000001bb2b610:   000000001492b5be 0000000000000000
0x000000001bb2b620:   2a4ab70f08538b48 00000000656e9174
0x000000001bb2b630:   000000001bb2b6e8 000000001bb2b738
0x000000001bb2b640:   000000001a242000 000000001a242000
0x000000001bb2b650:   000000001bb2b6e8 00000000656e97fa
0x000000001bb2b660:   000000001ab9db58 000000001a242000
0x000000001bb2b670:   0000000000000000 0000000019a06044
0x000000001bb2b680:   000000001bb2b6e8 000000006556523e
0x000000001bb2b690:   000000001ab9db58 000000001a242000
0x000000001bb2b6a0:   000000001bb2bd48 000000001bb2b738
0x000000001bb2b6b0:   00000000f39ca618 0000000002513a33
0x000000001bb2b6c0:   000000001a242000 00000000000000c2 

Instructions: (pc=0x00000000656e86a1)
0x00000000656e8681:   05 4e 96 56 00 33 c9 89 47 68 ff 15 5f e1 57 00
0x00000000656e8691:   48 3b c3 0f 85 37 01 00 00 48 8b c3 48 83 e0 fd
0x00000000656e86a1:   48 8b 00 48 89 07 48 89 5f 18 4c 89 67 28 48 89
0x00000000656e86b1:   77 08 48 8b 06 48 85 c0 74 24 4c 8d 0d 26 49 3c 


Register to memory mapping:

RAX=0x2a4ab70f08538b48 is an unknown value
RBX=0x2a4ab70f08538b48 is an unknown value
RCX=0x0000000000000000 is an unknown value
RDX=0x00000000025010e0 is at code_begin+0 in an Interpreter codelet
method entry point (kind = zerolocals)  [0x00000000025010e0, 0x0000000002501520]  1088 bytes
RSP=0x000000001bb2b5d0 is pointing into the stack for thread: 0x000000001a242000
RBP=0x000000001a242000 is a thread
RSI=0x00000000025010e0 is at code_begin+0 in an Interpreter codelet
method entry point (kind = zerolocals)  [0x00000000025010e0, 0x0000000002501520]  1088 bytes
RDI=0x0000000017d5aef8 is an unknown value
R8 =0x2a4ab70f08538b48 is an unknown value
R9 =0x0000000000000001 is an unknown value
R10=0x0000000000000000 is an unknown value
R11=0x0000000019d0e658 is pointing into metadata
R12=0x0000000000000000 is an unknown value
R13=0x000000001492b5be is pointing into metadata
R14=0x000000001bb2b768 is pointing into the stack for thread: 0x000000001a242000
R15=0x000000001a242000 is a thread


Stack: [0x000000001ba30000,0x000000001bb30000],  sp=0x000000001bb2b5d0,  free space=1005k
Native frames: (J=compiled Java code, j=interpreted, Vv=VM code, C=native code)
V  [jvm.dll+0x2386a1]
V  [jvm.dll+0x239174]
V  [jvm.dll+0x2397fa]
V  [jvm.dll+0xb523e]
C  0x0000000002513a33

Java frames: (J=compiled Java code, j=interpreted, Vv=VM code)
j  javax.media.j3d.Canvas3D.getPixelLocationFromImagePlate(Ljavax/vecmath/Point3d;Ljavax/vecmath/Point2d;)V+14
j  java.awt.DefaultKeyboardFocusManager.dispatchEvent(Ljava/awt/AWTEvent;)Z+1428
j  java.awt.Component.dispatchEventImpl(Ljava/awt/AWTEvent;)V+151
j  java.awt.Container.dispatchEventImpl(Ljava/awt/AWTEvent;)V+42
j  java.awt.Window.dispatchEventImpl(Ljava/awt/AWTEvent;)V+19
j  java.awt.Component.dispatchEvent(Ljava/awt/AWTEvent;)V+2
j  java.awt.EventQueue.dispatchEventImpl(Ljava/awt/AWTEvent;Ljava/lang/Object;)V+41
j  java.awt.EventQueue.access$500(Ljava/awt/EventQueue;Ljava/awt/AWTEvent;Ljava/lang/Object;)V+3
j  java.awt.EventQueue$3.run()Ljava/lang/Void;+32
j  java.awt.EventQueue$3.run()Ljava/lang/Object;+1
v  ~StubRoutines::call_stub
j  java.security.AccessController.doPrivileged(Ljava/security/PrivilegedAction;Ljava/security/AccessControlContext;)Ljava/lang/Object;+0
j  java.security.ProtectionDomain$1.doIntersectionPrivilege(Ljava/security/PrivilegedAction;Ljava/security/AccessControlContext;Ljava/security/AccessControlContext;)Ljava/lang/Object;+28
j  java.security.ProtectionDomain$1.doIntersectionPrivilege(Ljava/security/PrivilegedAction;Ljava/security/AccessControlContext;)Ljava/lang/Object;+6
j  java.awt.EventQueue$4.run()Ljava/lang/Void;+11
j  java.awt.EventQueue$4.run()Ljava/lang/Object;+1
v  ~StubRoutines::call_stub
j  java.security.AccessController.doPrivileged(Ljava/security/PrivilegedAction;Ljava/security/AccessControlContext;)Ljava/lang/Object;+0
j  java.security.ProtectionDomain$1.doIntersectionPrivilege(Ljava/security/PrivilegedAction;Ljava/security/AccessControlContext;Ljava/security/AccessControlContext;)Ljava/lang/Object;+28
j  java.awt.EventQueue.dispatchEvent(Ljava/awt/AWTEvent;)V+73
j  java.awt.SequencedEvent.dispatch()V+108
j  java.awt.EventQueue.dispatchEventImpl(Ljava/awt/AWTEvent;Ljava/lang/Object;)V+21
j  java.awt.EventQueue.access$500(Ljava/awt/EventQueue;Ljava/awt/AWTEvent;Ljava/lang/Object;)V+3
j  java.awt.EventQueue$3.run()Ljava/lang/Void;+32
j  java.awt.EventQueue$3.run()Ljava/lang/Object;+1
v  ~StubRoutines::call_stub
j  java.security.AccessController.doPrivileged(Ljava/security/PrivilegedAction;Ljava/security/AccessControlContext;)Ljava/lang/Object;+0
j  java.security.ProtectionDomain$1.doIntersectionPrivilege(Ljava/security/PrivilegedAction;Ljava/security/AccessControlContext;Ljava/security/AccessControlContext;)Ljava/lang/Object;+28
j  java.security.ProtectionDomain$1.doIntersectionPrivilege(Ljava/security/PrivilegedAction;Ljava/security/AccessControlContext;)Ljava/lang/Object;+6
j  java.awt.EventQueue$4.run()Ljava/lang/Void;+11
j  java.awt.EventQueue$4.run()Ljava/lang/Object;+1
v  ~StubRoutines::call_stub
j  java.security.AccessController.doPrivileged(Ljava/security/PrivilegedAction;Ljava/security/AccessControlContext;)Ljava/lang/Object;+0
j  java.security.ProtectionDomain$1.doIntersectionPrivilege(Ljava/security/PrivilegedAction;Ljava/security/AccessControlContext;Ljava/security/AccessControlContext;)Ljava/lang/Object;+28
j  java.awt.EventQueue.dispatchEvent(Ljava/awt/AWTEvent;)V+73
j  java.awt.EventDispatchThread.pumpOneEventForFilters(I)V+245
j  java.awt.EventDispatchThread.pumpEventsForFilter(ILjava/awt/Conditional;Ljava/awt/EventFilter;)V+35
j  java.awt.EventDispatchThread.pumpEventsForHierarchy(ILjava/awt/Conditional;Ljava/awt/Component;)V+11
j  java.awt.EventDispatchThread.pumpEvents(ILjava/awt/Conditional;)V+4
j  java.awt.EventDispatchThread.pumpEvents(Ljava/awt/Conditional;)V+3
j  java.awt.EventDispatchThread.run()V+9
v  ~StubRoutines::call_stub

---------------  P R O C E S S  ---------------

Java Threads: ( => current thread )
  0x000000001a4f9000 JavaThread "J3D-InputDeviceScheduler-1" [_thread_blocked, id=13900, stack(0x000000001c330000,0x000000001c430000)]
  0x000000001a4ff000 JavaThread "J3D-SoundSchedulerUpdateThread-1" [_thread_blocked, id=13956, stack(0x000000001c230000,0x000000001c330000)]
  0x000000001a4fc800 JavaThread "J3D-RenderStructureUpdateThread-1" [_thread_in_Java, id=13932, stack(0x000000001c130000,0x000000001c230000)]
  0x000000001a4f8000 JavaThread "J3D-BehaviorScheduler-1" [_thread_in_vm, id=824, stack(0x000000001c030000,0x000000001c130000)]
  0x000000001a4fc000 JavaThread "J3D-TransformStructureUpdateThread-1" [_thread_blocked, id=12240, stack(0x000000001bf30000,0x000000001c030000)]
  0x000000001a4fe000 JavaThread "J3D-RenderingEnvironmentStructureUpdateThread-1" [_thread_blocked, id=3580, stack(0x000000001be30000,0x000000001bf30000)]
  0x000000001a4fb000 JavaThread "J3D-SoundStructureUpdateThread-1" [_thread_blocked, id=13728, stack(0x000000001bd30000,0x000000001be30000)]
  0x000000001a4f7800 JavaThread "J3D-GeometryStructureUpdateThread-1" [_thread_blocked, id=11544, stack(0x000000001bc30000,0x000000001bd30000)]
  0x0000000017f3d800 JavaThread "J3D-BehaviorStructureUpdateThread-1" [_thread_blocked, id=13628, stack(0x000000001bb30000,0x000000001bc30000)]
  0x0000000002310800 JavaThread "DestroyJavaVM" [_thread_blocked, id=13192, stack(0x0000000002160000,0x0000000002260000)]
=>0x000000001a242000 JavaThread "AWT-EventQueue-0" [_thread_in_vm, id=12104, stack(0x000000001ba30000,0x000000001bb30000)]
  0x000000001a241000 JavaThread "AWT-Shutdown" [_thread_blocked, id=13724, stack(0x000000001b930000,0x000000001ba30000)]
  0x0000000017d3c000 JavaThread "J3D-Renderer-1" [_thread_in_Java, id=13788, stack(0x0000000018b40000,0x0000000018c40000)]
  0x0000000017d8d000 JavaThread "J3D-MasterControl-1" [_thread_blocked, id=13804, stack(0x0000000018a40000,0x0000000018b40000)]
  0x0000000017dd4800 JavaThread "J3D-NotificationThread" [_thread_blocked, id=13756, stack(0x0000000018940000,0x0000000018a40000)]
  0x0000000017dcb800 JavaThread "J3D-TimerThread" [_thread_blocked, id=4740, stack(0x0000000018840000,0x0000000018940000)]
  0x0000000017da0800 JavaThread "J3D-RenderingAttributesStructureUpdateThread" [_thread_blocked, id=13748, stack(0x0000000018740000,0x0000000018840000)]
  0x0000000017ca7800 JavaThread "AWT-Windows" daemon [_thread_in_Java, id=13744, stack(0x00000000185f0000,0x00000000186f0000)]
  0x0000000017ca4000 JavaThread "Java2D Disposer" daemon [_thread_blocked, id=13740, stack(0x00000000183f0000,0x00000000184f0000)]
  0x0000000016fb3800 JavaThread "Service Thread" daemon [_thread_blocked, id=13796, stack(0x00000000178f0000,0x00000000179f0000)]
  0x0000000016f25000 JavaThread "C1 CompilerThread3" daemon [_thread_blocked, id=13808, stack(0x00000000177f0000,0x00000000178f0000)]
  0x0000000016f22000 JavaThread "C2 CompilerThread2" daemon [_thread_blocked, id=13752, stack(0x00000000176f0000,0x00000000177f0000)]
  0x0000000016f1f800 JavaThread "C2 CompilerThread1" daemon [_thread_blocked, id=11716, stack(0x00000000175f0000,0x00000000176f0000)]
  0x0000000016f18800 JavaThread "C2 CompilerThread0" daemon [_thread_blocked, id=12368, stack(0x00000000174f0000,0x00000000175f0000)]
  0x0000000016f14800 JavaThread "Attach Listener" daemon [_thread_blocked, id=8820, stack(0x00000000173f0000,0x00000000174f0000)]
  0x0000000016f13800 JavaThread "Signal Dispatcher" daemon [_thread_blocked, id=6600, stack(0x00000000172f0000,0x00000000173f0000)]
  0x0000000002409000 JavaThread "Finalizer" daemon [_thread_blocked, id=5064, stack(0x0000000016df0000,0x0000000016ef0000)]
  0x0000000014f0d000 JavaThread "Reference Handler" daemon [_thread_blocked, id=10556, stack(0x0000000016cf0000,0x0000000016df0000)]

Other Threads:
  0x0000000014f09000 VMThread [stack: 0x0000000016bf0000,0x0000000016cf0000] [id=9388]
  0x0000000016fb4800 WatcherThread [stack: 0x00000000179f0000,0x0000000017af0000] [id=13840]

VM state:not at safepoint (normal execution)

VM Mutex/Monitor currently owned by a thread: None

Heap:
 PSYoungGen      total 158720K, used 91546K [0x00000000eb400000, 0x00000000f9a00000, 0x0000000100000000)
  eden space 107008K, 48% used [0x00000000eb400000,0x00000000ee6a7718,0x00000000f1c80000)
  from space 51712K, 76% used [0x00000000f1c80000,0x00000000f433f3b0,0x00000000f4f00000)
  to   space 56320K, 0% used [0x00000000f6300000,0x00000000f6300000,0x00000000f9a00000)
 ParOldGen       total 268800K, used 168866K [0x00000000c1c00000, 0x00000000d2280000, 0x00000000eb400000)
  object space 268800K, 62% used [0x00000000c1c00000,0x00000000cc0e8b70,0x00000000d2280000)
 Metaspace       used 15815K, capacity 16042K, committed 16256K, reserved 1062912K
  class space    used 1704K, capacity 1807K, committed 1920K, reserved 1048576K

Card table byte_map: [0x00000000118b0000,0x0000000011ab0000] byte_map_base: 0x00000000112a2000

Marking Bits: (ParMarkBitMap*) 0x0000000065cb4040
 Begin Bits: [0x0000000012400000, 0x0000000013390000)
 End Bits:   [0x0000000013390000, 0x0000000014320000)

Polling page: 0x0000000000970000

CodeCache: size=245760Kb used=6880Kb max_used=7628Kb free=238879Kb
 bounds [0x00000000024f0000, 0x0000000002c70000, 0x00000000114f0000]
 total_blobs=2300 nmethods=1665 adapters=548
 compilation: enabled

Compilation events (10 events):
Event: 46.705 Thread 0x0000000016f1f800 1909       4       java.util.HashMap::hash (20 bytes)
Event: 46.705 Thread 0x0000000016f1f800 nmethod 1909 0x000000000284fb50 code [0x000000000284fc80, 0x000000000284fd38]
Event: 46.795 Thread 0x0000000016f25000 1911       3       java.security.AccessController::getContext (23 bytes)
Event: 46.795 Thread 0x0000000016f25000 nmethod 1911 0x00000000026633d0 code [0x0000000002663560, 0x00000000026638d8]
Event: 46.806 Thread 0x0000000016f25000 1913  s    3       javax.media.j3d.IndexedObject::getIdxUsed (29 bytes)
Event: 46.806 Thread 0x0000000016f25000 nmethod 1913 0x00000000027b3210 code [0x00000000027b33a0, 0x00000000027b3868]
Event: 46.856 Thread 0x0000000016f18800 1914   !   4       javax.media.j3d.BehaviorStructure::handleBehaviorPost (207 bytes)
Event: 46.884 Thread 0x0000000016f18800 nmethod 1914 0x00000000028402d0 code [0x0000000002840480, 0x0000000002841c48]
Event: 46.894 Thread 0x0000000016f22000 1915       4       javax.media.j3d.BehaviorRetained::handleLastWakeupOn (49 bytes)
Event: 46.897 Thread 0x0000000016f22000 nmethod 1915 0x00000000028f6850 code [0x00000000028f69e0, 0x00000000028f6c30]

GC Heap History (10 events):
Event: 3.284 GC heap before
{Heap before GC invocations=18 (full 5):
 PSYoungGen      total 96768K, used 92800K [0x00000000eb400000, 0x00000000f3200000, 0x0000000100000000)
  eden space 72192K, 100% used [0x00000000eb400000,0x00000000efa80000,0x00000000efa80000)
  from space 24576K, 83% used [0x00000000f1580000,0x00000000f29a0050,0x00000000f2d80000)
  to   space 27648K, 0% used [0x00000000efa80000,0x00000000efa80000,0x00000000f1580000)
 ParOldGen       total 268800K, used 141090K [0x00000000c1c00000, 0x00000000d2280000, 0x00000000eb400000)
  object space 268800K, 52% used [0x00000000c1c00000,0x00000000ca5c8950,0x00000000d2280000)
 Metaspace       used 10809K, capacity 11070K, committed 11264K, reserved 1058816K
  class space    used 1121K, capacity 1216K, committed 1280K, reserved 1048576K
Event: 3.290 GC heap after
Heap after GC invocations=18 (full 5):
 PSYoungGen      total 99840K, used 26752K [0x00000000eb400000, 0x00000000f4c80000, 0x0000000100000000)
  eden space 72192K, 0% used [0x00000000eb400000,0x00000000eb400000,0x00000000efa80000)
  from space 27648K, 96% used [0x00000000efa80000,0x00000000f14a0060,0x00000000f1580000)
  to   space 32256K, 0% used [0x00000000f2d00000,0x00000000f2d00000,0x00000000f4c80000)
 ParOldGen       total 268800K, used 141090K [0x00000000c1c00000, 0x00000000d2280000, 0x00000000eb400000)
  object space 268800K, 52% used [0x00000000c1c00000,0x00000000ca5c8950,0x00000000d2280000)
 Metaspace       used 10809K, capacity 11070K, committed 11264K, reserved 1058816K
  class space    used 1121K, capacity 1216K, committed 1280K, reserved 1048576K
}
Event: 3.588 GC heap before
{Heap before GC invocations=19 (full 5):
 PSYoungGen      total 99840K, used 97939K [0x00000000eb400000, 0x00000000f4c80000, 0x0000000100000000)
  eden space 72192K, 98% used [0x00000000eb400000,0x00000000ef984f28,0x00000000efa80000)
  from space 27648K, 96% used [0x00000000efa80000,0x00000000f14a0060,0x00000000f1580000)
  to   space 32256K, 0% used [0x00000000f2d00000,0x00000000f2d00000,0x00000000f4c80000)
 ParOldGen       total 268800K, used 141090K [0x00000000c1c00000, 0x00000000d2280000, 0x00000000eb400000)
  object space 268800K, 52% used [0x00000000c1c00000,0x00000000ca5c8950,0x00000000d2280000)
 Metaspace       used 10936K, capacity 11230K, committed 11264K, reserved 1058816K
  class space    used 1132K, capacity 1248K, committed 1280K, reserved 1048576K
Event: 3.601 GC heap after
Heap after GC invocations=19 (full 5):
 PSYoungGen      total 119296K, used 27968K [0x00000000eb400000, 0x00000000f5580000, 0x0000000100000000)
  eden space 87040K, 0% used [0x00000000eb400000,0x00000000eb400000,0x00000000f0900000)
  from space 32256K, 86% used [0x00000000f2d00000,0x00000000f4850080,0x00000000f4c80000)
  to   space 36864K, 0% used [0x00000000f0900000,0x00000000f0900000,0x00000000f2d00000)
 ParOldGen       total 268800K, used 163466K [0x00000000c1c00000, 0x00000000d2280000, 0x00000000eb400000)
  object space 268800K, 60% used [0x00000000c1c00000,0x00000000cbba2b70,0x00000000d2280000)
 Metaspace       used 10936K, capacity 11230K, committed 11264K, reserved 1058816K
  class space    used 1132K, capacity 1248K, committed 1280K, reserved 1048576K
}
Event: 3.852 GC heap before
{Heap before GC invocations=20 (full 5):
 PSYoungGen      total 119296K, used 115008K [0x00000000eb400000, 0x00000000f5580000, 0x0000000100000000)
  eden space 87040K, 100% used [0x00000000eb400000,0x00000000f0900000,0x00000000f0900000)
  from space 32256K, 86% used [0x00000000f2d00000,0x00000000f4850080,0x00000000f4c80000)
  to   space 36864K, 0% used [0x00000000f0900000,0x00000000f0900000,0x00000000f2d00000)
 ParOldGen       total 268800K, used 163466K [0x00000000c1c00000, 0x00000000d2280000, 0x00000000eb400000)
  object space 268800K, 60% used [0x00000000c1c00000,0x00000000cbba2b70,0x00000000d2280000)
 Metaspace       used 11118K, capacity 11358K, committed 11520K, reserved 1058816K
  class space    used 1152K, capacity 1248K, committed 1280K, reserved 1048576K
Event: 3.872 GC heap after
Heap after GC invocations=20 (full 5):
 PSYoungGen      total 123904K, used 36860K [0x00000000eb400000, 0x00000000f7b80000, 0x0000000100000000)
  eden space 87040K, 0% used [0x00000000eb400000,0x00000000eb400000,0x00000000f0900000)
  from space 36864K, 99% used [0x00000000f0900000,0x00000000f2cff1a8,0x00000000f2d00000)
  to   space 45568K, 0% used [0x00000000f4f00000,0x00000000f4f00000,0x00000000f7b80000)
 ParOldGen       total 268800K, used 168850K [0x00000000c1c00000, 0x00000000d2280000, 0x00000000eb400000)
  object space 268800K, 62% used [0x00000000c1c00000,0x00000000cc0e4b70,0x00000000d2280000)
 Metaspace       used 11118K, capacity 11358K, committed 11520K, reserved 1058816K
  class space    used 1152K, capacity 1248K, committed 1280K, reserved 1048576K
}
Event: 10.885 GC heap before
{Heap before GC invocations=21 (full 5):
 PSYoungGen      total 123904K, used 123900K [0x00000000eb400000, 0x00000000f7b80000, 0x0000000100000000)
  eden space 87040K, 100% used [0x00000000eb400000,0x00000000f0900000,0x00000000f0900000)
  from space 36864K, 99% used [0x00000000f0900000,0x00000000f2cff1a8,0x00000000f2d00000)
  to   space 45568K, 0% used [0x00000000f4f00000,0x00000000f4f00000,0x00000000f7b80000)
 ParOldGen       total 268800K, used 168850K [0x00000000c1c00000, 0x00000000d2280000, 0x00000000eb400000)
  object space 268800K, 62% used [0x00000000c1c00000,0x00000000cc0e4b70,0x00000000d2280000)
 Metaspace       used 15796K, capacity 16042K, committed 16256K, reserved 1062912K
  class space    used 1704K, capacity 1807K, committed 1920K, reserved 1048576K
Event: 10.901 GC heap after
Heap after GC invocations=21 (full 5):
 PSYoungGen      total 152576K, used 39696K [0x00000000eb400000, 0x00000000f8400000, 0x0000000100000000)
  eden space 107008K, 0% used [0x00000000eb400000,0x00000000eb400000,0x00000000f1c80000)
  from space 45568K, 87% used [0x00000000f4f00000,0x00000000f75c4160,0x00000000f7b80000)
  to   space 51712K, 0% used [0x00000000f1c80000,0x00000000f1c80000,0x00000000f4f00000)
 ParOldGen       total 268800K, used 168858K [0x00000000c1c00000, 0x00000000d2280000, 0x00000000eb400000)
  object space 268800K, 62% used [0x00000000c1c00000,0x00000000cc0e6b70,0x00000000d2280000)
 Metaspace       used 15796K, capacity 16042K, committed 16256K, reserved 1062912K
  class space    used 1704K, capacity 1807K, committed 1920K, reserved 1048576K
}
Event: 34.992 GC heap before
{Heap before GC invocations=22 (full 5):
 PSYoungGen      total 152576K, used 146704K [0x00000000eb400000, 0x00000000f8400000, 0x0000000100000000)
  eden space 107008K, 100% used [0x00000000eb400000,0x00000000f1c80000,0x00000000f1c80000)
  from space 45568K, 87% used [0x00000000f4f00000,0x00000000f75c4160,0x00000000f7b80000)
  to   space 51712K, 0% used [0x00000000f1c80000,0x00000000f1c80000,0x00000000f4f00000)
 ParOldGen       total 268800K, used 168858K [0x00000000c1c00000, 0x00000000d2280000, 0x00000000eb400000)
  object space 268800K, 62% used [0x00000000c1c00000,0x00000000cc0e6b70,0x00000000d2280000)
 Metaspace       used 15801K, capacity 16042K, committed 16256K, reserved 1062912K
  class space    used 1704K, capacity 1807K, committed 1920K, reserved 1048576K
Event: 35.006 GC heap after
Heap after GC invocations=22 (full 5):
 PSYoungGen      total 158720K, used 39676K [0x00000000eb400000, 0x00000000f9a00000, 0x0000000100000000)
  eden space 107008K, 0% used [0x00000000eb400000,0x00000000eb400000,0x00000000f1c80000)
  from space 51712K, 76% used [0x00000000f1c80000,0x00000000f433f3b0,0x00000000f4f00000)
  to   space 56320K, 0% used [0x00000000f6300000,0x00000000f6300000,0x00000000f9a00000)
 ParOldGen       total 268800K, used 168866K [0x00000000c1c00000, 0x00000000d2280000, 0x00000000eb400000)
  object space 268800K, 62% used [0x00000000c1c00000,0x00000000cc0e8b70,0x00000000d2280000)
 Metaspace       used 15801K, capacity 16042K, committed 16256K, reserved 1062912K
  class space    used 1704K, capacity 1807K, committed 1920K, reserved 1048576K
}

Deoptimization events (10 events):
Event: 42.313 Thread 0x000000001a4f8000 Uncommon trap: reason=unstable_if action=reinterpret pc=0x0000000002badf3c method=javax.media.j3d.TransformInterpolator.processStimulus(Ljava/util/Enumeration;)V @ 26
Event: 46.398 Thread 0x000000001a4f8000 Uncommon trap: reason=predicate action=maybe_recompile pc=0x0000000002c694b0 method=javax.media.j3d.BehaviorStructure.handleBehaviorPost()V @ 120
Event: 46.402 Thread 0x000000001a4f8000 Uncommon trap: reason=class_check action=maybe_recompile pc=0x0000000002b9b6fc method=javax.media.j3d.WakeupCriteriaEnumerator.reset(Ljavax/media/j3d/WakeupCondition;I)V @ 11
Event: 46.402 Thread 0x000000001a4f8000 Uncommon trap: reason=unstable_if action=reinterpret pc=0x0000000002b9c544 method=javax.media.j3d.BehaviorRetained.handleLastWakeupOn(Ljavax/media/j3d/WakeupCondition;Ljavax/media/j3d/BehaviorStructure;)V @ 16
Event: 46.402 Thread 0x000000001a4f8000 Uncommon trap: reason=unstable_if action=reinterpret pc=0x00000000027fe808 method=javax.media.j3d.MasterControl.sendRunMessage(Ljavax/media/j3d/VirtualUniverse;I)V @ 16
Event: 46.402 Thread 0x000000001a4f8000 Uncommon trap: reason=unstable_if action=reinterpret pc=0x00000000027916b8 method=javax.media.j3d.WakeupIndexedList.toArray(Z)[Ljava/lang/Object; @ 8
Event: 46.406 Thread 0x0000000017d8d000 Uncommon trap: reason=unstable_if action=reinterpret pc=0x0000000002606aa8 method=javax.media.j3d.WakeupIndexedList.toArray(Z)[Ljava/lang/Object; @ 8
Event: 46.417 Thread 0x000000001a4f8000 Uncommon trap: reason=class_check action=maybe_recompile pc=0x0000000002b9b6fc method=javax.media.j3d.WakeupCriteriaEnumerator.reset(Ljavax/media/j3d/WakeupCondition;I)V @ 11
Event: 46.428 Thread 0x000000001a4f8000 Uncommon trap: reason=class_check action=maybe_recompile pc=0x0000000002b9b6fc method=javax.media.j3d.WakeupCriteriaEnumerator.reset(Ljavax/media/j3d/WakeupCondition;I)V @ 11
Event: 46.444 Thread 0x000000001a4f8000 Uncommon trap: reason=class_check action=maybe_recompile pc=0x0000000002b9b6fc method=javax.media.j3d.WakeupCriteriaEnumerator.reset(Ljavax/media/j3d/WakeupCondition;I)V @ 11

Internal exceptions (10 events):
Event: 0.176 Thread 0x0000000002310800 Exception <a 'java/security/PrivilegedActionException'> (0x00000000eb841428) thrown at [C:\re\workspace\8-2-build-windows-amd64-cygwin\jdk8u45\3627\hotspot\src\share\vm\prims\jvm.cpp, line 1382]
Event: 0.180 Thread 0x0000000002310800 Exception <a 'java/io/FileNotFoundException'> (0x00000000eb844848) thrown at [C:\re\workspace\8-2-build-windows-amd64-cygwin\jdk8u45\3627\hotspot\src\share\vm\prims\jni.cpp, line 709]
Event: 0.270 Thread 0x0000000002310800 Exception <a 'java/lang/NoSuchFieldError': method resolution failed> (0x00000000eba56988) thrown at [C:\re\workspace\8-2-build-windows-amd64-cygwin\jdk8u45\3627\hotspot\src\share\vm\prims\methodHandles.cpp, line 1125]
Event: 0.271 Thread 0x0000000002310800 Exception <a 'java/lang/NoSuchFieldError': method resolution failed> (0x00000000eba65398) thrown at [C:\re\workspace\8-2-build-windows-amd64-cygwin\jdk8u45\3627\hotspot\src\share\vm\prims\methodHandles.cpp, line 1125]
Event: 0.326 Thread 0x0000000002310800 Exception <a 'java/io/FileNotFoundException'> (0x00000000ebda5600) thrown at [C:\re\workspace\8-2-build-windows-amd64-cygwin\jdk8u45\3627\hotspot\src\share\vm\prims\jni.cpp, line 709]
Event: 0.856 Thread 0x0000000002310800 Implicit null exception at 0x000000000278e982 to 0x000000000278ed2d
Event: 2.282 Thread 0x0000000002310800 Implicit null exception at 0x000000000279265c to 0x00000000027929fd
Event: 4.226 Thread 0x0000000002310800 Implicit null exception at 0x000000000283a756 to 0x000000000283aa8d
Event: 4.227 Thread 0x0000000002310800 Implicit null exception at 0x0000000002739c96 to 0x0000000002739fbd
Event: 4.230 Thread 0x0000000002310800 Implicit null exception at 0x000000000299c198 to 0x000000000299c226

Events (10 events):
Event: 46.461 Thread 0x0000000016f25000 flushing nmethod 0x0000000002753610
Event: 46.475 Thread 0x0000000016f25000 flushing nmethod 0x0000000002795710
Event: 46.475 Thread 0x0000000016f25000 flushing nmethod 0x0000000002796190
Event: 46.475 Thread 0x0000000016f25000 flushing nmethod 0x00000000027b3210
Event: 46.475 Thread 0x0000000016f25000 flushing nmethod 0x0000000002818010
Event: 46.475 Thread 0x0000000016f25000 flushing nmethod 0x000000000282b150
Event: 46.487 Thread 0x0000000016f25000 flushing nmethod 0x00000000028fcb10
Event: 46.488 Thread 0x0000000016f25000 flushing nmethod 0x000000000292ef90
Event: 46.488 Thread 0x0000000016f25000 flushing nmethod 0x000000000298d210
Event: 46.488 Thread 0x0000000016f25000 flushing nmethod 0x000000000299c390


Dynamic libraries:
0x00007ff6b4390000 - 0x00007ff6b43c7000 	C:\Program Files\Java\jdk1.8.0_45\bin\java.exe
0x00007ffe02f00000 - 0x00007ffe030c1000 	C:\WINDOWS\SYSTEM32\ntdll.dll
0x00007ffe00cb0000 - 0x00007ffe00d5d000 	C:\WINDOWS\system32\KERNEL32.DLL
0x00007ffdff740000 - 0x00007ffdff928000 	C:\WINDOWS\system32\KERNELBASE.dll
0x00007ffe00de0000 - 0x00007ffe00e87000 	C:\WINDOWS\system32\ADVAPI32.dll
0x00007ffe00bd0000 - 0x00007ffe00c6d000 	C:\WINDOWS\system32\msvcrt.dll
0x00007ffe00a10000 - 0x00007ffe00a6b000 	C:\WINDOWS\system32\sechost.dll
0x00007ffe01610000 - 0x00007ffe0172c000 	C:\WINDOWS\system32\RPCRT4.dll
0x00007ffe00890000 - 0x00007ffe009e6000 	C:\WINDOWS\system32\USER32.dll
0x00007ffe00700000 - 0x00007ffe00886000 	C:\WINDOWS\system32\GDI32.dll
0x00007ffdfa810000 - 0x00007ffdfaa84000 	C:\WINDOWS\WinSxS\amd64_microsoft.windows.common-controls_6595b64144ccf1df_6.0.10586.0_none_8c15ae12515e1c22\COMCTL32.dll
0x00007ffe00480000 - 0x00007ffe006fd000 	C:\WINDOWS\system32\combase.dll
0x00007ffe00290000 - 0x00007ffe002fa000 	C:\WINDOWS\system32\bcryptPrimitives.dll
0x00007ffe00c70000 - 0x00007ffe00cab000 	C:\WINDOWS\system32\IMM32.DLL
0x00007ffdff410000 - 0x00007ffdff441000 	C:\Windows\system32\nvinitx.dll
0x00007ffdff400000 - 0x00007ffdff40a000 	C:\WINDOWS\SYSTEM32\VERSION.dll
0x00000000653d0000 - 0x00000000654a2000 	C:\Program Files\Java\jdk1.8.0_45\jre\bin\msvcr100.dll
0x00000000654b0000 - 0x0000000065d33000 	C:\Program Files\Java\jdk1.8.0_45\jre\bin\server\jvm.dll
0x00007ffe00d60000 - 0x00007ffe00d68000 	C:\WINDOWS\system32\PSAPI.DLL
0x00007ffdf4470000 - 0x00007ffdf4479000 	C:\WINDOWS\SYSTEM32\WSOCK32.dll
0x00007ffdfabc0000 - 0x00007ffdfabe3000 	C:\WINDOWS\SYSTEM32\WINMM.dll
0x00007ffe00d70000 - 0x00007ffe00ddb000 	C:\WINDOWS\system32\WS2_32.dll
0x00000000009a0000 - 0x00000000009cc000 	C:\WINDOWS\SYSTEM32\WINMMBASE.dll
0x00007ffdffbf0000 - 0x00007ffdffc33000 	C:\WINDOWS\system32\cfgmgr32.dll
0x00000000661a0000 - 0x00000000661af000 	C:\Program Files\Java\jdk1.8.0_45\jre\bin\verify.dll
0x0000000065360000 - 0x0000000065389000 	C:\Program Files\Java\jdk1.8.0_45\jre\bin\java.dll
0x0000000066180000 - 0x0000000066196000 	C:\Program Files\Java\jdk1.8.0_45\jre\bin\zip.dll
0x00007ffe019a0000 - 0x00007ffe02efc000 	C:\WINDOWS\system32\SHELL32.dll
0x00007ffdffc40000 - 0x00007ffe00285000 	C:\WINDOWS\system32\windows.storage.dll
0x00007ffe00420000 - 0x00007ffe00472000 	C:\WINDOWS\system32\shlwapi.dll
0x00007ffdff5a0000 - 0x00007ffdff5af000 	C:\WINDOWS\system32\kernel.appcore.dll
0x00007ffdff660000 - 0x00007ffdff715000 	C:\WINDOWS\system32\shcore.dll
0x00007ffdff550000 - 0x00007ffdff59b000 	C:\WINDOWS\system32\powrprof.dll
0x00007ffdff520000 - 0x00007ffdff534000 	C:\WINDOWS\system32\profapi.dll
0x0000000065180000 - 0x0000000065318000 	C:\Program Files\Java\jdk1.8.0_45\jre\bin\awt.dll
0x00007ffe00ea0000 - 0x00007ffe00f61000 	C:\WINDOWS\system32\OLEAUT32.dll
0x00007ffdfdcc0000 - 0x00007ffdfdd39000 	C:\WINDOWS\system32\apphelp.dll
0x00007ffdfde50000 - 0x00007ffdfdee6000 	C:\WINDOWS\system32\uxtheme.dll
0x00007ffe00a70000 - 0x00007ffe00bca000 	C:\WINDOWS\system32\MSCTF.dll
0x00007ffdfa7d0000 - 0x00007ffdfa7f2000 	C:\WINDOWS\system32\dwmapi.dll
0x00007ffe01840000 - 0x00007ffe01983000 	C:\WINDOWS\system32\ole32.dll
0x0000000065060000 - 0x0000000065067000 	C:\Program Files\Java\jdk1.8.0_45\jre\bin\jawt.dll
0x0000000002260000 - 0x000000000229e000 	C:\Program Files\Java\jdk1.8.0_45\jre\bin\j3dcore-ogl.dll
0x00007ffde82b0000 - 0x00007ffde83d9000 	C:\WINDOWS\SYSTEM32\OPENGL32.dll
0x00007ffde8a00000 - 0x00007ffde8a2e000 	C:\WINDOWS\SYSTEM32\GLU32.dll
0x00007ffde80f0000 - 0x00007ffde81ea000 	C:\WINDOWS\SYSTEM32\DDRAW.dll
0x00007ffde96f0000 - 0x00007ffde96f8000 	C:\WINDOWS\SYSTEM32\DCIMAN32.dll
0x00007ffdd6480000 - 0x00007ffdd6cb3000 	C:\WINDOWS\SYSTEM32\ig7icd64.dll
0x00007ffdf8200000 - 0x00007ffdf865f000 	C:\WINDOWS\SYSTEM32\igdusc64.dll
0x00007ffdfd300000 - 0x00007ffdfd313000 	C:\WINDOWS\SYSTEM32\WTSAPI32.dll
0x0000000065020000 - 0x0000000065051000 	C:\Program Files\Java\jdk1.8.0_45\jre\bin\jpeg.dll
0x0000000065130000 - 0x0000000065177000 	C:\Program Files\Java\jdk1.8.0_45\jre\bin\fontmanager.dll
0x0000000065340000 - 0x000000006535a000 	C:\Program Files\Java\jdk1.8.0_45\jre\bin\net.dll
0x00007ffdfeda0000 - 0x00007ffdfedfc000 	C:\WINDOWS\system32\mswsock.dll
0x0000000065320000 - 0x0000000065331000 	C:\Program Files\Java\jdk1.8.0_45\jre\bin\nio.dll
0x00000000650e0000 - 0x0000000065121000 	C:\Program Files\Java\jdk1.8.0_45\jre\bin\t2k.dll
0x00007ffde8480000 - 0x00007ffde860c000 	C:\WINDOWS\SYSTEM32\dbghelp.dll

VM Arguments:
jvm_args: -Dfile.encoding=UTF-8 
java_command: practica1.Practica1
java_class_path (initial): C:\Users\Jose\Desktop\Practica1\build\classes
Launcher Type: SUN_STANDARD

Environment Variables:
PATH=C:\ProgramData\Oracle\Java\javapath;C:\WINDOWS\system32;C:\WINDOWS;C:\WINDOWS\System32\Wbem;C:\WINDOWS\System32\WindowsPowerShell\v1.0\;C:\MinGW\bin;C:\Program Files (x86)\NVIDIA Corporation\PhysX\Common;C:\WINDOWS\system32;C:\WINDOWS;C:\WINDOWS\System32\Wbem;C:\WINDOWS\System32\WindowsPowerShell\v1.0\;C:\Program Files (x86)\Skype\Phone\;C:\WINDOWS\system32\config\systemprofile\.dnx\bin;C:\Program Files\Microsoft DNX\Dnvm\;C:\Program Files\Java\jdk1.8.0_45\bin
USERNAME=Jose
OS=Windows_NT
PROCESSOR_IDENTIFIER=Intel64 Family 6 Model 58 Stepping 9, GenuineIntel



---------------  S Y S T E M  ---------------

OS: Windows 10.0 , 64 bit Build 10586 (10.0.10586.0)

CPU:total 8 (4 cores per cpu, 2 threads per core) family 6 model 58 stepping 9, cmov, cx8, fxsr, mmx, sse, sse2, sse3, ssse3, sse4.1, sse4.2, popcnt, avx, aes, clmul, erms, ht, tsc, tscinvbit, tscinv

Memory: 4k page, physical 4077044k(495192k free), swap 10368500k(1974836k free)

vm_info: Java HotSpot(TM) 64-Bit Server VM (25.45-b02) for windows-amd64 JRE (1.8.0_45-b15), built on Apr 30 2015 12:40:44 by "java_re" with MS VC++ 10.0 (VS2010)

time: Thu Apr 21 12:02:08 2016
elapsed time: 47 seconds (0d 0h 0m 47s)

