#
# A fatal error has been detected by the Java Runtime Environment:
#
#  EXCEPTION_ACCESS_VIOLATION (0xc0000005) at pc=0x0000000059c13785, pid=9264, tid=9824
#
# JRE version: Java(TM) SE Runtime Environment (8.0_45-b15) (build 1.8.0_45-b15)
# Java VM: Java HotSpot(TM) 64-Bit Server VM (25.45-b02 mixed mode windows-amd64 compressed oops)
# Problematic frame:
# V  [jvm.dll+0x123785]
#
# Failed to write core dump. Minidumps are not enabled by default on client versions of Windows
#
# If you would like to submit a bug report, please visit:
#   http://bugreport.java.com/bugreport/crash.jsp
#

---------------  T H R E A D  ---------------

Current thread (0x0000000017a6a800):  JavaThread "AWT-EventQueue-0" [_thread_in_vm, id=9824, stack(0x000000001a270000,0x000000001a370000)]

siginfo: ExceptionCode=0xc0000005, reading address 0x00000000cb593028

Registers:
RAX=0x000098c95ca3e005, RBX=0x0000000017978d60, RCX=0x00000000cb593020, RDX=0x000000001a36b7a0
RSP=0x000000001a36b3d0, RBP=0x00000000000003d8, RSI=0x0000000016b64990, RDI=0x0000000017a6a800
R8 =0x000000001a36b7a0, R9 =0x00000000000000db, R10=0x000000005a2dbba0, R11=0x00000000024a0260
R12=0x0000000016b649a0, R13=0x0000000016b64d78, R14=0x000000001a36b740, R15=0x0000000017a6a800
RIP=0x0000000059c13785, EFLAGS=0x0000000000010206

Top of Stack: (sp=0x000000001a36b3d0)
0x000000001a36b3d0:   0000000100093428 000000010007a358
0x000000001a36b3e0:   0000000017a6a800 0000000100073028
0x000000001a36b3f0:   000000001a36b510 0000000059bb1d92
0x000000001a36b400:   000000001a36b510 0000000016e65f68
0x000000001a36b410:   0000000100093428 000098c95ca3e005
0x000000001a36b420:   0000000017978d60 0000000059f30f8b
0x000000001a36b430:   0000000100073028 0000000017a6a801
0x000000001a36b440:   0000000100073001 0000000017a6a800
0x000000001a36b450:   000000001a36b6c8 0000000000000000
0x000000001a36b460:   0000000019948d00 000000000221cbaa
0x000000001a36b470:   0000000017a6a800 0000000100147550
0x000000001a36b480:   000000001a36b660 00000000cb593020
0x000000001a36b490:   0000000000000212 000000001a36d4c8
0x000000001a36b4a0:   00000000021256d0 0000000000000000
0x000000001a36b4b0:   0000000000000000 0000000000000000
0x000000001a36b4c0:   0000000000000000 0000000000000000 

Instructions: (pc=0x0000000059c13785)
0x0000000059c13765:   00 00 48 8b 00 c3 cc cc cc cc cc 40 53 48 83 ec
0x0000000059c13775:   50 48 8b 05 13 64 6b 00 48 33 c4 48 89 44 24 48
0x0000000059c13785:   83 79 08 00 48 8b d9 0f 8e b9 00 00 00 0f b6 81
0x0000000059c13795:   0e 01 00 00 c0 e8 03 a8 01 0f 84 a7 00 00 00 48 


Register to memory mapping:

RAX=0x000098c95ca3e005 is an unknown value
RBX=0x0000000017978d60 is an unknown value
RCX=0x00000000cb593020 is an unallocated location in the heap
RDX=0x000000001a36b7a0 is pointing into the stack for thread: 0x0000000017a6a800
RSP=0x000000001a36b3d0 is pointing into the stack for thread: 0x0000000017a6a800
RBP=0x00000000000003d8 is an unknown value
RSI=0x0000000016b64990 is an unknown value
RDI=0x0000000017a6a800 is a thread
R8 =0x000000001a36b7a0 is pointing into the stack for thread: 0x0000000017a6a800
R9 =0x00000000000000db is an unknown value
R10=0x000000005a2dbba0 is an unknown value
R11=0x00000000024a0260 is at entry_point+32 in (nmethod*)0x00000000024a00d0
R12=0x0000000016b649a0 is an unknown value
R13=0x0000000016b64d78 is an unknown value
R14=0x000000001a36b740 is pointing into the stack for thread: 0x0000000017a6a800
R15=0x0000000017a6a800 is a thread


Stack: [0x000000001a270000,0x000000001a370000],  sp=0x000000001a36b3d0,  free space=1004k
Native frames: (J=compiled Java code, j=interpreted, Vv=VM code, C=native code)
V  [jvm.dll+0x123785]
V  [jvm.dll+0x440f8b]
C  0x000000000221cbaa

Java frames: (J=compiled Java code, j=interpreted, Vv=VM code)
v  ~RuntimeStub::throw_class_cast_exception Runtime1 stub
J 816 C1 javax.media.j3d.NativePipeline.unbox(Ljavax/media/j3d/Context;)J (14 bytes) @ 0x00000000024a044f [0x00000000024a0240+0x20f]
j  javax.media.j3d.NativePipeline.decalReset(Ljavax/media/j3d/Context;Z)V+3
j  javax.media.j3d.Canvas3D.decalReset(Ljavax/media/j3d/Context;Z)V+5
j  java.awt.DefaultKeyboardFocusManager.dispatchEvent(Ljava/awt/AWTEvent;)Z+1428
j  java.awt.Component.dispatchEventImpl(Ljava/awt/AWTEvent;)V+151
j  java.awt.Container.dispatchEventImpl(Ljava/awt/AWTEvent;)V+42
j  java.awt.Window.dispatchEventImpl(Ljava/awt/AWTEvent;)V+19
j  java.awt.Component.dispatchEvent(Ljava/awt/AWTEvent;)V+2
j  java.awt.EventQueue.dispatchEventImpl(Ljava/awt/AWTEvent;Ljava/lang/Object;)V+41
j  java.awt.EventQueue.access$500(Ljava/awt/EventQueue;Ljava/awt/AWTEvent;Ljava/lang/Object;)V+3
j  java.awt.EventQueue$3.run()Ljava/lang/Void;+32
j  java.awt.EventQueue$3.run()Ljava/lang/Object;+1
v  ~StubRoutines::call_stub
j  java.security.AccessController.doPrivileged(Ljava/security/PrivilegedAction;Ljava/security/AccessControlContext;)Ljava/lang/Object;+0
j  java.security.ProtectionDomain$1.doIntersectionPrivilege(Ljava/security/PrivilegedAction;Ljava/security/AccessControlContext;Ljava/security/AccessControlContext;)Ljava/lang/Object;+28
j  java.security.ProtectionDomain$1.doIntersectionPrivilege(Ljava/security/PrivilegedAction;Ljava/security/AccessControlContext;)Ljava/lang/Object;+6
j  java.awt.EventQueue$4.run()Ljava/lang/Void;+11
j  java.awt.EventQueue$4.run()Ljava/lang/Object;+1
v  ~StubRoutines::call_stub
j  java.security.AccessController.doPrivileged(Ljava/security/PrivilegedAction;Ljava/security/AccessControlContext;)Ljava/lang/Object;+0
j  java.security.ProtectionDomain$1.doIntersectionPrivilege(Ljava/security/PrivilegedAction;Ljava/security/AccessControlContext;Ljava/security/AccessControlContext;)Ljava/lang/Object;+28
j  java.awt.EventQueue.dispatchEvent(Ljava/awt/AWTEvent;)V+73
j  java.awt.SequencedEvent.dispatch()V+108
j  java.awt.EventQueue.dispatchEventImpl(Ljava/awt/AWTEvent;Ljava/lang/Object;)V+21
j  java.awt.EventQueue.access$500(Ljava/awt/EventQueue;Ljava/awt/AWTEvent;Ljava/lang/Object;)V+3
j  java.awt.EventQueue$3.run()Ljava/lang/Void;+32
j  java.awt.EventQueue$3.run()Ljava/lang/Object;+1
v  ~StubRoutines::call_stub
j  java.security.AccessController.doPrivileged(Ljava/security/PrivilegedAction;Ljava/security/AccessControlContext;)Ljava/lang/Object;+0
j  java.security.ProtectionDomain$1.doIntersectionPrivilege(Ljava/security/PrivilegedAction;Ljava/security/AccessControlContext;Ljava/security/AccessControlContext;)Ljava/lang/Object;+28
j  java.security.ProtectionDomain$1.doIntersectionPrivilege(Ljava/security/PrivilegedAction;Ljava/security/AccessControlContext;)Ljava/lang/Object;+6
j  java.awt.EventQueue$4.run()Ljava/lang/Void;+11
j  java.awt.EventQueue$4.run()Ljava/lang/Object;+1
v  ~StubRoutines::call_stub
j  java.security.AccessController.doPrivileged(Ljava/security/PrivilegedAction;Ljava/security/AccessControlContext;)Ljava/lang/Object;+0
j  java.security.ProtectionDomain$1.doIntersectionPrivilege(Ljava/security/PrivilegedAction;Ljava/security/AccessControlContext;Ljava/security/AccessControlContext;)Ljava/lang/Object;+28
j  java.awt.EventQueue.dispatchEvent(Ljava/awt/AWTEvent;)V+73
j  java.awt.EventDispatchThread.pumpOneEventForFilters(I)V+245
j  java.awt.EventDispatchThread.pumpEventsForFilter(ILjava/awt/Conditional;Ljava/awt/EventFilter;)V+35
j  java.awt.EventDispatchThread.pumpEventsForHierarchy(ILjava/awt/Conditional;Ljava/awt/Component;)V+11
j  java.awt.EventDispatchThread.pumpEvents(ILjava/awt/Conditional;)V+4
j  java.awt.EventDispatchThread.pumpEvents(Ljava/awt/Conditional;)V+3
j  java.awt.EventDispatchThread.run()V+9
v  ~StubRoutines::call_stub

---------------  P R O C E S S  ---------------

Java Threads: ( => current thread )
  0x0000000017d5d000 JavaThread "J3D-InputDeviceScheduler-1" [_thread_blocked, id=876, stack(0x000000001ab70000,0x000000001ac70000)]
  0x0000000017d58800 JavaThread "J3D-SoundSchedulerUpdateThread-1" [_thread_blocked, id=6912, stack(0x000000001aa70000,0x000000001ab70000)]
  0x0000000017d5c000 JavaThread "J3D-RenderStructureUpdateThread-1" [_thread_blocked, id=4780, stack(0x000000001a970000,0x000000001aa70000)]
  0x0000000017d5b800 JavaThread "J3D-BehaviorScheduler-1" [_thread_blocked, id=8404, stack(0x000000001a870000,0x000000001a970000)]
  0x0000000017d5a000 JavaThread "J3D-TransformStructureUpdateThread-1" [_thread_blocked, id=6412, stack(0x000000001a770000,0x000000001a870000)]
  0x0000000017d5a800 JavaThread "J3D-RenderingEnvironmentStructureUpdateThread-1" [_thread_blocked, id=9756, stack(0x000000001a670000,0x000000001a770000)]
  0x0000000017d5f000 JavaThread "J3D-SoundStructureUpdateThread-1" [_thread_blocked, id=8020, stack(0x000000001a570000,0x000000001a670000)]
  0x0000000017d89800 JavaThread "J3D-GeometryStructureUpdateThread-1" [_thread_blocked, id=8964, stack(0x000000001a470000,0x000000001a570000)]
  0x0000000017d86800 JavaThread "J3D-BehaviorStructureUpdateThread-1" [_thread_blocked, id=9140, stack(0x000000001a370000,0x000000001a470000)]
  0x0000000002020800 JavaThread "DestroyJavaVM" [_thread_blocked, id=8520, stack(0x0000000001ed0000,0x0000000001fd0000)]
=>0x0000000017a6a800 JavaThread "AWT-EventQueue-0" [_thread_in_vm, id=9824, stack(0x000000001a270000,0x000000001a370000)]
  0x0000000017b00000 JavaThread "J3D-Renderer-1" [_thread_blocked, id=8760, stack(0x0000000018930000,0x0000000018a30000)]
  0x0000000017995000 JavaThread "J3D-MasterControl-1" [_thread_blocked, id=1028, stack(0x0000000018830000,0x0000000018930000)]
  0x0000000017908000 JavaThread "J3D-NotificationThread" [_thread_blocked, id=6256, stack(0x0000000018730000,0x0000000018830000)]
  0x0000000017946800 JavaThread "J3D-TimerThread" [_thread_blocked, id=5996, stack(0x0000000018530000,0x0000000018630000)]
  0x0000000017945000 JavaThread "J3D-RenderingAttributesStructureUpdateThread" [_thread_blocked, id=3244, stack(0x00000000183f0000,0x00000000184f0000)]
  0x0000000017850000 JavaThread "AWT-Windows" daemon [_thread_in_native, id=9308, stack(0x0000000018230000,0x0000000018330000)]
  0x00000000177a2800 JavaThread "AWT-Shutdown" [_thread_blocked, id=10068, stack(0x0000000018130000,0x0000000018230000)]
  0x00000000177a0000 JavaThread "Java2D Disposer" daemon [_thread_blocked, id=9368, stack(0x0000000018030000,0x0000000018130000)]
  0x0000000016be8800 JavaThread "Service Thread" daemon [_thread_blocked, id=7004, stack(0x0000000017530000,0x0000000017630000)]
  0x0000000016b63800 JavaThread "C1 CompilerThread3" daemon [_thread_blocked, id=9228, stack(0x0000000017430000,0x0000000017530000)]
  0x0000000016b60800 JavaThread "C2 CompilerThread2" daemon [_thread_blocked, id=260, stack(0x0000000017330000,0x0000000017430000)]
  0x0000000016b5c000 JavaThread "C2 CompilerThread1" daemon [_thread_blocked, id=8516, stack(0x0000000017230000,0x0000000017330000)]
  0x0000000016b58800 JavaThread "C2 CompilerThread0" daemon [_thread_blocked, id=3020, stack(0x0000000017130000,0x0000000017230000)]
  0x0000000016b54000 JavaThread "Attach Listener" daemon [_thread_blocked, id=4820, stack(0x0000000017030000,0x0000000017130000)]
  0x0000000016b53800 JavaThread "Signal Dispatcher" daemon [_thread_blocked, id=5780, stack(0x0000000016f30000,0x0000000017030000)]
  0x0000000002118800 JavaThread "Finalizer" daemon [_thread_blocked, id=5720, stack(0x0000000016a30000,0x0000000016b30000)]
  0x0000000014b3d000 JavaThread "Reference Handler" daemon [_thread_blocked, id=5992, stack(0x0000000016930000,0x0000000016a30000)]

Other Threads:
  0x0000000014b39000 VMThread [stack: 0x0000000016830000,0x0000000016930000] [id=9940]
  0x0000000016b74000 WatcherThread [stack: 0x0000000017630000,0x0000000017730000] [id=10228]

VM state:not at safepoint (normal execution)

VM Mutex/Monitor currently owned by a thread: None

Heap:
 PSYoungGen      total 18944K, used 10725K [0x00000000eb400000, 0x00000000ec900000, 0x0000000100000000)
  eden space 16384K, 50% used [0x00000000eb400000,0x00000000ebc01410,0x00000000ec400000)
  from space 2560K, 98% used [0x00000000ec400000,0x00000000ec678060,0x00000000ec680000)
  to   space 2560K, 0% used [0x00000000ec680000,0x00000000ec680000,0x00000000ec900000)
 ParOldGen       total 44032K, used 2128K [0x00000000c1c00000, 0x00000000c4700000, 0x00000000eb400000)
  object space 44032K, 4% used [0x00000000c1c00000,0x00000000c1e14280,0x00000000c4700000)
 Metaspace       used 14715K, capacity 14954K, committed 15104K, reserved 1062912K
  class space    used 1648K, capacity 1743K, committed 1792K, reserved 1048576K

Card table byte_map: [0x00000000114e0000,0x00000000116e0000] byte_map_base: 0x0000000010ed2000

Marking Bits: (ParMarkBitMap*) 0x000000005a2f4040
 Begin Bits: [0x0000000012030000, 0x0000000012fc0000)
 End Bits:   [0x0000000012fc0000, 0x0000000013f50000)

Polling page: 0x0000000000400000

CodeCache: size=245760Kb used=3672Kb max_used=3672Kb free=242087Kb
 bounds [0x0000000002120000, 0x00000000024c0000, 0x0000000011120000]
 total_blobs=1493 nmethods=865 adapters=541
 compilation: enabled

Compilation events (10 events):
Event: 1.681 Thread 0x0000000016b63800  862   !   3       javax.media.j3d.MasterControl::updateTimeValues (816 bytes)
Event: 1.683 Thread 0x0000000016b63800 nmethod 862 0x00000000024b3110 code [0x00000000024b3440, 0x00000000024b54e8]
Event: 1.693 Thread 0x0000000016b63800  863       3       sun.awt.SunToolkit::getAppContext (42 bytes)
Event: 1.694 Thread 0x0000000016b63800 nmethod 863 0x00000000024b11d0 code [0x00000000024b13c0, 0x00000000024b1da8]
Event: 1.694 Thread 0x0000000016b63800  864       3       sun.awt.SunToolkit::targetToAppContext (30 bytes)
Event: 1.694 Thread 0x0000000016b63800 nmethod 864 0x00000000024b0850 code [0x00000000024b09e0, 0x00000000024b0fb8]
Event: 1.709 Thread 0x0000000016b63800  865  s    3       javax.media.j3d.WakeupIndexedList::toArray (6 bytes)
Event: 1.709 Thread 0x0000000016b63800 nmethod 865 0x00000000024b0290 code [0x00000000024b0400, 0x00000000024b0768]
Event: 1.709 Thread 0x0000000016b63800  866  s    3       javax.media.j3d.UnorderList::toArray (6 bytes)
Event: 1.709 Thread 0x0000000016b63800 nmethod 866 0x00000000024b7310 code [0x00000000024b7480, 0x00000000024b77e8]

GC Heap History (2 events):
Event: 0.498 GC heap before
{Heap before GC invocations=1 (full 0):
 PSYoungGen      total 18944K, used 16084K [0x00000000eb400000, 0x00000000ec900000, 0x0000000100000000)
  eden space 16384K, 98% used [0x00000000eb400000,0x00000000ec3b50d8,0x00000000ec400000)
  from space 2560K, 0% used [0x00000000ec680000,0x00000000ec680000,0x00000000ec900000)
  to   space 2560K, 0% used [0x00000000ec400000,0x00000000ec400000,0x00000000ec680000)
 ParOldGen       total 44032K, used 0K [0x00000000c1c00000, 0x00000000c4700000, 0x00000000eb400000)
  object space 44032K, 0% used [0x00000000c1c00000,0x00000000c1c00000,0x00000000c4700000)
 Metaspace       used 10461K, capacity 10654K, committed 10752K, reserved 1058816K
  class space    used 1090K, capacity 1184K, committed 1280K, reserved 1048576K
Event: 0.501 GC heap after
Heap after GC invocations=1 (full 0):
 PSYoungGen      total 18944K, used 2528K [0x00000000eb400000, 0x00000000ec900000, 0x0000000100000000)
  eden space 16384K, 0% used [0x00000000eb400000,0x00000000eb400000,0x00000000ec400000)
  from space 2560K, 98% used [0x00000000ec400000,0x00000000ec678060,0x00000000ec680000)
  to   space 2560K, 0% used [0x00000000ec680000,0x00000000ec680000,0x00000000ec900000)
 ParOldGen       total 44032K, used 2128K [0x00000000c1c00000, 0x00000000c4700000, 0x00000000eb400000)
  object space 44032K, 4% used [0x00000000c1c00000,0x00000000c1e14280,0x00000000c4700000)
 Metaspace       used 10461K, capacity 10654K, committed 10752K, reserved 1058816K
  class space    used 1090K, capacity 1184K, committed 1280K, reserved 1048576K
}

Deoptimization events (9 events):
Event: 0.573 Thread 0x0000000002020800 Uncommon trap: reason=unstable_if action=reinterpret pc=0x000000000232a90c method=java.lang.String.indexOf([CII[CIII)I @ 134
Event: 0.591 Thread 0x0000000002020800 Uncommon trap: reason=unstable_if action=reinterpret pc=0x00000000023ce84c method=java.lang.AbstractStringBuilder.append(Ljava/lang/String;)Ljava/lang/AbstractStringBuilder; @ 1
Event: 0.592 Thread 0x0000000002020800 Uncommon trap: reason=unstable_if action=reinterpret pc=0x000000000237460c method=java.lang.AbstractStringBuilder.append(Ljava/lang/String;)Ljava/lang/AbstractStringBuilder; @ 1
Event: 0.595 Thread 0x0000000002020800 Uncommon trap: reason=unstable_if action=reinterpret pc=0x000000000234177c method=java.util.HashMap.hash(Ljava/lang/Object;)I @ 1
Event: 0.602 Thread 0x0000000017850000 Uncommon trap: reason=class_check action=maybe_recompile pc=0x000000000233e2d8 method=java.util.HashMap.putVal(ILjava/lang/Object;Ljava/lang/Object;ZZ)Ljava/lang/Object; @ 203
Event: 0.602 Thread 0x0000000017850000 Uncommon trap: reason=bimorphic action=maybe_recompile pc=0x000000000233e298 method=java.util.HashMap.putVal(ILjava/lang/Object;Ljava/lang/Object;ZZ)Ljava/lang/Object; @ 91
Event: 0.602 Thread 0x0000000017850000 Uncommon trap: reason=class_check action=maybe_recompile pc=0x000000000233e2d8 method=java.util.HashMap.putVal(ILjava/lang/Object;Ljava/lang/Object;ZZ)Ljava/lang/Object; @ 203
Event: 0.602 Thread 0x0000000017850000 Uncommon trap: reason=class_check action=maybe_recompile pc=0x000000000233e2d8 method=java.util.HashMap.putVal(ILjava/lang/Object;Ljava/lang/Object;ZZ)Ljava/lang/Object; @ 203
Event: 0.602 Thread 0x0000000017850000 Uncommon trap: reason=bimorphic action=maybe_recompile pc=0x000000000233e298 method=java.util.HashMap.putVal(ILjava/lang/Object;Ljava/lang/Object;ZZ)Ljava/lang/Object; @ 91

Internal exceptions (10 events):
Event: 0.168 Thread 0x0000000002020800 Exception <a 'java/security/PrivilegedActionException'> (0x00000000eb83c8f8) thrown at [C:\re\workspace\8-2-build-windows-amd64-cygwin\jdk8u45\3627\hotspot\src\share\vm\prims\jvm.cpp, line 1382]
Event: 0.169 Thread 0x0000000002020800 Exception <a 'java/security/PrivilegedActionException'> (0x00000000eb840690) thrown at [C:\re\workspace\8-2-build-windows-amd64-cygwin\jdk8u45\3627\hotspot\src\share\vm\prims\jvm.cpp, line 1382]
Event: 0.169 Thread 0x0000000002020800 Exception <a 'java/security/PrivilegedActionException'> (0x00000000eb840848) thrown at [C:\re\workspace\8-2-build-windows-amd64-cygwin\jdk8u45\3627\hotspot\src\share\vm\prims\jvm.cpp, line 1382]
Event: 0.173 Thread 0x0000000002020800 Exception <a 'java/io/FileNotFoundException'> (0x00000000eb843c68) thrown at [C:\re\workspace\8-2-build-windows-amd64-cygwin\jdk8u45\3627\hotspot\src\share\vm\prims\jni.cpp, line 709]
Event: 0.268 Thread 0x0000000002020800 Exception <a 'java/lang/NoSuchFieldError': method resolution failed> (0x00000000eba55568) thrown at [C:\re\workspace\8-2-build-windows-amd64-cygwin\jdk8u45\3627\hotspot\src\share\vm\prims\methodHandles.cpp, line 1125]
Event: 0.269 Thread 0x0000000002020800 Exception <a 'java/lang/NoSuchFieldError': method resolution failed> (0x00000000eba63f78) thrown at [C:\re\workspace\8-2-build-windows-amd64-cygwin\jdk8u45\3627\hotspot\src\share\vm\prims\methodHandles.cpp, line 1125]
Event: 0.326 Thread 0x0000000002020800 Exception <a 'java/io/FileNotFoundException'> (0x00000000ebda4c20) thrown at [C:\re\workspace\8-2-build-windows-amd64-cygwin\jdk8u45\3627\hotspot\src\share\vm\prims\jni.cpp, line 709]
Event: 0.591 Thread 0x0000000002020800 Implicit null exception at 0x00000000023ce4d9 to 0x00000000023ce835
Event: 0.592 Thread 0x0000000002020800 Implicit null exception at 0x0000000002374299 to 0x00000000023745f5
Event: 0.595 Thread 0x0000000002020800 Implicit null exception at 0x0000000002340ddb to 0x0000000002341761

Events (10 events):
Event: 1.401 loading class javax/media/j3d/WakeupAnd
Event: 1.401 loading class javax/media/j3d/WakeupAnd done
Event: 1.401 loading class javax/media/j3d/WakeupOr
Event: 1.401 loading class javax/media/j3d/WakeupOr done
Event: 1.401 loading class javax/media/j3d/WakeupOrOfAnds
Event: 1.401 loading class javax/media/j3d/WakeupOrOfAnds done
Event: 1.402 loading class javax/media/j3d/WakeupAndOfOrs
Event: 1.402 loading class javax/media/j3d/WakeupAndOfOrs done
Event: 1.402 loading class java/util/NoSuchElementException
Event: 1.402 loading class java/util/NoSuchElementException done


Dynamic libraries:
0x00007ff6118d0000 - 0x00007ff611907000 	C:\Program Files\Java\jdk1.8.0_45\bin\java.exe
0x00007ffd80180000 - 0x00007ffd80341000 	C:\WINDOWS\SYSTEM32\ntdll.dll
0x00007ffd7fea0000 - 0x00007ffd7ff4d000 	C:\WINDOWS\system32\KERNEL32.DLL
0x00007ffd7ced0000 - 0x00007ffd7d0b8000 	C:\WINDOWS\system32\KERNELBASE.dll
0x00007ffd800d0000 - 0x00007ffd80177000 	C:\WINDOWS\system32\ADVAPI32.dll
0x00007ffd7d9b0000 - 0x00007ffd7da4d000 	C:\WINDOWS\system32\msvcrt.dll
0x00007ffd80070000 - 0x00007ffd800cb000 	C:\WINDOWS\system32\sechost.dll
0x00007ffd7ff50000 - 0x00007ffd8006c000 	C:\WINDOWS\system32\RPCRT4.dll
0x00007ffd7db70000 - 0x00007ffd7dcc6000 	C:\WINDOWS\system32\USER32.dll
0x00007ffd7fa90000 - 0x00007ffd7fc16000 	C:\WINDOWS\system32\GDI32.dll
0x00007ffd77800000 - 0x00007ffd77a74000 	C:\WINDOWS\WinSxS\amd64_microsoft.windows.common-controls_6595b64144ccf1df_6.0.10586.0_none_8c15ae12515e1c22\COMCTL32.dll
0x00007ffd7f390000 - 0x00007ffd7f60d000 	C:\WINDOWS\system32\combase.dll
0x00007ffd7d1d0000 - 0x00007ffd7d23a000 	C:\WINDOWS\system32\bcryptPrimitives.dll
0x00007ffd7f9c0000 - 0x00007ffd7f9fb000 	C:\WINDOWS\system32\IMM32.DLL
0x00007ffd7c690000 - 0x00007ffd7c6c1000 	C:\Windows\system32\nvinitx.dll
0x00007ffd7c680000 - 0x00007ffd7c68a000 	C:\WINDOWS\SYSTEM32\VERSION.dll
0x0000000059a10000 - 0x0000000059ae2000 	C:\Program Files\Java\jdk1.8.0_45\jre\bin\msvcr100.dll
0x0000000059af0000 - 0x000000005a373000 	C:\Program Files\Java\jdk1.8.0_45\jre\bin\server\jvm.dll
0x00007ffd7da50000 - 0x00007ffd7da58000 	C:\WINDOWS\system32\PSAPI.DLL
0x00007ffd710b0000 - 0x00007ffd710b9000 	C:\WINDOWS\SYSTEM32\WSOCK32.dll
0x00007ffd7f6e0000 - 0x00007ffd7f74b000 	C:\WINDOWS\system32\WS2_32.dll
0x00007ffd77cc0000 - 0x00007ffd77ce3000 	C:\WINDOWS\SYSTEM32\WINMM.dll
0x00007ffd77c60000 - 0x00007ffd77c8c000 	C:\WINDOWS\SYSTEM32\WINMMBASE.dll
0x00007ffd7c830000 - 0x00007ffd7c873000 	C:\WINDOWS\system32\cfgmgr32.dll
0x00000000599c0000 - 0x00000000599cf000 	C:\Program Files\Java\jdk1.8.0_45\jre\bin\verify.dll
0x0000000059990000 - 0x00000000599b9000 	C:\Program Files\Java\jdk1.8.0_45\jre\bin\java.dll
0x0000000059970000 - 0x0000000059986000 	C:\Program Files\Java\jdk1.8.0_45\jre\bin\zip.dll
0x00007ffd7dcd0000 - 0x00007ffd7f22c000 	C:\WINDOWS\system32\SHELL32.dll
0x00007ffd7c880000 - 0x00007ffd7cec5000 	C:\WINDOWS\system32\windows.storage.dll
0x00007ffd7f620000 - 0x00007ffd7f672000 	C:\WINDOWS\system32\shlwapi.dll
0x00007ffd7c7f0000 - 0x00007ffd7c7ff000 	C:\WINDOWS\system32\kernel.appcore.dll
0x00007ffd7d4c0000 - 0x00007ffd7d575000 	C:\WINDOWS\system32\shcore.dll
0x00007ffd7c7a0000 - 0x00007ffd7c7eb000 	C:\WINDOWS\system32\powrprof.dll
0x00007ffd7c810000 - 0x00007ffd7c824000 	C:\WINDOWS\system32\profapi.dll
0x0000000059790000 - 0x0000000059928000 	C:\Program Files\Java\jdk1.8.0_45\jre\bin\awt.dll
0x00007ffd7fc20000 - 0x00007ffd7fce1000 	C:\WINDOWS\system32\OLEAUT32.dll
0x00007ffd7af40000 - 0x00007ffd7afb9000 	C:\WINDOWS\system32\apphelp.dll
0x00007ffd7b0d0000 - 0x00007ffd7b166000 	C:\WINDOWS\system32\uxtheme.dll
0x00007ffd7f230000 - 0x00007ffd7f38a000 	C:\WINDOWS\system32\MSCTF.dll
0x00007ffd77670000 - 0x00007ffd77692000 	C:\WINDOWS\system32\dwmapi.dll
0x00007ffd7f860000 - 0x00007ffd7f9a3000 	C:\WINDOWS\system32\ole32.dll
0x0000000059670000 - 0x0000000059677000 	C:\Program Files\Java\jdk1.8.0_45\jre\bin\jawt.dll
0x00000000006f0000 - 0x000000000072e000 	C:\Program Files\Java\jdk1.8.0_45\jre\bin\j3dcore-ogl.dll
0x00007ffd661f0000 - 0x00007ffd66319000 	C:\WINDOWS\SYSTEM32\OPENGL32.dll
0x00007ffd661c0000 - 0x00007ffd661ee000 	C:\WINDOWS\SYSTEM32\GLU32.dll
0x00007ffd660c0000 - 0x00007ffd661ba000 	C:\WINDOWS\SYSTEM32\DDRAW.dll
0x00007ffd67400000 - 0x00007ffd67408000 	C:\WINDOWS\SYSTEM32\DCIMAN32.dll
0x00007ffd58230000 - 0x00007ffd58a63000 	C:\WINDOWS\SYSTEM32\ig7icd64.dll
0x00007ffd74710000 - 0x00007ffd74b6f000 	C:\WINDOWS\SYSTEM32\igdusc64.dll
0x00007ffd7a580000 - 0x00007ffd7a593000 	C:\WINDOWS\SYSTEM32\WTSAPI32.dll
0x0000000059630000 - 0x0000000059661000 	C:\Program Files\Java\jdk1.8.0_45\jre\bin\jpeg.dll
0x0000000059740000 - 0x0000000059787000 	C:\Program Files\Java\jdk1.8.0_45\jre\bin\fontmanager.dll
0x0000000059950000 - 0x000000005996a000 	C:\Program Files\Java\jdk1.8.0_45\jre\bin\net.dll
0x00007ffd7c020000 - 0x00007ffd7c07c000 	C:\WINDOWS\system32\mswsock.dll
0x0000000059930000 - 0x0000000059941000 	C:\Program Files\Java\jdk1.8.0_45\jre\bin\nio.dll
0x00000000596f0000 - 0x0000000059731000 	C:\Program Files\Java\jdk1.8.0_45\jre\bin\t2k.dll
0x00007ffd656b0000 - 0x00007ffd6583c000 	C:\WINDOWS\SYSTEM32\dbghelp.dll

VM Arguments:
jvm_args: -Dfile.encoding=UTF-8 
java_command: practica1.Practica1
java_class_path (initial): C:\Users\Jose\Desktop\Practica1\build\classes
Launcher Type: SUN_STANDARD

Environment Variables:
PATH=C:\ProgramData\Oracle\Java\javapath;C:\WINDOWS\system32;C:\WINDOWS;C:\WINDOWS\System32\Wbem;C:\WINDOWS\System32\WindowsPowerShell\v1.0\;C:\MinGW\bin;C:\Program Files (x86)\NVIDIA Corporation\PhysX\Common;C:\WINDOWS\system32;C:\WINDOWS;C:\WINDOWS\System32\Wbem;C:\WINDOWS\System32\WindowsPowerShell\v1.0\;C:\Program Files (x86)\Skype\Phone\;C:\WINDOWS\system32\config\systemprofile\.dnx\bin;C:\Program Files\Microsoft DNX\Dnvm\;C:\Program Files\Java\jdk1.8.0_45\bin
USERNAME=Jose
OS=Windows_NT
PROCESSOR_IDENTIFIER=Intel64 Family 6 Model 58 Stepping 9, GenuineIntel



---------------  S Y S T E M  ---------------

OS: Windows 10.0 , 64 bit Build 10586 (10.0.10586.0)

CPU:total 8 (4 cores per cpu, 2 threads per core) family 6 model 58 stepping 9, cmov, cx8, fxsr, mmx, sse, sse2, sse3, ssse3, sse4.1, sse4.2, popcnt, avx, aes, clmul, erms, ht, tsc, tscinvbit, tscinv

Memory: 4k page, physical 4077044k(1035348k free), swap 10368500k(5920580k free)

vm_info: Java HotSpot(TM) 64-Bit Server VM (25.45-b02) for windows-amd64 JRE (1.8.0_45-b15), built on Apr 30 2015 12:40:44 by "java_re" with MS VC++ 10.0 (VS2010)

time: Sun Apr 17 17:53:22 2016
elapsed time: 2 seconds (0d 0h 0m 2s)

