#
# A fatal error has been detected by the Java Runtime Environment:
#
#  EXCEPTION_ACCESS_VIOLATION (0xc0000005) at pc=0x00000000020d5027, pid=2812, tid=10204
#
# JRE version: Java(TM) SE Runtime Environment (8.0_45-b15) (build 1.8.0_45-b15)
# Java VM: Java HotSpot(TM) 64-Bit Server VM (25.45-b02 mixed mode windows-amd64 compressed oops)
# Problematic frame:
# j  javax.media.j3d.Canvas3D.setView(Ljavax/media/j3d/View;)V+0
#
# Failed to write core dump. Minidumps are not enabled by default on client versions of Windows
#
# If you would like to submit a bug report, please visit:
#   http://bugreport.java.com/bugreport/crash.jsp
#

---------------  T H R E A D  ---------------

Current thread (0x0000000017ba8000):  JavaThread "AWT-EventQueue-0" [_thread_in_Java, id=10204, stack(0x000000001a300000,0x000000001a400000)]

siginfo: ExceptionCode=0xc0000005, writing address 0x0000000010f33fdc

Registers:
RAX=0x00000000ec4205a0, RBX=0x00000000000001b8, RCX=0x00000000000d1fdc, RDX=0x0000000000000000
RSP=0x000000001a3fb7d8, RBP=0x000000001a3fb818, RSI=0x0000000000000000, RDI=0x00000000eb97feb0
R8 =0x0000000000000012, R9 =0x0000000017aedd50, R10=0x000000005a2e3bf0, R11=0x0000000016b6d6d0
R12=0x0000000000000000, R13=0x00000000144ebbfa, R14=0x000000001a3fb830, R15=0x0000000017ba8000
RIP=0x00000000020d5027, EFLAGS=0x0000000000010202

Top of Stack: (sp=0x000000001a3fb7d8)
0x000000001a3fb7d8:   000000001a3fb7d8 00000000144ebbf8
0x000000001a3fb7e8:   000000001a3fb830 0000000014506080
0x000000001a3fb7f8:   0000000000000000 00000000144ebc18
0x000000001a3fb808:   0000000000000000 000000001a3fb828
0x000000001a3fb818:   000000001a3fb870 00000000020b7a70
0x000000001a3fb828:   00000000ec4205a0 000000001a3fb830
0x000000001a3fb838:   000000001975bbc4 000000001a3fb8d0
0x000000001a3fb848:   000000001975d4d0 0000000000000000
0x000000001a3fb858:   000000001975bd50 000000001a3fb828
0x000000001a3fb868:   000000001a3fb8c8 000000001a3fb918
0x000000001a3fb878:   00000000020b74c0 0000000000000000
0x000000001a3fb888:   0000000000000000 0000000000000000
0x000000001a3fb898:   00000000eba084e0 00000000ec4205a0
0x000000001a3fb8a8:   00000000eb973a78 00000000eb973a78
0x000000001a3fb8b8:   00000000eb973a78 00000000eba2ba18
0x000000001a3fb8c8:   00000000eba2ba18 00000000eb985c28 

Instructions: (pc=0x00000000020d5027)
0x00000000020d5007:   8b 4d d8 c1 e3 02 8b 54 d9 28 48 8b 5c d9 20 c1
0x00000000020d5017:   ea 15 83 e2 01 59 48 3b 01 89 04 19 48 c1 e9 09
0x00000000020d5027:   c6 04 0d 00 20 e6 10 00 85 d2 0f 84 05 00 00 00
0x00000000020d5037:   f0 83 04 24 00 41 0f b6 5d 03 49 83 c5 03 49 ba 


Register to memory mapping:

RAX=0x00000000ec4205a0 is an oop
javax.media.j3d.Canvas3D 
 - klass: 'javax/media/j3d/Canvas3D'
RBX=0x00000000000001b8 is an unknown value
RCX=0x00000000000d1fdc is an unknown value
RDX=0x0000000000000000 is an unknown value
RSP=0x000000001a3fb7d8 is pointing into the stack for thread: 0x0000000017ba8000
RBP=0x000000001a3fb818 is pointing into the stack for thread: 0x0000000017ba8000
RSI=0x0000000000000000 is an unknown value
RDI=0x00000000eb97feb0 is an oop
java.lang.Class 
 - klass: 'java/lang/Class'
R8 =0x0000000000000012 is an unknown value
R9 =0x0000000017aedd50 is an unknown value
R10=0x000000005a2e3bf0 is an unknown value
R11=0x0000000016b6d6d0 is an unknown value
R12=0x0000000000000000 is an unknown value
R13=0x00000000144ebbfa is pointing into metadata
R14=0x000000001a3fb830 is pointing into the stack for thread: 0x0000000017ba8000
R15=0x0000000017ba8000 is a thread


Stack: [0x000000001a300000,0x000000001a400000],  sp=0x000000001a3fb7d8,  free space=1005k
Native frames: (J=compiled Java code, j=interpreted, Vv=VM code, C=native code)
C  0x00000000020d5027


---------------  P R O C E S S  ---------------

Java Threads: ( => current thread )
  0x0000000017e81000 JavaThread "J3D-InputDeviceScheduler-1" [_thread_blocked, id=3356, stack(0x000000001ac00000,0x000000001ad00000)]
  0x0000000017e80000 JavaThread "J3D-SoundSchedulerUpdateThread-1" [_thread_blocked, id=2852, stack(0x000000001ab00000,0x000000001ac00000)]
  0x0000000017e7f800 JavaThread "J3D-RenderStructureUpdateThread-1" [_thread_blocked, id=1444, stack(0x000000001aa00000,0x000000001ab00000)]
  0x0000000017e86000 JavaThread "J3D-BehaviorScheduler-1" [_thread_blocked, id=256, stack(0x000000001a900000,0x000000001aa00000)]
  0x0000000017e84800 JavaThread "J3D-TransformStructureUpdateThread-1" [_thread_blocked, id=6624, stack(0x000000001a800000,0x000000001a900000)]
  0x0000000017e82800 JavaThread "J3D-RenderingEnvironmentStructureUpdateThread-1" [_thread_blocked, id=7140, stack(0x000000001a700000,0x000000001a800000)]
  0x0000000017e85800 JavaThread "J3D-SoundStructureUpdateThread-1" [_thread_blocked, id=6056, stack(0x000000001a600000,0x000000001a700000)]
  0x0000000017e7c800 JavaThread "J3D-GeometryStructureUpdateThread-1" [_thread_blocked, id=3292, stack(0x000000001a500000,0x000000001a600000)]
  0x0000000017e7c000 JavaThread "J3D-BehaviorStructureUpdateThread-1" [_thread_blocked, id=1728, stack(0x000000001a400000,0x000000001a500000)]
  0x0000000001fb0800 JavaThread "DestroyJavaVM" [_thread_blocked, id=1148, stack(0x0000000001e60000,0x0000000001f60000)]
=>0x0000000017ba8000 JavaThread "AWT-EventQueue-0" [_thread_in_Java, id=10204, stack(0x000000001a300000,0x000000001a400000)]
  0x000000001799e000 JavaThread "J3D-Renderer-1" [_thread_in_native, id=3044, stack(0x00000000188e0000,0x00000000189e0000)]
  0x0000000017900000 JavaThread "J3D-MasterControl-1" [_thread_blocked, id=8920, stack(0x00000000187e0000,0x00000000188e0000)]
  0x000000001792b800 JavaThread "J3D-NotificationThread" [_thread_blocked, id=9548, stack(0x00000000186e0000,0x00000000187e0000)]
  0x000000001792a800 JavaThread "J3D-TimerThread" [_thread_blocked, id=2844, stack(0x00000000185e0000,0x00000000186e0000)]
  0x0000000017887800 JavaThread "J3D-RenderingAttributesStructureUpdateThread" [_thread_blocked, id=5856, stack(0x00000000183f0000,0x00000000184f0000)]
  0x000000001786b800 JavaThread "AWT-Windows" daemon [_thread_in_native, id=9980, stack(0x00000000181c0000,0x00000000182c0000)]
  0x000000001773e000 JavaThread "AWT-Shutdown" [_thread_blocked, id=1608, stack(0x00000000180c0000,0x00000000181c0000)]
  0x0000000016ea9000 JavaThread "Java2D Disposer" daemon [_thread_blocked, id=10036, stack(0x0000000017fc0000,0x00000000180c0000)]
  0x0000000016b7e800 JavaThread "Service Thread" daemon [_thread_blocked, id=4508, stack(0x00000000174c0000,0x00000000175c0000)]
  0x0000000016af3800 JavaThread "C1 CompilerThread3" daemon [_thread_blocked, id=6740, stack(0x00000000173c0000,0x00000000174c0000)]
  0x0000000016af0800 JavaThread "C2 CompilerThread2" daemon [_thread_blocked, id=3320, stack(0x00000000172c0000,0x00000000173c0000)]
  0x0000000016aec000 JavaThread "C2 CompilerThread1" daemon [_thread_blocked, id=8784, stack(0x00000000171c0000,0x00000000172c0000)]
  0x0000000016ae8800 JavaThread "C2 CompilerThread0" daemon [_thread_blocked, id=10100, stack(0x00000000170c0000,0x00000000171c0000)]
  0x0000000016ae5800 JavaThread "Attach Listener" daemon [_thread_blocked, id=5516, stack(0x0000000016fc0000,0x00000000170c0000)]
  0x0000000016ae4800 JavaThread "Signal Dispatcher" daemon [_thread_blocked, id=5772, stack(0x0000000016ec0000,0x0000000016fc0000)]
  0x00000000020aa000 JavaThread "Finalizer" daemon [_thread_blocked, id=8748, stack(0x00000000169c0000,0x0000000016ac0000)]
  0x00000000020a3000 JavaThread "Reference Handler" daemon [_thread_blocked, id=9776, stack(0x00000000168c0000,0x00000000169c0000)]

Other Threads:
  0x0000000014ac8800 VMThread [stack: 0x00000000167c0000,0x00000000168c0000] [id=9800]
  0x0000000016b80800 WatcherThread [stack: 0x00000000175c0000,0x00000000176c0000] [id=2696]

VM state:not at safepoint (normal execution)

VM Mutex/Monitor currently owned by a thread: None

Heap:
 PSYoungGen      total 18944K, used 13773K [0x00000000eb400000, 0x00000000ec900000, 0x0000000100000000)
  eden space 16384K, 68% used [0x00000000eb400000,0x00000000ebef7760,0x00000000ec400000)
  from space 2560K, 99% used [0x00000000ec400000,0x00000000ec67c050,0x00000000ec680000)
  to   space 2560K, 0% used [0x00000000ec680000,0x00000000ec680000,0x00000000ec900000)
 ParOldGen       total 44032K, used 1315K [0x00000000c1c00000, 0x00000000c4700000, 0x00000000eb400000)
  object space 44032K, 2% used [0x00000000c1c00000,0x00000000c1d48da0,0x00000000c4700000)
 Metaspace       used 15226K, capacity 15482K, committed 15616K, reserved 1062912K
  class space    used 1662K, capacity 1775K, committed 1792K, reserved 1048576K

Card table byte_map: [0x0000000011470000,0x0000000011670000] byte_map_base: 0x0000000010e62000

Marking Bits: (ParMarkBitMap*) 0x000000005a2f4040
 Begin Bits: [0x0000000011fc0000, 0x0000000012f50000)
 End Bits:   [0x0000000012f50000, 0x0000000013ee0000)

Polling page: 0x0000000000680000

CodeCache: size=245760Kb used=5252Kb max_used=5264Kb free=240507Kb
 bounds [0x00000000020b0000, 0x00000000025e0000, 0x00000000110b0000]
 total_blobs=1847 nmethods=1216 adapters=544
 compilation: enabled

Compilation events (10 events):
Event: 3.100 Thread 0x0000000016af0800 1214       4       javax.media.j3d.BoundingBox::set (694 bytes)
Event: 3.105 Thread 0x0000000016aec000 1215       4       javax.media.j3d.Canvas3D::setModelViewMatrix (38 bytes)
Event: 3.105 Thread 0x0000000016ae8800 1216       4       javax.media.j3d.NativePipeline::setModelViewMatrix (12 bytes)
Event: 3.106 Thread 0x0000000016ae8800 nmethod 1216 0x00000000025ce650 code [0x00000000025ce7a0, 0x00000000025ce868]
Event: 3.107 Thread 0x0000000016af0800 nmethod 1214 0x00000000025d2ed0 code [0x00000000025d3060, 0x00000000025d3398]
Event: 3.109 Thread 0x0000000016aec000 nmethod 1215 0x00000000025d01d0 code [0x00000000025d0320, 0x00000000025d0468]
Event: 3.290 Thread 0x0000000016ae8800 1217       4       javax.media.j3d.LightBin::updateAttributes (524 bytes)
Event: 3.310 Thread 0x0000000016ae8800 nmethod 1217 0x00000000025d59d0 code [0x00000000025d5ba0, 0x00000000025d6348]
Event: 3.350 Thread 0x0000000016af0800 1218       4       java.util.Arrays::fill (28 bytes)
Event: 3.354 Thread 0x0000000016af0800 nmethod 1218 0x00000000025d15d0 code [0x00000000025d1720, 0x00000000025d1858]

GC Heap History (2 events):
Event: 0.503 GC heap before
{Heap before GC invocations=1 (full 0):
 PSYoungGen      total 18944K, used 16320K [0x00000000eb400000, 0x00000000ec900000, 0x0000000100000000)
  eden space 16384K, 99% used [0x00000000eb400000,0x00000000ec3f0180,0x00000000ec400000)
  from space 2560K, 0% used [0x00000000ec680000,0x00000000ec680000,0x00000000ec900000)
  to   space 2560K, 0% used [0x00000000ec400000,0x00000000ec400000,0x00000000ec680000)
 ParOldGen       total 44032K, used 0K [0x00000000c1c00000, 0x00000000c4700000, 0x00000000eb400000)
  object space 44032K, 0% used [0x00000000c1c00000,0x00000000c1c00000,0x00000000c4700000)
 Metaspace       used 10474K, capacity 10766K, committed 11008K, reserved 1058816K
  class space    used 1092K, capacity 1184K, committed 1280K, reserved 1048576K
Event: 0.507 GC heap after
Heap after GC invocations=1 (full 0):
 PSYoungGen      total 18944K, used 2544K [0x00000000eb400000, 0x00000000ec900000, 0x0000000100000000)
  eden space 16384K, 0% used [0x00000000eb400000,0x00000000eb400000,0x00000000ec400000)
  from space 2560K, 99% used [0x00000000ec400000,0x00000000ec67c050,0x00000000ec680000)
  to   space 2560K, 0% used [0x00000000ec680000,0x00000000ec680000,0x00000000ec900000)
 ParOldGen       total 44032K, used 1315K [0x00000000c1c00000, 0x00000000c4700000, 0x00000000eb400000)
  object space 44032K, 2% used [0x00000000c1c00000,0x00000000c1d48da0,0x00000000c4700000)
 Metaspace       used 10474K, capacity 10766K, committed 11008K, reserved 1058816K
  class space    used 1092K, capacity 1184K, committed 1280K, reserved 1048576K
}

Deoptimization events (10 events):
Event: 0.623 Thread 0x000000001786b800 Uncommon trap: reason=class_check action=maybe_recompile pc=0x00000000022ce158 method=java.util.HashMap.putVal(ILjava/lang/Object;Ljava/lang/Object;ZZ)Ljava/lang/Object; @ 203
Event: 0.623 Thread 0x000000001786b800 Uncommon trap: reason=bimorphic action=maybe_recompile pc=0x00000000022ce118 method=java.util.HashMap.putVal(ILjava/lang/Object;Ljava/lang/Object;ZZ)Ljava/lang/Object; @ 91
Event: 0.623 Thread 0x000000001786b800 Uncommon trap: reason=class_check action=maybe_recompile pc=0x00000000022ce158 method=java.util.HashMap.putVal(ILjava/lang/Object;Ljava/lang/Object;ZZ)Ljava/lang/Object; @ 203
Event: 0.623 Thread 0x000000001786b800 Uncommon trap: reason=class_check action=maybe_recompile pc=0x00000000022ce158 method=java.util.HashMap.putVal(ILjava/lang/Object;Ljava/lang/Object;ZZ)Ljava/lang/Object; @ 203
Event: 0.623 Thread 0x000000001786b800 Uncommon trap: reason=bimorphic action=maybe_recompile pc=0x00000000022ce118 method=java.util.HashMap.putVal(ILjava/lang/Object;Ljava/lang/Object;ZZ)Ljava/lang/Object; @ 91
Event: 2.044 Thread 0x0000000017900000 Uncommon trap: reason=array_check action=maybe_recompile pc=0x000000000251b694 method=javax.media.j3d.UnorderList.add(Ljava/lang/Object;)V @ 70
Event: 2.044 Thread 0x0000000017e84800 Uncommon trap: reason=array_check action=maybe_recompile pc=0x000000000251b694 method=javax.media.j3d.UnorderList.add(Ljava/lang/Object;)V @ 70
Event: 2.044 Thread 0x0000000017e7c000 Uncommon trap: reason=array_check action=maybe_recompile pc=0x000000000251b694 method=javax.media.j3d.UnorderList.add(Ljava/lang/Object;)V @ 70
Event: 2.044 Thread 0x0000000017e86000 Uncommon trap: reason=array_check action=maybe_recompile pc=0x000000000251b694 method=javax.media.j3d.UnorderList.add(Ljava/lang/Object;)V @ 70
Event: 2.392 Thread 0x0000000017e86000 Uncommon trap: reason=unstable_if action=reinterpret pc=0x00000000024ab228 method=javax.media.j3d.UnorderList.toArray(Z)[Ljava/lang/Object; @ 8

Internal exceptions (10 events):
Event: 0.175 Thread 0x0000000001fb0800 Exception <a 'java/security/PrivilegedActionException'> (0x00000000eb83fe68) thrown at [C:\re\workspace\8-2-build-windows-amd64-cygwin\jdk8u45\3627\hotspot\src\share\vm\prims\jvm.cpp, line 1382]
Event: 0.175 Thread 0x0000000001fb0800 Exception <a 'java/security/PrivilegedActionException'> (0x00000000eb840020) thrown at [C:\re\workspace\8-2-build-windows-amd64-cygwin\jdk8u45\3627\hotspot\src\share\vm\prims\jvm.cpp, line 1382]
Event: 0.179 Thread 0x0000000001fb0800 Exception <a 'java/io/FileNotFoundException'> (0x00000000eb843440) thrown at [C:\re\workspace\8-2-build-windows-amd64-cygwin\jdk8u45\3627\hotspot\src\share\vm\prims\jni.cpp, line 709]
Event: 0.267 Thread 0x0000000001fb0800 Exception <a 'java/lang/NoSuchFieldError': method resolution failed> (0x00000000eba54d00) thrown at [C:\re\workspace\8-2-build-windows-amd64-cygwin\jdk8u45\3627\hotspot\src\share\vm\prims\methodHandles.cpp, line 1125]
Event: 0.268 Thread 0x0000000001fb0800 Exception <a 'java/lang/NoSuchFieldError': method resolution failed> (0x00000000eba63710) thrown at [C:\re\workspace\8-2-build-windows-amd64-cygwin\jdk8u45\3627\hotspot\src\share\vm\prims\methodHandles.cpp, line 1125]
Event: 0.323 Thread 0x0000000001fb0800 Exception <a 'java/io/FileNotFoundException'> (0x00000000ebda4578) thrown at [C:\re\workspace\8-2-build-windows-amd64-cygwin\jdk8u45\3627\hotspot\src\share\vm\prims\jni.cpp, line 709]
Event: 0.611 Thread 0x0000000001fb0800 Implicit null exception at 0x000000000236dc97 to 0x000000000236e019
Event: 0.612 Thread 0x0000000001fb0800 Implicit null exception at 0x00000000022fe856 to 0x00000000022feb7d
Event: 0.615 Thread 0x0000000001fb0800 Implicit null exception at 0x0000000002380ed5 to 0x00000000023810fd
Event: 0.615 Thread 0x0000000001fb0800 Implicit null exception at 0x00000000022d0c5b to 0x00000000022d15e1

Events (10 events):
Event: 2.044 Thread 0x0000000017e86000 DEOPT UNPACKING pc=0x00000000020f582a sp=0x000000001a9ff150 mode 2
Event: 2.391 loading class java/awt/Cursor$CursorDisposer
Event: 2.391 loading class java/awt/Cursor$CursorDisposer done
Event: 2.391 loading class java/awt/AWTEvent$2
Event: 2.392 loading class java/awt/AWTEvent$2 done
Event: 2.392 loading class sun/reflect/UnsafeBooleanFieldAccessorImpl
Event: 2.392 Thread 0x0000000017e86000 Uncommon trap: trap_request=0xffffff65 fr.pc=0x00000000024ab228
Event: 2.392 Thread 0x0000000017e86000 DEOPT PACKING pc=0x00000000024ab228 sp=0x000000001a9ff420
Event: 2.392 Thread 0x0000000017e86000 DEOPT UNPACKING pc=0x00000000020f582a sp=0x000000001a9ff3c8 mode 2
Event: 2.392 loading class sun/reflect/UnsafeBooleanFieldAccessorImpl done


Dynamic libraries:
0x00007ff6118d0000 - 0x00007ff611907000 	C:\Program Files\Java\jdk1.8.0_45\bin\java.exe
0x00007ffd80180000 - 0x00007ffd80341000 	C:\WINDOWS\SYSTEM32\ntdll.dll
0x00007ffd7fea0000 - 0x00007ffd7ff4d000 	C:\WINDOWS\system32\KERNEL32.DLL
0x00007ffd7ced0000 - 0x00007ffd7d0b8000 	C:\WINDOWS\system32\KERNELBASE.dll
0x00007ffd800d0000 - 0x00007ffd80177000 	C:\WINDOWS\system32\ADVAPI32.dll
0x00007ffd7d9b0000 - 0x00007ffd7da4d000 	C:\WINDOWS\system32\msvcrt.dll
0x00007ffd80070000 - 0x00007ffd800cb000 	C:\WINDOWS\system32\sechost.dll
0x00007ffd7ff50000 - 0x00007ffd8006c000 	C:\WINDOWS\system32\RPCRT4.dll
0x00007ffd7db70000 - 0x00007ffd7dcc6000 	C:\WINDOWS\system32\USER32.dll
0x00007ffd7fa90000 - 0x00007ffd7fc16000 	C:\WINDOWS\system32\GDI32.dll
0x00007ffd77800000 - 0x00007ffd77a74000 	C:\WINDOWS\WinSxS\amd64_microsoft.windows.common-controls_6595b64144ccf1df_6.0.10586.0_none_8c15ae12515e1c22\COMCTL32.dll
0x00007ffd7f390000 - 0x00007ffd7f60d000 	C:\WINDOWS\system32\combase.dll
0x00007ffd7d1d0000 - 0x00007ffd7d23a000 	C:\WINDOWS\system32\bcryptPrimitives.dll
0x00007ffd7f9c0000 - 0x00007ffd7f9fb000 	C:\WINDOWS\system32\IMM32.DLL
0x00007ffd7c690000 - 0x00007ffd7c6c1000 	C:\Windows\system32\nvinitx.dll
0x00007ffd7c680000 - 0x00007ffd7c68a000 	C:\WINDOWS\SYSTEM32\VERSION.dll
0x0000000059a10000 - 0x0000000059ae2000 	C:\Program Files\Java\jdk1.8.0_45\jre\bin\msvcr100.dll
0x0000000059af0000 - 0x000000005a373000 	C:\Program Files\Java\jdk1.8.0_45\jre\bin\server\jvm.dll
0x00007ffd7da50000 - 0x00007ffd7da58000 	C:\WINDOWS\system32\PSAPI.DLL
0x00007ffd710b0000 - 0x00007ffd710b9000 	C:\WINDOWS\SYSTEM32\WSOCK32.dll
0x00007ffd7f6e0000 - 0x00007ffd7f74b000 	C:\WINDOWS\system32\WS2_32.dll
0x00007ffd77cc0000 - 0x00007ffd77ce3000 	C:\WINDOWS\SYSTEM32\WINMM.dll
0x00007ffd77c60000 - 0x00007ffd77c8c000 	C:\WINDOWS\SYSTEM32\WINMMBASE.dll
0x00007ffd7c830000 - 0x00007ffd7c873000 	C:\WINDOWS\system32\cfgmgr32.dll
0x00000000599c0000 - 0x00000000599cf000 	C:\Program Files\Java\jdk1.8.0_45\jre\bin\verify.dll
0x0000000059990000 - 0x00000000599b9000 	C:\Program Files\Java\jdk1.8.0_45\jre\bin\java.dll
0x0000000059970000 - 0x0000000059986000 	C:\Program Files\Java\jdk1.8.0_45\jre\bin\zip.dll
0x00007ffd7dcd0000 - 0x00007ffd7f22c000 	C:\WINDOWS\system32\SHELL32.dll
0x00007ffd7c880000 - 0x00007ffd7cec5000 	C:\WINDOWS\system32\windows.storage.dll
0x00007ffd7f620000 - 0x00007ffd7f672000 	C:\WINDOWS\system32\shlwapi.dll
0x00007ffd7c7f0000 - 0x00007ffd7c7ff000 	C:\WINDOWS\system32\kernel.appcore.dll
0x00007ffd7d4c0000 - 0x00007ffd7d575000 	C:\WINDOWS\system32\shcore.dll
0x00007ffd7c7a0000 - 0x00007ffd7c7eb000 	C:\WINDOWS\system32\powrprof.dll
0x00007ffd7c810000 - 0x00007ffd7c824000 	C:\WINDOWS\system32\profapi.dll
0x0000000059790000 - 0x0000000059928000 	C:\Program Files\Java\jdk1.8.0_45\jre\bin\awt.dll
0x00007ffd7fc20000 - 0x00007ffd7fce1000 	C:\WINDOWS\system32\OLEAUT32.dll
0x00007ffd7af40000 - 0x00007ffd7afb9000 	C:\WINDOWS\system32\apphelp.dll
0x00007ffd7b0d0000 - 0x00007ffd7b166000 	C:\WINDOWS\system32\uxtheme.dll
0x00007ffd7f230000 - 0x00007ffd7f38a000 	C:\WINDOWS\system32\MSCTF.dll
0x00007ffd77670000 - 0x00007ffd77692000 	C:\WINDOWS\system32\dwmapi.dll
0x00007ffd7f860000 - 0x00007ffd7f9a3000 	C:\WINDOWS\system32\ole32.dll
0x0000000059670000 - 0x0000000059677000 	C:\Program Files\Java\jdk1.8.0_45\jre\bin\jawt.dll
0x0000000001f60000 - 0x0000000001f9e000 	C:\Program Files\Java\jdk1.8.0_45\jre\bin\j3dcore-ogl.dll
0x00007ffd661f0000 - 0x00007ffd66319000 	C:\WINDOWS\SYSTEM32\OPENGL32.dll
0x00007ffd661c0000 - 0x00007ffd661ee000 	C:\WINDOWS\SYSTEM32\GLU32.dll
0x00007ffd660c0000 - 0x00007ffd661ba000 	C:\WINDOWS\SYSTEM32\DDRAW.dll
0x00007ffd67400000 - 0x00007ffd67408000 	C:\WINDOWS\SYSTEM32\DCIMAN32.dll
0x00007ffd58230000 - 0x00007ffd58a63000 	C:\WINDOWS\SYSTEM32\ig7icd64.dll
0x00007ffd74710000 - 0x00007ffd74b6f000 	C:\WINDOWS\SYSTEM32\igdusc64.dll
0x00007ffd7a580000 - 0x00007ffd7a593000 	C:\WINDOWS\SYSTEM32\WTSAPI32.dll
0x0000000059630000 - 0x0000000059661000 	C:\Program Files\Java\jdk1.8.0_45\jre\bin\jpeg.dll
0x0000000059740000 - 0x0000000059787000 	C:\Program Files\Java\jdk1.8.0_45\jre\bin\fontmanager.dll
0x0000000059950000 - 0x000000005996a000 	C:\Program Files\Java\jdk1.8.0_45\jre\bin\net.dll
0x00007ffd7c020000 - 0x00007ffd7c07c000 	C:\WINDOWS\system32\mswsock.dll
0x0000000059930000 - 0x0000000059941000 	C:\Program Files\Java\jdk1.8.0_45\jre\bin\nio.dll
0x00000000596f0000 - 0x0000000059731000 	C:\Program Files\Java\jdk1.8.0_45\jre\bin\t2k.dll
0x00007ffd656b0000 - 0x00007ffd6583c000 	C:\WINDOWS\SYSTEM32\dbghelp.dll

VM Arguments:
jvm_args: -Dfile.encoding=UTF-8 
java_command: practica1.Practica1
java_class_path (initial): C:\Users\Jose\Desktop\Practica1\build\classes
Launcher Type: SUN_STANDARD

Environment Variables:
PATH=C:\ProgramData\Oracle\Java\javapath;C:\WINDOWS\system32;C:\WINDOWS;C:\WINDOWS\System32\Wbem;C:\WINDOWS\System32\WindowsPowerShell\v1.0\;C:\MinGW\bin;C:\Program Files (x86)\NVIDIA Corporation\PhysX\Common;C:\WINDOWS\system32;C:\WINDOWS;C:\WINDOWS\System32\Wbem;C:\WINDOWS\System32\WindowsPowerShell\v1.0\;C:\Program Files (x86)\Skype\Phone\;C:\WINDOWS\system32\config\systemprofile\.dnx\bin;C:\Program Files\Microsoft DNX\Dnvm\;C:\Program Files\Java\jdk1.8.0_45\bin
USERNAME=Jose
OS=Windows_NT
PROCESSOR_IDENTIFIER=Intel64 Family 6 Model 58 Stepping 9, GenuineIntel



---------------  S Y S T E M  ---------------

OS: Windows 10.0 , 64 bit Build 10586 (10.0.10586.0)

CPU:total 8 (4 cores per cpu, 2 threads per core) family 6 model 58 stepping 9, cmov, cx8, fxsr, mmx, sse, sse2, sse3, ssse3, sse4.1, sse4.2, popcnt, avx, aes, clmul, erms, ht, tsc, tscinvbit, tscinv

Memory: 4k page, physical 4077044k(1096988k free), swap 10368500k(5533752k free)

vm_info: Java HotSpot(TM) 64-Bit Server VM (25.45-b02) for windows-amd64 JRE (1.8.0_45-b15), built on Apr 30 2015 12:40:44 by "java_re" with MS VC++ 10.0 (VS2010)

time: Sun Apr 17 23:20:16 2016
elapsed time: 3 seconds (0d 0h 0m 3s)

