#
# A fatal error has been detected by the Java Runtime Environment:
#
#  EXCEPTION_ACCESS_VIOLATION (0xc0000005) at pc=0x00000000021635ca, pid=7804, tid=5620
#
# JRE version: Java(TM) SE Runtime Environment (8.0_45-b15) (build 1.8.0_45-b15)
# Java VM: Java HotSpot(TM) 64-Bit Server VM (25.45-b02 mixed mode windows-amd64 compressed oops)
# Problematic frame:
# j  javax.media.j3d.NativePipeline.unbox(Ljavax/media/j3d/Context;)J+7
#
# Failed to write core dump. Minidumps are not enabled by default on client versions of Windows
#
# If you would like to submit a bug report, please visit:
#   http://bugreport.java.com/bugreport/crash.jsp
#

---------------  T H R E A D  ---------------

Current thread (0x0000000017aef800):  JavaThread "AWT-EventQueue-0" [_thread_in_Java, id=5620, stack(0x000000001a2b0000,0x000000001a3b0000)]

siginfo: ExceptionCode=0xc0000005, reading address 0x00000000cb83b450

Registers:
RAX=0x00000001001ad978, RBX=0x00000000cb83b420, RCX=0x0000000000000030, RDX=0x000000001a3ab3d0
RSP=0x000000001a3ab2a0, RBP=0x000000001a3ab2e0, RSI=0x0000000017969968, RDI=0x0000000000000001
R8 =0x0000000000543cc0, R9 =0x0000000000000000, R10=0x000000005fff43f0, R11=0x000000001a3ab250
R12=0x0000000000000000, R13=0x00000000146a3657, R14=0x000000001a3ab2f8, R15=0x0000000017aef800
RIP=0x00000000021635ca, EFLAGS=0x0000000000010293

Top of Stack: (sp=0x000000001a3ab2a0)
0x000000001a3ab2a0:   000000001a3ab2a0 00000000146a3657
0x000000001a3ab2b0:   000000001a3ab2f8 00000000146b4550
0x000000001a3ab2c0:   0000000019972c18 00000000146a3668
0x000000001a3ab2d0:   0000000000000000 000000001a3ab2f0
0x000000001a3ab2e0:   000000001a3ab350 0000000002147800
0x000000001a3ab2f0:   0000000000000000 0000000000000000
0x000000001a3ab300:   00000000c1ecc1e8 00000000c1ecc1e8
0x000000001a3ab310:   000000001a3ab310 00000000146b0b3b
0x000000001a3ab320:   000000001a3ab370 00000000146b4550
0x000000001a3ab330:   0000000000000000 00000000146b0b50
0x000000001a3ab340:   000000001a3ab2f8 000000001a3ab360
0x000000001a3ab350:   000000001a3ab3b8 0000000002147ced
0x000000001a3ab360:   00000000ec466d80 000000001a3ab3d0
0x000000001a3ab370:   00000000c1ecc1e8 000000001a3ab378
0x000000001a3ab380:   0000000014581665 000000001a3ab3d8
0x000000001a3ab390:   00000000145960a0 000000001969ff68 

Instructions: (pc=0x00000000021635ca)
0x00000000021635aa:   89 59 10 bf 01 00 00 00 48 89 79 18 48 83 c1 30
0x00000000021635ba:   48 89 4d e0 48 3b d8 0f 84 5b 00 00 00 8b 48 0c
0x00000000021635ca:   48 3b 04 0b 0f 84 4e 00 00 00 83 f9 18 0f 85 22
0x00000000021635da:   00 00 00 50 48 8b c0 57 48 8b 7b 20 8b 0f 48 83 


Register to memory mapping:

RAX=0x00000001001ad978 is pointing into metadata
RBX=0x00000000cb83b420 is an unallocated location in the heap
RCX=0x0000000000000030 is an unknown value
RDX=0x000000001a3ab3d0 is pointing into the stack for thread: 0x0000000017aef800
RSP=0x000000001a3ab2a0 is pointing into the stack for thread: 0x0000000017aef800
RBP=0x000000001a3ab2e0 is pointing into the stack for thread: 0x0000000017aef800
RSI=0x0000000017969968 is an unknown value
RDI=0x0000000000000001 is an unknown value
R8 =0x0000000000543cc0 is an unknown value
R9 =0x0000000000000000 is an unknown value
R10=0x000000005fff43f0 is an unknown value
R11=0x000000001a3ab250 is pointing into the stack for thread: 0x0000000017aef800
R12=0x0000000000000000 is an unknown value
R13=0x00000000146a3657 is pointing into metadata
R14=0x000000001a3ab2f8 is pointing into the stack for thread: 0x0000000017aef800
R15=0x0000000017aef800 is a thread


Stack: [0x000000001a2b0000,0x000000001a3b0000],  sp=0x000000001a3ab2a0,  free space=1004k
Native frames: (J=compiled Java code, j=interpreted, Vv=VM code, C=native code)
C  0x00000000021635ca


---------------  P R O C E S S  ---------------

Java Threads: ( => current thread )
  0x0000000017d4a800 JavaThread "J3D-InputDeviceScheduler-1" [_thread_blocked, id=2400, stack(0x000000001abb0000,0x000000001acb0000)]
  0x0000000017d4c000 JavaThread "J3D-SoundSchedulerUpdateThread-1" [_thread_blocked, id=10084, stack(0x000000001aab0000,0x000000001abb0000)]
  0x0000000017d4a000 JavaThread "J3D-RenderStructureUpdateThread-1" [_thread_blocked, id=768, stack(0x000000001a9b0000,0x000000001aab0000)]
  0x0000000017d49000 JavaThread "J3D-BehaviorScheduler-1" [_thread_blocked, id=3492, stack(0x000000001a8b0000,0x000000001a9b0000)]
  0x0000000017d50000 JavaThread "J3D-TransformStructureUpdateThread-1" [_thread_blocked, id=4104, stack(0x000000001a7b0000,0x000000001a8b0000)]
  0x0000000017d4f000 JavaThread "J3D-RenderingEnvironmentStructureUpdateThread-1" [_thread_blocked, id=10948, stack(0x000000001a6b0000,0x000000001a7b0000)]
  0x0000000017d4d800 JavaThread "J3D-SoundStructureUpdateThread-1" [_thread_blocked, id=10944, stack(0x000000001a5b0000,0x000000001a6b0000)]
  0x0000000017d35800 JavaThread "J3D-GeometryStructureUpdateThread-1" [_thread_blocked, id=2748, stack(0x000000001a4b0000,0x000000001a5b0000)]
  0x0000000017b65000 JavaThread "J3D-BehaviorStructureUpdateThread-1" [_thread_blocked, id=9308, stack(0x000000001a3b0000,0x000000001a4b0000)]
  0x0000000002040800 JavaThread "DestroyJavaVM" [_thread_blocked, id=5688, stack(0x0000000001f30000,0x0000000002030000)]
=>0x0000000017aef800 JavaThread "AWT-EventQueue-0" [_thread_in_Java, id=5620, stack(0x000000001a2b0000,0x000000001a3b0000)]
  0x0000000017aaf000 JavaThread "J3D-Renderer-1" [_thread_in_native, id=244, stack(0x0000000018920000,0x0000000018a20000)]
  0x000000001791d000 JavaThread "J3D-MasterControl-1" [_thread_blocked, id=3744, stack(0x0000000018820000,0x0000000018920000)]
  0x0000000017ba0800 JavaThread "J3D-NotificationThread" [_thread_blocked, id=8228, stack(0x0000000018720000,0x0000000018820000)]
  0x00000000179ce800 JavaThread "J3D-TimerThread" [_thread_blocked, id=6884, stack(0x0000000018620000,0x0000000018720000)]
  0x0000000017964800 JavaThread "J3D-RenderingAttributesStructureUpdateThread" [_thread_blocked, id=9128, stack(0x0000000018520000,0x0000000018620000)]
  0x0000000016ea2000 JavaThread "AWT-Windows" daemon [_thread_in_native, id=7116, stack(0x0000000018220000,0x0000000018320000)]
  0x0000000016e9f800 JavaThread "AWT-Shutdown" [_thread_blocked, id=6572, stack(0x0000000018120000,0x0000000018220000)]
  0x0000000016ec9000 JavaThread "Java2D Disposer" daemon [_thread_blocked, id=4072, stack(0x0000000018020000,0x0000000018120000)]
  0x0000000016be0800 JavaThread "Service Thread" daemon [_thread_blocked, id=8092, stack(0x0000000017520000,0x0000000017620000)]
  0x0000000016b55000 JavaThread "C1 CompilerThread3" daemon [_thread_blocked, id=7064, stack(0x0000000017420000,0x0000000017520000)]
  0x0000000016b52000 JavaThread "C2 CompilerThread2" daemon [_thread_blocked, id=9324, stack(0x0000000017320000,0x0000000017420000)]
  0x0000000016b4f800 JavaThread "C2 CompilerThread1" daemon [_thread_blocked, id=5356, stack(0x0000000017220000,0x0000000017320000)]
  0x0000000016b48800 JavaThread "C2 CompilerThread0" daemon [_thread_in_native, id=9764, stack(0x0000000017120000,0x0000000017220000)]
  0x0000000016b44800 JavaThread "Attach Listener" daemon [_thread_blocked, id=4064, stack(0x0000000017020000,0x0000000017120000)]
  0x0000000016b43800 JavaThread "Signal Dispatcher" daemon [_thread_blocked, id=2484, stack(0x0000000016f20000,0x0000000017020000)]
  0x0000000002139000 JavaThread "Finalizer" daemon [_thread_blocked, id=5876, stack(0x0000000016a20000,0x0000000016b20000)]
  0x0000000014b5d000 JavaThread "Reference Handler" daemon [_thread_blocked, id=2348, stack(0x0000000016920000,0x0000000016a20000)]

Other Threads:
  0x0000000014b59000 VMThread [stack: 0x0000000016820000,0x0000000016920000] [id=2756]
  0x0000000016be2800 WatcherThread [stack: 0x0000000017620000,0x0000000017720000] [id=5256]

VM state:not at safepoint (normal execution)

VM Mutex/Monitor currently owned by a thread: None

Heap:
 PSYoungGen      total 18944K, used 9239K [0x00000000eb400000, 0x00000000ed900000, 0x0000000100000000)
  eden space 16384K, 40% used [0x00000000eb400000,0x00000000eba87dd0,0x00000000ec400000)
  from space 2560K, 99% used [0x00000000ec400000,0x00000000ec67e080,0x00000000ec680000)
  to   space 2560K, 0% used [0x00000000ed680000,0x00000000ed680000,0x00000000ed900000)
 ParOldGen       total 44032K, used 9805K [0x00000000c1c00000, 0x00000000c4700000, 0x00000000eb400000)
  object space 44032K, 22% used [0x00000000c1c00000,0x00000000c25937d0,0x00000000c4700000)
 Metaspace       used 15179K, capacity 15498K, committed 15616K, reserved 1062912K
  class space    used 1661K, capacity 1775K, committed 1792K, reserved 1048576K

Card table byte_map: [0x0000000011500000,0x0000000011700000] byte_map_base: 0x0000000010ef2000

Marking Bits: (ParMarkBitMap*) 0x0000000060004040
 Begin Bits: [0x0000000012050000, 0x0000000012fe0000)
 End Bits:   [0x0000000012fe0000, 0x0000000013f70000)

Polling page: 0x0000000000580000

CodeCache: size=245760Kb used=5015Kb max_used=5028Kb free=240744Kb
 bounds [0x0000000002140000, 0x0000000002630000, 0x0000000011140000]
 total_blobs=1788 nmethods=1155 adapters=546
 compilation: enabled

Compilation events (10 events):
Event: 1.482 Thread 0x0000000016b48800 1156  s    4       javax.media.j3d.J3dMessage::clear (53 bytes)
Event: 1.484 Thread 0x0000000016b48800 nmethod 1156 0x00000000026059d0 code [0x0000000002605b20, 0x0000000002605d58]
Event: 1.485 Thread 0x0000000016b4f800 nmethod 1149 0x0000000002605e50 code [0x0000000002606040, 0x0000000002607e78]
Event: 1.489 Thread 0x0000000016b52000 1157 %     4       java.util.Arrays::fill @ 10 (28 bytes)
Event: 1.489 Thread 0x0000000016b55000 nmethod 1153 0x0000000002609a90 code [0x000000000260b100, 0x000000000261bd48]
Event: 1.489 Thread 0x0000000016b55000 1154   !   3       javax.media.j3d.MasterControl::doWork (248 bytes)
Event: 1.491 Thread 0x0000000016b55000 nmethod 1154 0x0000000002603d10 code [0x0000000002603fa0, 0x0000000002605218]
Event: 1.491 Thread 0x0000000016b55000 1155       3       javax.media.j3d.MasterControl::manageMemory (27 bytes)
Event: 1.491 Thread 0x0000000016b55000 nmethod 1155 0x00000000025d6a10 code [0x00000000025d6b80, 0x00000000025d6d68]
Event: 1.494 Thread 0x0000000016b48800 1158   !   4       javax.media.j3d.J3dStructure::getMessages (132 bytes)

GC Heap History (6 events):
Event: 0.494 GC heap before
{Heap before GC invocations=1 (full 0):
 PSYoungGen      total 18944K, used 16118K [0x00000000eb400000, 0x00000000ec900000, 0x0000000100000000)
  eden space 16384K, 98% used [0x00000000eb400000,0x00000000ec3bdbb8,0x00000000ec400000)
  from space 2560K, 0% used [0x00000000ec680000,0x00000000ec680000,0x00000000ec900000)
  to   space 2560K, 0% used [0x00000000ec400000,0x00000000ec400000,0x00000000ec680000)
 ParOldGen       total 44032K, used 0K [0x00000000c1c00000, 0x00000000c4700000, 0x00000000eb400000)
  object space 44032K, 0% used [0x00000000c1c00000,0x00000000c1c00000,0x00000000c4700000)
 Metaspace       used 10569K, capacity 10782K, committed 11008K, reserved 1058816K
  class space    used 1104K, capacity 1184K, committed 1280K, reserved 1048576K
Event: 0.498 GC heap after
Heap after GC invocations=1 (full 0):
 PSYoungGen      total 18944K, used 2528K [0x00000000eb400000, 0x00000000ec900000, 0x0000000100000000)
  eden space 16384K, 0% used [0x00000000eb400000,0x00000000eb400000,0x00000000ec400000)
  from space 2560K, 98% used [0x00000000ec400000,0x00000000ec678070,0x00000000ec680000)
  to   space 2560K, 0% used [0x00000000ec680000,0x00000000ec680000,0x00000000ec900000)
 ParOldGen       total 44032K, used 3732K [0x00000000c1c00000, 0x00000000c4700000, 0x00000000eb400000)
  object space 44032K, 8% used [0x00000000c1c00000,0x00000000c1fa5290,0x00000000c4700000)
 Metaspace       used 10569K, capacity 10782K, committed 11008K, reserved 1058816K
  class space    used 1104K, capacity 1184K, committed 1280K, reserved 1048576K
}
Event: 0.545 GC heap before
{Heap before GC invocations=2 (full 0):
 PSYoungGen      total 18944K, used 18912K [0x00000000eb400000, 0x00000000ec900000, 0x0000000100000000)
  eden space 16384K, 100% used [0x00000000eb400000,0x00000000ec400000,0x00000000ec400000)
  from space 2560K, 98% used [0x00000000ec400000,0x00000000ec678070,0x00000000ec680000)
  to   space 2560K, 0% used [0x00000000ec680000,0x00000000ec680000,0x00000000ec900000)
 ParOldGen       total 44032K, used 3732K [0x00000000c1c00000, 0x00000000c4700000, 0x00000000eb400000)
  object space 44032K, 8% used [0x00000000c1c00000,0x00000000c1fa5290,0x00000000c4700000)
 Metaspace       used 10581K, capacity 10846K, committed 11008K, reserved 1058816K
  class space    used 1104K, capacity 1184K, committed 1280K, reserved 1048576K
Event: 0.547 GC heap after
Heap after GC invocations=2 (full 0):
 PSYoungGen      total 18944K, used 2528K [0x00000000eb400000, 0x00000000ed900000, 0x0000000100000000)
  eden space 16384K, 0% used [0x00000000eb400000,0x00000000eb400000,0x00000000ec400000)
  from space 2560K, 98% used [0x00000000ec680000,0x00000000ec8f8080,0x00000000ec900000)
  to   space 2560K, 0% used [0x00000000ec400000,0x00000000ec400000,0x00000000ec680000)
 ParOldGen       total 44032K, used 7516K [0x00000000c1c00000, 0x00000000c4700000, 0x00000000eb400000)
  object space 44032K, 17% used [0x00000000c1c00000,0x00000000c2357310,0x00000000c4700000)
 Metaspace       used 10581K, capacity 10846K, committed 11008K, reserved 1058816K
  class space    used 1104K, capacity 1184K, committed 1280K, reserved 1048576K
}
Event: 0.776 GC heap before
{Heap before GC invocations=3 (full 0):
 PSYoungGen      total 18944K, used 18912K [0x00000000eb400000, 0x00000000ed900000, 0x0000000100000000)
  eden space 16384K, 100% used [0x00000000eb400000,0x00000000ec400000,0x00000000ec400000)
  from space 2560K, 98% used [0x00000000ec680000,0x00000000ec8f8080,0x00000000ec900000)
  to   space 2560K, 0% used [0x00000000ec400000,0x00000000ec400000,0x00000000ec680000)
 ParOldGen       total 44032K, used 7516K [0x00000000c1c00000, 0x00000000c4700000, 0x00000000eb400000)
  object space 44032K, 17% used [0x00000000c1c00000,0x00000000c2357310,0x00000000c4700000)
 Metaspace       used 14116K, capacity 14378K, committed 14592K, reserved 1062912K
  class space    used 1597K, capacity 1679K, committed 1792K, reserved 1048576K
Event: 0.780 GC heap after
Heap after GC invocations=3 (full 0):
 PSYoungGen      total 18944K, used 2552K [0x00000000eb400000, 0x00000000ed900000, 0x0000000100000000)
  eden space 16384K, 0% used [0x00000000eb400000,0x00000000eb400000,0x00000000ec400000)
  from space 2560K, 99% used [0x00000000ec400000,0x00000000ec67e080,0x00000000ec680000)
  to   space 2560K, 0% used [0x00000000ed680000,0x00000000ed680000,0x00000000ed900000)
 ParOldGen       total 44032K, used 9805K [0x00000000c1c00000, 0x00000000c4700000, 0x00000000eb400000)
  object space 44032K, 22% used [0x00000000c1c00000,0x00000000c25937d0,0x00000000c4700000)
 Metaspace       used 14116K, capacity 14378K, committed 14592K, reserved 1062912K
  class space    used 1597K, capacity 1679K, committed 1792K, reserved 1048576K
}

Deoptimization events (10 events):
Event: 1.052 Thread 0x000000001791d000 Uncommon trap: reason=array_check action=maybe_recompile pc=0x0000000002495e94 method=javax.media.j3d.UnorderList.add(Ljava/lang/Object;)V @ 70
Event: 1.052 Thread 0x000000001791d000 Uncommon trap: reason=array_check action=maybe_recompile pc=0x0000000002495e94 method=javax.media.j3d.UnorderList.add(Ljava/lang/Object;)V @ 70
Event: 1.155 Thread 0x000000001791d000 Uncommon trap: reason=predicate action=maybe_recompile pc=0x000000000255f330 method=java.util.Arrays.fill([Ljava/lang/Object;IILjava/lang/Object;)V @ 16
Event: 1.168 Thread 0x000000001791d000 Uncommon trap: reason=array_check action=maybe_recompile pc=0x000000000256d99c method=java.util.Arrays.fill([Ljava/lang/Object;IILjava/lang/Object;)V @ 20
Event: 1.168 Thread 0x0000000017d50000 Uncommon trap: reason=array_check action=maybe_recompile pc=0x000000000256d99c method=java.util.Arrays.fill([Ljava/lang/Object;IILjava/lang/Object;)V @ 20
Event: 1.169 Thread 0x0000000017d50000 Uncommon trap: reason=array_check action=maybe_recompile pc=0x000000000256d99c method=java.util.Arrays.fill([Ljava/lang/Object;IILjava/lang/Object;)V @ 20
Event: 1.169 Thread 0x0000000017d35800 Uncommon trap: reason=array_check action=maybe_recompile pc=0x000000000256d99c method=java.util.Arrays.fill([Ljava/lang/Object;IILjava/lang/Object;)V @ 20
Event: 1.169 Thread 0x0000000017b65000 Uncommon trap: reason=array_check action=maybe_recompile pc=0x000000000256d99c method=java.util.Arrays.fill([Ljava/lang/Object;IILjava/lang/Object;)V @ 20
Event: 1.362 Thread 0x0000000017d49000 Uncommon trap: reason=unstable_if action=reinterpret pc=0x00000000025d10ac method=javax.media.j3d.UnorderList.add(Ljava/lang/Object;)V @ 9
Event: 1.495 Thread 0x0000000017aef800 Uncommon trap: reason=class_check action=maybe_recompile pc=0x0000000002489bf8 method=javax.media.j3d.NativePipeline.unbox(Ljavax/media/j3d/Context;)J @ 7

Internal exceptions (10 events):
Event: 0.168 Thread 0x0000000002040800 Exception <a 'java/security/PrivilegedActionException'> (0x00000000eb840a20) thrown at [C:\re\workspace\8-2-build-windows-amd64-cygwin\jdk8u45\3627\hotspot\src\share\vm\prims\jvm.cpp, line 1382]
Event: 0.168 Thread 0x0000000002040800 Exception <a 'java/security/PrivilegedActionException'> (0x00000000eb840bd8) thrown at [C:\re\workspace\8-2-build-windows-amd64-cygwin\jdk8u45\3627\hotspot\src\share\vm\prims\jvm.cpp, line 1382]
Event: 0.172 Thread 0x0000000002040800 Exception <a 'java/io/FileNotFoundException'> (0x00000000eb843ff8) thrown at [C:\re\workspace\8-2-build-windows-amd64-cygwin\jdk8u45\3627\hotspot\src\share\vm\prims\jni.cpp, line 709]
Event: 0.258 Thread 0x0000000002040800 Exception <a 'java/lang/NoSuchFieldError': method resolution failed> (0x00000000eba55240) thrown at [C:\re\workspace\8-2-build-windows-amd64-cygwin\jdk8u45\3627\hotspot\src\share\vm\prims\methodHandles.cpp, line 1125]
Event: 0.260 Thread 0x0000000002040800 Exception <a 'java/lang/NoSuchFieldError': method resolution failed> (0x00000000eba63c50) thrown at [C:\re\workspace\8-2-build-windows-amd64-cygwin\jdk8u45\3627\hotspot\src\share\vm\prims\methodHandles.cpp, line 1125]
Event: 0.312 Thread 0x0000000002040800 Exception <a 'java/io/FileNotFoundException'> (0x00000000ebda5f68) thrown at [C:\re\workspace\8-2-build-windows-amd64-cygwin\jdk8u45\3627\hotspot\src\share\vm\prims\jni.cpp, line 709]
Event: 0.697 Thread 0x0000000002040800 Implicit null exception at 0x00000000023f79d6 to 0x00000000023f7d0d
Event: 0.697 Thread 0x0000000002040800 Implicit null exception at 0x00000000023914d6 to 0x00000000023917fd
Event: 0.700 Thread 0x0000000002040800 Implicit null exception at 0x0000000002417bd5 to 0x0000000002417dfd
Event: 0.700 Thread 0x0000000002040800 Implicit null exception at 0x000000000235cfdb to 0x000000000235d961

Events (10 events):
Event: 1.169 Thread 0x0000000017d35800 DEOPT PACKING pc=0x000000000256d99c sp=0x000000001a5af120
Event: 1.169 Thread 0x0000000017b65000 DEOPT PACKING pc=0x000000000256d99c sp=0x000000001a4af190
Event: 1.169 Thread 0x0000000017b65000 DEOPT UNPACKING pc=0x000000000218582a sp=0x000000001a4af140 mode 2
Event: 1.169 Thread 0x0000000017d35800 DEOPT UNPACKING pc=0x000000000218582a sp=0x000000001a5af0d0 mode 2
Event: 1.362 Thread 0x0000000017d49000 Uncommon trap: trap_request=0xffffff65 fr.pc=0x00000000025d10ac
Event: 1.362 Thread 0x0000000017d49000 DEOPT PACKING pc=0x00000000025d10ac sp=0x000000001a9aee40
Event: 1.363 Thread 0x0000000017d49000 DEOPT UNPACKING pc=0x000000000218582a sp=0x000000001a9aed20 mode 2
Event: 1.495 Thread 0x0000000017aef800 Uncommon trap: trap_request=0xffffffde fr.pc=0x0000000002489bf8
Event: 1.495 Thread 0x0000000017aef800 DEOPT PACKING pc=0x0000000002489bf8 sp=0x000000001a3ab2c0
Event: 1.495 Thread 0x0000000017aef800 DEOPT UNPACKING pc=0x000000000218582a sp=0x000000001a3ab268 mode 2


Dynamic libraries:
0x00007ff741ba0000 - 0x00007ff741bd7000 	C:\Program Files\Java\jdk1.8.0_45\bin\java.exe
0x00007ffa28b80000 - 0x00007ffa28d41000 	C:\WINDOWS\SYSTEM32\ntdll.dll
0x00007ffa26880000 - 0x00007ffa2692d000 	C:\WINDOWS\system32\KERNEL32.DLL
0x00007ffa25a30000 - 0x00007ffa25c18000 	C:\WINDOWS\system32\KERNELBASE.dll
0x00007ffa285a0000 - 0x00007ffa28647000 	C:\WINDOWS\system32\ADVAPI32.dll
0x00007ffa26240000 - 0x00007ffa262dd000 	C:\WINDOWS\system32\msvcrt.dll
0x00007ffa26c00000 - 0x00007ffa26c5b000 	C:\WINDOWS\system32\sechost.dll
0x00007ffa26f20000 - 0x00007ffa2703c000 	C:\WINDOWS\system32\RPCRT4.dll
0x00007ffa26c60000 - 0x00007ffa26db6000 	C:\WINDOWS\system32\USER32.dll
0x00007ffa26a70000 - 0x00007ffa26bf6000 	C:\WINDOWS\system32\GDI32.dll
0x00007ffa20440000 - 0x00007ffa206b4000 	C:\WINDOWS\WinSxS\amd64_microsoft.windows.common-controls_6595b64144ccf1df_6.0.10586.0_none_8c15ae12515e1c22\COMCTL32.dll
0x00007ffa28660000 - 0x00007ffa288dd000 	C:\WINDOWS\system32\combase.dll
0x00007ffa25c90000 - 0x00007ffa25cfa000 	C:\WINDOWS\system32\bcryptPrimitives.dll
0x00007ffa28990000 - 0x00007ffa289cb000 	C:\WINDOWS\system32\IMM32.DLL
0x00007ffa25090000 - 0x00007ffa250c1000 	C:\Windows\system32\nvinitx.dll
0x00007ffa25080000 - 0x00007ffa2508a000 	C:\WINDOWS\SYSTEM32\VERSION.dll
0x000000005f720000 - 0x000000005f7f2000 	C:\Program Files\Java\jdk1.8.0_45\jre\bin\msvcr100.dll
0x000000005f800000 - 0x0000000060083000 	C:\Program Files\Java\jdk1.8.0_45\jre\bin\server\jvm.dll
0x00007ffa26870000 - 0x00007ffa26878000 	C:\WINDOWS\system32\PSAPI.DLL
0x00007ffa1a4a0000 - 0x00007ffa1a4a9000 	C:\WINDOWS\SYSTEM32\WSOCK32.dll
0x00007ffa25f80000 - 0x00007ffa25feb000 	C:\WINDOWS\system32\WS2_32.dll
0x00007ffa20840000 - 0x00007ffa20863000 	C:\WINDOWS\SYSTEM32\WINMM.dll
0x00007ffa207e0000 - 0x00007ffa2080c000 	C:\WINDOWS\SYSTEM32\WINMMBASE.dll
0x00007ffa25c20000 - 0x00007ffa25c63000 	C:\WINDOWS\system32\cfgmgr32.dll
0x000000005f6d0000 - 0x000000005f6df000 	C:\Program Files\Java\jdk1.8.0_45\jre\bin\verify.dll
0x000000005f6a0000 - 0x000000005f6c9000 	C:\Program Files\Java\jdk1.8.0_45\jre\bin\java.dll
0x000000005f680000 - 0x000000005f696000 	C:\Program Files\Java\jdk1.8.0_45\jre\bin\zip.dll
0x00007ffa27040000 - 0x00007ffa2859c000 	C:\WINDOWS\system32\SHELL32.dll
0x00007ffa253e0000 - 0x00007ffa25a25000 	C:\WINDOWS\system32\windows.storage.dll
0x00007ffa26010000 - 0x00007ffa26062000 	C:\WINDOWS\system32\shlwapi.dll
0x00007ffa251b0000 - 0x00007ffa251bf000 	C:\WINDOWS\system32\kernel.appcore.dll
0x00007ffa25320000 - 0x00007ffa253d5000 	C:\WINDOWS\system32\shcore.dll
0x00007ffa251c0000 - 0x00007ffa2520b000 	C:\WINDOWS\system32\powrprof.dll
0x00007ffa25210000 - 0x00007ffa25224000 	C:\WINDOWS\system32\profapi.dll
0x000000005f4a0000 - 0x000000005f638000 	C:\Program Files\Java\jdk1.8.0_45\jre\bin\awt.dll
0x00007ffa269a0000 - 0x00007ffa26a61000 	C:\WINDOWS\system32\OLEAUT32.dll
0x00007ffa23940000 - 0x00007ffa239b9000 	C:\WINDOWS\system32\apphelp.dll
0x00007ffa23b80000 - 0x00007ffa23c16000 	C:\WINDOWS\system32\uxtheme.dll
0x00007ffa26dc0000 - 0x00007ffa26f1a000 	C:\WINDOWS\system32\MSCTF.dll
0x00007ffa20400000 - 0x00007ffa20422000 	C:\WINDOWS\system32\dwmapi.dll
0x00007ffa262f0000 - 0x00007ffa26433000 	C:\WINDOWS\system32\ole32.dll
0x0000000060740000 - 0x0000000060747000 	C:\Program Files\Java\jdk1.8.0_45\jre\bin\jawt.dll
0x00000000006f0000 - 0x000000000072e000 	C:\Program Files\Java\jdk1.8.0_45\jre\bin\j3dcore-ogl.dll
0x00007ffa083f0000 - 0x00007ffa08519000 	C:\WINDOWS\SYSTEM32\OPENGL32.dll
0x00007ffa083c0000 - 0x00007ffa083ee000 	C:\WINDOWS\SYSTEM32\GLU32.dll
0x00007ffa07f00000 - 0x00007ffa07ffa000 	C:\WINDOWS\SYSTEM32\DDRAW.dll
0x00007ffa083b0000 - 0x00007ffa083b8000 	C:\WINDOWS\SYSTEM32\DCIMAN32.dll
0x00007ff9f9160000 - 0x00007ff9f9993000 	C:\WINDOWS\SYSTEM32\ig7icd64.dll
0x00007ffa1d180000 - 0x00007ffa1d5df000 	C:\WINDOWS\SYSTEM32\igdusc64.dll
0x00007ffa22f20000 - 0x00007ffa22f33000 	C:\WINDOWS\SYSTEM32\WTSAPI32.dll
0x0000000060650000 - 0x0000000060681000 	C:\Program Files\Java\jdk1.8.0_45\jre\bin\jpeg.dll
0x000000005f450000 - 0x000000005f497000 	C:\Program Files\Java\jdk1.8.0_45\jre\bin\fontmanager.dll
0x000000005f660000 - 0x000000005f67a000 	C:\Program Files\Java\jdk1.8.0_45\jre\bin\net.dll
0x00007ffa24a20000 - 0x00007ffa24a7c000 	C:\WINDOWS\system32\mswsock.dll
0x000000005f640000 - 0x000000005f651000 	C:\Program Files\Java\jdk1.8.0_45\jre\bin\nio.dll
0x000000005f400000 - 0x000000005f441000 	C:\Program Files\Java\jdk1.8.0_45\jre\bin\t2k.dll
0x00007ffa12310000 - 0x00007ffa1249c000 	C:\WINDOWS\SYSTEM32\dbghelp.dll

VM Arguments:
jvm_args: -Dfile.encoding=UTF-8 
java_command: practica1.Practica1
java_class_path (initial): C:\Users\Jose\Desktop\Practica1\build\classes
Launcher Type: SUN_STANDARD

Environment Variables:
PATH=C:\ProgramData\Oracle\Java\javapath;C:\WINDOWS\system32;C:\WINDOWS;C:\WINDOWS\System32\Wbem;C:\WINDOWS\System32\WindowsPowerShell\v1.0\;C:\MinGW\bin;C:\Program Files (x86)\NVIDIA Corporation\PhysX\Common;C:\WINDOWS\system32;C:\WINDOWS;C:\WINDOWS\System32\Wbem;C:\WINDOWS\System32\WindowsPowerShell\v1.0\;C:\Program Files (x86)\Skype\Phone\;C:\WINDOWS\system32\config\systemprofile\.dnx\bin;C:\Program Files\Microsoft DNX\Dnvm\;C:\Program Files\Java\jdk1.8.0_45\bin
USERNAME=Jose
OS=Windows_NT
PROCESSOR_IDENTIFIER=Intel64 Family 6 Model 58 Stepping 9, GenuineIntel



---------------  S Y S T E M  ---------------

OS: Windows 10.0 , 64 bit Build 10586 (10.0.10586.0)

CPU:total 8 (4 cores per cpu, 2 threads per core) family 6 model 58 stepping 9, cmov, cx8, fxsr, mmx, sse, sse2, sse3, ssse3, sse4.1, sse4.2, popcnt, avx, aes, clmul, erms, ht, tsc, tscinvbit, tscinv

Memory: 4k page, physical 4077044k(1143020k free), swap 10368500k(4937452k free)

vm_info: Java HotSpot(TM) 64-Bit Server VM (25.45-b02) for windows-amd64 JRE (1.8.0_45-b15), built on Apr 30 2015 12:40:44 by "java_re" with MS VC++ 10.0 (VS2010)

time: Mon Apr 18 12:35:10 2016
elapsed time: 1 seconds (0d 0h 0m 1s)

