#
# A fatal error has been detected by the Java Runtime Environment:
#
#  EXCEPTION_ACCESS_VIOLATION (0xc0000005) at pc=0x00000000020e5027, pid=2492, tid=5004
#
# JRE version: Java(TM) SE Runtime Environment (8.0_45-b15) (build 1.8.0_45-b15)
# Java VM: Java HotSpot(TM) 64-Bit Server VM (25.45-b02 mixed mode windows-amd64 compressed oops)
# Problematic frame:
# j  javax.media.j3d.Canvas3D.setProjectionMatrix(Ljavax/media/j3d/Context;Ljavax/media/j3d/Transform3D;)V+0
#
# Failed to write core dump. Minidumps are not enabled by default on client versions of Windows
#
# If you would like to submit a bug report, please visit:
#   http://bugreport.java.com/bugreport/crash.jsp
#

---------------  T H R E A D  ---------------

Current thread (0x0000000016d65800):  JavaThread "AWT-EventQueue-0" [_thread_in_Java, id=5004, stack(0x000000001b7d0000,0x000000001b8d0000)]

siginfo: ExceptionCode=0xc0000005, writing address 0x0000000010f3dfdd

Registers:
RAX=0x00000000c345e690, RBX=0x0000000000000238, RCX=0x00000000000cbfdd, RDX=0x0000000000000000
RSP=0x000000001b8cb988, RBP=0x000000001b8cb9c8, RSI=0x0000000000000000, RDI=0x00000000ecc08b50
R8 =0x00000067117f4401, R9 =0x00000000ecc08b50, R10=0x0000000077c03bf0, R11=0x000000000278d500
R12=0x0000000000000000, R13=0x00000000144fe082, R14=0x000000001b8cb9e8, R15=0x0000000016d65800
RIP=0x00000000020e5027, EFLAGS=0x0000000000010207

Top of Stack: (sp=0x000000001b8cb988)
0x000000001b8cb988:   000000001b8cb988 00000000144fe080
0x000000001b8cb998:   000000001b8cb9e8 0000000014516070
0x000000001b8cb9a8:   0000000019b067d0 00000000144fe098
0x000000001b8cb9b8:   0000000000000000 000000001b8cb9d8
0x000000001b8cb9c8:   000000001b8cba20 00000000020c7a70
0x000000001b8cb9d8:   00000000c345e690 000000001b8cb9e0
0x000000001b8cb9e8:   00000000197fbbe4 000000001b8cba80
0x000000001b8cb9f8:   00000000197fd4f0 0000000000000000
0x000000001b8cba08:   00000000197fbd70 000000001b8cb9d8
0x000000001b8cba18:   000000001b8cba78 000000001b8cbac8
0x000000001b8cba28:   00000000020c74c0 0000000000000000
0x000000001b8cba38:   0000000000000000 0000000000000000
0x000000001b8cba48:   00000000c345e3d0 00000000c345e690
0x000000001b8cba58:   00000000ecd0e760 00000000ecd0e760
0x000000001b8cba68:   00000000ecd0e760 00000000ecf40df8
0x000000001b8cba78:   00000000ecf40df8 00000000ecc0e8b0 

Instructions: (pc=0x00000000020e5027)
0x00000000020e5007:   8b 4d d8 c1 e3 02 8b 54 d9 28 48 8b 5c d9 20 c1
0x00000000020e5017:   ea 15 83 e2 01 59 48 3b 01 89 04 19 48 c1 e9 09
0x00000000020e5027:   c6 04 0d 00 20 e7 10 00 85 d2 0f 84 05 00 00 00
0x00000000020e5037:   f0 83 04 24 00 41 0f b6 5d 03 49 83 c5 03 49 ba 


Register to memory mapping:

RAX=0x00000000c345e690 is an oop
javax.media.j3d.Canvas3D 
 - klass: 'javax/media/j3d/Canvas3D'
RBX=0x0000000000000238 is an unknown value
RCX=0x00000000000cbfdd is an unknown value
RDX=0x0000000000000000 is an unknown value
RSP=0x000000001b8cb988 is pointing into the stack for thread: 0x0000000016d65800
RBP=0x000000001b8cb9c8 is pointing into the stack for thread: 0x0000000016d65800
RSI=0x0000000000000000 is an unknown value
RDI=0x00000000ecc08b50 is an oop
java.lang.Class 
 - klass: 'java/lang/Class'
R8 =0x00000067117f4401 is an unknown value
R9 =0x00000000ecc08b50 is an oop
java.lang.Class 
 - klass: 'java/lang/Class'
R10=0x0000000077c03bf0 is an unknown value
R11=0x000000000278d500 is at entry_point+32 in (nmethod*)0x000000000278d310
R12=0x0000000000000000 is an unknown value
R13=0x00000000144fe082 is pointing into metadata
R14=0x000000001b8cb9e8 is pointing into the stack for thread: 0x0000000016d65800
R15=0x0000000016d65800 is a thread


Stack: [0x000000001b7d0000,0x000000001b8d0000],  sp=0x000000001b8cb988,  free space=1006k
Native frames: (J=compiled Java code, j=interpreted, Vv=VM code, C=native code)
C  0x00000000020e5027


---------------  P R O C E S S  ---------------

Java Threads: ( => current thread )
  0x0000000016cfc000 JavaThread "J3D-InputDeviceScheduler-2" [_thread_blocked, id=10100, stack(0x000000001c3d0000,0x000000001c4d0000)]
  0x0000000016cfa000 JavaThread "J3D-SoundSchedulerUpdateThread-2" [_thread_blocked, id=7052, stack(0x000000001c2d0000,0x000000001c3d0000)]
  0x0000000016cfb800 JavaThread "J3D-RenderStructureUpdateThread-2" [_thread_blocked, id=6436, stack(0x000000001c1d0000,0x000000001c2d0000)]
  0x0000000016ae2000 JavaThread "J3D-InputDeviceScheduler-1" [_thread_blocked, id=6080, stack(0x000000001c0d0000,0x000000001c1d0000)]
  0x0000000016ae8000 JavaThread "J3D-SoundSchedulerUpdateThread-1" [_thread_blocked, id=4464, stack(0x000000001bfd0000,0x000000001c0d0000)]
  0x0000000016ae7800 JavaThread "J3D-RenderStructureUpdateThread-1" [_thread_blocked, id=5428, stack(0x000000001bed0000,0x000000001bfd0000)]
  0x0000000016ae6800 JavaThread "J3D-BehaviorScheduler-1" [_thread_blocked, id=8144, stack(0x000000001bdd0000,0x000000001bed0000)]
  0x0000000016ae6000 JavaThread "J3D-TransformStructureUpdateThread-1" [_thread_blocked, id=3896, stack(0x000000001bcd0000,0x000000001bdd0000)]
  0x0000000016ae3000 JavaThread "J3D-RenderingEnvironmentStructureUpdateThread-1" [_thread_blocked, id=6316, stack(0x000000001bbd0000,0x000000001bcd0000)]
  0x0000000016ae1800 JavaThread "J3D-SoundStructureUpdateThread-1" [_thread_blocked, id=8600, stack(0x000000001bad0000,0x000000001bbd0000)]
  0x0000000017a75000 JavaThread "J3D-GeometryStructureUpdateThread-1" [_thread_blocked, id=4820, stack(0x000000001b9d0000,0x000000001bad0000)]
  0x0000000017a43000 JavaThread "J3D-BehaviorStructureUpdateThread-1" [_thread_blocked, id=7468, stack(0x000000001b8d0000,0x000000001b9d0000)]
  0x0000000001f70800 JavaThread "DestroyJavaVM" [_thread_blocked, id=4476, stack(0x0000000001e50000,0x0000000001f50000)]
=>0x0000000016d65800 JavaThread "AWT-EventQueue-0" [_thread_in_Java, id=5004, stack(0x000000001b7d0000,0x000000001b8d0000)]
  0x0000000016d64800 JavaThread "AWT-Shutdown" [_thread_blocked, id=1012, stack(0x000000001b6d0000,0x000000001b7d0000)]
  0x0000000017a4a000 JavaThread "J3D-Renderer-1" [_thread_in_native_trans, id=9568, stack(0x00000000188c0000,0x00000000189c0000)]
  0x000000001790d000 JavaThread "J3D-MasterControl-1" [_thread_blocked, id=1800, stack(0x00000000187c0000,0x00000000188c0000)]
  0x0000000017869000 JavaThread "J3D-NotificationThread" [_thread_blocked, id=4432, stack(0x00000000186c0000,0x00000000187c0000)]
  0x00000000179b6000 JavaThread "J3D-TimerThread" [_thread_blocked, id=9580, stack(0x00000000185c0000,0x00000000186c0000)]
  0x0000000017872000 JavaThread "J3D-RenderingAttributesStructureUpdateThread" [_thread_blocked, id=1640, stack(0x00000000183c0000,0x00000000184c0000)]
  0x0000000016dde800 JavaThread "AWT-Windows" daemon [_thread_in_native, id=3500, stack(0x00000000181b0000,0x00000000182b0000)]
  0x0000000017748000 JavaThread "Java2D Disposer" daemon [_thread_blocked, id=9928, stack(0x0000000017fb0000,0x00000000180b0000)]
  0x0000000016b71800 JavaThread "Service Thread" daemon [_thread_blocked, id=8184, stack(0x00000000174b0000,0x00000000175b0000)]
  0x0000000016ae4800 JavaThread "C1 CompilerThread3" daemon [_thread_blocked, id=9468, stack(0x00000000173b0000,0x00000000174b0000)]
  0x0000000016ae3800 JavaThread "C2 CompilerThread2" daemon [_thread_blocked, id=4304, stack(0x00000000172b0000,0x00000000173b0000)]
  0x0000000016adb800 JavaThread "C2 CompilerThread1" daemon [_thread_blocked, id=10036, stack(0x00000000171b0000,0x00000000172b0000)]
  0x0000000016ad8800 JavaThread "C2 CompilerThread0" daemon [_thread_blocked, id=4824, stack(0x00000000170b0000,0x00000000171b0000)]
  0x0000000016ad4000 JavaThread "Attach Listener" daemon [_thread_blocked, id=8820, stack(0x0000000016fb0000,0x00000000170b0000)]
  0x0000000016ad3800 JavaThread "Signal Dispatcher" daemon [_thread_blocked, id=9892, stack(0x0000000016eb0000,0x0000000016fb0000)]
  0x0000000002068800 JavaThread "Finalizer" daemon [_thread_blocked, id=8844, stack(0x00000000169b0000,0x0000000016ab0000)]
  0x0000000014add000 JavaThread "Reference Handler" daemon [_thread_blocked, id=5060, stack(0x00000000168b0000,0x00000000169b0000)]

Other Threads:
  0x0000000014ad9000 VMThread [stack: 0x00000000167b0000,0x00000000168b0000] [id=6888]
  0x0000000016b10000 WatcherThread [stack: 0x00000000175b0000,0x00000000176b0000] [id=3272]

VM state:not at safepoint (normal execution)

VM Mutex/Monitor currently owned by a thread: None

Heap:
 PSYoungGen      total 140288K, used 99639K [0x00000000eb400000, 0x00000000f9300000, 0x0000000100000000)
  eden space 107008K, 62% used [0x00000000eb400000,0x00000000ef4d3570,0x00000000f1c80000)
  from space 33280K, 99% used [0x00000000f1c80000,0x00000000f3cfa918,0x00000000f3d00000)
  to   space 43520K, 0% used [0x00000000f6880000,0x00000000f6880000,0x00000000f9300000)
 ParOldGen       total 269312K, used 207800K [0x00000000c1c00000, 0x00000000d2300000, 0x00000000eb400000)
  object space 269312K, 77% used [0x00000000c1c00000,0x00000000ce6ee010,0x00000000d2300000)
 Metaspace       used 16726K, capacity 16918K, committed 17280K, reserved 1064960K
  class space    used 1817K, capacity 1905K, committed 1920K, reserved 1048576K

Card table byte_map: [0x0000000011480000,0x0000000011680000] byte_map_base: 0x0000000010e72000

Marking Bits: (ParMarkBitMap*) 0x0000000077c14040
 Begin Bits: [0x0000000011fd0000, 0x0000000012f60000)
 End Bits:   [0x0000000012f60000, 0x0000000013ef0000)

Polling page: 0x0000000000500000

CodeCache: size=245760Kb used=7256Kb max_used=7268Kb free=238503Kb
 bounds [0x00000000020c0000, 0x00000000027f0000, 0x00000000110c0000]
 total_blobs=2388 nmethods=1742 adapters=559
 compilation: enabled

Compilation events (10 events):
Event: 11.779 Thread 0x0000000016ae3800 nmethod 2007% 0x00000000024516d0 code [0x0000000002451840, 0x0000000002452258]
Event: 11.815 Thread 0x0000000016ae4800 2009       3       java.awt.EventQueue::uncacheEQItem (53 bytes)
Event: 11.816 Thread 0x0000000016ae4800 nmethod 2009 0x0000000002450c90 code [0x0000000002450e20, 0x00000000024514e8]
Event: 11.866 Thread 0x0000000016adb800 2010   !   4       javax.media.j3d.TransformStructure::processVwcBounds (443 bytes)
Event: 11.878 Thread 0x0000000016adb800 nmethod 2010 0x00000000027cd790 code [0x00000000027cd920, 0x00000000027ce6e8]
Event: 12.103 Thread 0x0000000016ad8800 2011       4       javax.media.j3d.MasterControl::isStatsLoggable (22 bytes)
Event: 12.104 Thread 0x0000000016ad8800 nmethod 2011 0x0000000002510510 code [0x0000000002510640, 0x00000000025106b8]
Event: 12.236 Thread 0x0000000016ae3800 2012       4       javax.media.j3d.NativePipeline::setRenderMode (12 bytes)
Event: 12.237 Thread 0x0000000016ae3800 nmethod 2012 0x0000000002797bd0 code [0x0000000002797d20, 0x0000000002797de8]
Event: 12.276 Thread 0x0000000016ae4800 2013       3       java.util.LinkedList$Node::<init> (20 bytes)

GC Heap History (10 events):
Event: 4.540 GC heap before
{Heap before GC invocations=16 (full 5):
 PSYoungGen      total 86016K, used 5128K [0x00000000eb400000, 0x00000000f3300000, 0x0000000100000000)
  eden space 64000K, 0% used [0x00000000eb400000,0x00000000eb400000,0x00000000ef280000)
  from space 22016K, 23% used [0x00000000ef280000,0x00000000ef782040,0x00000000f0800000)
  to   space 20992K, 0% used [0x00000000f1e80000,0x00000000f1e80000,0x00000000f3300000)
 ParOldGen       total 210944K, used 197394K [0x00000000c1c00000, 0x00000000cea00000, 0x00000000eb400000)
  object space 210944K, 93% used [0x00000000c1c00000,0x00000000cdcc4ba0,0x00000000cea00000)
 Metaspace       used 10967K, capacity 11230K, committed 11264K, reserved 1058816K
  class space    used 1130K, capacity 1248K, committed 1280K, reserved 1048576K
Event: 4.563 GC heap after
Heap after GC invocations=16 (full 5):
 PSYoungGen      total 86016K, used 0K [0x00000000eb400000, 0x00000000f3300000, 0x0000000100000000)
  eden space 64000K, 0% used [0x00000000eb400000,0x00000000eb400000,0x00000000ef280000)
  from space 22016K, 0% used [0x00000000ef280000,0x00000000ef280000,0x00000000f0800000)
  to   space 20992K, 0% used [0x00000000f1e80000,0x00000000f1e80000,0x00000000f3300000)
 ParOldGen       total 269312K, used 128562K [0x00000000c1c00000, 0x00000000d2300000, 0x00000000eb400000)
  object space 269312K, 47% used [0x00000000c1c00000,0x00000000c998cba8,0x00000000d2300000)
 Metaspace       used 10967K, capacity 11230K, committed 11264K, reserved 1058816K
  class space    used 1130K, capacity 1248K, committed 1280K, reserved 1048576K
}
Event: 4.744 GC heap before
{Heap before GC invocations=17 (full 5):
 PSYoungGen      total 86016K, used 64000K [0x00000000eb400000, 0x00000000f3300000, 0x0000000100000000)
  eden space 64000K, 100% used [0x00000000eb400000,0x00000000ef280000,0x00000000ef280000)
  from space 22016K, 0% used [0x00000000ef280000,0x00000000ef280000,0x00000000f0800000)
  to   space 20992K, 0% used [0x00000000f1e80000,0x00000000f1e80000,0x00000000f3300000)
 ParOldGen       total 269312K, used 128562K [0x00000000c1c00000, 0x00000000d2300000, 0x00000000eb400000)
  object space 269312K, 47% used [0x00000000c1c00000,0x00000000c998cba8,0x00000000d2300000)
 Metaspace       used 11440K, capacity 11710K, committed 11776K, reserved 1060864K
  class space    used 1185K, capacity 1280K, committed 1280K, reserved 1048576K
Event: 4.756 GC heap after
Heap after GC invocations=17 (full 5):
 PSYoungGen      total 104960K, used 20952K [0x00000000eb400000, 0x00000000f3a00000, 0x0000000100000000)
  eden space 83968K, 0% used [0x00000000eb400000,0x00000000eb400000,0x00000000f0600000)
  from space 20992K, 99% used [0x00000000f1e80000,0x00000000f32f6070,0x00000000f3300000)
  to   space 25088K, 0% used [0x00000000f0600000,0x00000000f0600000,0x00000000f1e80000)
 ParOldGen       total 269312K, used 159290K [0x00000000c1c00000, 0x00000000d2300000, 0x00000000eb400000)
  object space 269312K, 59% used [0x00000000c1c00000,0x00000000cb78ebc8,0x00000000d2300000)
 Metaspace       used 11440K, capacity 11710K, committed 11776K, reserved 1060864K
  class space    used 1185K, capacity 1280K, committed 1280K, reserved 1048576K
}
Event: 5.249 GC heap before
{Heap before GC invocations=18 (full 5):
 PSYoungGen      total 104960K, used 104920K [0x00000000eb400000, 0x00000000f3a00000, 0x0000000100000000)
  eden space 83968K, 100% used [0x00000000eb400000,0x00000000f0600000,0x00000000f0600000)
  from space 20992K, 99% used [0x00000000f1e80000,0x00000000f32f6070,0x00000000f3300000)
  to   space 25088K, 0% used [0x00000000f0600000,0x00000000f0600000,0x00000000f1e80000)
 ParOldGen       total 269312K, used 159290K [0x00000000c1c00000, 0x00000000d2300000, 0x00000000eb400000)
  object space 269312K, 59% used [0x00000000c1c00000,0x00000000cb78ebc8,0x00000000d2300000)
 Metaspace       used 11442K, capacity 11710K, committed 11776K, reserved 1060864K
  class space    used 1185K, capacity 1280K, committed 1280K, reserved 1048576K
Event: 5.257 GC heap after
Heap after GC invocations=18 (full 5):
 PSYoungGen      total 109056K, used 20952K [0x00000000eb400000, 0x00000000f5880000, 0x0000000100000000)
  eden space 83968K, 0% used [0x00000000eb400000,0x00000000eb400000,0x00000000f0600000)
  from space 25088K, 83% used [0x00000000f0600000,0x00000000f1a76070,0x00000000f1e80000)
  to   space 28160K, 0% used [0x00000000f3d00000,0x00000000f3d00000,0x00000000f5880000)
 ParOldGen       total 269312K, used 171578K [0x00000000c1c00000, 0x00000000d2300000, 0x00000000eb400000)
  object space 269312K, 63% used [0x00000000c1c00000,0x00000000cc38ebe8,0x00000000d2300000)
 Metaspace       used 11442K, capacity 11710K, committed 11776K, reserved 1060864K
  class space    used 1185K, capacity 1280K, committed 1280K, reserved 1048576K
}
Event: 5.751 GC heap before
{Heap before GC invocations=19 (full 5):
 PSYoungGen      total 109056K, used 99425K [0x00000000eb400000, 0x00000000f5880000, 0x0000000100000000)
  eden space 83968K, 93% used [0x00000000eb400000,0x00000000f00a2560,0x00000000f0600000)
  from space 25088K, 83% used [0x00000000f0600000,0x00000000f1a76070,0x00000000f1e80000)
  to   space 28160K, 0% used [0x00000000f3d00000,0x00000000f3d00000,0x00000000f5880000)
 ParOldGen       total 269312K, used 171578K [0x00000000c1c00000, 0x00000000d2300000, 0x00000000eb400000)
  object space 269312K, 63% used [0x00000000c1c00000,0x00000000cc38ebe8,0x00000000d2300000)
 Metaspace       used 11454K, capacity 11710K, committed 11776K, reserved 1060864K
  class space    used 1186K, capacity 1280K, committed 1280K, reserved 1048576K
Event: 5.762 GC heap after
Heap after GC invocations=19 (full 5):
 PSYoungGen      total 135168K, used 27443K [0x00000000eb400000, 0x00000000f6100000, 0x0000000100000000)
  eden space 107008K, 0% used [0x00000000eb400000,0x00000000eb400000,0x00000000f1c80000)
  from space 28160K, 97% used [0x00000000f3d00000,0x00000000f57ccc90,0x00000000f5880000)
  to   space 33280K, 0% used [0x00000000f1c80000,0x00000000f1c80000,0x00000000f3d00000)
 ParOldGen       total 269312K, used 196017K [0x00000000c1c00000, 0x00000000d2300000, 0x00000000eb400000)
  object space 269312K, 72% used [0x00000000c1c00000,0x00000000cdb6c428,0x00000000d2300000)
 Metaspace       used 11454K, capacity 11710K, committed 11776K, reserved 1060864K
  class space    used 1186K, capacity 1280K, committed 1280K, reserved 1048576K
}
Event: 6.200 GC heap before
{Heap before GC invocations=20 (full 5):
 PSYoungGen      total 135168K, used 134451K [0x00000000eb400000, 0x00000000f6100000, 0x0000000100000000)
  eden space 107008K, 100% used [0x00000000eb400000,0x00000000f1c80000,0x00000000f1c80000)
  from space 28160K, 97% used [0x00000000f3d00000,0x00000000f57ccc90,0x00000000f5880000)
  to   space 33280K, 0% used [0x00000000f1c80000,0x00000000f1c80000,0x00000000f3d00000)
 ParOldGen       total 269312K, used 196017K [0x00000000c1c00000, 0x00000000d2300000, 0x00000000eb400000)
  object space 269312K, 72% used [0x00000000c1c00000,0x00000000cdb6c428,0x00000000d2300000)
 Metaspace       used 11700K, capacity 11902K, committed 12032K, reserved 1060864K
  class space    used 1205K, capacity 1280K, committed 1280K, reserved 1048576K
Event: 6.220 GC heap after
Heap after GC invocations=20 (full 5):
 PSYoungGen      total 140288K, used 33258K [0x00000000eb400000, 0x00000000f9300000, 0x0000000100000000)
  eden space 107008K, 0% used [0x00000000eb400000,0x00000000eb400000,0x00000000f1c80000)
  from space 33280K, 99% used [0x00000000f1c80000,0x00000000f3cfa918,0x00000000f3d00000)
  to   space 43520K, 0% used [0x00000000f6880000,0x00000000f6880000,0x00000000f9300000)
 ParOldGen       total 269312K, used 207800K [0x00000000c1c00000, 0x00000000d2300000, 0x00000000eb400000)
  object space 269312K, 77% used [0x00000000c1c00000,0x00000000ce6ee010,0x00000000d2300000)
 Metaspace       used 11700K, capacity 11902K, committed 12032K, reserved 1060864K
  class space    used 1205K, capacity 1280K, committed 1280K, reserved 1048576K
}

Deoptimization events (10 events):
Event: 7.623 Thread 0x0000000017a43000 Uncommon trap: reason=array_check action=maybe_recompile pc=0x00000000024d0ddc method=java.util.Arrays.fill([Ljava/lang/Object;IILjava/lang/Object;)V @ 20
Event: 7.892 Thread 0x0000000016ae7800 Uncommon trap: reason=unstable_if action=reinterpret pc=0x000000000249c890 method=javax.media.j3d.BoundingBox.intersect(Ljavax/media/j3d/Bounds;)Z @ 66
Event: 7.986 Thread 0x0000000016d65800 Uncommon trap: reason=unstable_if action=reinterpret pc=0x00000000024a3dcc method=java.util.ArrayList.indexOf(Ljava/lang/Object;)I @ 41
Event: 8.006 Thread 0x0000000016ae6800 Uncommon trap: reason=unstable_if action=reinterpret pc=0x00000000025a473c method=javax.media.j3d.Transform3D.mul(Ljavax/media/j3d/Transform3D;Ljavax/media/j3d/Transform3D;)V @ 9
Event: 8.050 Thread 0x0000000016ae7800 Uncommon trap: reason=unstable_if action=reinterpret pc=0x0000000002699c10 method=javax.media.j3d.BHTree.aEncompassB(Ljavax/media/j3d/BoundingBox;Ljavax/media/j3d/BoundingBox;)Z @ 69
Event: 8.338 Thread 0x0000000017a4a000 Uncommon trap: reason=unstable_if action=reinterpret pc=0x00000000025218b0 method=javax.media.j3d.BoundingBox.intersect(Ljavax/media/j3d/CachedFrustum;)Z @ 33
Event: 8.656 Thread 0x0000000017a43000 Uncommon trap: reason=unstable_if action=reinterpret pc=0x00000000026da488 method=javax.media.j3d.Transform3D.getDistanceScale()D @ 179
Event: 9.581 Thread 0x0000000017a4a000 Uncommon trap: reason=unstable_if action=reinterpret pc=0x0000000002758260 method=javax.media.j3d.BoundingBox.intersect(Ljavax/media/j3d/CachedFrustum;)Z @ 286
Event: 10.310 Thread 0x0000000017a4a000 Uncommon trap: reason=unstable_if action=reinterpret pc=0x00000000027906a0 method=javax.media.j3d.BoundingBox.intersect(Ljavax/media/j3d/CachedFrustum;)Z @ 238
Event: 10.746 Thread 0x0000000017a4a000 Uncommon trap: reason=unstable_if action=reinterpret pc=0x000000000236d68c method=javax.media.j3d.BoundingBox.intersect(Ljavax/media/j3d/CachedFrustum;)Z @ 430

Internal exceptions (10 events):
Event: 0.689 Thread 0x0000000001f70800 Exception <a 'java/lang/NoSuchFieldError': method resolution failed> (0x00000000eba65828) thrown at [C:\re\workspace\8-2-build-windows-amd64-cygwin\jdk8u45\3627\hotspot\src\share\vm\prims\methodHandles.cpp, line 1125]
Event: 0.824 Thread 0x0000000001f70800 Exception <a 'java/io/FileNotFoundException'> (0x00000000ebda5d28) thrown at [C:\re\workspace\8-2-build-windows-amd64-cygwin\jdk8u45\3627\hotspot\src\share\vm\prims\jni.cpp, line 709]
Event: 2.179 Thread 0x0000000001f70800 Implicit null exception at 0x000000000236ac82 to 0x000000000236b02d
Event: 4.253 Thread 0x0000000001f70800 Implicit null exception at 0x000000000236b51c to 0x000000000236b8bd
Event: 5.783 Thread 0x0000000001f70800 Exception <a 'java/io/FileNotFoundException'> (0x00000000eba8ea98) thrown at [C:\re\workspace\8-2-build-windows-amd64-cygwin\jdk8u45\3627\hotspot\src\share\vm\prims\jni.cpp, line 709]
Event: 6.460 Thread 0x0000000001f70800 Implicit null exception at 0x00000000023e67d6 to 0x00000000023e6b0d
Event: 6.460 Thread 0x0000000001f70800 Implicit null exception at 0x000000000230c416 to 0x000000000230c73d
Event: 6.463 Thread 0x0000000001f70800 Implicit null exception at 0x0000000002403495 to 0x00000000024036bd
Event: 6.463 Thread 0x0000000001f70800 Implicit null exception at 0x00000000022e0e9b to 0x00000000022e1821
Event: 6.467 Thread 0x0000000001f70800 Implicit null exception at 0x00000000025c3aaf to 0x00000000025c3b19

Events (10 events):
Event: 11.387 Executing VM operation: BulkRevokeBias
Event: 11.387 Executing VM operation: BulkRevokeBias done
Event: 11.404 Thread 0x0000000017a43000 DEOPT PACKING pc=0x000000000246cf70 sp=0x000000001b9cef70
Event: 11.404 Thread 0x0000000017a43000 DEOPT UNPACKING pc=0x000000000210787f sp=0x000000001b9cece0 mode 0
Event: 11.415 Thread 0x0000000016ae6000 DEOPT PACKING pc=0x00000000026a75d6 sp=0x000000001bdcee80
Event: 11.415 Thread 0x0000000016ae6000 DEOPT UNPACKING pc=0x000000000210787f sp=0x000000001bdcec98 mode 0
Event: 11.415 Thread 0x0000000016ae6000 DEOPT PACKING pc=0x00000000026aef1b sp=0x000000001bdcee10
Event: 11.415 Thread 0x0000000016ae6000 DEOPT UNPACKING pc=0x000000000210787f sp=0x000000001bdcebb8 mode 0
Event: 11.415 Thread 0x0000000017a43000 DEOPT PACKING pc=0x000000000246605b sp=0x000000001b9cef00
Event: 11.415 Thread 0x0000000017a43000 DEOPT UNPACKING pc=0x000000000210787f sp=0x000000001b9cec20 mode 0


Dynamic libraries:
0x00007ff743760000 - 0x00007ff743797000 	C:\Program Files\Java\jdk1.8.0_45\bin\java.exe
0x00007fffeb990000 - 0x00007fffebb51000 	C:\WINDOWS\SYSTEM32\ntdll.dll
0x00007fffeb830000 - 0x00007fffeb8dd000 	C:\WINDOWS\system32\KERNEL32.DLL
0x00007fffe86f0000 - 0x00007fffe88d8000 	C:\WINDOWS\system32\KERNELBASE.dll
0x00007fffeb8e0000 - 0x00007fffeb987000 	C:\WINDOWS\system32\ADVAPI32.dll
0x00007fffea700000 - 0x00007fffea79d000 	C:\WINDOWS\system32\msvcrt.dll
0x00007fffea7a0000 - 0x00007fffea7fb000 	C:\WINDOWS\system32\sechost.dll
0x00007fffeb710000 - 0x00007fffeb82c000 	C:\WINDOWS\system32\RPCRT4.dll
0x00007fffeaf70000 - 0x00007fffeb0c6000 	C:\WINDOWS\system32\USER32.dll
0x00007fffe8dd0000 - 0x00007fffe8f56000 	C:\WINDOWS\system32\GDI32.dll
0x00007fffe32a0000 - 0x00007fffe3514000 	C:\WINDOWS\WinSxS\amd64_microsoft.windows.common-controls_6595b64144ccf1df_6.0.10586.0_none_8c15ae12515e1c22\COMCTL32.dll
0x00007fffea800000 - 0x00007fffeaa7d000 	C:\WINDOWS\system32\combase.dll
0x00007fffe8d20000 - 0x00007fffe8d8a000 	C:\WINDOWS\system32\bcryptPrimitives.dll
0x00007fffe8d90000 - 0x00007fffe8dcb000 	C:\WINDOWS\system32\IMM32.DLL
0x00007fffe7ea0000 - 0x00007fffe7ed1000 	C:\Windows\system32\nvinitx.dll
0x00007fffe7e90000 - 0x00007fffe7e9a000 	C:\WINDOWS\SYSTEM32\VERSION.dll
0x0000000050100000 - 0x00000000501d2000 	C:\Program Files\Java\jdk1.8.0_45\jre\bin\msvcr100.dll
0x0000000077410000 - 0x0000000077c93000 	C:\Program Files\Java\jdk1.8.0_45\jre\bin\server\jvm.dll
0x00007fffe8f60000 - 0x00007fffe8f68000 	C:\WINDOWS\system32\PSAPI.DLL
0x00007fffdcd10000 - 0x00007fffdcd19000 	C:\WINDOWS\SYSTEM32\WSOCK32.dll
0x00007fffeabe0000 - 0x00007fffeac4b000 	C:\WINDOWS\system32\WS2_32.dll
0x00007fffe3650000 - 0x00007fffe3673000 	C:\WINDOWS\SYSTEM32\WINMM.dll
0x00007fffe35f0000 - 0x00007fffe361c000 	C:\WINDOWS\SYSTEM32\WINMMBASE.dll
0x00007fffe8a40000 - 0x00007fffe8a83000 	C:\WINDOWS\system32\cfgmgr32.dll
0x00000000500b0000 - 0x00000000500bf000 	C:\Program Files\Java\jdk1.8.0_45\jre\bin\verify.dll
0x0000000050080000 - 0x00000000500a9000 	C:\Program Files\Java\jdk1.8.0_45\jre\bin\java.dll
0x0000000050060000 - 0x0000000050076000 	C:\Program Files\Java\jdk1.8.0_45\jre\bin\zip.dll
0x00007fffe8f80000 - 0x00007fffea4dc000 	C:\WINDOWS\system32\SHELL32.dll
0x00007fffe80a0000 - 0x00007fffe86e5000 	C:\WINDOWS\system32\windows.storage.dll
0x00007fffeb0d0000 - 0x00007fffeb122000 	C:\WINDOWS\system32\shlwapi.dll
0x00007fffe7fe0000 - 0x00007fffe7fef000 	C:\WINDOWS\system32\kernel.appcore.dll
0x00007fffe8c60000 - 0x00007fffe8d15000 	C:\WINDOWS\system32\shcore.dll
0x00007fffe7ff0000 - 0x00007fffe803b000 	C:\WINDOWS\system32\powrprof.dll
0x00007fffe7fb0000 - 0x00007fffe7fc4000 	C:\WINDOWS\system32\profapi.dll
0x0000000077270000 - 0x0000000077408000 	C:\Program Files\Java\jdk1.8.0_45\jre\bin\awt.dll
0x00007fffeb620000 - 0x00007fffeb6e1000 	C:\WINDOWS\system32\OLEAUT32.dll
0x00007fffe6750000 - 0x00007fffe67c9000 	C:\WINDOWS\system32\apphelp.dll
0x00007fffe68e0000 - 0x00007fffe6976000 	C:\WINDOWS\system32\uxtheme.dll
0x00007fffeae10000 - 0x00007fffeaf6a000 	C:\WINDOWS\system32\MSCTF.dll
0x00007fffe3260000 - 0x00007fffe3282000 	C:\WINDOWS\system32\dwmapi.dll
0x00007fffeaa80000 - 0x00007fffeabc3000 	C:\WINDOWS\system32\ole32.dll
0x0000000050000000 - 0x0000000050007000 	C:\Program Files\Java\jdk1.8.0_45\jre\bin\jawt.dll
0x0000000002070000 - 0x00000000020ae000 	C:\Program Files\Java\jdk1.8.0_45\jre\bin\j3dcore-ogl.dll
0x00007fffcde60000 - 0x00007fffcdf89000 	C:\WINDOWS\SYSTEM32\OPENGL32.dll
0x00007fffcddf0000 - 0x00007fffcde1e000 	C:\WINDOWS\SYSTEM32\GLU32.dll
0x00007fffcdcf0000 - 0x00007fffcddea000 	C:\WINDOWS\SYSTEM32\DDRAW.dll
0x00007fffcdc70000 - 0x00007fffcdc78000 	C:\WINDOWS\SYSTEM32\DCIMAN32.dll
0x00007fffc97e0000 - 0x00007fffca013000 	C:\WINDOWS\SYSTEM32\ig7icd64.dll
0x00007fffe1010000 - 0x00007fffe146f000 	C:\WINDOWS\SYSTEM32\igdusc64.dll
0x00007fffe5d90000 - 0x00007fffe5da3000 	C:\WINDOWS\SYSTEM32\WTSAPI32.dll
0x0000000077130000 - 0x0000000077161000 	C:\Program Files\Java\jdk1.8.0_45\jre\bin\jpeg.dll
0x00000000770f0000 - 0x000000007712d000 	C:\Program Files\Java\jdk1.8.0_45\jre\bin\lcms.dll
0x0000000077220000 - 0x0000000077267000 	C:\Program Files\Java\jdk1.8.0_45\jre\bin\fontmanager.dll
0x0000000050040000 - 0x000000005005a000 	C:\Program Files\Java\jdk1.8.0_45\jre\bin\net.dll
0x00007fffe7830000 - 0x00007fffe788c000 	C:\WINDOWS\system32\mswsock.dll
0x0000000050020000 - 0x0000000050031000 	C:\Program Files\Java\jdk1.8.0_45\jre\bin\nio.dll
0x00000000771d0000 - 0x0000000077211000 	C:\Program Files\Java\jdk1.8.0_45\jre\bin\t2k.dll
0x00007fffd3b30000 - 0x00007fffd3cbc000 	C:\WINDOWS\SYSTEM32\dbghelp.dll

VM Arguments:
jvm_args: -Dfile.encoding=UTF-8 
java_command: practica1.Practica1
java_class_path (initial): C:\Users\Jose\Desktop\Practica1\build\classes
Launcher Type: SUN_STANDARD

Environment Variables:
PATH=C:\ProgramData\Oracle\Java\javapath;C:\WINDOWS\system32;C:\WINDOWS;C:\WINDOWS\System32\Wbem;C:\WINDOWS\System32\WindowsPowerShell\v1.0\;C:\MinGW\bin;C:\Program Files (x86)\NVIDIA Corporation\PhysX\Common;C:\WINDOWS\system32;C:\WINDOWS;C:\WINDOWS\System32\Wbem;C:\WINDOWS\System32\WindowsPowerShell\v1.0\;C:\Program Files (x86)\Skype\Phone\;C:\WINDOWS\system32\config\systemprofile\.dnx\bin;C:\Program Files\Microsoft DNX\Dnvm\;C:\Program Files\Java\jdk1.8.0_45\bin
USERNAME=Jose
OS=Windows_NT
PROCESSOR_IDENTIFIER=Intel64 Family 6 Model 58 Stepping 9, GenuineIntel



---------------  S Y S T E M  ---------------

OS: Windows 10.0 , 64 bit Build 10586 (10.0.10586.0)

CPU:total 8 (4 cores per cpu, 2 threads per core) family 6 model 58 stepping 9, cmov, cx8, fxsr, mmx, sse, sse2, sse3, ssse3, sse4.1, sse4.2, popcnt, avx, aes, clmul, erms, ht, tsc, tscinvbit, tscinv

Memory: 4k page, physical 4077044k(590968k free), swap 10630644k(3644268k free)

vm_info: Java HotSpot(TM) 64-Bit Server VM (25.45-b02) for windows-amd64 JRE (1.8.0_45-b15), built on Apr 30 2015 12:40:44 by "java_re" with MS VC++ 10.0 (VS2010)

time: Fri Apr 29 04:17:34 2016
elapsed time: 12 seconds (0d 0h 0m 12s)

